[2024-05-10T07:16:58.307+0000] {local_task_job_runner.py:120} INFO - ::group::Pre task execution logs
[2024-05-10T07:16:58.329+0000] {taskinstance.py:2073} INFO - Dependencies all met for dep_context=non-requeueable deps ti=<TaskInstance: basic_input_output_dag.greet manual__2024-05-10T07:16:57.167933+00:00 [queued]>
[2024-05-10T07:16:58.333+0000] {taskinstance.py:2073} INFO - Dependencies all met for dep_context=requeueable deps ti=<TaskInstance: basic_input_output_dag.greet manual__2024-05-10T07:16:57.167933+00:00 [queued]>
[2024-05-10T07:16:58.333+0000] {taskinstance.py:2303} INFO - Starting attempt 1 of 1
[2024-05-10T07:16:58.341+0000] {taskinstance.py:2327} INFO - Executing <Task(PythonOperator): greet> on 2024-05-10 07:16:57.167933+00:00
[2024-05-10T07:16:58.346+0000] {logging_mixin.py:188} WARNING - /home/***/.local/lib/python3.12/site-packages/***/task/task_runner/standard_task_runner.py:61 DeprecationWarning: This process (pid=383) is multi-threaded, use of fork() may lead to deadlocks in the child.
[2024-05-10T07:16:58.345+0000] {standard_task_runner.py:90} INFO - Running: ['***', 'tasks', 'run', 'basic_input_output_dag', 'greet', 'manual__2024-05-10T07:16:57.167933+00:00', '--job-id', '5667', '--raw', '--subdir', 'DAGS_FOLDER/basic_io_dag.py', '--cfg-path', '/tmp/tmp63n681_e']
[2024-05-10T07:16:58.346+0000] {standard_task_runner.py:63} INFO - Started process 384 to run task
[2024-05-10T07:16:58.346+0000] {standard_task_runner.py:91} INFO - Job 5667: Subtask greet
[2024-05-10T07:16:58.372+0000] {task_command.py:426} INFO - Running <TaskInstance: basic_input_output_dag.greet manual__2024-05-10T07:16:57.167933+00:00 [running]> on host ba9ec80fe13a
[2024-05-10T07:16:58.425+0000] {taskinstance.py:2644} INFO - Exporting env vars: AIRFLOW_CTX_DAG_OWNER='***' AIRFLOW_CTX_DAG_ID='basic_input_output_dag' AIRFLOW_CTX_TASK_ID='greet' AIRFLOW_CTX_EXECUTION_DATE='2024-05-10T07:16:57.167933+00:00' AIRFLOW_CTX_TRY_NUMBER='1' AIRFLOW_CTX_DAG_RUN_ID='manual__2024-05-10T07:16:57.167933+00:00'
[2024-05-10T07:16:58.426+0000] {taskinstance.py:430} INFO - ::endgroup::
[2024-05-10T07:16:58.433+0000] {logging_mixin.py:188} INFO - Enter your name: 
[2024-05-10T07:16:58.433+0000] {taskinstance.py:441} INFO - ::group::Post task execution logs
[2024-05-10T07:16:58.433+0000] {taskinstance.py:2890} ERROR - Task failed with exception
Traceback (most recent call last):
  File "/home/airflow/.local/lib/python3.12/site-packages/airflow/models/taskinstance.py", line 465, in _execute_task
    result = _execute_callable(context=context, **execute_callable_kwargs)
             ^^^^^^^^^^^^^^^^^^^^^^^^^^^^^^^^^^^^^^^^^^^^^^^^^^^^^^^^^^^^^
  File "/home/airflow/.local/lib/python3.12/site-packages/airflow/models/taskinstance.py", line 432, in _execute_callable
    return execute_callable(context=context, **execute_callable_kwargs)
           ^^^^^^^^^^^^^^^^^^^^^^^^^^^^^^^^^^^^^^^^^^^^^^^^^^^^^^^^^^^^
  File "/home/airflow/.local/lib/python3.12/site-packages/airflow/models/baseoperator.py", line 400, in wrapper
    return func(self, *args, **kwargs)
           ^^^^^^^^^^^^^^^^^^^^^^^^^^^
  File "/home/airflow/.local/lib/python3.12/site-packages/airflow/operators/python.py", line 235, in execute
    return_value = self.execute_callable()
                   ^^^^^^^^^^^^^^^^^^^^^^^
  File "/home/airflow/.local/lib/python3.12/site-packages/airflow/operators/python.py", line 252, in execute_callable
    return self.python_callable(*self.op_args, **self.op_kwargs)
           ^^^^^^^^^^^^^^^^^^^^^^^^^^^^^^^^^^^^^^^^^^^^^^^^^^^^^
  File "/opt/airflow/dags/basic_io_dag.py", line 6, in greet
    name = input("Enter your name: ")
           ^^^^^^^^^^^^^^^^^^^^^^^^^^
EOFError: EOF when reading a line
[2024-05-10T07:16:58.439+0000] {taskinstance.py:1205} INFO - Marking task as FAILED. dag_id=basic_input_output_dag, task_id=greet, execution_date=20240510T071657, start_date=20240510T071658, end_date=20240510T071658
[2024-05-10T07:16:58.445+0000] {standard_task_runner.py:110} ERROR - Failed to execute job 5667 for task greet (EOF when reading a line; 384)
[2024-05-10T07:16:58.449+0000] {local_task_job_runner.py:240} INFO - Task exited with return code 1
[2024-05-10T07:16:58.461+0000] {taskinstance.py:3482} INFO - 0 downstream tasks scheduled from follow-on schedule check
[2024-05-10T07:16:58.463+0000] {local_task_job_runner.py:222} INFO - ::endgroup::
