[2024-04-25T07:56:32.002+0000] {local_task_job_runner.py:120} INFO - ::group::Pre task execution logs
[2024-04-25T07:56:32.027+0000] {taskinstance.py:2073} INFO - Dependencies all met for dep_context=non-requeueable deps ti=<TaskInstance: dag_with_postgres_operator_v01.insert_into_table scheduled__2022-12-03T00:00:00+00:00 [queued]>
[2024-04-25T07:56:32.034+0000] {taskinstance.py:2073} INFO - Dependencies all met for dep_context=requeueable deps ti=<TaskInstance: dag_with_postgres_operator_v01.insert_into_table scheduled__2022-12-03T00:00:00+00:00 [queued]>
[2024-04-25T07:56:32.042+0000] {taskinstance.py:2303} INFO - Starting attempt 1 of 6
[2024-04-25T07:56:32.053+0000] {taskinstance.py:2327} INFO - Executing <Task(PostgresOperator): insert_into_table> on 2022-12-03 00:00:00+00:00
[2024-04-25T07:56:32.060+0000] {logging_mixin.py:188} WARNING - /home/***/.local/lib/python3.12/site-packages/***/task/task_runner/standard_task_runner.py:61 DeprecationWarning: This process (pid=2869) is multi-threaded, use of fork() may lead to deadlocks in the child.
[2024-04-25T07:56:32.062+0000] {standard_task_runner.py:90} INFO - Running: ['***', 'tasks', 'run', 'dag_with_postgres_operator_v01', 'insert_into_table', 'scheduled__2022-12-03T00:00:00+00:00', '--job-id', '3759', '--raw', '--subdir', 'DAGS_FOLDER/dag_with_postgres_operator.py', '--cfg-path', '/tmp/tmpqv9nozn3']
[2024-04-25T07:56:32.064+0000] {standard_task_runner.py:63} INFO - Started process 2871 to run task
[2024-04-25T07:56:32.065+0000] {standard_task_runner.py:91} INFO - Job 3759: Subtask insert_into_table
[2024-04-25T07:56:32.115+0000] {task_command.py:426} INFO - Running <TaskInstance: dag_with_postgres_operator_v01.insert_into_table scheduled__2022-12-03T00:00:00+00:00 [running]> on host 4d994982806b
[2024-04-25T07:56:32.168+0000] {taskinstance.py:2644} INFO - Exporting env vars: AIRFLOW_CTX_DAG_OWNER='coder2j' AIRFLOW_CTX_DAG_ID='dag_with_postgres_operator_v01' AIRFLOW_CTX_TASK_ID='insert_into_table' AIRFLOW_CTX_EXECUTION_DATE='2022-12-03T00:00:00+00:00' AIRFLOW_CTX_TRY_NUMBER='1' AIRFLOW_CTX_DAG_RUN_ID='scheduled__2022-12-03T00:00:00+00:00'
[2024-04-25T07:56:32.169+0000] {taskinstance.py:430} INFO - ::endgroup::
[2024-04-25T07:56:32.178+0000] {sql.py:276} INFO - Executing: 
            insert into dag_runs (dt, dag_id) values ('2022-12-03', 'dag_with_postgres_operator_v01')
        
[2024-04-25T07:56:32.185+0000] {base.py:84} INFO - Using connection ID 'postgres_localhost' for task execution.
[2024-04-25T07:56:32.195+0000] {base.py:84} INFO - Using connection ID 'postgres_localhost' for task execution.
[2024-04-25T07:56:32.207+0000] {sql.py:457} INFO - Running statement: 
            insert into dag_runs (dt, dag_id) values ('2022-12-03', 'dag_with_postgres_operator_v01')
        , parameters: None
[2024-04-25T07:56:32.215+0000] {sql.py:466} INFO - Rows affected: 1
[2024-04-25T07:56:32.218+0000] {logging_mixin.py:188} WARNING - /home/***/.local/lib/python3.12/site-packages/***/providers/common/sql/hooks/sql.py:407 AirflowProviderDeprecationWarning: Call to deprecated method _make_common_data_structure. (The `_make_serializable` method is deprecated and support will be removed in a future version of the common.sql provider. Please update the DbApiHook's provider to a version based on common.sql >= 1.9.1.)
[2024-04-25T07:56:32.223+0000] {taskinstance.py:441} INFO - ::group::Post task execution logs
[2024-04-25T07:56:32.229+0000] {taskinstance.py:1205} INFO - Marking task as SUCCESS. dag_id=dag_with_postgres_operator_v01, task_id=insert_into_table, execution_date=20221203T000000, start_date=20240425T075632, end_date=20240425T075632
[2024-04-25T07:56:32.258+0000] {local_task_job_runner.py:240} INFO - Task exited with return code 0
[2024-04-25T07:56:32.267+0000] {taskinstance.py:3482} INFO - 0 downstream tasks scheduled from follow-on schedule check
[2024-04-25T07:56:32.268+0000] {local_task_job_runner.py:222} INFO - ::endgroup::
