[2024-05-15T14:33:00.875+0000] {local_task_job_runner.py:120} INFO - ::group::Pre task execution logs
[2024-05-15T14:33:00.889+0000] {taskinstance.py:2076} INFO - Dependencies all met for dep_context=non-requeueable deps ti=<TaskInstance: parsing_recipes.store_data manual__2024-05-15T14:32:51.035598+00:00 [queued]>
[2024-05-15T14:33:00.893+0000] {taskinstance.py:2076} INFO - Dependencies all met for dep_context=requeueable deps ti=<TaskInstance: parsing_recipes.store_data manual__2024-05-15T14:32:51.035598+00:00 [queued]>
[2024-05-15T14:33:00.893+0000] {taskinstance.py:2306} INFO - Starting attempt 1 of 1
[2024-05-15T14:33:00.899+0000] {taskinstance.py:2330} INFO - Executing <Task(PythonOperator): store_data> on 2024-05-15 14:32:51.035598+00:00
[2024-05-15T14:33:00.902+0000] {logging_mixin.py:188} WARNING - /home/***/.local/lib/python3.12/site-packages/***/task/task_runner/standard_task_runner.py:61 DeprecationWarning: This process (pid=9228) is multi-threaded, use of fork() may lead to deadlocks in the child.
[2024-05-15T14:33:00.903+0000] {standard_task_runner.py:63} INFO - Started process 9229 to run task
[2024-05-15T14:33:00.903+0000] {standard_task_runner.py:90} INFO - Running: ['***', 'tasks', 'run', 'parsing_recipes', 'store_data', 'manual__2024-05-15T14:32:51.035598+00:00', '--job-id', '6271', '--raw', '--subdir', 'DAGS_FOLDER/recipes.py', '--cfg-path', '/tmp/tmpjn0eb1am']
[2024-05-15T14:33:00.904+0000] {standard_task_runner.py:91} INFO - Job 6271: Subtask store_data
[2024-05-15T14:33:00.925+0000] {task_command.py:426} INFO - Running <TaskInstance: parsing_recipes.store_data manual__2024-05-15T14:32:51.035598+00:00 [running]> on host 53697f0c267a
[2024-05-15T14:33:00.963+0000] {taskinstance.py:2648} INFO - Exporting env vars: AIRFLOW_CTX_DAG_OWNER='***' AIRFLOW_CTX_DAG_ID='parsing_recipes' AIRFLOW_CTX_TASK_ID='store_data' AIRFLOW_CTX_EXECUTION_DATE='2024-05-15T14:32:51.035598+00:00' AIRFLOW_CTX_TRY_NUMBER='1' AIRFLOW_CTX_DAG_RUN_ID='manual__2024-05-15T14:32:51.035598+00:00'
[2024-05-15T14:33:00.964+0000] {taskinstance.py:430} INFO - ::endgroup::
[2024-05-15T14:33:00.977+0000] {base.py:84} INFO - Using connection ID 'postgres_localhost' for task execution.
[2024-05-15T14:33:00.982+0000] {logging_mixin.py:188} INFO - []
[2024-05-15T14:33:00.984+0000] {python.py:237} INFO - Done. Returned value was: True
[2024-05-15T14:33:00.984+0000] {taskinstance.py:441} INFO - ::group::Post task execution logs
[2024-05-15T14:33:00.994+0000] {taskinstance.py:1206} INFO - Marking task as SUCCESS. dag_id=parsing_recipes, task_id=store_data, run_id=manual__2024-05-15T14:32:51.035598+00:00, execution_date=20240515T143251, start_date=20240515T143300, end_date=20240515T143300
[2024-05-15T14:33:01.003+0000] {local_task_job_runner.py:240} INFO - Task exited with return code 0
[2024-05-15T14:33:01.009+0000] {logging_mixin.py:188} WARNING - /home/***/.local/lib/python3.12/site-packages/***/models/baseoperator.py:1296 AirflowProviderDeprecationWarning: Call to deprecated class PostgresOperator. (Please use `***.providers.common.sql.operators.sql.SQLExecuteQueryOperator`.Also, you can provide `hook_params={'schema': <database>}`.)
[2024-05-15T14:33:01.014+0000] {taskinstance.py:3498} INFO - 1 downstream tasks scheduled from follow-on schedule check
[2024-05-15T14:33:01.015+0000] {local_task_job_runner.py:222} INFO - ::endgroup::
