[2024-04-25T08:26:44.997+0000] {local_task_job_runner.py:120} INFO - ::group::Pre task execution logs
[2024-04-25T08:26:45.004+0000] {taskinstance.py:2073} INFO - Dependencies all met for dep_context=non-requeueable deps ti=<TaskInstance: dag_with_postgres_hooks_v04.postgres_to_s3 scheduled__2022-05-18T00:00:00+00:00 [queued]>
[2024-04-25T08:26:45.008+0000] {taskinstance.py:2073} INFO - Dependencies all met for dep_context=requeueable deps ti=<TaskInstance: dag_with_postgres_hooks_v04.postgres_to_s3 scheduled__2022-05-18T00:00:00+00:00 [queued]>
[2024-04-25T08:26:45.008+0000] {taskinstance.py:2303} INFO - Starting attempt 1 of 6
[2024-04-25T08:26:45.014+0000] {taskinstance.py:2327} INFO - Executing <Task(PythonOperator): postgres_to_s3> on 2022-05-18 00:00:00+00:00
[2024-04-25T08:26:45.018+0000] {logging_mixin.py:188} WARNING - /home/***/.local/lib/python3.12/site-packages/***/task/task_runner/standard_task_runner.py:61 DeprecationWarning: This process (pid=7414) is multi-threaded, use of fork() may lead to deadlocks in the child.
[2024-04-25T08:26:45.018+0000] {standard_task_runner.py:63} INFO - Started process 7415 to run task
[2024-04-25T08:26:45.018+0000] {standard_task_runner.py:90} INFO - Running: ['***', 'tasks', 'run', 'dag_with_postgres_hooks_v04', 'postgres_to_s3', 'scheduled__2022-05-18T00:00:00+00:00', '--job-id', '5308', '--raw', '--subdir', 'DAGS_FOLDER/dag_with_postgres_hook.py', '--cfg-path', '/tmp/tmpqprvublr']
[2024-04-25T08:26:45.019+0000] {standard_task_runner.py:91} INFO - Job 5308: Subtask postgres_to_s3
[2024-04-25T08:26:45.042+0000] {task_command.py:426} INFO - Running <TaskInstance: dag_with_postgres_hooks_v04.postgres_to_s3 scheduled__2022-05-18T00:00:00+00:00 [running]> on host 4d994982806b
[2024-04-25T08:26:45.078+0000] {taskinstance.py:2644} INFO - Exporting env vars: AIRFLOW_CTX_DAG_OWNER='coder2j' AIRFLOW_CTX_DAG_ID='dag_with_postgres_hooks_v04' AIRFLOW_CTX_TASK_ID='postgres_to_s3' AIRFLOW_CTX_EXECUTION_DATE='2022-05-18T00:00:00+00:00' AIRFLOW_CTX_TRY_NUMBER='1' AIRFLOW_CTX_DAG_RUN_ID='scheduled__2022-05-18T00:00:00+00:00'
[2024-04-25T08:26:45.079+0000] {taskinstance.py:430} INFO - ::endgroup::
[2024-04-25T08:26:45.085+0000] {logging_mixin.py:188} WARNING - /home/***/.local/lib/python3.12/site-packages/***/utils/context.py:212 AirflowContextDeprecationWarning: Accessing 'next_ds_nodash' from the template is deprecated and will be removed in a future version. Please use '{{ data_interval_end | ds_nodash }}' instead.
[2024-04-25T08:26:45.089+0000] {base.py:84} INFO - Using connection ID 'postgres_localhost' for task execution.
[2024-04-25T08:26:45.095+0000] {dag_with_postgres_hook.py:34} INFO - Saved orders data in text file: dags/get_orders_20220518.txt
[2024-04-25T08:26:45.100+0000] {base.py:84} INFO - Using connection ID 'minio_conn' for task execution.
[2024-04-25T08:26:45.100+0000] {connection_wrapper.py:387} INFO - AWS Connection (conn_id='minio_conn', conn_type='aws') credentials retrieved from extra.
[2024-04-25T08:26:45.101+0000] {logging_mixin.py:188} WARNING - <string>:9 AirflowProviderDeprecationWarning: extra['host'] is deprecated and will be removed in a future release. Please set extra['endpoint_url'] instead
[2024-04-25T08:26:45.216+0000] {dag_with_postgres_hook.py:43} INFO - Orders file /tmp/tmpc79qlhwr20220518 has been pushed to S3!
[2024-04-25T08:26:45.216+0000] {python.py:237} INFO - Done. Returned value was: None
[2024-04-25T08:26:45.217+0000] {taskinstance.py:441} INFO - ::group::Post task execution logs
[2024-04-25T08:26:45.221+0000] {taskinstance.py:1205} INFO - Marking task as SUCCESS. dag_id=dag_with_postgres_hooks_v04, task_id=postgres_to_s3, execution_date=20220518T000000, start_date=20240425T082645, end_date=20240425T082645
[2024-04-25T08:26:45.244+0000] {local_task_job_runner.py:240} INFO - Task exited with return code 0
[2024-04-25T08:26:45.253+0000] {taskinstance.py:3482} INFO - 0 downstream tasks scheduled from follow-on schedule check
[2024-04-25T08:26:45.254+0000] {local_task_job_runner.py:222} INFO - ::endgroup::
