[2024-05-15T13:15:29.285+0000] {local_task_job_runner.py:120} INFO - ::group::Pre task execution logs
[2024-05-15T13:15:29.302+0000] {taskinstance.py:2076} INFO - Dependencies all met for dep_context=non-requeueable deps ti=<TaskInstance: parsing_recipes.store_data manual__2024-05-15T13:15:20.090606+00:00 [queued]>
[2024-05-15T13:15:29.308+0000] {taskinstance.py:2076} INFO - Dependencies all met for dep_context=requeueable deps ti=<TaskInstance: parsing_recipes.store_data manual__2024-05-15T13:15:20.090606+00:00 [queued]>
[2024-05-15T13:15:29.309+0000] {taskinstance.py:2306} INFO - Starting attempt 1 of 1
[2024-05-15T13:15:29.316+0000] {taskinstance.py:2330} INFO - Executing <Task(PythonOperator): store_data> on 2024-05-15 13:15:20.090606+00:00
[2024-05-15T13:15:29.320+0000] {logging_mixin.py:188} WARNING - /home/***/.local/lib/python3.12/site-packages/***/task/task_runner/standard_task_runner.py:61 DeprecationWarning: This process (pid=2528) is multi-threaded, use of fork() may lead to deadlocks in the child.
[2024-05-15T13:15:29.321+0000] {standard_task_runner.py:63} INFO - Started process 2529 to run task
[2024-05-15T13:15:29.320+0000] {standard_task_runner.py:90} INFO - Running: ['***', 'tasks', 'run', 'parsing_recipes', 'store_data', 'manual__2024-05-15T13:15:20.090606+00:00', '--job-id', '6104', '--raw', '--subdir', 'DAGS_FOLDER/recipes.py', '--cfg-path', '/tmp/tmpifl4qv73']
[2024-05-15T13:15:29.322+0000] {standard_task_runner.py:91} INFO - Job 6104: Subtask store_data
[2024-05-15T13:15:29.348+0000] {task_command.py:426} INFO - Running <TaskInstance: parsing_recipes.store_data manual__2024-05-15T13:15:20.090606+00:00 [running]> on host 53697f0c267a
[2024-05-15T13:15:29.394+0000] {taskinstance.py:2648} INFO - Exporting env vars: AIRFLOW_CTX_DAG_OWNER='***' AIRFLOW_CTX_DAG_ID='parsing_recipes' AIRFLOW_CTX_TASK_ID='store_data' AIRFLOW_CTX_EXECUTION_DATE='2024-05-15T13:15:20.090606+00:00' AIRFLOW_CTX_TRY_NUMBER='1' AIRFLOW_CTX_DAG_RUN_ID='manual__2024-05-15T13:15:20.090606+00:00'
[2024-05-15T13:15:29.395+0000] {taskinstance.py:430} INFO - ::endgroup::
[2024-05-15T13:15:29.411+0000] {base.py:84} INFO - Using connection ID 'postgres_localhost' for task execution.
[2024-05-15T13:15:29.417+0000] {logging_mixin.py:188} INFO - []
[2024-05-15T13:15:29.417+0000] {python.py:237} INFO - Done. Returned value was: True
[2024-05-15T13:15:29.418+0000] {taskinstance.py:441} INFO - ::group::Post task execution logs
[2024-05-15T13:15:29.429+0000] {taskinstance.py:1206} INFO - Marking task as SUCCESS. dag_id=parsing_recipes, task_id=store_data, run_id=manual__2024-05-15T13:15:20.090606+00:00, execution_date=20240515T131520, start_date=20240515T131529, end_date=20240515T131529
[2024-05-15T13:15:29.461+0000] {local_task_job_runner.py:240} INFO - Task exited with return code 0
[2024-05-15T13:15:29.470+0000] {taskinstance.py:3498} INFO - 0 downstream tasks scheduled from follow-on schedule check
[2024-05-15T13:15:29.471+0000] {local_task_job_runner.py:222} INFO - ::endgroup::
