[2024-04-25T07:58:53.961+0000] {local_task_job_runner.py:120} INFO - ::group::Pre task execution logs
[2024-04-25T07:58:53.989+0000] {taskinstance.py:2073} INFO - Dependencies all met for dep_context=non-requeueable deps ti=<TaskInstance: dag_with_postgres_operator_v01.delete_data_from_table scheduled__2023-11-08T00:00:00+00:00 [queued]>
[2024-04-25T07:58:53.995+0000] {taskinstance.py:2073} INFO - Dependencies all met for dep_context=requeueable deps ti=<TaskInstance: dag_with_postgres_operator_v01.delete_data_from_table scheduled__2023-11-08T00:00:00+00:00 [queued]>
[2024-04-25T07:58:53.997+0000] {taskinstance.py:2303} INFO - Starting attempt 1 of 6
[2024-04-25T07:58:54.013+0000] {taskinstance.py:2327} INFO - Executing <Task(PostgresOperator): delete_data_from_table> on 2023-11-08 00:00:00+00:00
[2024-04-25T07:58:54.023+0000] {logging_mixin.py:188} WARNING - /home/***/.local/lib/python3.12/site-packages/***/task/task_runner/standard_task_runner.py:61 DeprecationWarning: This process (pid=4975) is multi-threaded, use of fork() may lead to deadlocks in the child.
[2024-04-25T07:58:54.025+0000] {standard_task_runner.py:63} INFO - Started process 4986 to run task
[2024-04-25T07:58:54.024+0000] {standard_task_runner.py:90} INFO - Running: ['***', 'tasks', 'run', 'dag_with_postgres_operator_v01', 'delete_data_from_table', 'scheduled__2023-11-08T00:00:00+00:00', '--job-id', '4764', '--raw', '--subdir', 'DAGS_FOLDER/dag_with_postgres_operator.py', '--cfg-path', '/tmp/tmpif9_0hq3']
[2024-04-25T07:58:54.046+0000] {standard_task_runner.py:91} INFO - Job 4764: Subtask delete_data_from_table
[2024-04-25T07:58:54.117+0000] {task_command.py:426} INFO - Running <TaskInstance: dag_with_postgres_operator_v01.delete_data_from_table scheduled__2023-11-08T00:00:00+00:00 [running]> on host 4d994982806b
[2024-04-25T07:58:54.210+0000] {taskinstance.py:2644} INFO - Exporting env vars: AIRFLOW_CTX_DAG_OWNER='coder2j' AIRFLOW_CTX_DAG_ID='dag_with_postgres_operator_v01' AIRFLOW_CTX_TASK_ID='delete_data_from_table' AIRFLOW_CTX_EXECUTION_DATE='2023-11-08T00:00:00+00:00' AIRFLOW_CTX_TRY_NUMBER='1' AIRFLOW_CTX_DAG_RUN_ID='scheduled__2023-11-08T00:00:00+00:00'
[2024-04-25T07:58:54.217+0000] {taskinstance.py:430} INFO - ::endgroup::
[2024-04-25T07:58:54.227+0000] {sql.py:276} INFO - Executing: 
            delete from dag_runs where dt = '2023-11-08' and dag_id = 'dag_with_postgres_operator_v01';
        
[2024-04-25T07:58:54.240+0000] {base.py:84} INFO - Using connection ID 'postgres_localhost' for task execution.
[2024-04-25T07:58:54.248+0000] {base.py:84} INFO - Using connection ID 'postgres_localhost' for task execution.
[2024-04-25T07:58:54.263+0000] {sql.py:457} INFO - Running statement: 
            delete from dag_runs where dt = '2023-11-08' and dag_id = 'dag_with_postgres_operator_v01';
        , parameters: None
[2024-04-25T07:58:54.268+0000] {sql.py:466} INFO - Rows affected: 0
[2024-04-25T07:58:54.275+0000] {logging_mixin.py:188} WARNING - /home/***/.local/lib/python3.12/site-packages/***/providers/common/sql/hooks/sql.py:407 AirflowProviderDeprecationWarning: Call to deprecated method _make_common_data_structure. (The `_make_serializable` method is deprecated and support will be removed in a future version of the common.sql provider. Please update the DbApiHook's provider to a version based on common.sql >= 1.9.1.)
[2024-04-25T07:58:54.278+0000] {taskinstance.py:441} INFO - ::group::Post task execution logs
[2024-04-25T07:58:54.292+0000] {taskinstance.py:1205} INFO - Marking task as SUCCESS. dag_id=dag_with_postgres_operator_v01, task_id=delete_data_from_table, execution_date=20231108T000000, start_date=20240425T075853, end_date=20240425T075854
[2024-04-25T07:58:54.338+0000] {local_task_job_runner.py:240} INFO - Task exited with return code 0
[2024-04-25T07:58:54.419+0000] {logging_mixin.py:188} WARNING - /home/***/.local/lib/python3.12/site-packages/***/models/baseoperator.py:1296 AirflowProviderDeprecationWarning: Call to deprecated class PostgresOperator. (Please use `***.providers.common.sql.operators.sql.SQLExecuteQueryOperator`.Also, you can provide `hook_params={'schema': <database>}`.)
[2024-04-25T07:58:54.435+0000] {taskinstance.py:3482} INFO - 0 downstream tasks scheduled from follow-on schedule check
[2024-04-25T07:58:54.450+0000] {local_task_job_runner.py:222} INFO - ::endgroup::
