[2024-04-25T03:48:12.496+0000] {processor.py:161} INFO - Started process (PID=333) to work on /home/airflow/.local/lib/python3.12/site-packages/airflow/example_dags/tutorial_dag.py
[2024-04-25T03:48:12.497+0000] {processor.py:830} INFO - Processing file /home/airflow/.local/lib/python3.12/site-packages/airflow/example_dags/tutorial_dag.py for tasks to queue
[2024-04-25T03:48:12.498+0000] {logging_mixin.py:188} INFO - [2024-04-25T03:48:12.498+0000] {dagbag.py:540} INFO - Filling up the DagBag from /home/airflow/.local/lib/python3.12/site-packages/airflow/example_dags/tutorial_dag.py
[2024-04-25T03:48:12.501+0000] {processor.py:840} INFO - DAG(s) 'tutorial_dag' retrieved from /home/airflow/.local/lib/python3.12/site-packages/airflow/example_dags/tutorial_dag.py
[2024-04-25T03:48:12.509+0000] {logging_mixin.py:188} INFO - [2024-04-25T03:48:12.509+0000] {dag.py:3096} INFO - Sync 1 DAGs
[2024-04-25T03:48:12.517+0000] {logging_mixin.py:188} INFO - [2024-04-25T03:48:12.517+0000] {dag.py:3954} INFO - Setting next_dagrun for tutorial_dag to None, run_after=None
[2024-04-25T03:48:12.530+0000] {processor.py:183} INFO - Processing /home/airflow/.local/lib/python3.12/site-packages/airflow/example_dags/tutorial_dag.py took 0.038 seconds
[2024-04-25T03:48:43.840+0000] {processor.py:161} INFO - Started process (PID=595) to work on /home/airflow/.local/lib/python3.12/site-packages/airflow/example_dags/tutorial_dag.py
[2024-04-25T03:48:43.841+0000] {processor.py:830} INFO - Processing file /home/airflow/.local/lib/python3.12/site-packages/airflow/example_dags/tutorial_dag.py for tasks to queue
[2024-04-25T03:48:43.842+0000] {logging_mixin.py:188} INFO - [2024-04-25T03:48:43.842+0000] {dagbag.py:540} INFO - Filling up the DagBag from /home/airflow/.local/lib/python3.12/site-packages/airflow/example_dags/tutorial_dag.py
[2024-04-25T03:48:43.845+0000] {processor.py:840} INFO - DAG(s) 'tutorial_dag' retrieved from /home/airflow/.local/lib/python3.12/site-packages/airflow/example_dags/tutorial_dag.py
[2024-04-25T03:48:43.891+0000] {logging_mixin.py:188} INFO - [2024-04-25T03:48:43.891+0000] {dag.py:3096} INFO - Sync 1 DAGs
[2024-04-25T03:48:43.897+0000] {logging_mixin.py:188} INFO - [2024-04-25T03:48:43.896+0000] {dag.py:3954} INFO - Setting next_dagrun for tutorial_dag to None, run_after=None
[2024-04-25T03:48:43.906+0000] {processor.py:183} INFO - Processing /home/airflow/.local/lib/python3.12/site-packages/airflow/example_dags/tutorial_dag.py took 0.069 seconds
[2024-04-25T03:49:14.883+0000] {processor.py:161} INFO - Started process (PID=859) to work on /home/airflow/.local/lib/python3.12/site-packages/airflow/example_dags/tutorial_dag.py
[2024-04-25T03:49:14.884+0000] {processor.py:830} INFO - Processing file /home/airflow/.local/lib/python3.12/site-packages/airflow/example_dags/tutorial_dag.py for tasks to queue
[2024-04-25T03:49:14.885+0000] {logging_mixin.py:188} INFO - [2024-04-25T03:49:14.885+0000] {dagbag.py:540} INFO - Filling up the DagBag from /home/airflow/.local/lib/python3.12/site-packages/airflow/example_dags/tutorial_dag.py
[2024-04-25T03:49:14.888+0000] {processor.py:840} INFO - DAG(s) 'tutorial_dag' retrieved from /home/airflow/.local/lib/python3.12/site-packages/airflow/example_dags/tutorial_dag.py
[2024-04-25T03:49:14.901+0000] {logging_mixin.py:188} INFO - [2024-04-25T03:49:14.901+0000] {dag.py:3096} INFO - Sync 1 DAGs
[2024-04-25T03:49:14.907+0000] {logging_mixin.py:188} INFO - [2024-04-25T03:49:14.907+0000] {dag.py:3954} INFO - Setting next_dagrun for tutorial_dag to None, run_after=None
[2024-04-25T03:49:14.916+0000] {processor.py:183} INFO - Processing /home/airflow/.local/lib/python3.12/site-packages/airflow/example_dags/tutorial_dag.py took 0.035 seconds
[2024-04-25T03:49:45.795+0000] {processor.py:161} INFO - Started process (PID=1118) to work on /home/airflow/.local/lib/python3.12/site-packages/airflow/example_dags/tutorial_dag.py
[2024-04-25T03:49:45.795+0000] {processor.py:830} INFO - Processing file /home/airflow/.local/lib/python3.12/site-packages/airflow/example_dags/tutorial_dag.py for tasks to queue
[2024-04-25T03:49:45.797+0000] {logging_mixin.py:188} INFO - [2024-04-25T03:49:45.796+0000] {dagbag.py:540} INFO - Filling up the DagBag from /home/airflow/.local/lib/python3.12/site-packages/airflow/example_dags/tutorial_dag.py
[2024-04-25T03:49:45.800+0000] {processor.py:840} INFO - DAG(s) 'tutorial_dag' retrieved from /home/airflow/.local/lib/python3.12/site-packages/airflow/example_dags/tutorial_dag.py
[2024-04-25T03:49:45.810+0000] {logging_mixin.py:188} INFO - [2024-04-25T03:49:45.810+0000] {dag.py:3096} INFO - Sync 1 DAGs
[2024-04-25T03:49:45.817+0000] {logging_mixin.py:188} INFO - [2024-04-25T03:49:45.817+0000] {dag.py:3954} INFO - Setting next_dagrun for tutorial_dag to None, run_after=None
[2024-04-25T03:49:45.832+0000] {processor.py:183} INFO - Processing /home/airflow/.local/lib/python3.12/site-packages/airflow/example_dags/tutorial_dag.py took 0.041 seconds
[2024-04-25T03:50:15.856+0000] {processor.py:161} INFO - Started process (PID=1380) to work on /home/airflow/.local/lib/python3.12/site-packages/airflow/example_dags/tutorial_dag.py
[2024-04-25T03:50:15.857+0000] {processor.py:830} INFO - Processing file /home/airflow/.local/lib/python3.12/site-packages/airflow/example_dags/tutorial_dag.py for tasks to queue
[2024-04-25T03:50:15.857+0000] {logging_mixin.py:188} INFO - [2024-04-25T03:50:15.857+0000] {dagbag.py:540} INFO - Filling up the DagBag from /home/airflow/.local/lib/python3.12/site-packages/airflow/example_dags/tutorial_dag.py
[2024-04-25T03:50:15.860+0000] {processor.py:840} INFO - DAG(s) 'tutorial_dag' retrieved from /home/airflow/.local/lib/python3.12/site-packages/airflow/example_dags/tutorial_dag.py
[2024-04-25T03:50:15.870+0000] {logging_mixin.py:188} INFO - [2024-04-25T03:50:15.870+0000] {dag.py:3096} INFO - Sync 1 DAGs
[2024-04-25T03:50:15.875+0000] {logging_mixin.py:188} INFO - [2024-04-25T03:50:15.875+0000] {dag.py:3954} INFO - Setting next_dagrun for tutorial_dag to None, run_after=None
[2024-04-25T03:50:15.885+0000] {processor.py:183} INFO - Processing /home/airflow/.local/lib/python3.12/site-packages/airflow/example_dags/tutorial_dag.py took 0.031 seconds
[2024-04-25T03:50:46.835+0000] {processor.py:161} INFO - Started process (PID=1644) to work on /home/airflow/.local/lib/python3.12/site-packages/airflow/example_dags/tutorial_dag.py
[2024-04-25T03:50:46.836+0000] {processor.py:830} INFO - Processing file /home/airflow/.local/lib/python3.12/site-packages/airflow/example_dags/tutorial_dag.py for tasks to queue
[2024-04-25T03:50:46.837+0000] {logging_mixin.py:188} INFO - [2024-04-25T03:50:46.837+0000] {dagbag.py:540} INFO - Filling up the DagBag from /home/airflow/.local/lib/python3.12/site-packages/airflow/example_dags/tutorial_dag.py
[2024-04-25T03:50:46.840+0000] {processor.py:840} INFO - DAG(s) 'tutorial_dag' retrieved from /home/airflow/.local/lib/python3.12/site-packages/airflow/example_dags/tutorial_dag.py
[2024-04-25T03:50:46.850+0000] {logging_mixin.py:188} INFO - [2024-04-25T03:50:46.850+0000] {dag.py:3096} INFO - Sync 1 DAGs
[2024-04-25T03:50:46.856+0000] {logging_mixin.py:188} INFO - [2024-04-25T03:50:46.856+0000] {dag.py:3954} INFO - Setting next_dagrun for tutorial_dag to None, run_after=None
[2024-04-25T03:50:46.864+0000] {processor.py:183} INFO - Processing /home/airflow/.local/lib/python3.12/site-packages/airflow/example_dags/tutorial_dag.py took 0.032 seconds
[2024-04-25T03:51:17.010+0000] {processor.py:161} INFO - Started process (PID=1906) to work on /home/airflow/.local/lib/python3.12/site-packages/airflow/example_dags/tutorial_dag.py
[2024-04-25T03:51:17.011+0000] {processor.py:830} INFO - Processing file /home/airflow/.local/lib/python3.12/site-packages/airflow/example_dags/tutorial_dag.py for tasks to queue
[2024-04-25T03:51:17.012+0000] {logging_mixin.py:188} INFO - [2024-04-25T03:51:17.011+0000] {dagbag.py:540} INFO - Filling up the DagBag from /home/airflow/.local/lib/python3.12/site-packages/airflow/example_dags/tutorial_dag.py
[2024-04-25T03:51:17.015+0000] {processor.py:840} INFO - DAG(s) 'tutorial_dag' retrieved from /home/airflow/.local/lib/python3.12/site-packages/airflow/example_dags/tutorial_dag.py
[2024-04-25T03:51:17.025+0000] {logging_mixin.py:188} INFO - [2024-04-25T03:51:17.025+0000] {dag.py:3096} INFO - Sync 1 DAGs
[2024-04-25T03:51:17.031+0000] {logging_mixin.py:188} INFO - [2024-04-25T03:51:17.030+0000] {dag.py:3954} INFO - Setting next_dagrun for tutorial_dag to None, run_after=None
[2024-04-25T03:51:17.039+0000] {processor.py:183} INFO - Processing /home/airflow/.local/lib/python3.12/site-packages/airflow/example_dags/tutorial_dag.py took 0.033 seconds
[2024-04-25T03:51:47.181+0000] {processor.py:161} INFO - Started process (PID=2168) to work on /home/airflow/.local/lib/python3.12/site-packages/airflow/example_dags/tutorial_dag.py
[2024-04-25T03:51:47.182+0000] {processor.py:830} INFO - Processing file /home/airflow/.local/lib/python3.12/site-packages/airflow/example_dags/tutorial_dag.py for tasks to queue
[2024-04-25T03:51:47.183+0000] {logging_mixin.py:188} INFO - [2024-04-25T03:51:47.183+0000] {dagbag.py:540} INFO - Filling up the DagBag from /home/airflow/.local/lib/python3.12/site-packages/airflow/example_dags/tutorial_dag.py
[2024-04-25T03:51:47.186+0000] {processor.py:840} INFO - DAG(s) 'tutorial_dag' retrieved from /home/airflow/.local/lib/python3.12/site-packages/airflow/example_dags/tutorial_dag.py
[2024-04-25T03:51:47.197+0000] {logging_mixin.py:188} INFO - [2024-04-25T03:51:47.197+0000] {dag.py:3096} INFO - Sync 1 DAGs
[2024-04-25T03:51:47.203+0000] {logging_mixin.py:188} INFO - [2024-04-25T03:51:47.203+0000] {dag.py:3954} INFO - Setting next_dagrun for tutorial_dag to None, run_after=None
[2024-04-25T03:51:47.212+0000] {processor.py:183} INFO - Processing /home/airflow/.local/lib/python3.12/site-packages/airflow/example_dags/tutorial_dag.py took 0.033 seconds
[2024-04-25T03:52:17.449+0000] {processor.py:161} INFO - Started process (PID=2430) to work on /home/airflow/.local/lib/python3.12/site-packages/airflow/example_dags/tutorial_dag.py
[2024-04-25T03:52:17.450+0000] {processor.py:830} INFO - Processing file /home/airflow/.local/lib/python3.12/site-packages/airflow/example_dags/tutorial_dag.py for tasks to queue
[2024-04-25T03:52:17.451+0000] {logging_mixin.py:188} INFO - [2024-04-25T03:52:17.451+0000] {dagbag.py:540} INFO - Filling up the DagBag from /home/airflow/.local/lib/python3.12/site-packages/airflow/example_dags/tutorial_dag.py
[2024-04-25T03:52:17.454+0000] {processor.py:840} INFO - DAG(s) 'tutorial_dag' retrieved from /home/airflow/.local/lib/python3.12/site-packages/airflow/example_dags/tutorial_dag.py
[2024-04-25T03:52:17.465+0000] {logging_mixin.py:188} INFO - [2024-04-25T03:52:17.465+0000] {dag.py:3096} INFO - Sync 1 DAGs
[2024-04-25T03:52:17.471+0000] {logging_mixin.py:188} INFO - [2024-04-25T03:52:17.471+0000] {dag.py:3954} INFO - Setting next_dagrun for tutorial_dag to None, run_after=None
[2024-04-25T03:52:17.479+0000] {processor.py:183} INFO - Processing /home/airflow/.local/lib/python3.12/site-packages/airflow/example_dags/tutorial_dag.py took 0.033 seconds
[2024-04-25T03:52:47.674+0000] {processor.py:161} INFO - Started process (PID=2692) to work on /home/airflow/.local/lib/python3.12/site-packages/airflow/example_dags/tutorial_dag.py
[2024-04-25T03:52:47.676+0000] {processor.py:830} INFO - Processing file /home/airflow/.local/lib/python3.12/site-packages/airflow/example_dags/tutorial_dag.py for tasks to queue
[2024-04-25T03:52:47.677+0000] {logging_mixin.py:188} INFO - [2024-04-25T03:52:47.677+0000] {dagbag.py:540} INFO - Filling up the DagBag from /home/airflow/.local/lib/python3.12/site-packages/airflow/example_dags/tutorial_dag.py
[2024-04-25T03:52:47.680+0000] {processor.py:840} INFO - DAG(s) 'tutorial_dag' retrieved from /home/airflow/.local/lib/python3.12/site-packages/airflow/example_dags/tutorial_dag.py
[2024-04-25T03:52:47.691+0000] {logging_mixin.py:188} INFO - [2024-04-25T03:52:47.691+0000] {dag.py:3096} INFO - Sync 1 DAGs
[2024-04-25T03:52:47.697+0000] {logging_mixin.py:188} INFO - [2024-04-25T03:52:47.697+0000] {dag.py:3954} INFO - Setting next_dagrun for tutorial_dag to None, run_after=None
[2024-04-25T03:52:47.706+0000] {processor.py:183} INFO - Processing /home/airflow/.local/lib/python3.12/site-packages/airflow/example_dags/tutorial_dag.py took 0.035 seconds
[2024-04-25T03:53:17.733+0000] {processor.py:161} INFO - Started process (PID=2954) to work on /home/airflow/.local/lib/python3.12/site-packages/airflow/example_dags/tutorial_dag.py
[2024-04-25T03:53:17.735+0000] {processor.py:830} INFO - Processing file /home/airflow/.local/lib/python3.12/site-packages/airflow/example_dags/tutorial_dag.py for tasks to queue
[2024-04-25T03:53:17.736+0000] {logging_mixin.py:188} INFO - [2024-04-25T03:53:17.736+0000] {dagbag.py:540} INFO - Filling up the DagBag from /home/airflow/.local/lib/python3.12/site-packages/airflow/example_dags/tutorial_dag.py
[2024-04-25T03:53:17.739+0000] {processor.py:840} INFO - DAG(s) 'tutorial_dag' retrieved from /home/airflow/.local/lib/python3.12/site-packages/airflow/example_dags/tutorial_dag.py
[2024-04-25T03:53:17.750+0000] {logging_mixin.py:188} INFO - [2024-04-25T03:53:17.749+0000] {dag.py:3096} INFO - Sync 1 DAGs
[2024-04-25T03:53:17.755+0000] {logging_mixin.py:188} INFO - [2024-04-25T03:53:17.755+0000] {dag.py:3954} INFO - Setting next_dagrun for tutorial_dag to None, run_after=None
[2024-04-25T03:53:17.764+0000] {processor.py:183} INFO - Processing /home/airflow/.local/lib/python3.12/site-packages/airflow/example_dags/tutorial_dag.py took 0.033 seconds
[2024-04-25T03:53:47.994+0000] {processor.py:161} INFO - Started process (PID=3216) to work on /home/airflow/.local/lib/python3.12/site-packages/airflow/example_dags/tutorial_dag.py
[2024-04-25T03:53:47.995+0000] {processor.py:830} INFO - Processing file /home/airflow/.local/lib/python3.12/site-packages/airflow/example_dags/tutorial_dag.py for tasks to queue
[2024-04-25T03:53:47.996+0000] {logging_mixin.py:188} INFO - [2024-04-25T03:53:47.996+0000] {dagbag.py:540} INFO - Filling up the DagBag from /home/airflow/.local/lib/python3.12/site-packages/airflow/example_dags/tutorial_dag.py
[2024-04-25T03:53:47.999+0000] {processor.py:840} INFO - DAG(s) 'tutorial_dag' retrieved from /home/airflow/.local/lib/python3.12/site-packages/airflow/example_dags/tutorial_dag.py
[2024-04-25T03:53:48.010+0000] {logging_mixin.py:188} INFO - [2024-04-25T03:53:48.010+0000] {dag.py:3096} INFO - Sync 1 DAGs
[2024-04-25T03:53:48.016+0000] {logging_mixin.py:188} INFO - [2024-04-25T03:53:48.015+0000] {dag.py:3954} INFO - Setting next_dagrun for tutorial_dag to None, run_after=None
[2024-04-25T03:53:48.025+0000] {processor.py:183} INFO - Processing /home/airflow/.local/lib/python3.12/site-packages/airflow/example_dags/tutorial_dag.py took 0.035 seconds
[2024-04-25T03:54:18.299+0000] {processor.py:161} INFO - Started process (PID=3478) to work on /home/airflow/.local/lib/python3.12/site-packages/airflow/example_dags/tutorial_dag.py
[2024-04-25T03:54:18.299+0000] {processor.py:830} INFO - Processing file /home/airflow/.local/lib/python3.12/site-packages/airflow/example_dags/tutorial_dag.py for tasks to queue
[2024-04-25T03:54:18.301+0000] {logging_mixin.py:188} INFO - [2024-04-25T03:54:18.300+0000] {dagbag.py:540} INFO - Filling up the DagBag from /home/airflow/.local/lib/python3.12/site-packages/airflow/example_dags/tutorial_dag.py
[2024-04-25T03:54:18.304+0000] {processor.py:840} INFO - DAG(s) 'tutorial_dag' retrieved from /home/airflow/.local/lib/python3.12/site-packages/airflow/example_dags/tutorial_dag.py
[2024-04-25T03:54:18.314+0000] {logging_mixin.py:188} INFO - [2024-04-25T03:54:18.314+0000] {dag.py:3096} INFO - Sync 1 DAGs
[2024-04-25T03:54:18.320+0000] {logging_mixin.py:188} INFO - [2024-04-25T03:54:18.320+0000] {dag.py:3954} INFO - Setting next_dagrun for tutorial_dag to None, run_after=None
[2024-04-25T03:54:18.328+0000] {processor.py:183} INFO - Processing /home/airflow/.local/lib/python3.12/site-packages/airflow/example_dags/tutorial_dag.py took 0.032 seconds
[2024-04-25T03:54:48.418+0000] {processor.py:161} INFO - Started process (PID=3740) to work on /home/airflow/.local/lib/python3.12/site-packages/airflow/example_dags/tutorial_dag.py
[2024-04-25T03:54:48.419+0000] {processor.py:830} INFO - Processing file /home/airflow/.local/lib/python3.12/site-packages/airflow/example_dags/tutorial_dag.py for tasks to queue
[2024-04-25T03:54:48.420+0000] {logging_mixin.py:188} INFO - [2024-04-25T03:54:48.420+0000] {dagbag.py:540} INFO - Filling up the DagBag from /home/airflow/.local/lib/python3.12/site-packages/airflow/example_dags/tutorial_dag.py
[2024-04-25T03:54:48.423+0000] {processor.py:840} INFO - DAG(s) 'tutorial_dag' retrieved from /home/airflow/.local/lib/python3.12/site-packages/airflow/example_dags/tutorial_dag.py
[2024-04-25T03:54:48.434+0000] {logging_mixin.py:188} INFO - [2024-04-25T03:54:48.434+0000] {dag.py:3096} INFO - Sync 1 DAGs
[2024-04-25T03:54:48.440+0000] {logging_mixin.py:188} INFO - [2024-04-25T03:54:48.440+0000] {dag.py:3954} INFO - Setting next_dagrun for tutorial_dag to None, run_after=None
[2024-04-25T03:54:48.448+0000] {processor.py:183} INFO - Processing /home/airflow/.local/lib/python3.12/site-packages/airflow/example_dags/tutorial_dag.py took 0.033 seconds
[2024-04-25T03:55:18.575+0000] {processor.py:161} INFO - Started process (PID=4002) to work on /home/airflow/.local/lib/python3.12/site-packages/airflow/example_dags/tutorial_dag.py
[2024-04-25T03:55:18.576+0000] {processor.py:830} INFO - Processing file /home/airflow/.local/lib/python3.12/site-packages/airflow/example_dags/tutorial_dag.py for tasks to queue
[2024-04-25T03:55:18.577+0000] {logging_mixin.py:188} INFO - [2024-04-25T03:55:18.577+0000] {dagbag.py:540} INFO - Filling up the DagBag from /home/airflow/.local/lib/python3.12/site-packages/airflow/example_dags/tutorial_dag.py
[2024-04-25T03:55:18.580+0000] {processor.py:840} INFO - DAG(s) 'tutorial_dag' retrieved from /home/airflow/.local/lib/python3.12/site-packages/airflow/example_dags/tutorial_dag.py
[2024-04-25T03:55:18.590+0000] {logging_mixin.py:188} INFO - [2024-04-25T03:55:18.590+0000] {dag.py:3096} INFO - Sync 1 DAGs
[2024-04-25T03:55:18.596+0000] {logging_mixin.py:188} INFO - [2024-04-25T03:55:18.596+0000] {dag.py:3954} INFO - Setting next_dagrun for tutorial_dag to None, run_after=None
[2024-04-25T03:55:18.605+0000] {processor.py:183} INFO - Processing /home/airflow/.local/lib/python3.12/site-packages/airflow/example_dags/tutorial_dag.py took 0.033 seconds
[2024-04-25T03:55:48.651+0000] {processor.py:161} INFO - Started process (PID=4261) to work on /home/airflow/.local/lib/python3.12/site-packages/airflow/example_dags/tutorial_dag.py
[2024-04-25T03:55:48.651+0000] {processor.py:830} INFO - Processing file /home/airflow/.local/lib/python3.12/site-packages/airflow/example_dags/tutorial_dag.py for tasks to queue
[2024-04-25T03:55:48.652+0000] {logging_mixin.py:188} INFO - [2024-04-25T03:55:48.652+0000] {dagbag.py:540} INFO - Filling up the DagBag from /home/airflow/.local/lib/python3.12/site-packages/airflow/example_dags/tutorial_dag.py
[2024-04-25T03:55:48.655+0000] {processor.py:840} INFO - DAG(s) 'tutorial_dag' retrieved from /home/airflow/.local/lib/python3.12/site-packages/airflow/example_dags/tutorial_dag.py
[2024-04-25T03:55:48.666+0000] {logging_mixin.py:188} INFO - [2024-04-25T03:55:48.665+0000] {dag.py:3096} INFO - Sync 1 DAGs
[2024-04-25T03:55:48.672+0000] {logging_mixin.py:188} INFO - [2024-04-25T03:55:48.672+0000] {dag.py:3954} INFO - Setting next_dagrun for tutorial_dag to None, run_after=None
[2024-04-25T03:55:48.681+0000] {processor.py:183} INFO - Processing /home/airflow/.local/lib/python3.12/site-packages/airflow/example_dags/tutorial_dag.py took 0.033 seconds
[2024-04-25T03:56:18.896+0000] {processor.py:161} INFO - Started process (PID=4523) to work on /home/airflow/.local/lib/python3.12/site-packages/airflow/example_dags/tutorial_dag.py
[2024-04-25T03:56:18.897+0000] {processor.py:830} INFO - Processing file /home/airflow/.local/lib/python3.12/site-packages/airflow/example_dags/tutorial_dag.py for tasks to queue
[2024-04-25T03:56:18.898+0000] {logging_mixin.py:188} INFO - [2024-04-25T03:56:18.898+0000] {dagbag.py:540} INFO - Filling up the DagBag from /home/airflow/.local/lib/python3.12/site-packages/airflow/example_dags/tutorial_dag.py
[2024-04-25T03:56:18.901+0000] {processor.py:840} INFO - DAG(s) 'tutorial_dag' retrieved from /home/airflow/.local/lib/python3.12/site-packages/airflow/example_dags/tutorial_dag.py
[2024-04-25T03:56:18.911+0000] {logging_mixin.py:188} INFO - [2024-04-25T03:56:18.911+0000] {dag.py:3096} INFO - Sync 1 DAGs
[2024-04-25T03:56:18.917+0000] {logging_mixin.py:188} INFO - [2024-04-25T03:56:18.917+0000] {dag.py:3954} INFO - Setting next_dagrun for tutorial_dag to None, run_after=None
[2024-04-25T03:56:18.927+0000] {processor.py:183} INFO - Processing /home/airflow/.local/lib/python3.12/site-packages/airflow/example_dags/tutorial_dag.py took 0.033 seconds
[2024-04-25T03:56:49.195+0000] {processor.py:161} INFO - Started process (PID=4785) to work on /home/airflow/.local/lib/python3.12/site-packages/airflow/example_dags/tutorial_dag.py
[2024-04-25T03:56:49.196+0000] {processor.py:830} INFO - Processing file /home/airflow/.local/lib/python3.12/site-packages/airflow/example_dags/tutorial_dag.py for tasks to queue
[2024-04-25T03:56:49.197+0000] {logging_mixin.py:188} INFO - [2024-04-25T03:56:49.197+0000] {dagbag.py:540} INFO - Filling up the DagBag from /home/airflow/.local/lib/python3.12/site-packages/airflow/example_dags/tutorial_dag.py
[2024-04-25T03:56:49.200+0000] {processor.py:840} INFO - DAG(s) 'tutorial_dag' retrieved from /home/airflow/.local/lib/python3.12/site-packages/airflow/example_dags/tutorial_dag.py
[2024-04-25T03:56:49.209+0000] {logging_mixin.py:188} INFO - [2024-04-25T03:56:49.209+0000] {dag.py:3096} INFO - Sync 1 DAGs
[2024-04-25T03:56:49.215+0000] {logging_mixin.py:188} INFO - [2024-04-25T03:56:49.215+0000] {dag.py:3954} INFO - Setting next_dagrun for tutorial_dag to None, run_after=None
[2024-04-25T03:56:49.223+0000] {processor.py:183} INFO - Processing /home/airflow/.local/lib/python3.12/site-packages/airflow/example_dags/tutorial_dag.py took 0.031 seconds
[2024-04-25T03:57:19.741+0000] {processor.py:161} INFO - Started process (PID=5049) to work on /home/airflow/.local/lib/python3.12/site-packages/airflow/example_dags/tutorial_dag.py
[2024-04-25T03:57:19.742+0000] {processor.py:830} INFO - Processing file /home/airflow/.local/lib/python3.12/site-packages/airflow/example_dags/tutorial_dag.py for tasks to queue
[2024-04-25T03:57:19.743+0000] {logging_mixin.py:188} INFO - [2024-04-25T03:57:19.743+0000] {dagbag.py:540} INFO - Filling up the DagBag from /home/airflow/.local/lib/python3.12/site-packages/airflow/example_dags/tutorial_dag.py
[2024-04-25T03:57:19.747+0000] {processor.py:840} INFO - DAG(s) 'tutorial_dag' retrieved from /home/airflow/.local/lib/python3.12/site-packages/airflow/example_dags/tutorial_dag.py
[2024-04-25T03:57:19.758+0000] {logging_mixin.py:188} INFO - [2024-04-25T03:57:19.758+0000] {dag.py:3096} INFO - Sync 1 DAGs
[2024-04-25T03:57:19.764+0000] {logging_mixin.py:188} INFO - [2024-04-25T03:57:19.764+0000] {dag.py:3954} INFO - Setting next_dagrun for tutorial_dag to None, run_after=None
[2024-04-25T03:57:19.773+0000] {processor.py:183} INFO - Processing /home/airflow/.local/lib/python3.12/site-packages/airflow/example_dags/tutorial_dag.py took 0.035 seconds
[2024-04-25T03:57:50.138+0000] {processor.py:161} INFO - Started process (PID=5309) to work on /home/airflow/.local/lib/python3.12/site-packages/airflow/example_dags/tutorial_dag.py
[2024-04-25T03:57:50.139+0000] {processor.py:830} INFO - Processing file /home/airflow/.local/lib/python3.12/site-packages/airflow/example_dags/tutorial_dag.py for tasks to queue
[2024-04-25T03:57:50.140+0000] {logging_mixin.py:188} INFO - [2024-04-25T03:57:50.140+0000] {dagbag.py:540} INFO - Filling up the DagBag from /home/airflow/.local/lib/python3.12/site-packages/airflow/example_dags/tutorial_dag.py
[2024-04-25T03:57:50.144+0000] {processor.py:840} INFO - DAG(s) 'tutorial_dag' retrieved from /home/airflow/.local/lib/python3.12/site-packages/airflow/example_dags/tutorial_dag.py
[2024-04-25T03:57:50.158+0000] {logging_mixin.py:188} INFO - [2024-04-25T03:57:50.158+0000] {dag.py:3096} INFO - Sync 1 DAGs
[2024-04-25T03:57:50.166+0000] {logging_mixin.py:188} INFO - [2024-04-25T03:57:50.166+0000] {dag.py:3954} INFO - Setting next_dagrun for tutorial_dag to None, run_after=None
[2024-04-25T03:57:50.176+0000] {processor.py:183} INFO - Processing /home/airflow/.local/lib/python3.12/site-packages/airflow/example_dags/tutorial_dag.py took 0.043 seconds
[2024-04-25T04:01:23.224+0000] {processor.py:161} INFO - Started process (PID=5573) to work on /home/airflow/.local/lib/python3.12/site-packages/airflow/example_dags/tutorial_dag.py
[2024-04-25T04:01:23.224+0000] {processor.py:830} INFO - Processing file /home/airflow/.local/lib/python3.12/site-packages/airflow/example_dags/tutorial_dag.py for tasks to queue
[2024-04-25T04:01:23.227+0000] {logging_mixin.py:188} INFO - [2024-04-25T04:01:23.226+0000] {dagbag.py:540} INFO - Filling up the DagBag from /home/airflow/.local/lib/python3.12/site-packages/airflow/example_dags/tutorial_dag.py
[2024-04-25T04:01:23.230+0000] {processor.py:840} INFO - DAG(s) 'tutorial_dag' retrieved from /home/airflow/.local/lib/python3.12/site-packages/airflow/example_dags/tutorial_dag.py
[2024-04-25T04:01:23.242+0000] {logging_mixin.py:188} INFO - [2024-04-25T04:01:23.241+0000] {dag.py:3096} INFO - Sync 1 DAGs
[2024-04-25T04:01:23.248+0000] {logging_mixin.py:188} INFO - [2024-04-25T04:01:23.248+0000] {dag.py:3954} INFO - Setting next_dagrun for tutorial_dag to None, run_after=None
[2024-04-25T04:01:23.259+0000] {processor.py:183} INFO - Processing /home/airflow/.local/lib/python3.12/site-packages/airflow/example_dags/tutorial_dag.py took 0.039 seconds
[2024-04-25T04:01:54.053+0000] {processor.py:161} INFO - Started process (PID=5835) to work on /home/airflow/.local/lib/python3.12/site-packages/airflow/example_dags/tutorial_dag.py
[2024-04-25T04:01:54.053+0000] {processor.py:830} INFO - Processing file /home/airflow/.local/lib/python3.12/site-packages/airflow/example_dags/tutorial_dag.py for tasks to queue
[2024-04-25T04:01:54.054+0000] {logging_mixin.py:188} INFO - [2024-04-25T04:01:54.054+0000] {dagbag.py:540} INFO - Filling up the DagBag from /home/airflow/.local/lib/python3.12/site-packages/airflow/example_dags/tutorial_dag.py
[2024-04-25T04:01:54.057+0000] {processor.py:840} INFO - DAG(s) 'tutorial_dag' retrieved from /home/airflow/.local/lib/python3.12/site-packages/airflow/example_dags/tutorial_dag.py
[2024-04-25T04:01:54.070+0000] {logging_mixin.py:188} INFO - [2024-04-25T04:01:54.070+0000] {dag.py:3096} INFO - Sync 1 DAGs
[2024-04-25T04:01:54.076+0000] {logging_mixin.py:188} INFO - [2024-04-25T04:01:54.076+0000] {dag.py:3954} INFO - Setting next_dagrun for tutorial_dag to None, run_after=None
[2024-04-25T04:01:54.084+0000] {processor.py:183} INFO - Processing /home/airflow/.local/lib/python3.12/site-packages/airflow/example_dags/tutorial_dag.py took 0.035 seconds
[2024-04-25T04:02:24.168+0000] {processor.py:161} INFO - Started process (PID=6099) to work on /home/airflow/.local/lib/python3.12/site-packages/airflow/example_dags/tutorial_dag.py
[2024-04-25T04:02:24.169+0000] {processor.py:830} INFO - Processing file /home/airflow/.local/lib/python3.12/site-packages/airflow/example_dags/tutorial_dag.py for tasks to queue
[2024-04-25T04:02:24.170+0000] {logging_mixin.py:188} INFO - [2024-04-25T04:02:24.170+0000] {dagbag.py:540} INFO - Filling up the DagBag from /home/airflow/.local/lib/python3.12/site-packages/airflow/example_dags/tutorial_dag.py
[2024-04-25T04:02:24.173+0000] {processor.py:840} INFO - DAG(s) 'tutorial_dag' retrieved from /home/airflow/.local/lib/python3.12/site-packages/airflow/example_dags/tutorial_dag.py
[2024-04-25T04:02:24.184+0000] {logging_mixin.py:188} INFO - [2024-04-25T04:02:24.184+0000] {dag.py:3096} INFO - Sync 1 DAGs
[2024-04-25T04:02:24.190+0000] {logging_mixin.py:188} INFO - [2024-04-25T04:02:24.190+0000] {dag.py:3954} INFO - Setting next_dagrun for tutorial_dag to None, run_after=None
[2024-04-25T04:02:24.199+0000] {processor.py:183} INFO - Processing /home/airflow/.local/lib/python3.12/site-packages/airflow/example_dags/tutorial_dag.py took 0.034 seconds
[2024-04-25T04:02:54.630+0000] {processor.py:161} INFO - Started process (PID=6359) to work on /home/airflow/.local/lib/python3.12/site-packages/airflow/example_dags/tutorial_dag.py
[2024-04-25T04:02:54.631+0000] {processor.py:830} INFO - Processing file /home/airflow/.local/lib/python3.12/site-packages/airflow/example_dags/tutorial_dag.py for tasks to queue
[2024-04-25T04:02:54.632+0000] {logging_mixin.py:188} INFO - [2024-04-25T04:02:54.632+0000] {dagbag.py:540} INFO - Filling up the DagBag from /home/airflow/.local/lib/python3.12/site-packages/airflow/example_dags/tutorial_dag.py
[2024-04-25T04:02:54.635+0000] {processor.py:840} INFO - DAG(s) 'tutorial_dag' retrieved from /home/airflow/.local/lib/python3.12/site-packages/airflow/example_dags/tutorial_dag.py
[2024-04-25T04:02:54.645+0000] {logging_mixin.py:188} INFO - [2024-04-25T04:02:54.645+0000] {dag.py:3096} INFO - Sync 1 DAGs
[2024-04-25T04:02:54.651+0000] {logging_mixin.py:188} INFO - [2024-04-25T04:02:54.651+0000] {dag.py:3954} INFO - Setting next_dagrun for tutorial_dag to None, run_after=None
[2024-04-25T04:02:54.660+0000] {processor.py:183} INFO - Processing /home/airflow/.local/lib/python3.12/site-packages/airflow/example_dags/tutorial_dag.py took 0.032 seconds
[2024-04-25T04:03:25.307+0000] {processor.py:161} INFO - Started process (PID=6621) to work on /home/airflow/.local/lib/python3.12/site-packages/airflow/example_dags/tutorial_dag.py
[2024-04-25T04:03:25.307+0000] {processor.py:830} INFO - Processing file /home/airflow/.local/lib/python3.12/site-packages/airflow/example_dags/tutorial_dag.py for tasks to queue
[2024-04-25T04:03:25.308+0000] {logging_mixin.py:188} INFO - [2024-04-25T04:03:25.308+0000] {dagbag.py:540} INFO - Filling up the DagBag from /home/airflow/.local/lib/python3.12/site-packages/airflow/example_dags/tutorial_dag.py
[2024-04-25T04:03:25.311+0000] {processor.py:840} INFO - DAG(s) 'tutorial_dag' retrieved from /home/airflow/.local/lib/python3.12/site-packages/airflow/example_dags/tutorial_dag.py
[2024-04-25T04:03:25.321+0000] {logging_mixin.py:188} INFO - [2024-04-25T04:03:25.321+0000] {dag.py:3096} INFO - Sync 1 DAGs
[2024-04-25T04:03:25.327+0000] {logging_mixin.py:188} INFO - [2024-04-25T04:03:25.327+0000] {dag.py:3954} INFO - Setting next_dagrun for tutorial_dag to None, run_after=None
[2024-04-25T04:03:25.336+0000] {processor.py:183} INFO - Processing /home/airflow/.local/lib/python3.12/site-packages/airflow/example_dags/tutorial_dag.py took 0.032 seconds
[2024-04-25T04:03:56.040+0000] {processor.py:161} INFO - Started process (PID=6883) to work on /home/airflow/.local/lib/python3.12/site-packages/airflow/example_dags/tutorial_dag.py
[2024-04-25T04:03:56.041+0000] {processor.py:830} INFO - Processing file /home/airflow/.local/lib/python3.12/site-packages/airflow/example_dags/tutorial_dag.py for tasks to queue
[2024-04-25T04:03:56.042+0000] {logging_mixin.py:188} INFO - [2024-04-25T04:03:56.042+0000] {dagbag.py:540} INFO - Filling up the DagBag from /home/airflow/.local/lib/python3.12/site-packages/airflow/example_dags/tutorial_dag.py
[2024-04-25T04:03:56.045+0000] {processor.py:840} INFO - DAG(s) 'tutorial_dag' retrieved from /home/airflow/.local/lib/python3.12/site-packages/airflow/example_dags/tutorial_dag.py
[2024-04-25T04:03:56.057+0000] {logging_mixin.py:188} INFO - [2024-04-25T04:03:56.057+0000] {dag.py:3096} INFO - Sync 1 DAGs
[2024-04-25T04:03:56.063+0000] {logging_mixin.py:188} INFO - [2024-04-25T04:03:56.063+0000] {dag.py:3954} INFO - Setting next_dagrun for tutorial_dag to None, run_after=None
[2024-04-25T04:03:56.072+0000] {processor.py:183} INFO - Processing /home/airflow/.local/lib/python3.12/site-packages/airflow/example_dags/tutorial_dag.py took 0.035 seconds
[2024-04-25T04:04:26.712+0000] {processor.py:161} INFO - Started process (PID=7145) to work on /home/airflow/.local/lib/python3.12/site-packages/airflow/example_dags/tutorial_dag.py
[2024-04-25T04:04:26.712+0000] {processor.py:830} INFO - Processing file /home/airflow/.local/lib/python3.12/site-packages/airflow/example_dags/tutorial_dag.py for tasks to queue
[2024-04-25T04:04:26.714+0000] {logging_mixin.py:188} INFO - [2024-04-25T04:04:26.713+0000] {dagbag.py:540} INFO - Filling up the DagBag from /home/airflow/.local/lib/python3.12/site-packages/airflow/example_dags/tutorial_dag.py
[2024-04-25T04:04:26.717+0000] {processor.py:840} INFO - DAG(s) 'tutorial_dag' retrieved from /home/airflow/.local/lib/python3.12/site-packages/airflow/example_dags/tutorial_dag.py
[2024-04-25T04:04:26.729+0000] {logging_mixin.py:188} INFO - [2024-04-25T04:04:26.728+0000] {dag.py:3096} INFO - Sync 1 DAGs
[2024-04-25T04:04:26.823+0000] {logging_mixin.py:188} INFO - [2024-04-25T04:04:26.823+0000] {dag.py:3954} INFO - Setting next_dagrun for tutorial_dag to None, run_after=None
[2024-04-25T04:04:26.831+0000] {processor.py:183} INFO - Processing /home/airflow/.local/lib/python3.12/site-packages/airflow/example_dags/tutorial_dag.py took 0.123 seconds
[2024-04-25T04:04:57.657+0000] {processor.py:161} INFO - Started process (PID=7407) to work on /home/airflow/.local/lib/python3.12/site-packages/airflow/example_dags/tutorial_dag.py
[2024-04-25T04:04:57.673+0000] {processor.py:830} INFO - Processing file /home/airflow/.local/lib/python3.12/site-packages/airflow/example_dags/tutorial_dag.py for tasks to queue
[2024-04-25T04:04:57.675+0000] {logging_mixin.py:188} INFO - [2024-04-25T04:04:57.674+0000] {dagbag.py:540} INFO - Filling up the DagBag from /home/airflow/.local/lib/python3.12/site-packages/airflow/example_dags/tutorial_dag.py
[2024-04-25T04:04:57.681+0000] {processor.py:840} INFO - DAG(s) 'tutorial_dag' retrieved from /home/airflow/.local/lib/python3.12/site-packages/airflow/example_dags/tutorial_dag.py
[2024-04-25T04:04:57.695+0000] {logging_mixin.py:188} INFO - [2024-04-25T04:04:57.695+0000] {dag.py:3096} INFO - Sync 1 DAGs
[2024-04-25T04:04:57.824+0000] {logging_mixin.py:188} INFO - [2024-04-25T04:04:57.823+0000] {dag.py:3954} INFO - Setting next_dagrun for tutorial_dag to None, run_after=None
[2024-04-25T04:04:57.839+0000] {processor.py:183} INFO - Processing /home/airflow/.local/lib/python3.12/site-packages/airflow/example_dags/tutorial_dag.py took 0.187 seconds
[2024-04-25T04:05:28.339+0000] {processor.py:161} INFO - Started process (PID=7671) to work on /home/airflow/.local/lib/python3.12/site-packages/airflow/example_dags/tutorial_dag.py
[2024-04-25T04:05:28.339+0000] {processor.py:830} INFO - Processing file /home/airflow/.local/lib/python3.12/site-packages/airflow/example_dags/tutorial_dag.py for tasks to queue
[2024-04-25T04:05:28.341+0000] {logging_mixin.py:188} INFO - [2024-04-25T04:05:28.341+0000] {dagbag.py:540} INFO - Filling up the DagBag from /home/airflow/.local/lib/python3.12/site-packages/airflow/example_dags/tutorial_dag.py
[2024-04-25T04:05:28.345+0000] {processor.py:840} INFO - DAG(s) 'tutorial_dag' retrieved from /home/airflow/.local/lib/python3.12/site-packages/airflow/example_dags/tutorial_dag.py
[2024-04-25T04:05:28.369+0000] {logging_mixin.py:188} INFO - [2024-04-25T04:05:28.369+0000] {dag.py:3096} INFO - Sync 1 DAGs
[2024-04-25T04:05:28.376+0000] {logging_mixin.py:188} INFO - [2024-04-25T04:05:28.376+0000] {dag.py:3954} INFO - Setting next_dagrun for tutorial_dag to None, run_after=None
[2024-04-25T04:05:28.388+0000] {processor.py:183} INFO - Processing /home/airflow/.local/lib/python3.12/site-packages/airflow/example_dags/tutorial_dag.py took 0.053 seconds
[2024-04-25T04:05:59.259+0000] {processor.py:161} INFO - Started process (PID=7931) to work on /home/airflow/.local/lib/python3.12/site-packages/airflow/example_dags/tutorial_dag.py
[2024-04-25T04:05:59.260+0000] {processor.py:830} INFO - Processing file /home/airflow/.local/lib/python3.12/site-packages/airflow/example_dags/tutorial_dag.py for tasks to queue
[2024-04-25T04:05:59.261+0000] {logging_mixin.py:188} INFO - [2024-04-25T04:05:59.261+0000] {dagbag.py:540} INFO - Filling up the DagBag from /home/airflow/.local/lib/python3.12/site-packages/airflow/example_dags/tutorial_dag.py
[2024-04-25T04:05:59.265+0000] {processor.py:840} INFO - DAG(s) 'tutorial_dag' retrieved from /home/airflow/.local/lib/python3.12/site-packages/airflow/example_dags/tutorial_dag.py
[2024-04-25T04:05:59.275+0000] {logging_mixin.py:188} INFO - [2024-04-25T04:05:59.275+0000] {dag.py:3096} INFO - Sync 1 DAGs
[2024-04-25T04:05:59.282+0000] {logging_mixin.py:188} INFO - [2024-04-25T04:05:59.281+0000] {dag.py:3954} INFO - Setting next_dagrun for tutorial_dag to None, run_after=None
[2024-04-25T04:05:59.293+0000] {processor.py:183} INFO - Processing /home/airflow/.local/lib/python3.12/site-packages/airflow/example_dags/tutorial_dag.py took 0.037 seconds
[2024-04-25T04:06:30.295+0000] {processor.py:161} INFO - Started process (PID=8193) to work on /home/airflow/.local/lib/python3.12/site-packages/airflow/example_dags/tutorial_dag.py
[2024-04-25T04:06:30.296+0000] {processor.py:830} INFO - Processing file /home/airflow/.local/lib/python3.12/site-packages/airflow/example_dags/tutorial_dag.py for tasks to queue
[2024-04-25T04:06:30.301+0000] {logging_mixin.py:188} INFO - [2024-04-25T04:06:30.300+0000] {dagbag.py:540} INFO - Filling up the DagBag from /home/airflow/.local/lib/python3.12/site-packages/airflow/example_dags/tutorial_dag.py
[2024-04-25T04:06:30.305+0000] {processor.py:840} INFO - DAG(s) 'tutorial_dag' retrieved from /home/airflow/.local/lib/python3.12/site-packages/airflow/example_dags/tutorial_dag.py
[2024-04-25T04:06:30.319+0000] {logging_mixin.py:188} INFO - [2024-04-25T04:06:30.318+0000] {dag.py:3096} INFO - Sync 1 DAGs
[2024-04-25T04:06:30.327+0000] {logging_mixin.py:188} INFO - [2024-04-25T04:06:30.327+0000] {dag.py:3954} INFO - Setting next_dagrun for tutorial_dag to None, run_after=None
[2024-04-25T04:06:30.340+0000] {processor.py:183} INFO - Processing /home/airflow/.local/lib/python3.12/site-packages/airflow/example_dags/tutorial_dag.py took 0.049 seconds
[2024-04-25T04:07:00.398+0000] {processor.py:161} INFO - Started process (PID=8455) to work on /home/airflow/.local/lib/python3.12/site-packages/airflow/example_dags/tutorial_dag.py
[2024-04-25T04:07:00.399+0000] {processor.py:830} INFO - Processing file /home/airflow/.local/lib/python3.12/site-packages/airflow/example_dags/tutorial_dag.py for tasks to queue
[2024-04-25T04:07:00.400+0000] {logging_mixin.py:188} INFO - [2024-04-25T04:07:00.400+0000] {dagbag.py:540} INFO - Filling up the DagBag from /home/airflow/.local/lib/python3.12/site-packages/airflow/example_dags/tutorial_dag.py
[2024-04-25T04:07:00.403+0000] {processor.py:840} INFO - DAG(s) 'tutorial_dag' retrieved from /home/airflow/.local/lib/python3.12/site-packages/airflow/example_dags/tutorial_dag.py
[2024-04-25T04:07:00.414+0000] {logging_mixin.py:188} INFO - [2024-04-25T04:07:00.414+0000] {dag.py:3096} INFO - Sync 1 DAGs
[2024-04-25T04:07:00.420+0000] {logging_mixin.py:188} INFO - [2024-04-25T04:07:00.420+0000] {dag.py:3954} INFO - Setting next_dagrun for tutorial_dag to None, run_after=None
[2024-04-25T04:07:00.429+0000] {processor.py:183} INFO - Processing /home/airflow/.local/lib/python3.12/site-packages/airflow/example_dags/tutorial_dag.py took 0.034 seconds
[2024-04-25T04:07:30.675+0000] {processor.py:161} INFO - Started process (PID=8717) to work on /home/airflow/.local/lib/python3.12/site-packages/airflow/example_dags/tutorial_dag.py
[2024-04-25T04:07:30.676+0000] {processor.py:830} INFO - Processing file /home/airflow/.local/lib/python3.12/site-packages/airflow/example_dags/tutorial_dag.py for tasks to queue
[2024-04-25T04:07:30.677+0000] {logging_mixin.py:188} INFO - [2024-04-25T04:07:30.677+0000] {dagbag.py:540} INFO - Filling up the DagBag from /home/airflow/.local/lib/python3.12/site-packages/airflow/example_dags/tutorial_dag.py
[2024-04-25T04:07:30.680+0000] {processor.py:840} INFO - DAG(s) 'tutorial_dag' retrieved from /home/airflow/.local/lib/python3.12/site-packages/airflow/example_dags/tutorial_dag.py
[2024-04-25T04:07:30.691+0000] {logging_mixin.py:188} INFO - [2024-04-25T04:07:30.691+0000] {dag.py:3096} INFO - Sync 1 DAGs
[2024-04-25T04:07:30.698+0000] {logging_mixin.py:188} INFO - [2024-04-25T04:07:30.698+0000] {dag.py:3954} INFO - Setting next_dagrun for tutorial_dag to None, run_after=None
[2024-04-25T04:07:30.709+0000] {processor.py:183} INFO - Processing /home/airflow/.local/lib/python3.12/site-packages/airflow/example_dags/tutorial_dag.py took 0.038 seconds
[2024-04-25T04:08:00.791+0000] {processor.py:161} INFO - Started process (PID=8978) to work on /home/airflow/.local/lib/python3.12/site-packages/airflow/example_dags/tutorial_dag.py
[2024-04-25T04:08:00.792+0000] {processor.py:830} INFO - Processing file /home/airflow/.local/lib/python3.12/site-packages/airflow/example_dags/tutorial_dag.py for tasks to queue
[2024-04-25T04:08:00.793+0000] {logging_mixin.py:188} INFO - [2024-04-25T04:08:00.793+0000] {dagbag.py:540} INFO - Filling up the DagBag from /home/airflow/.local/lib/python3.12/site-packages/airflow/example_dags/tutorial_dag.py
[2024-04-25T04:08:00.796+0000] {processor.py:840} INFO - DAG(s) 'tutorial_dag' retrieved from /home/airflow/.local/lib/python3.12/site-packages/airflow/example_dags/tutorial_dag.py
[2024-04-25T04:08:00.808+0000] {logging_mixin.py:188} INFO - [2024-04-25T04:08:00.808+0000] {dag.py:3096} INFO - Sync 1 DAGs
[2024-04-25T04:08:00.816+0000] {logging_mixin.py:188} INFO - [2024-04-25T04:08:00.816+0000] {dag.py:3954} INFO - Setting next_dagrun for tutorial_dag to None, run_after=None
[2024-04-25T04:08:00.827+0000] {processor.py:183} INFO - Processing /home/airflow/.local/lib/python3.12/site-packages/airflow/example_dags/tutorial_dag.py took 0.039 seconds
[2024-04-25T04:08:31.613+0000] {processor.py:161} INFO - Started process (PID=9240) to work on /home/airflow/.local/lib/python3.12/site-packages/airflow/example_dags/tutorial_dag.py
[2024-04-25T04:08:31.613+0000] {processor.py:830} INFO - Processing file /home/airflow/.local/lib/python3.12/site-packages/airflow/example_dags/tutorial_dag.py for tasks to queue
[2024-04-25T04:08:31.614+0000] {logging_mixin.py:188} INFO - [2024-04-25T04:08:31.614+0000] {dagbag.py:540} INFO - Filling up the DagBag from /home/airflow/.local/lib/python3.12/site-packages/airflow/example_dags/tutorial_dag.py
[2024-04-25T04:08:31.617+0000] {processor.py:840} INFO - DAG(s) 'tutorial_dag' retrieved from /home/airflow/.local/lib/python3.12/site-packages/airflow/example_dags/tutorial_dag.py
[2024-04-25T04:08:31.628+0000] {logging_mixin.py:188} INFO - [2024-04-25T04:08:31.628+0000] {dag.py:3096} INFO - Sync 1 DAGs
[2024-04-25T04:08:31.634+0000] {logging_mixin.py:188} INFO - [2024-04-25T04:08:31.634+0000] {dag.py:3954} INFO - Setting next_dagrun for tutorial_dag to None, run_after=None
[2024-04-25T04:08:31.644+0000] {processor.py:183} INFO - Processing /home/airflow/.local/lib/python3.12/site-packages/airflow/example_dags/tutorial_dag.py took 0.034 seconds
[2024-04-25T04:09:02.522+0000] {processor.py:161} INFO - Started process (PID=9502) to work on /home/airflow/.local/lib/python3.12/site-packages/airflow/example_dags/tutorial_dag.py
[2024-04-25T04:09:02.523+0000] {processor.py:830} INFO - Processing file /home/airflow/.local/lib/python3.12/site-packages/airflow/example_dags/tutorial_dag.py for tasks to queue
[2024-04-25T04:09:02.524+0000] {logging_mixin.py:188} INFO - [2024-04-25T04:09:02.524+0000] {dagbag.py:540} INFO - Filling up the DagBag from /home/airflow/.local/lib/python3.12/site-packages/airflow/example_dags/tutorial_dag.py
[2024-04-25T04:09:02.527+0000] {processor.py:840} INFO - DAG(s) 'tutorial_dag' retrieved from /home/airflow/.local/lib/python3.12/site-packages/airflow/example_dags/tutorial_dag.py
[2024-04-25T04:09:02.537+0000] {logging_mixin.py:188} INFO - [2024-04-25T04:09:02.537+0000] {dag.py:3096} INFO - Sync 1 DAGs
[2024-04-25T04:09:02.544+0000] {logging_mixin.py:188} INFO - [2024-04-25T04:09:02.544+0000] {dag.py:3954} INFO - Setting next_dagrun for tutorial_dag to None, run_after=None
[2024-04-25T04:09:02.553+0000] {processor.py:183} INFO - Processing /home/airflow/.local/lib/python3.12/site-packages/airflow/example_dags/tutorial_dag.py took 0.034 seconds
[2024-04-25T04:09:33.465+0000] {processor.py:161} INFO - Started process (PID=9766) to work on /home/airflow/.local/lib/python3.12/site-packages/airflow/example_dags/tutorial_dag.py
[2024-04-25T04:09:33.466+0000] {processor.py:830} INFO - Processing file /home/airflow/.local/lib/python3.12/site-packages/airflow/example_dags/tutorial_dag.py for tasks to queue
[2024-04-25T04:09:33.467+0000] {logging_mixin.py:188} INFO - [2024-04-25T04:09:33.467+0000] {dagbag.py:540} INFO - Filling up the DagBag from /home/airflow/.local/lib/python3.12/site-packages/airflow/example_dags/tutorial_dag.py
[2024-04-25T04:09:33.470+0000] {processor.py:840} INFO - DAG(s) 'tutorial_dag' retrieved from /home/airflow/.local/lib/python3.12/site-packages/airflow/example_dags/tutorial_dag.py
[2024-04-25T04:09:33.482+0000] {logging_mixin.py:188} INFO - [2024-04-25T04:09:33.482+0000] {dag.py:3096} INFO - Sync 1 DAGs
[2024-04-25T04:09:33.488+0000] {logging_mixin.py:188} INFO - [2024-04-25T04:09:33.488+0000] {dag.py:3954} INFO - Setting next_dagrun for tutorial_dag to None, run_after=None
[2024-04-25T04:09:33.498+0000] {processor.py:183} INFO - Processing /home/airflow/.local/lib/python3.12/site-packages/airflow/example_dags/tutorial_dag.py took 0.036 seconds
[2024-04-25T04:10:03.535+0000] {processor.py:161} INFO - Started process (PID=10028) to work on /home/airflow/.local/lib/python3.12/site-packages/airflow/example_dags/tutorial_dag.py
[2024-04-25T04:10:03.535+0000] {processor.py:830} INFO - Processing file /home/airflow/.local/lib/python3.12/site-packages/airflow/example_dags/tutorial_dag.py for tasks to queue
[2024-04-25T04:10:03.536+0000] {logging_mixin.py:188} INFO - [2024-04-25T04:10:03.536+0000] {dagbag.py:540} INFO - Filling up the DagBag from /home/airflow/.local/lib/python3.12/site-packages/airflow/example_dags/tutorial_dag.py
[2024-04-25T04:10:03.540+0000] {processor.py:840} INFO - DAG(s) 'tutorial_dag' retrieved from /home/airflow/.local/lib/python3.12/site-packages/airflow/example_dags/tutorial_dag.py
[2024-04-25T04:10:03.550+0000] {logging_mixin.py:188} INFO - [2024-04-25T04:10:03.550+0000] {dag.py:3096} INFO - Sync 1 DAGs
[2024-04-25T04:10:03.557+0000] {logging_mixin.py:188} INFO - [2024-04-25T04:10:03.556+0000] {dag.py:3954} INFO - Setting next_dagrun for tutorial_dag to None, run_after=None
[2024-04-25T04:10:03.565+0000] {processor.py:183} INFO - Processing /home/airflow/.local/lib/python3.12/site-packages/airflow/example_dags/tutorial_dag.py took 0.034 seconds
[2024-04-25T04:10:33.684+0000] {processor.py:161} INFO - Started process (PID=10288) to work on /home/airflow/.local/lib/python3.12/site-packages/airflow/example_dags/tutorial_dag.py
[2024-04-25T04:10:33.685+0000] {processor.py:830} INFO - Processing file /home/airflow/.local/lib/python3.12/site-packages/airflow/example_dags/tutorial_dag.py for tasks to queue
[2024-04-25T04:10:33.686+0000] {logging_mixin.py:188} INFO - [2024-04-25T04:10:33.686+0000] {dagbag.py:540} INFO - Filling up the DagBag from /home/airflow/.local/lib/python3.12/site-packages/airflow/example_dags/tutorial_dag.py
[2024-04-25T04:10:33.689+0000] {processor.py:840} INFO - DAG(s) 'tutorial_dag' retrieved from /home/airflow/.local/lib/python3.12/site-packages/airflow/example_dags/tutorial_dag.py
[2024-04-25T04:10:33.699+0000] {logging_mixin.py:188} INFO - [2024-04-25T04:10:33.699+0000] {dag.py:3096} INFO - Sync 1 DAGs
[2024-04-25T04:10:33.706+0000] {logging_mixin.py:188} INFO - [2024-04-25T04:10:33.706+0000] {dag.py:3954} INFO - Setting next_dagrun for tutorial_dag to None, run_after=None
[2024-04-25T04:10:33.715+0000] {processor.py:183} INFO - Processing /home/airflow/.local/lib/python3.12/site-packages/airflow/example_dags/tutorial_dag.py took 0.035 seconds
[2024-04-25T04:11:04.614+0000] {processor.py:161} INFO - Started process (PID=10550) to work on /home/airflow/.local/lib/python3.12/site-packages/airflow/example_dags/tutorial_dag.py
[2024-04-25T04:11:04.615+0000] {processor.py:830} INFO - Processing file /home/airflow/.local/lib/python3.12/site-packages/airflow/example_dags/tutorial_dag.py for tasks to queue
[2024-04-25T04:11:04.616+0000] {logging_mixin.py:188} INFO - [2024-04-25T04:11:04.616+0000] {dagbag.py:540} INFO - Filling up the DagBag from /home/airflow/.local/lib/python3.12/site-packages/airflow/example_dags/tutorial_dag.py
[2024-04-25T04:11:04.619+0000] {processor.py:840} INFO - DAG(s) 'tutorial_dag' retrieved from /home/airflow/.local/lib/python3.12/site-packages/airflow/example_dags/tutorial_dag.py
[2024-04-25T04:11:04.629+0000] {logging_mixin.py:188} INFO - [2024-04-25T04:11:04.629+0000] {dag.py:3096} INFO - Sync 1 DAGs
[2024-04-25T04:11:04.635+0000] {logging_mixin.py:188} INFO - [2024-04-25T04:11:04.635+0000] {dag.py:3954} INFO - Setting next_dagrun for tutorial_dag to None, run_after=None
[2024-04-25T04:11:04.644+0000] {processor.py:183} INFO - Processing /home/airflow/.local/lib/python3.12/site-packages/airflow/example_dags/tutorial_dag.py took 0.033 seconds
[2024-04-25T04:11:35.687+0000] {processor.py:161} INFO - Started process (PID=10812) to work on /home/airflow/.local/lib/python3.12/site-packages/airflow/example_dags/tutorial_dag.py
[2024-04-25T04:11:35.688+0000] {processor.py:830} INFO - Processing file /home/airflow/.local/lib/python3.12/site-packages/airflow/example_dags/tutorial_dag.py for tasks to queue
[2024-04-25T04:11:35.689+0000] {logging_mixin.py:188} INFO - [2024-04-25T04:11:35.689+0000] {dagbag.py:540} INFO - Filling up the DagBag from /home/airflow/.local/lib/python3.12/site-packages/airflow/example_dags/tutorial_dag.py
[2024-04-25T04:11:35.692+0000] {processor.py:840} INFO - DAG(s) 'tutorial_dag' retrieved from /home/airflow/.local/lib/python3.12/site-packages/airflow/example_dags/tutorial_dag.py
[2024-04-25T04:11:35.704+0000] {logging_mixin.py:188} INFO - [2024-04-25T04:11:35.703+0000] {dag.py:3096} INFO - Sync 1 DAGs
[2024-04-25T04:11:35.711+0000] {logging_mixin.py:188} INFO - [2024-04-25T04:11:35.711+0000] {dag.py:3954} INFO - Setting next_dagrun for tutorial_dag to None, run_after=None
[2024-04-25T04:11:35.721+0000] {processor.py:183} INFO - Processing /home/airflow/.local/lib/python3.12/site-packages/airflow/example_dags/tutorial_dag.py took 0.037 seconds
[2024-04-25T04:12:05.804+0000] {processor.py:161} INFO - Started process (PID=11074) to work on /home/airflow/.local/lib/python3.12/site-packages/airflow/example_dags/tutorial_dag.py
[2024-04-25T04:12:05.805+0000] {processor.py:830} INFO - Processing file /home/airflow/.local/lib/python3.12/site-packages/airflow/example_dags/tutorial_dag.py for tasks to queue
[2024-04-25T04:12:05.806+0000] {logging_mixin.py:188} INFO - [2024-04-25T04:12:05.806+0000] {dagbag.py:540} INFO - Filling up the DagBag from /home/airflow/.local/lib/python3.12/site-packages/airflow/example_dags/tutorial_dag.py
[2024-04-25T04:12:05.810+0000] {processor.py:840} INFO - DAG(s) 'tutorial_dag' retrieved from /home/airflow/.local/lib/python3.12/site-packages/airflow/example_dags/tutorial_dag.py
[2024-04-25T04:12:05.820+0000] {logging_mixin.py:188} INFO - [2024-04-25T04:12:05.820+0000] {dag.py:3096} INFO - Sync 1 DAGs
[2024-04-25T04:12:05.827+0000] {logging_mixin.py:188} INFO - [2024-04-25T04:12:05.827+0000] {dag.py:3954} INFO - Setting next_dagrun for tutorial_dag to None, run_after=None
[2024-04-25T04:12:05.837+0000] {processor.py:183} INFO - Processing /home/airflow/.local/lib/python3.12/site-packages/airflow/example_dags/tutorial_dag.py took 0.035 seconds
[2024-04-25T04:12:36.186+0000] {processor.py:161} INFO - Started process (PID=11336) to work on /home/airflow/.local/lib/python3.12/site-packages/airflow/example_dags/tutorial_dag.py
[2024-04-25T04:12:36.187+0000] {processor.py:830} INFO - Processing file /home/airflow/.local/lib/python3.12/site-packages/airflow/example_dags/tutorial_dag.py for tasks to queue
[2024-04-25T04:12:36.188+0000] {logging_mixin.py:188} INFO - [2024-04-25T04:12:36.188+0000] {dagbag.py:540} INFO - Filling up the DagBag from /home/airflow/.local/lib/python3.12/site-packages/airflow/example_dags/tutorial_dag.py
[2024-04-25T04:12:36.191+0000] {processor.py:840} INFO - DAG(s) 'tutorial_dag' retrieved from /home/airflow/.local/lib/python3.12/site-packages/airflow/example_dags/tutorial_dag.py
[2024-04-25T04:12:36.201+0000] {logging_mixin.py:188} INFO - [2024-04-25T04:12:36.201+0000] {dag.py:3096} INFO - Sync 1 DAGs
[2024-04-25T04:12:36.207+0000] {logging_mixin.py:188} INFO - [2024-04-25T04:12:36.207+0000] {dag.py:3954} INFO - Setting next_dagrun for tutorial_dag to None, run_after=None
[2024-04-25T04:12:36.217+0000] {processor.py:183} INFO - Processing /home/airflow/.local/lib/python3.12/site-packages/airflow/example_dags/tutorial_dag.py took 0.034 seconds
[2024-04-25T04:13:07.193+0000] {processor.py:161} INFO - Started process (PID=11597) to work on /home/airflow/.local/lib/python3.12/site-packages/airflow/example_dags/tutorial_dag.py
[2024-04-25T04:13:07.194+0000] {processor.py:830} INFO - Processing file /home/airflow/.local/lib/python3.12/site-packages/airflow/example_dags/tutorial_dag.py for tasks to queue
[2024-04-25T04:13:07.195+0000] {logging_mixin.py:188} INFO - [2024-04-25T04:13:07.195+0000] {dagbag.py:540} INFO - Filling up the DagBag from /home/airflow/.local/lib/python3.12/site-packages/airflow/example_dags/tutorial_dag.py
[2024-04-25T04:13:07.198+0000] {processor.py:840} INFO - DAG(s) 'tutorial_dag' retrieved from /home/airflow/.local/lib/python3.12/site-packages/airflow/example_dags/tutorial_dag.py
[2024-04-25T04:13:07.209+0000] {logging_mixin.py:188} INFO - [2024-04-25T04:13:07.209+0000] {dag.py:3096} INFO - Sync 1 DAGs
[2024-04-25T04:13:07.216+0000] {logging_mixin.py:188} INFO - [2024-04-25T04:13:07.216+0000] {dag.py:3954} INFO - Setting next_dagrun for tutorial_dag to None, run_after=None
[2024-04-25T04:13:07.233+0000] {processor.py:183} INFO - Processing /home/airflow/.local/lib/python3.12/site-packages/airflow/example_dags/tutorial_dag.py took 0.043 seconds
[2024-04-25T04:13:37.316+0000] {processor.py:161} INFO - Started process (PID=11858) to work on /home/airflow/.local/lib/python3.12/site-packages/airflow/example_dags/tutorial_dag.py
[2024-04-25T04:13:37.317+0000] {processor.py:830} INFO - Processing file /home/airflow/.local/lib/python3.12/site-packages/airflow/example_dags/tutorial_dag.py for tasks to queue
[2024-04-25T04:13:37.318+0000] {logging_mixin.py:188} INFO - [2024-04-25T04:13:37.318+0000] {dagbag.py:540} INFO - Filling up the DagBag from /home/airflow/.local/lib/python3.12/site-packages/airflow/example_dags/tutorial_dag.py
[2024-04-25T04:13:37.321+0000] {processor.py:840} INFO - DAG(s) 'tutorial_dag' retrieved from /home/airflow/.local/lib/python3.12/site-packages/airflow/example_dags/tutorial_dag.py
[2024-04-25T04:13:37.331+0000] {logging_mixin.py:188} INFO - [2024-04-25T04:13:37.331+0000] {dag.py:3096} INFO - Sync 1 DAGs
[2024-04-25T04:13:37.338+0000] {logging_mixin.py:188} INFO - [2024-04-25T04:13:37.338+0000] {dag.py:3954} INFO - Setting next_dagrun for tutorial_dag to None, run_after=None
[2024-04-25T04:13:37.347+0000] {processor.py:183} INFO - Processing /home/airflow/.local/lib/python3.12/site-packages/airflow/example_dags/tutorial_dag.py took 0.035 seconds
[2024-04-25T04:14:07.512+0000] {processor.py:161} INFO - Started process (PID=12120) to work on /home/airflow/.local/lib/python3.12/site-packages/airflow/example_dags/tutorial_dag.py
[2024-04-25T04:14:07.513+0000] {processor.py:830} INFO - Processing file /home/airflow/.local/lib/python3.12/site-packages/airflow/example_dags/tutorial_dag.py for tasks to queue
[2024-04-25T04:14:07.514+0000] {logging_mixin.py:188} INFO - [2024-04-25T04:14:07.514+0000] {dagbag.py:540} INFO - Filling up the DagBag from /home/airflow/.local/lib/python3.12/site-packages/airflow/example_dags/tutorial_dag.py
[2024-04-25T04:14:07.517+0000] {processor.py:840} INFO - DAG(s) 'tutorial_dag' retrieved from /home/airflow/.local/lib/python3.12/site-packages/airflow/example_dags/tutorial_dag.py
[2024-04-25T04:14:07.529+0000] {logging_mixin.py:188} INFO - [2024-04-25T04:14:07.529+0000] {dag.py:3096} INFO - Sync 1 DAGs
[2024-04-25T04:14:07.552+0000] {logging_mixin.py:188} INFO - [2024-04-25T04:14:07.552+0000] {dag.py:3954} INFO - Setting next_dagrun for tutorial_dag to None, run_after=None
[2024-04-25T04:14:07.562+0000] {processor.py:183} INFO - Processing /home/airflow/.local/lib/python3.12/site-packages/airflow/example_dags/tutorial_dag.py took 0.054 seconds
[2024-04-25T04:14:37.712+0000] {processor.py:161} INFO - Started process (PID=12382) to work on /home/airflow/.local/lib/python3.12/site-packages/airflow/example_dags/tutorial_dag.py
[2024-04-25T04:14:37.713+0000] {processor.py:830} INFO - Processing file /home/airflow/.local/lib/python3.12/site-packages/airflow/example_dags/tutorial_dag.py for tasks to queue
[2024-04-25T04:14:37.714+0000] {logging_mixin.py:188} INFO - [2024-04-25T04:14:37.713+0000] {dagbag.py:540} INFO - Filling up the DagBag from /home/airflow/.local/lib/python3.12/site-packages/airflow/example_dags/tutorial_dag.py
[2024-04-25T04:14:37.717+0000] {processor.py:840} INFO - DAG(s) 'tutorial_dag' retrieved from /home/airflow/.local/lib/python3.12/site-packages/airflow/example_dags/tutorial_dag.py
[2024-04-25T04:14:37.728+0000] {logging_mixin.py:188} INFO - [2024-04-25T04:14:37.727+0000] {dag.py:3096} INFO - Sync 1 DAGs
[2024-04-25T04:14:37.735+0000] {logging_mixin.py:188} INFO - [2024-04-25T04:14:37.735+0000] {dag.py:3954} INFO - Setting next_dagrun for tutorial_dag to None, run_after=None
[2024-04-25T04:14:37.744+0000] {processor.py:183} INFO - Processing /home/airflow/.local/lib/python3.12/site-packages/airflow/example_dags/tutorial_dag.py took 0.035 seconds
[2024-04-25T04:15:08.720+0000] {processor.py:161} INFO - Started process (PID=12644) to work on /home/airflow/.local/lib/python3.12/site-packages/airflow/example_dags/tutorial_dag.py
[2024-04-25T04:15:08.721+0000] {processor.py:830} INFO - Processing file /home/airflow/.local/lib/python3.12/site-packages/airflow/example_dags/tutorial_dag.py for tasks to queue
[2024-04-25T04:15:08.722+0000] {logging_mixin.py:188} INFO - [2024-04-25T04:15:08.721+0000] {dagbag.py:540} INFO - Filling up the DagBag from /home/airflow/.local/lib/python3.12/site-packages/airflow/example_dags/tutorial_dag.py
[2024-04-25T04:15:08.724+0000] {processor.py:840} INFO - DAG(s) 'tutorial_dag' retrieved from /home/airflow/.local/lib/python3.12/site-packages/airflow/example_dags/tutorial_dag.py
[2024-04-25T04:15:08.735+0000] {logging_mixin.py:188} INFO - [2024-04-25T04:15:08.735+0000] {dag.py:3096} INFO - Sync 1 DAGs
[2024-04-25T04:15:08.742+0000] {logging_mixin.py:188} INFO - [2024-04-25T04:15:08.742+0000] {dag.py:3954} INFO - Setting next_dagrun for tutorial_dag to None, run_after=None
[2024-04-25T04:15:08.751+0000] {processor.py:183} INFO - Processing /home/airflow/.local/lib/python3.12/site-packages/airflow/example_dags/tutorial_dag.py took 0.035 seconds
[2024-04-25T04:15:38.863+0000] {processor.py:161} INFO - Started process (PID=12906) to work on /home/airflow/.local/lib/python3.12/site-packages/airflow/example_dags/tutorial_dag.py
[2024-04-25T04:15:38.864+0000] {processor.py:830} INFO - Processing file /home/airflow/.local/lib/python3.12/site-packages/airflow/example_dags/tutorial_dag.py for tasks to queue
[2024-04-25T04:15:38.865+0000] {logging_mixin.py:188} INFO - [2024-04-25T04:15:38.865+0000] {dagbag.py:540} INFO - Filling up the DagBag from /home/airflow/.local/lib/python3.12/site-packages/airflow/example_dags/tutorial_dag.py
[2024-04-25T04:15:38.868+0000] {processor.py:840} INFO - DAG(s) 'tutorial_dag' retrieved from /home/airflow/.local/lib/python3.12/site-packages/airflow/example_dags/tutorial_dag.py
[2024-04-25T04:15:38.879+0000] {logging_mixin.py:188} INFO - [2024-04-25T04:15:38.879+0000] {dag.py:3096} INFO - Sync 1 DAGs
[2024-04-25T04:15:38.885+0000] {logging_mixin.py:188} INFO - [2024-04-25T04:15:38.885+0000] {dag.py:3954} INFO - Setting next_dagrun for tutorial_dag to None, run_after=None
[2024-04-25T04:15:38.894+0000] {processor.py:183} INFO - Processing /home/airflow/.local/lib/python3.12/site-packages/airflow/example_dags/tutorial_dag.py took 0.034 seconds
[2024-04-25T04:16:09.398+0000] {processor.py:161} INFO - Started process (PID=13168) to work on /home/airflow/.local/lib/python3.12/site-packages/airflow/example_dags/tutorial_dag.py
[2024-04-25T04:16:09.399+0000] {processor.py:830} INFO - Processing file /home/airflow/.local/lib/python3.12/site-packages/airflow/example_dags/tutorial_dag.py for tasks to queue
[2024-04-25T04:16:09.400+0000] {logging_mixin.py:188} INFO - [2024-04-25T04:16:09.400+0000] {dagbag.py:540} INFO - Filling up the DagBag from /home/airflow/.local/lib/python3.12/site-packages/airflow/example_dags/tutorial_dag.py
[2024-04-25T04:16:09.403+0000] {processor.py:840} INFO - DAG(s) 'tutorial_dag' retrieved from /home/airflow/.local/lib/python3.12/site-packages/airflow/example_dags/tutorial_dag.py
[2024-04-25T04:16:09.413+0000] {logging_mixin.py:188} INFO - [2024-04-25T04:16:09.413+0000] {dag.py:3096} INFO - Sync 1 DAGs
[2024-04-25T04:16:09.420+0000] {logging_mixin.py:188} INFO - [2024-04-25T04:16:09.420+0000] {dag.py:3954} INFO - Setting next_dagrun for tutorial_dag to None, run_after=None
[2024-04-25T04:16:09.429+0000] {processor.py:183} INFO - Processing /home/airflow/.local/lib/python3.12/site-packages/airflow/example_dags/tutorial_dag.py took 0.035 seconds
[2024-04-25T04:16:39.645+0000] {processor.py:161} INFO - Started process (PID=13429) to work on /home/airflow/.local/lib/python3.12/site-packages/airflow/example_dags/tutorial_dag.py
[2024-04-25T04:16:39.646+0000] {processor.py:830} INFO - Processing file /home/airflow/.local/lib/python3.12/site-packages/airflow/example_dags/tutorial_dag.py for tasks to queue
[2024-04-25T04:16:39.647+0000] {logging_mixin.py:188} INFO - [2024-04-25T04:16:39.646+0000] {dagbag.py:540} INFO - Filling up the DagBag from /home/airflow/.local/lib/python3.12/site-packages/airflow/example_dags/tutorial_dag.py
[2024-04-25T04:16:39.649+0000] {processor.py:840} INFO - DAG(s) 'tutorial_dag' retrieved from /home/airflow/.local/lib/python3.12/site-packages/airflow/example_dags/tutorial_dag.py
[2024-04-25T04:16:39.661+0000] {logging_mixin.py:188} INFO - [2024-04-25T04:16:39.661+0000] {dag.py:3096} INFO - Sync 1 DAGs
[2024-04-25T04:16:39.669+0000] {logging_mixin.py:188} INFO - [2024-04-25T04:16:39.668+0000] {dag.py:3954} INFO - Setting next_dagrun for tutorial_dag to None, run_after=None
[2024-04-25T04:16:39.680+0000] {processor.py:183} INFO - Processing /home/airflow/.local/lib/python3.12/site-packages/airflow/example_dags/tutorial_dag.py took 0.038 seconds
[2024-04-25T04:17:09.816+0000] {processor.py:161} INFO - Started process (PID=13691) to work on /home/airflow/.local/lib/python3.12/site-packages/airflow/example_dags/tutorial_dag.py
[2024-04-25T04:17:09.817+0000] {processor.py:830} INFO - Processing file /home/airflow/.local/lib/python3.12/site-packages/airflow/example_dags/tutorial_dag.py for tasks to queue
[2024-04-25T04:17:09.818+0000] {logging_mixin.py:188} INFO - [2024-04-25T04:17:09.818+0000] {dagbag.py:540} INFO - Filling up the DagBag from /home/airflow/.local/lib/python3.12/site-packages/airflow/example_dags/tutorial_dag.py
[2024-04-25T04:17:09.821+0000] {processor.py:840} INFO - DAG(s) 'tutorial_dag' retrieved from /home/airflow/.local/lib/python3.12/site-packages/airflow/example_dags/tutorial_dag.py
[2024-04-25T04:17:09.831+0000] {logging_mixin.py:188} INFO - [2024-04-25T04:17:09.831+0000] {dag.py:3096} INFO - Sync 1 DAGs
[2024-04-25T04:17:09.838+0000] {logging_mixin.py:188} INFO - [2024-04-25T04:17:09.838+0000] {dag.py:3954} INFO - Setting next_dagrun for tutorial_dag to None, run_after=None
[2024-04-25T04:17:09.848+0000] {processor.py:183} INFO - Processing /home/airflow/.local/lib/python3.12/site-packages/airflow/example_dags/tutorial_dag.py took 0.034 seconds
[2024-04-25T04:17:39.984+0000] {processor.py:161} INFO - Started process (PID=13953) to work on /home/airflow/.local/lib/python3.12/site-packages/airflow/example_dags/tutorial_dag.py
[2024-04-25T04:17:39.985+0000] {processor.py:830} INFO - Processing file /home/airflow/.local/lib/python3.12/site-packages/airflow/example_dags/tutorial_dag.py for tasks to queue
[2024-04-25T04:17:39.987+0000] {logging_mixin.py:188} INFO - [2024-04-25T04:17:39.986+0000] {dagbag.py:540} INFO - Filling up the DagBag from /home/airflow/.local/lib/python3.12/site-packages/airflow/example_dags/tutorial_dag.py
[2024-04-25T04:17:39.989+0000] {processor.py:840} INFO - DAG(s) 'tutorial_dag' retrieved from /home/airflow/.local/lib/python3.12/site-packages/airflow/example_dags/tutorial_dag.py
[2024-04-25T04:17:40.002+0000] {logging_mixin.py:188} INFO - [2024-04-25T04:17:40.002+0000] {dag.py:3096} INFO - Sync 1 DAGs
[2024-04-25T04:17:40.009+0000] {logging_mixin.py:188} INFO - [2024-04-25T04:17:40.008+0000] {dag.py:3954} INFO - Setting next_dagrun for tutorial_dag to None, run_after=None
[2024-04-25T04:17:40.018+0000] {processor.py:183} INFO - Processing /home/airflow/.local/lib/python3.12/site-packages/airflow/example_dags/tutorial_dag.py took 0.037 seconds
[2024-04-25T04:18:10.052+0000] {processor.py:161} INFO - Started process (PID=14214) to work on /home/airflow/.local/lib/python3.12/site-packages/airflow/example_dags/tutorial_dag.py
[2024-04-25T04:18:10.053+0000] {processor.py:830} INFO - Processing file /home/airflow/.local/lib/python3.12/site-packages/airflow/example_dags/tutorial_dag.py for tasks to queue
[2024-04-25T04:18:10.054+0000] {logging_mixin.py:188} INFO - [2024-04-25T04:18:10.054+0000] {dagbag.py:540} INFO - Filling up the DagBag from /home/airflow/.local/lib/python3.12/site-packages/airflow/example_dags/tutorial_dag.py
[2024-04-25T04:18:10.058+0000] {processor.py:840} INFO - DAG(s) 'tutorial_dag' retrieved from /home/airflow/.local/lib/python3.12/site-packages/airflow/example_dags/tutorial_dag.py
[2024-04-25T04:18:10.069+0000] {logging_mixin.py:188} INFO - [2024-04-25T04:18:10.069+0000] {dag.py:3096} INFO - Sync 1 DAGs
[2024-04-25T04:18:10.075+0000] {logging_mixin.py:188} INFO - [2024-04-25T04:18:10.075+0000] {dag.py:3954} INFO - Setting next_dagrun for tutorial_dag to None, run_after=None
[2024-04-25T04:18:10.085+0000] {processor.py:183} INFO - Processing /home/airflow/.local/lib/python3.12/site-packages/airflow/example_dags/tutorial_dag.py took 0.036 seconds
[2024-04-25T04:18:40.288+0000] {processor.py:161} INFO - Started process (PID=14476) to work on /home/airflow/.local/lib/python3.12/site-packages/airflow/example_dags/tutorial_dag.py
[2024-04-25T04:18:40.289+0000] {processor.py:830} INFO - Processing file /home/airflow/.local/lib/python3.12/site-packages/airflow/example_dags/tutorial_dag.py for tasks to queue
[2024-04-25T04:18:40.290+0000] {logging_mixin.py:188} INFO - [2024-04-25T04:18:40.290+0000] {dagbag.py:540} INFO - Filling up the DagBag from /home/airflow/.local/lib/python3.12/site-packages/airflow/example_dags/tutorial_dag.py
[2024-04-25T04:18:40.293+0000] {processor.py:840} INFO - DAG(s) 'tutorial_dag' retrieved from /home/airflow/.local/lib/python3.12/site-packages/airflow/example_dags/tutorial_dag.py
[2024-04-25T04:18:40.305+0000] {logging_mixin.py:188} INFO - [2024-04-25T04:18:40.304+0000] {dag.py:3096} INFO - Sync 1 DAGs
[2024-04-25T04:18:40.312+0000] {logging_mixin.py:188} INFO - [2024-04-25T04:18:40.312+0000] {dag.py:3954} INFO - Setting next_dagrun for tutorial_dag to None, run_after=None
[2024-04-25T04:18:40.322+0000] {processor.py:183} INFO - Processing /home/airflow/.local/lib/python3.12/site-packages/airflow/example_dags/tutorial_dag.py took 0.038 seconds
[2024-04-25T04:19:10.438+0000] {processor.py:161} INFO - Started process (PID=14738) to work on /home/airflow/.local/lib/python3.12/site-packages/airflow/example_dags/tutorial_dag.py
[2024-04-25T04:19:10.438+0000] {processor.py:830} INFO - Processing file /home/airflow/.local/lib/python3.12/site-packages/airflow/example_dags/tutorial_dag.py for tasks to queue
[2024-04-25T04:19:10.439+0000] {logging_mixin.py:188} INFO - [2024-04-25T04:19:10.439+0000] {dagbag.py:540} INFO - Filling up the DagBag from /home/airflow/.local/lib/python3.12/site-packages/airflow/example_dags/tutorial_dag.py
[2024-04-25T04:19:10.442+0000] {processor.py:840} INFO - DAG(s) 'tutorial_dag' retrieved from /home/airflow/.local/lib/python3.12/site-packages/airflow/example_dags/tutorial_dag.py
[2024-04-25T04:19:10.453+0000] {logging_mixin.py:188} INFO - [2024-04-25T04:19:10.453+0000] {dag.py:3096} INFO - Sync 1 DAGs
[2024-04-25T04:19:10.460+0000] {logging_mixin.py:188} INFO - [2024-04-25T04:19:10.460+0000] {dag.py:3954} INFO - Setting next_dagrun for tutorial_dag to None, run_after=None
[2024-04-25T04:19:10.471+0000] {processor.py:183} INFO - Processing /home/airflow/.local/lib/python3.12/site-packages/airflow/example_dags/tutorial_dag.py took 0.036 seconds
[2024-04-25T04:19:40.571+0000] {processor.py:161} INFO - Started process (PID=15000) to work on /home/airflow/.local/lib/python3.12/site-packages/airflow/example_dags/tutorial_dag.py
[2024-04-25T04:19:40.572+0000] {processor.py:830} INFO - Processing file /home/airflow/.local/lib/python3.12/site-packages/airflow/example_dags/tutorial_dag.py for tasks to queue
[2024-04-25T04:19:40.573+0000] {logging_mixin.py:188} INFO - [2024-04-25T04:19:40.573+0000] {dagbag.py:540} INFO - Filling up the DagBag from /home/airflow/.local/lib/python3.12/site-packages/airflow/example_dags/tutorial_dag.py
[2024-04-25T04:19:40.577+0000] {processor.py:840} INFO - DAG(s) 'tutorial_dag' retrieved from /home/airflow/.local/lib/python3.12/site-packages/airflow/example_dags/tutorial_dag.py
[2024-04-25T04:19:40.587+0000] {logging_mixin.py:188} INFO - [2024-04-25T04:19:40.587+0000] {dag.py:3096} INFO - Sync 1 DAGs
[2024-04-25T04:19:40.593+0000] {logging_mixin.py:188} INFO - [2024-04-25T04:19:40.593+0000] {dag.py:3954} INFO - Setting next_dagrun for tutorial_dag to None, run_after=None
[2024-04-25T04:19:40.606+0000] {processor.py:183} INFO - Processing /home/airflow/.local/lib/python3.12/site-packages/airflow/example_dags/tutorial_dag.py took 0.038 seconds
[2024-04-25T04:20:10.691+0000] {processor.py:161} INFO - Started process (PID=15261) to work on /home/airflow/.local/lib/python3.12/site-packages/airflow/example_dags/tutorial_dag.py
[2024-04-25T04:20:10.692+0000] {processor.py:830} INFO - Processing file /home/airflow/.local/lib/python3.12/site-packages/airflow/example_dags/tutorial_dag.py for tasks to queue
[2024-04-25T04:20:10.693+0000] {logging_mixin.py:188} INFO - [2024-04-25T04:20:10.693+0000] {dagbag.py:540} INFO - Filling up the DagBag from /home/airflow/.local/lib/python3.12/site-packages/airflow/example_dags/tutorial_dag.py
[2024-04-25T04:20:10.696+0000] {processor.py:840} INFO - DAG(s) 'tutorial_dag' retrieved from /home/airflow/.local/lib/python3.12/site-packages/airflow/example_dags/tutorial_dag.py
[2024-04-25T04:20:10.706+0000] {logging_mixin.py:188} INFO - [2024-04-25T04:20:10.706+0000] {dag.py:3096} INFO - Sync 1 DAGs
[2024-04-25T04:20:10.712+0000] {logging_mixin.py:188} INFO - [2024-04-25T04:20:10.712+0000] {dag.py:3954} INFO - Setting next_dagrun for tutorial_dag to None, run_after=None
[2024-04-25T04:20:10.721+0000] {processor.py:183} INFO - Processing /home/airflow/.local/lib/python3.12/site-packages/airflow/example_dags/tutorial_dag.py took 0.033 seconds
[2024-04-25T04:20:40.859+0000] {processor.py:161} INFO - Started process (PID=15522) to work on /home/airflow/.local/lib/python3.12/site-packages/airflow/example_dags/tutorial_dag.py
[2024-04-25T04:20:40.859+0000] {processor.py:830} INFO - Processing file /home/airflow/.local/lib/python3.12/site-packages/airflow/example_dags/tutorial_dag.py for tasks to queue
[2024-04-25T04:20:40.860+0000] {logging_mixin.py:188} INFO - [2024-04-25T04:20:40.860+0000] {dagbag.py:540} INFO - Filling up the DagBag from /home/airflow/.local/lib/python3.12/site-packages/airflow/example_dags/tutorial_dag.py
[2024-04-25T04:20:40.863+0000] {processor.py:840} INFO - DAG(s) 'tutorial_dag' retrieved from /home/airflow/.local/lib/python3.12/site-packages/airflow/example_dags/tutorial_dag.py
[2024-04-25T04:20:40.872+0000] {logging_mixin.py:188} INFO - [2024-04-25T04:20:40.872+0000] {dag.py:3096} INFO - Sync 1 DAGs
[2024-04-25T04:20:40.878+0000] {logging_mixin.py:188} INFO - [2024-04-25T04:20:40.877+0000] {dag.py:3954} INFO - Setting next_dagrun for tutorial_dag to None, run_after=None
[2024-04-25T04:20:40.886+0000] {processor.py:183} INFO - Processing /home/airflow/.local/lib/python3.12/site-packages/airflow/example_dags/tutorial_dag.py took 0.030 seconds
[2024-04-25T04:21:11.009+0000] {processor.py:161} INFO - Started process (PID=15784) to work on /home/airflow/.local/lib/python3.12/site-packages/airflow/example_dags/tutorial_dag.py
[2024-04-25T04:21:11.010+0000] {processor.py:830} INFO - Processing file /home/airflow/.local/lib/python3.12/site-packages/airflow/example_dags/tutorial_dag.py for tasks to queue
[2024-04-25T04:21:11.012+0000] {logging_mixin.py:188} INFO - [2024-04-25T04:21:11.012+0000] {dagbag.py:540} INFO - Filling up the DagBag from /home/airflow/.local/lib/python3.12/site-packages/airflow/example_dags/tutorial_dag.py
[2024-04-25T04:21:11.015+0000] {processor.py:840} INFO - DAG(s) 'tutorial_dag' retrieved from /home/airflow/.local/lib/python3.12/site-packages/airflow/example_dags/tutorial_dag.py
[2024-04-25T04:21:11.026+0000] {logging_mixin.py:188} INFO - [2024-04-25T04:21:11.026+0000] {dag.py:3096} INFO - Sync 1 DAGs
[2024-04-25T04:21:11.032+0000] {logging_mixin.py:188} INFO - [2024-04-25T04:21:11.032+0000] {dag.py:3954} INFO - Setting next_dagrun for tutorial_dag to None, run_after=None
[2024-04-25T04:21:11.042+0000] {processor.py:183} INFO - Processing /home/airflow/.local/lib/python3.12/site-packages/airflow/example_dags/tutorial_dag.py took 0.036 seconds
[2024-04-25T04:21:41.172+0000] {processor.py:161} INFO - Started process (PID=16048) to work on /home/airflow/.local/lib/python3.12/site-packages/airflow/example_dags/tutorial_dag.py
[2024-04-25T04:21:41.173+0000] {processor.py:830} INFO - Processing file /home/airflow/.local/lib/python3.12/site-packages/airflow/example_dags/tutorial_dag.py for tasks to queue
[2024-04-25T04:21:41.174+0000] {logging_mixin.py:188} INFO - [2024-04-25T04:21:41.174+0000] {dagbag.py:540} INFO - Filling up the DagBag from /home/airflow/.local/lib/python3.12/site-packages/airflow/example_dags/tutorial_dag.py
[2024-04-25T04:21:41.177+0000] {processor.py:840} INFO - DAG(s) 'tutorial_dag' retrieved from /home/airflow/.local/lib/python3.12/site-packages/airflow/example_dags/tutorial_dag.py
[2024-04-25T04:21:41.188+0000] {logging_mixin.py:188} INFO - [2024-04-25T04:21:41.188+0000] {dag.py:3096} INFO - Sync 1 DAGs
[2024-04-25T04:21:41.194+0000] {logging_mixin.py:188} INFO - [2024-04-25T04:21:41.194+0000] {dag.py:3954} INFO - Setting next_dagrun for tutorial_dag to None, run_after=None
[2024-04-25T04:21:41.203+0000] {processor.py:183} INFO - Processing /home/airflow/.local/lib/python3.12/site-packages/airflow/example_dags/tutorial_dag.py took 0.034 seconds
[2024-04-25T04:22:11.391+0000] {processor.py:161} INFO - Started process (PID=16309) to work on /home/airflow/.local/lib/python3.12/site-packages/airflow/example_dags/tutorial_dag.py
[2024-04-25T04:22:11.392+0000] {processor.py:830} INFO - Processing file /home/airflow/.local/lib/python3.12/site-packages/airflow/example_dags/tutorial_dag.py for tasks to queue
[2024-04-25T04:22:11.393+0000] {logging_mixin.py:188} INFO - [2024-04-25T04:22:11.393+0000] {dagbag.py:540} INFO - Filling up the DagBag from /home/airflow/.local/lib/python3.12/site-packages/airflow/example_dags/tutorial_dag.py
[2024-04-25T04:22:11.396+0000] {processor.py:840} INFO - DAG(s) 'tutorial_dag' retrieved from /home/airflow/.local/lib/python3.12/site-packages/airflow/example_dags/tutorial_dag.py
[2024-04-25T04:22:11.406+0000] {logging_mixin.py:188} INFO - [2024-04-25T04:22:11.406+0000] {dag.py:3096} INFO - Sync 1 DAGs
[2024-04-25T04:22:11.412+0000] {logging_mixin.py:188} INFO - [2024-04-25T04:22:11.412+0000] {dag.py:3954} INFO - Setting next_dagrun for tutorial_dag to None, run_after=None
[2024-04-25T04:22:11.421+0000] {processor.py:183} INFO - Processing /home/airflow/.local/lib/python3.12/site-packages/airflow/example_dags/tutorial_dag.py took 0.033 seconds
[2024-04-25T04:22:41.490+0000] {processor.py:161} INFO - Started process (PID=16569) to work on /home/airflow/.local/lib/python3.12/site-packages/airflow/example_dags/tutorial_dag.py
[2024-04-25T04:22:41.491+0000] {processor.py:830} INFO - Processing file /home/airflow/.local/lib/python3.12/site-packages/airflow/example_dags/tutorial_dag.py for tasks to queue
[2024-04-25T04:22:41.492+0000] {logging_mixin.py:188} INFO - [2024-04-25T04:22:41.492+0000] {dagbag.py:540} INFO - Filling up the DagBag from /home/airflow/.local/lib/python3.12/site-packages/airflow/example_dags/tutorial_dag.py
[2024-04-25T04:22:41.495+0000] {processor.py:840} INFO - DAG(s) 'tutorial_dag' retrieved from /home/airflow/.local/lib/python3.12/site-packages/airflow/example_dags/tutorial_dag.py
[2024-04-25T04:22:41.505+0000] {logging_mixin.py:188} INFO - [2024-04-25T04:22:41.505+0000] {dag.py:3096} INFO - Sync 1 DAGs
[2024-04-25T04:22:41.511+0000] {logging_mixin.py:188} INFO - [2024-04-25T04:22:41.511+0000] {dag.py:3954} INFO - Setting next_dagrun for tutorial_dag to None, run_after=None
[2024-04-25T04:22:41.521+0000] {processor.py:183} INFO - Processing /home/airflow/.local/lib/python3.12/site-packages/airflow/example_dags/tutorial_dag.py took 0.035 seconds
[2024-04-25T04:23:11.640+0000] {processor.py:161} INFO - Started process (PID=16831) to work on /home/airflow/.local/lib/python3.12/site-packages/airflow/example_dags/tutorial_dag.py
[2024-04-25T04:23:11.640+0000] {processor.py:830} INFO - Processing file /home/airflow/.local/lib/python3.12/site-packages/airflow/example_dags/tutorial_dag.py for tasks to queue
[2024-04-25T04:23:11.641+0000] {logging_mixin.py:188} INFO - [2024-04-25T04:23:11.641+0000] {dagbag.py:540} INFO - Filling up the DagBag from /home/airflow/.local/lib/python3.12/site-packages/airflow/example_dags/tutorial_dag.py
[2024-04-25T04:23:11.644+0000] {processor.py:840} INFO - DAG(s) 'tutorial_dag' retrieved from /home/airflow/.local/lib/python3.12/site-packages/airflow/example_dags/tutorial_dag.py
[2024-04-25T04:23:11.654+0000] {logging_mixin.py:188} INFO - [2024-04-25T04:23:11.654+0000] {dag.py:3096} INFO - Sync 1 DAGs
[2024-04-25T04:23:11.661+0000] {logging_mixin.py:188} INFO - [2024-04-25T04:23:11.660+0000] {dag.py:3954} INFO - Setting next_dagrun for tutorial_dag to None, run_after=None
[2024-04-25T04:23:11.683+0000] {processor.py:183} INFO - Processing /home/airflow/.local/lib/python3.12/site-packages/airflow/example_dags/tutorial_dag.py took 0.047 seconds
[2024-04-25T04:23:41.885+0000] {processor.py:161} INFO - Started process (PID=17095) to work on /home/airflow/.local/lib/python3.12/site-packages/airflow/example_dags/tutorial_dag.py
[2024-04-25T04:23:41.886+0000] {processor.py:830} INFO - Processing file /home/airflow/.local/lib/python3.12/site-packages/airflow/example_dags/tutorial_dag.py for tasks to queue
[2024-04-25T04:23:41.887+0000] {logging_mixin.py:188} INFO - [2024-04-25T04:23:41.887+0000] {dagbag.py:540} INFO - Filling up the DagBag from /home/airflow/.local/lib/python3.12/site-packages/airflow/example_dags/tutorial_dag.py
[2024-04-25T04:23:41.890+0000] {processor.py:840} INFO - DAG(s) 'tutorial_dag' retrieved from /home/airflow/.local/lib/python3.12/site-packages/airflow/example_dags/tutorial_dag.py
[2024-04-25T04:23:41.901+0000] {logging_mixin.py:188} INFO - [2024-04-25T04:23:41.901+0000] {dag.py:3096} INFO - Sync 1 DAGs
[2024-04-25T04:23:41.907+0000] {logging_mixin.py:188} INFO - [2024-04-25T04:23:41.907+0000] {dag.py:3954} INFO - Setting next_dagrun for tutorial_dag to None, run_after=None
[2024-04-25T04:23:41.916+0000] {processor.py:183} INFO - Processing /home/airflow/.local/lib/python3.12/site-packages/airflow/example_dags/tutorial_dag.py took 0.034 seconds
[2024-04-25T04:24:12.198+0000] {processor.py:161} INFO - Started process (PID=17357) to work on /home/airflow/.local/lib/python3.12/site-packages/airflow/example_dags/tutorial_dag.py
[2024-04-25T04:24:12.199+0000] {processor.py:830} INFO - Processing file /home/airflow/.local/lib/python3.12/site-packages/airflow/example_dags/tutorial_dag.py for tasks to queue
[2024-04-25T04:24:12.200+0000] {logging_mixin.py:188} INFO - [2024-04-25T04:24:12.200+0000] {dagbag.py:540} INFO - Filling up the DagBag from /home/airflow/.local/lib/python3.12/site-packages/airflow/example_dags/tutorial_dag.py
[2024-04-25T04:24:12.203+0000] {processor.py:840} INFO - DAG(s) 'tutorial_dag' retrieved from /home/airflow/.local/lib/python3.12/site-packages/airflow/example_dags/tutorial_dag.py
[2024-04-25T04:24:12.215+0000] {logging_mixin.py:188} INFO - [2024-04-25T04:24:12.214+0000] {dag.py:3096} INFO - Sync 1 DAGs
[2024-04-25T04:24:12.221+0000] {logging_mixin.py:188} INFO - [2024-04-25T04:24:12.221+0000] {dag.py:3954} INFO - Setting next_dagrun for tutorial_dag to None, run_after=None
[2024-04-25T04:24:12.230+0000] {processor.py:183} INFO - Processing /home/airflow/.local/lib/python3.12/site-packages/airflow/example_dags/tutorial_dag.py took 0.034 seconds
[2024-04-25T04:24:42.322+0000] {processor.py:161} INFO - Started process (PID=17617) to work on /home/airflow/.local/lib/python3.12/site-packages/airflow/example_dags/tutorial_dag.py
[2024-04-25T04:24:42.323+0000] {processor.py:830} INFO - Processing file /home/airflow/.local/lib/python3.12/site-packages/airflow/example_dags/tutorial_dag.py for tasks to queue
[2024-04-25T04:24:42.324+0000] {logging_mixin.py:188} INFO - [2024-04-25T04:24:42.324+0000] {dagbag.py:540} INFO - Filling up the DagBag from /home/airflow/.local/lib/python3.12/site-packages/airflow/example_dags/tutorial_dag.py
[2024-04-25T04:24:42.326+0000] {processor.py:840} INFO - DAG(s) 'tutorial_dag' retrieved from /home/airflow/.local/lib/python3.12/site-packages/airflow/example_dags/tutorial_dag.py
[2024-04-25T04:24:42.337+0000] {logging_mixin.py:188} INFO - [2024-04-25T04:24:42.337+0000] {dag.py:3096} INFO - Sync 1 DAGs
[2024-04-25T04:24:42.343+0000] {logging_mixin.py:188} INFO - [2024-04-25T04:24:42.343+0000] {dag.py:3954} INFO - Setting next_dagrun for tutorial_dag to None, run_after=None
[2024-04-25T04:24:42.353+0000] {processor.py:183} INFO - Processing /home/airflow/.local/lib/python3.12/site-packages/airflow/example_dags/tutorial_dag.py took 0.034 seconds
[2024-04-25T04:25:12.403+0000] {processor.py:161} INFO - Started process (PID=17879) to work on /home/airflow/.local/lib/python3.12/site-packages/airflow/example_dags/tutorial_dag.py
[2024-04-25T04:25:12.404+0000] {processor.py:830} INFO - Processing file /home/airflow/.local/lib/python3.12/site-packages/airflow/example_dags/tutorial_dag.py for tasks to queue
[2024-04-25T04:25:12.405+0000] {logging_mixin.py:188} INFO - [2024-04-25T04:25:12.405+0000] {dagbag.py:540} INFO - Filling up the DagBag from /home/airflow/.local/lib/python3.12/site-packages/airflow/example_dags/tutorial_dag.py
[2024-04-25T04:25:12.408+0000] {processor.py:840} INFO - DAG(s) 'tutorial_dag' retrieved from /home/airflow/.local/lib/python3.12/site-packages/airflow/example_dags/tutorial_dag.py
[2024-04-25T04:25:12.418+0000] {logging_mixin.py:188} INFO - [2024-04-25T04:25:12.418+0000] {dag.py:3096} INFO - Sync 1 DAGs
[2024-04-25T04:25:12.424+0000] {logging_mixin.py:188} INFO - [2024-04-25T04:25:12.424+0000] {dag.py:3954} INFO - Setting next_dagrun for tutorial_dag to None, run_after=None
[2024-04-25T04:25:12.433+0000] {processor.py:183} INFO - Processing /home/airflow/.local/lib/python3.12/site-packages/airflow/example_dags/tutorial_dag.py took 0.033 seconds
[2024-04-25T04:25:42.784+0000] {processor.py:161} INFO - Started process (PID=18143) to work on /home/airflow/.local/lib/python3.12/site-packages/airflow/example_dags/tutorial_dag.py
[2024-04-25T04:25:42.785+0000] {processor.py:830} INFO - Processing file /home/airflow/.local/lib/python3.12/site-packages/airflow/example_dags/tutorial_dag.py for tasks to queue
[2024-04-25T04:25:42.786+0000] {logging_mixin.py:188} INFO - [2024-04-25T04:25:42.786+0000] {dagbag.py:540} INFO - Filling up the DagBag from /home/airflow/.local/lib/python3.12/site-packages/airflow/example_dags/tutorial_dag.py
[2024-04-25T04:25:42.789+0000] {processor.py:840} INFO - DAG(s) 'tutorial_dag' retrieved from /home/airflow/.local/lib/python3.12/site-packages/airflow/example_dags/tutorial_dag.py
[2024-04-25T04:25:42.799+0000] {logging_mixin.py:188} INFO - [2024-04-25T04:25:42.799+0000] {dag.py:3096} INFO - Sync 1 DAGs
[2024-04-25T04:25:42.805+0000] {logging_mixin.py:188} INFO - [2024-04-25T04:25:42.805+0000] {dag.py:3954} INFO - Setting next_dagrun for tutorial_dag to None, run_after=None
[2024-04-25T04:25:42.814+0000] {processor.py:183} INFO - Processing /home/airflow/.local/lib/python3.12/site-packages/airflow/example_dags/tutorial_dag.py took 0.033 seconds
[2024-04-25T04:26:12.918+0000] {processor.py:161} INFO - Started process (PID=18403) to work on /home/airflow/.local/lib/python3.12/site-packages/airflow/example_dags/tutorial_dag.py
[2024-04-25T04:26:12.919+0000] {processor.py:830} INFO - Processing file /home/airflow/.local/lib/python3.12/site-packages/airflow/example_dags/tutorial_dag.py for tasks to queue
[2024-04-25T04:26:12.920+0000] {logging_mixin.py:188} INFO - [2024-04-25T04:26:12.920+0000] {dagbag.py:540} INFO - Filling up the DagBag from /home/airflow/.local/lib/python3.12/site-packages/airflow/example_dags/tutorial_dag.py
[2024-04-25T04:26:12.923+0000] {processor.py:840} INFO - DAG(s) 'tutorial_dag' retrieved from /home/airflow/.local/lib/python3.12/site-packages/airflow/example_dags/tutorial_dag.py
[2024-04-25T04:26:12.934+0000] {logging_mixin.py:188} INFO - [2024-04-25T04:26:12.934+0000] {dag.py:3096} INFO - Sync 1 DAGs
[2024-04-25T04:26:12.940+0000] {logging_mixin.py:188} INFO - [2024-04-25T04:26:12.940+0000] {dag.py:3954} INFO - Setting next_dagrun for tutorial_dag to None, run_after=None
[2024-04-25T04:26:12.949+0000] {processor.py:183} INFO - Processing /home/airflow/.local/lib/python3.12/site-packages/airflow/example_dags/tutorial_dag.py took 0.034 seconds
[2024-04-25T04:26:43.115+0000] {processor.py:161} INFO - Started process (PID=18665) to work on /home/airflow/.local/lib/python3.12/site-packages/airflow/example_dags/tutorial_dag.py
[2024-04-25T04:26:43.116+0000] {processor.py:830} INFO - Processing file /home/airflow/.local/lib/python3.12/site-packages/airflow/example_dags/tutorial_dag.py for tasks to queue
[2024-04-25T04:26:43.117+0000] {logging_mixin.py:188} INFO - [2024-04-25T04:26:43.117+0000] {dagbag.py:540} INFO - Filling up the DagBag from /home/airflow/.local/lib/python3.12/site-packages/airflow/example_dags/tutorial_dag.py
[2024-04-25T04:26:43.120+0000] {processor.py:840} INFO - DAG(s) 'tutorial_dag' retrieved from /home/airflow/.local/lib/python3.12/site-packages/airflow/example_dags/tutorial_dag.py
[2024-04-25T04:26:43.132+0000] {logging_mixin.py:188} INFO - [2024-04-25T04:26:43.132+0000] {dag.py:3096} INFO - Sync 1 DAGs
[2024-04-25T04:26:43.138+0000] {logging_mixin.py:188} INFO - [2024-04-25T04:26:43.138+0000] {dag.py:3954} INFO - Setting next_dagrun for tutorial_dag to None, run_after=None
[2024-04-25T04:26:43.148+0000] {processor.py:183} INFO - Processing /home/airflow/.local/lib/python3.12/site-packages/airflow/example_dags/tutorial_dag.py took 0.037 seconds
[2024-04-25T04:27:13.274+0000] {processor.py:161} INFO - Started process (PID=18927) to work on /home/airflow/.local/lib/python3.12/site-packages/airflow/example_dags/tutorial_dag.py
[2024-04-25T04:27:13.275+0000] {processor.py:830} INFO - Processing file /home/airflow/.local/lib/python3.12/site-packages/airflow/example_dags/tutorial_dag.py for tasks to queue
[2024-04-25T04:27:13.276+0000] {logging_mixin.py:188} INFO - [2024-04-25T04:27:13.276+0000] {dagbag.py:540} INFO - Filling up the DagBag from /home/airflow/.local/lib/python3.12/site-packages/airflow/example_dags/tutorial_dag.py
[2024-04-25T04:27:13.279+0000] {processor.py:840} INFO - DAG(s) 'tutorial_dag' retrieved from /home/airflow/.local/lib/python3.12/site-packages/airflow/example_dags/tutorial_dag.py
[2024-04-25T04:27:13.289+0000] {logging_mixin.py:188} INFO - [2024-04-25T04:27:13.289+0000] {dag.py:3096} INFO - Sync 1 DAGs
[2024-04-25T04:27:13.295+0000] {logging_mixin.py:188} INFO - [2024-04-25T04:27:13.295+0000] {dag.py:3954} INFO - Setting next_dagrun for tutorial_dag to None, run_after=None
[2024-04-25T04:27:13.304+0000] {processor.py:183} INFO - Processing /home/airflow/.local/lib/python3.12/site-packages/airflow/example_dags/tutorial_dag.py took 0.032 seconds
[2024-04-25T04:27:43.367+0000] {processor.py:161} INFO - Started process (PID=19189) to work on /home/airflow/.local/lib/python3.12/site-packages/airflow/example_dags/tutorial_dag.py
[2024-04-25T04:27:43.368+0000] {processor.py:830} INFO - Processing file /home/airflow/.local/lib/python3.12/site-packages/airflow/example_dags/tutorial_dag.py for tasks to queue
[2024-04-25T04:27:43.369+0000] {logging_mixin.py:188} INFO - [2024-04-25T04:27:43.369+0000] {dagbag.py:540} INFO - Filling up the DagBag from /home/airflow/.local/lib/python3.12/site-packages/airflow/example_dags/tutorial_dag.py
[2024-04-25T04:27:43.372+0000] {processor.py:840} INFO - DAG(s) 'tutorial_dag' retrieved from /home/airflow/.local/lib/python3.12/site-packages/airflow/example_dags/tutorial_dag.py
[2024-04-25T04:27:43.382+0000] {logging_mixin.py:188} INFO - [2024-04-25T04:27:43.382+0000] {dag.py:3096} INFO - Sync 1 DAGs
[2024-04-25T04:27:43.399+0000] {logging_mixin.py:188} INFO - [2024-04-25T04:27:43.399+0000] {dag.py:3954} INFO - Setting next_dagrun for tutorial_dag to None, run_after=None
[2024-04-25T04:27:43.408+0000] {processor.py:183} INFO - Processing /home/airflow/.local/lib/python3.12/site-packages/airflow/example_dags/tutorial_dag.py took 0.045 seconds
[2024-04-25T04:28:13.509+0000] {processor.py:161} INFO - Started process (PID=19450) to work on /home/airflow/.local/lib/python3.12/site-packages/airflow/example_dags/tutorial_dag.py
[2024-04-25T04:28:13.510+0000] {processor.py:830} INFO - Processing file /home/airflow/.local/lib/python3.12/site-packages/airflow/example_dags/tutorial_dag.py for tasks to queue
[2024-04-25T04:28:13.511+0000] {logging_mixin.py:188} INFO - [2024-04-25T04:28:13.511+0000] {dagbag.py:540} INFO - Filling up the DagBag from /home/airflow/.local/lib/python3.12/site-packages/airflow/example_dags/tutorial_dag.py
[2024-04-25T04:28:13.514+0000] {processor.py:840} INFO - DAG(s) 'tutorial_dag' retrieved from /home/airflow/.local/lib/python3.12/site-packages/airflow/example_dags/tutorial_dag.py
[2024-04-25T04:28:13.526+0000] {logging_mixin.py:188} INFO - [2024-04-25T04:28:13.525+0000] {dag.py:3096} INFO - Sync 1 DAGs
[2024-04-25T04:28:13.532+0000] {logging_mixin.py:188} INFO - [2024-04-25T04:28:13.532+0000] {dag.py:3954} INFO - Setting next_dagrun for tutorial_dag to None, run_after=None
[2024-04-25T04:28:13.541+0000] {processor.py:183} INFO - Processing /home/airflow/.local/lib/python3.12/site-packages/airflow/example_dags/tutorial_dag.py took 0.034 seconds
[2024-04-25T04:28:43.645+0000] {processor.py:161} INFO - Started process (PID=19712) to work on /home/airflow/.local/lib/python3.12/site-packages/airflow/example_dags/tutorial_dag.py
[2024-04-25T04:28:43.646+0000] {processor.py:830} INFO - Processing file /home/airflow/.local/lib/python3.12/site-packages/airflow/example_dags/tutorial_dag.py for tasks to queue
[2024-04-25T04:28:43.647+0000] {logging_mixin.py:188} INFO - [2024-04-25T04:28:43.646+0000] {dagbag.py:540} INFO - Filling up the DagBag from /home/airflow/.local/lib/python3.12/site-packages/airflow/example_dags/tutorial_dag.py
[2024-04-25T04:28:43.650+0000] {processor.py:840} INFO - DAG(s) 'tutorial_dag' retrieved from /home/airflow/.local/lib/python3.12/site-packages/airflow/example_dags/tutorial_dag.py
[2024-04-25T04:28:43.660+0000] {logging_mixin.py:188} INFO - [2024-04-25T04:28:43.660+0000] {dag.py:3096} INFO - Sync 1 DAGs
[2024-04-25T04:28:43.667+0000] {logging_mixin.py:188} INFO - [2024-04-25T04:28:43.667+0000] {dag.py:3954} INFO - Setting next_dagrun for tutorial_dag to None, run_after=None
[2024-04-25T04:28:43.676+0000] {processor.py:183} INFO - Processing /home/airflow/.local/lib/python3.12/site-packages/airflow/example_dags/tutorial_dag.py took 0.035 seconds
[2024-04-25T04:29:14.682+0000] {processor.py:161} INFO - Started process (PID=19974) to work on /home/airflow/.local/lib/python3.12/site-packages/airflow/example_dags/tutorial_dag.py
[2024-04-25T04:29:14.683+0000] {processor.py:830} INFO - Processing file /home/airflow/.local/lib/python3.12/site-packages/airflow/example_dags/tutorial_dag.py for tasks to queue
[2024-04-25T04:29:14.685+0000] {logging_mixin.py:188} INFO - [2024-04-25T04:29:14.684+0000] {dagbag.py:540} INFO - Filling up the DagBag from /home/airflow/.local/lib/python3.12/site-packages/airflow/example_dags/tutorial_dag.py
[2024-04-25T04:29:14.688+0000] {processor.py:840} INFO - DAG(s) 'tutorial_dag' retrieved from /home/airflow/.local/lib/python3.12/site-packages/airflow/example_dags/tutorial_dag.py
[2024-04-25T04:29:14.698+0000] {logging_mixin.py:188} INFO - [2024-04-25T04:29:14.698+0000] {dag.py:3096} INFO - Sync 1 DAGs
[2024-04-25T04:29:14.705+0000] {logging_mixin.py:188} INFO - [2024-04-25T04:29:14.705+0000] {dag.py:3954} INFO - Setting next_dagrun for tutorial_dag to None, run_after=None
[2024-04-25T04:29:14.714+0000] {processor.py:183} INFO - Processing /home/airflow/.local/lib/python3.12/site-packages/airflow/example_dags/tutorial_dag.py took 0.035 seconds
[2024-04-25T04:29:45.666+0000] {processor.py:161} INFO - Started process (PID=20238) to work on /home/airflow/.local/lib/python3.12/site-packages/airflow/example_dags/tutorial_dag.py
[2024-04-25T04:29:45.666+0000] {processor.py:830} INFO - Processing file /home/airflow/.local/lib/python3.12/site-packages/airflow/example_dags/tutorial_dag.py for tasks to queue
[2024-04-25T04:29:45.668+0000] {logging_mixin.py:188} INFO - [2024-04-25T04:29:45.667+0000] {dagbag.py:540} INFO - Filling up the DagBag from /home/airflow/.local/lib/python3.12/site-packages/airflow/example_dags/tutorial_dag.py
[2024-04-25T04:29:45.670+0000] {processor.py:840} INFO - DAG(s) 'tutorial_dag' retrieved from /home/airflow/.local/lib/python3.12/site-packages/airflow/example_dags/tutorial_dag.py
[2024-04-25T04:29:45.681+0000] {logging_mixin.py:188} INFO - [2024-04-25T04:29:45.681+0000] {dag.py:3096} INFO - Sync 1 DAGs
[2024-04-25T04:29:45.687+0000] {logging_mixin.py:188} INFO - [2024-04-25T04:29:45.687+0000] {dag.py:3954} INFO - Setting next_dagrun for tutorial_dag to None, run_after=None
[2024-04-25T04:29:45.694+0000] {processor.py:183} INFO - Processing /home/airflow/.local/lib/python3.12/site-packages/airflow/example_dags/tutorial_dag.py took 0.032 seconds
[2024-04-25T05:37:57.327+0000] {processor.py:161} INFO - Started process (PID=343) to work on /home/airflow/.local/lib/python3.12/site-packages/airflow/example_dags/tutorial_dag.py
[2024-04-25T05:37:57.329+0000] {processor.py:830} INFO - Processing file /home/airflow/.local/lib/python3.12/site-packages/airflow/example_dags/tutorial_dag.py for tasks to queue
[2024-04-25T05:37:57.330+0000] {logging_mixin.py:188} INFO - [2024-04-25T05:37:57.330+0000] {dagbag.py:540} INFO - Filling up the DagBag from /home/airflow/.local/lib/python3.12/site-packages/airflow/example_dags/tutorial_dag.py
[2024-04-25T05:37:57.334+0000] {processor.py:840} INFO - DAG(s) 'tutorial_dag' retrieved from /home/airflow/.local/lib/python3.12/site-packages/airflow/example_dags/tutorial_dag.py
[2024-04-25T05:37:57.343+0000] {logging_mixin.py:188} INFO - [2024-04-25T05:37:57.343+0000] {dag.py:3096} INFO - Sync 1 DAGs
[2024-04-25T05:37:57.351+0000] {logging_mixin.py:188} INFO - [2024-04-25T05:37:57.351+0000] {dag.py:3954} INFO - Setting next_dagrun for tutorial_dag to None, run_after=None
[2024-04-25T05:37:57.362+0000] {processor.py:183} INFO - Processing /home/airflow/.local/lib/python3.12/site-packages/airflow/example_dags/tutorial_dag.py took 0.038 seconds
[2024-04-25T05:38:28.719+0000] {processor.py:161} INFO - Started process (PID=615) to work on /home/airflow/.local/lib/python3.12/site-packages/airflow/example_dags/tutorial_dag.py
[2024-04-25T05:38:28.720+0000] {processor.py:830} INFO - Processing file /home/airflow/.local/lib/python3.12/site-packages/airflow/example_dags/tutorial_dag.py for tasks to queue
[2024-04-25T05:38:28.721+0000] {logging_mixin.py:188} INFO - [2024-04-25T05:38:28.721+0000] {dagbag.py:540} INFO - Filling up the DagBag from /home/airflow/.local/lib/python3.12/site-packages/airflow/example_dags/tutorial_dag.py
[2024-04-25T05:38:28.724+0000] {processor.py:840} INFO - DAG(s) 'tutorial_dag' retrieved from /home/airflow/.local/lib/python3.12/site-packages/airflow/example_dags/tutorial_dag.py
[2024-04-25T05:38:28.774+0000] {logging_mixin.py:188} INFO - [2024-04-25T05:38:28.774+0000] {dag.py:3096} INFO - Sync 1 DAGs
[2024-04-25T05:38:28.779+0000] {logging_mixin.py:188} INFO - [2024-04-25T05:38:28.779+0000] {dag.py:3954} INFO - Setting next_dagrun for tutorial_dag to None, run_after=None
[2024-04-25T05:38:28.788+0000] {processor.py:183} INFO - Processing /home/airflow/.local/lib/python3.12/site-packages/airflow/example_dags/tutorial_dag.py took 0.073 seconds
[2024-04-25T05:38:58.909+0000] {processor.py:161} INFO - Started process (PID=889) to work on /home/airflow/.local/lib/python3.12/site-packages/airflow/example_dags/tutorial_dag.py
[2024-04-25T05:38:58.910+0000] {processor.py:830} INFO - Processing file /home/airflow/.local/lib/python3.12/site-packages/airflow/example_dags/tutorial_dag.py for tasks to queue
[2024-04-25T05:38:58.911+0000] {logging_mixin.py:188} INFO - [2024-04-25T05:38:58.911+0000] {dagbag.py:540} INFO - Filling up the DagBag from /home/airflow/.local/lib/python3.12/site-packages/airflow/example_dags/tutorial_dag.py
[2024-04-25T05:38:58.914+0000] {processor.py:840} INFO - DAG(s) 'tutorial_dag' retrieved from /home/airflow/.local/lib/python3.12/site-packages/airflow/example_dags/tutorial_dag.py
[2024-04-25T05:38:58.926+0000] {logging_mixin.py:188} INFO - [2024-04-25T05:38:58.925+0000] {dag.py:3096} INFO - Sync 1 DAGs
[2024-04-25T05:38:58.932+0000] {logging_mixin.py:188} INFO - [2024-04-25T05:38:58.932+0000] {dag.py:3954} INFO - Setting next_dagrun for tutorial_dag to None, run_after=None
[2024-04-25T05:38:58.942+0000] {processor.py:183} INFO - Processing /home/airflow/.local/lib/python3.12/site-packages/airflow/example_dags/tutorial_dag.py took 0.036 seconds
