[2024-04-25T06:21:08.812+0000] {local_task_job_runner.py:120} INFO - ::group::Pre task execution logs
[2024-04-25T06:21:08.822+0000] {taskinstance.py:2073} INFO - Dependencies all met for dep_context=non-requeueable deps ti=<TaskInstance: dag_with_minio_s3_v02.sensor_minio_s3 scheduled__2022-10-30T00:00:00+00:00 [queued]>
[2024-04-25T06:21:08.826+0000] {taskinstance.py:2073} INFO - Dependencies all met for dep_context=requeueable deps ti=<TaskInstance: dag_with_minio_s3_v02.sensor_minio_s3 scheduled__2022-10-30T00:00:00+00:00 [queued]>
[2024-04-25T06:21:08.827+0000] {taskinstance.py:2303} INFO - Starting attempt 1 of 6
[2024-04-25T06:21:08.836+0000] {taskinstance.py:2327} INFO - Executing <Task(S3KeySensor): sensor_minio_s3> on 2022-10-30 00:00:00+00:00
[2024-04-25T06:21:08.843+0000] {logging_mixin.py:188} WARNING - /home/***/.local/lib/python3.12/site-packages/***/task/task_runner/standard_task_runner.py:61 DeprecationWarning: This process (pid=12240) is multi-threaded, use of fork() may lead to deadlocks in the child.
[2024-04-25T06:21:08.843+0000] {standard_task_runner.py:90} INFO - Running: ['***', 'tasks', 'run', 'dag_with_minio_s3_v02', 'sensor_minio_s3', 'scheduled__2022-10-30T00:00:00+00:00', '--job-id', '2138', '--raw', '--subdir', 'DAGS_FOLDER/dag_with_minio_s3.py', '--cfg-path', '/tmp/tmp5m58z0u5']
[2024-04-25T06:21:08.854+0000] {standard_task_runner.py:91} INFO - Job 2138: Subtask sensor_minio_s3
[2024-04-25T06:21:08.852+0000] {standard_task_runner.py:63} INFO - Started process 12247 to run task
[2024-04-25T06:21:08.900+0000] {task_command.py:426} INFO - Running <TaskInstance: dag_with_minio_s3_v02.sensor_minio_s3 scheduled__2022-10-30T00:00:00+00:00 [running]> on host a55babecb56c
[2024-04-25T06:21:09.008+0000] {taskinstance.py:2644} INFO - Exporting env vars: AIRFLOW_CTX_DAG_OWNER='coder2j' AIRFLOW_CTX_DAG_ID='dag_with_minio_s3_v02' AIRFLOW_CTX_TASK_ID='sensor_minio_s3' AIRFLOW_CTX_EXECUTION_DATE='2022-10-30T00:00:00+00:00' AIRFLOW_CTX_TRY_NUMBER='1' AIRFLOW_CTX_DAG_RUN_ID='scheduled__2022-10-30T00:00:00+00:00'
[2024-04-25T06:21:09.015+0000] {taskinstance.py:430} INFO - ::endgroup::
[2024-04-25T06:21:09.033+0000] {baseoperator.py:399} WARNING - S3KeySensor.execute cannot be called outside TaskInstance!
[2024-04-25T06:21:09.035+0000] {s3.py:110} INFO - Poking for key : s3://***/data.csv
[2024-04-25T06:21:09.048+0000] {base.py:84} INFO - Using connection ID 'minio_conn' for task execution.
[2024-04-25T06:21:09.050+0000] {connection_wrapper.py:387} INFO - AWS Connection (conn_id='minio_conn', conn_type='aws') credentials retrieved from extra.
[2024-04-25T06:21:09.057+0000] {logging_mixin.py:188} WARNING - <string>:9 AirflowProviderDeprecationWarning: extra['host'] is deprecated and will be removed in a future release. Please set extra['endpoint_url'] instead
[2024-04-25T06:21:09.246+0000] {base.py:294} INFO - Success criteria met. Exiting.
[2024-04-25T06:21:09.247+0000] {taskinstance.py:441} INFO - ::group::Post task execution logs
[2024-04-25T06:21:09.257+0000] {taskinstance.py:1205} INFO - Marking task as SUCCESS. dag_id=dag_with_minio_s3_v02, task_id=sensor_minio_s3, execution_date=20221030T000000, start_date=20240425T062108, end_date=20240425T062109
[2024-04-25T06:21:09.286+0000] {local_task_job_runner.py:240} INFO - Task exited with return code 0
[2024-04-25T06:21:09.306+0000] {taskinstance.py:3482} INFO - 0 downstream tasks scheduled from follow-on schedule check
[2024-04-25T06:21:09.317+0000] {local_task_job_runner.py:222} INFO - ::endgroup::
