[2024-04-25T08:28:18.338+0000] {local_task_job_runner.py:120} INFO - ::group::Pre task execution logs
[2024-04-25T08:28:18.347+0000] {taskinstance.py:2073} INFO - Dependencies all met for dep_context=non-requeueable deps ti=<TaskInstance: dag_with_postgres_hooks_v04.postgres_to_s3 scheduled__2022-07-04T00:00:00+00:00 [queued]>
[2024-04-25T08:28:18.351+0000] {taskinstance.py:2073} INFO - Dependencies all met for dep_context=requeueable deps ti=<TaskInstance: dag_with_postgres_hooks_v04.postgres_to_s3 scheduled__2022-07-04T00:00:00+00:00 [queued]>
[2024-04-25T08:28:18.352+0000] {taskinstance.py:2303} INFO - Starting attempt 1 of 6
[2024-04-25T08:28:18.357+0000] {taskinstance.py:2327} INFO - Executing <Task(PythonOperator): postgres_to_s3> on 2022-07-04 00:00:00+00:00
[2024-04-25T08:28:18.362+0000] {logging_mixin.py:188} WARNING - /home/***/.local/lib/python3.12/site-packages/***/task/task_runner/standard_task_runner.py:61 DeprecationWarning: This process (pid=7680) is multi-threaded, use of fork() may lead to deadlocks in the child.
[2024-04-25T08:28:18.363+0000] {standard_task_runner.py:63} INFO - Started process 7681 to run task
[2024-04-25T08:28:18.362+0000] {standard_task_runner.py:90} INFO - Running: ['***', 'tasks', 'run', 'dag_with_postgres_hooks_v04', 'postgres_to_s3', 'scheduled__2022-07-04T00:00:00+00:00', '--job-id', '5355', '--raw', '--subdir', 'DAGS_FOLDER/dag_with_postgres_hook.py', '--cfg-path', '/tmp/tmpz9dictb2']
[2024-04-25T08:28:18.364+0000] {standard_task_runner.py:91} INFO - Job 5355: Subtask postgres_to_s3
[2024-04-25T08:28:18.389+0000] {task_command.py:426} INFO - Running <TaskInstance: dag_with_postgres_hooks_v04.postgres_to_s3 scheduled__2022-07-04T00:00:00+00:00 [running]> on host 4d994982806b
[2024-04-25T08:28:18.429+0000] {taskinstance.py:2644} INFO - Exporting env vars: AIRFLOW_CTX_DAG_OWNER='coder2j' AIRFLOW_CTX_DAG_ID='dag_with_postgres_hooks_v04' AIRFLOW_CTX_TASK_ID='postgres_to_s3' AIRFLOW_CTX_EXECUTION_DATE='2022-07-04T00:00:00+00:00' AIRFLOW_CTX_TRY_NUMBER='1' AIRFLOW_CTX_DAG_RUN_ID='scheduled__2022-07-04T00:00:00+00:00'
[2024-04-25T08:28:18.430+0000] {taskinstance.py:430} INFO - ::endgroup::
[2024-04-25T08:28:18.437+0000] {logging_mixin.py:188} WARNING - /home/***/.local/lib/python3.12/site-packages/***/utils/context.py:212 AirflowContextDeprecationWarning: Accessing 'next_ds_nodash' from the template is deprecated and will be removed in a future version. Please use '{{ data_interval_end | ds_nodash }}' instead.
[2024-04-25T08:28:18.441+0000] {base.py:84} INFO - Using connection ID 'postgres_localhost' for task execution.
[2024-04-25T08:28:18.447+0000] {dag_with_postgres_hook.py:34} INFO - Saved orders data in text file: dags/get_orders_20220704.txt
[2024-04-25T08:28:18.452+0000] {base.py:84} INFO - Using connection ID 'minio_conn' for task execution.
[2024-04-25T08:28:18.454+0000] {connection_wrapper.py:387} INFO - AWS Connection (conn_id='minio_conn', conn_type='aws') credentials retrieved from extra.
[2024-04-25T08:28:18.454+0000] {logging_mixin.py:188} WARNING - <string>:9 AirflowProviderDeprecationWarning: extra['host'] is deprecated and will be removed in a future release. Please set extra['endpoint_url'] instead
[2024-04-25T08:28:18.633+0000] {dag_with_postgres_hook.py:43} INFO - Orders file /tmp/tmp8a1kfp0420220704 has been pushed to S3!
[2024-04-25T08:28:18.633+0000] {python.py:237} INFO - Done. Returned value was: None
[2024-04-25T08:28:18.634+0000] {taskinstance.py:441} INFO - ::group::Post task execution logs
[2024-04-25T08:28:18.638+0000] {taskinstance.py:1205} INFO - Marking task as SUCCESS. dag_id=dag_with_postgres_hooks_v04, task_id=postgres_to_s3, execution_date=20220704T000000, start_date=20240425T082818, end_date=20240425T082818
[2024-04-25T08:28:18.670+0000] {local_task_job_runner.py:240} INFO - Task exited with return code 0
[2024-04-25T08:28:18.680+0000] {taskinstance.py:3482} INFO - 0 downstream tasks scheduled from follow-on schedule check
[2024-04-25T08:28:18.681+0000] {local_task_job_runner.py:222} INFO - ::endgroup::
