[2024-05-16T08:16:02.780+0000] {local_task_job_runner.py:120} INFO - ::group::Pre task execution logs
[2024-05-16T08:16:02.794+0000] {taskinstance.py:2076} INFO - Dependencies all met for dep_context=non-requeueable deps ti=<TaskInstance: scrape_news.store_data scheduled__2024-05-16T08:14:00+00:00 [queued]>
[2024-05-16T08:16:02.798+0000] {taskinstance.py:2076} INFO - Dependencies all met for dep_context=requeueable deps ti=<TaskInstance: scrape_news.store_data scheduled__2024-05-16T08:14:00+00:00 [queued]>
[2024-05-16T08:16:02.798+0000] {taskinstance.py:2306} INFO - Starting attempt 1 of 1
[2024-05-16T08:16:02.805+0000] {taskinstance.py:2330} INFO - Executing <Task(PythonOperator): store_data> on 2024-05-16 08:14:00+00:00
[2024-05-16T08:16:02.808+0000] {logging_mixin.py:188} WARNING - /home/***/.local/lib/python3.12/site-packages/***/task/task_runner/standard_task_runner.py:61 DeprecationWarning: This process (pid=5902) is multi-threaded, use of fork() may lead to deadlocks in the child.
[2024-05-16T08:16:02.809+0000] {standard_task_runner.py:63} INFO - Started process 5903 to run task
[2024-05-16T08:16:02.808+0000] {standard_task_runner.py:90} INFO - Running: ['***', 'tasks', 'run', 'scrape_news', 'store_data', 'scheduled__2024-05-16T08:14:00+00:00', '--job-id', '7122', '--raw', '--subdir', 'DAGS_FOLDER/recipes.py', '--cfg-path', '/tmp/tmpdl8t9mvc']
[2024-05-16T08:16:02.810+0000] {standard_task_runner.py:91} INFO - Job 7122: Subtask store_data
[2024-05-16T08:16:02.833+0000] {task_command.py:426} INFO - Running <TaskInstance: scrape_news.store_data scheduled__2024-05-16T08:14:00+00:00 [running]> on host 7d15e5f9da25
[2024-05-16T08:16:02.875+0000] {taskinstance.py:2648} INFO - Exporting env vars: AIRFLOW_CTX_DAG_OWNER='***' AIRFLOW_CTX_DAG_ID='scrape_news' AIRFLOW_CTX_TASK_ID='store_data' AIRFLOW_CTX_EXECUTION_DATE='2024-05-16T08:14:00+00:00' AIRFLOW_CTX_TRY_NUMBER='1' AIRFLOW_CTX_DAG_RUN_ID='scheduled__2024-05-16T08:14:00+00:00'
[2024-05-16T08:16:02.876+0000] {taskinstance.py:430} INFO - ::endgroup::
[2024-05-16T08:16:02.891+0000] {base.py:84} INFO - Using connection ID 'postgres_localhost' for task execution.
[2024-05-16T08:16:02.896+0000] {logging_mixin.py:188} INFO - [['Speaker Moses Wetang\'ula Slams Azimio MPs Opposing Proposed Finance Bill 2024 :"...', 'https://www.tuko.co.ke/politics/548521-speaker-moses-wetangula-slams-azimio-mps-opposing-proposed-finance-bill-2024-wacheni-kulia/', '2024-05-16T11:10:03+03:00'], ['Esther Passaris Says She Admires Ruto Despite Being in Raila\'s Party: "I Love th...', 'https://www.tuko.co.ke/politics/548514-esther-passaris-admires-ruto-railas-party-i-love-president/', '2024-05-16T10:39:21+03:00'], ['Video of William Ruto Criticising Uhuru\'s Tax Policies Emerges: "They Don\'t Unde...', 'https://www.tuko.co.ke/politics/548499-video-william-ruto-criticising-uhurus-tax-policies-emerges-dont-understand-damage/', '2024-05-16T09:38:49+03:00'], ["Moses Kuria Declares He'll Attend Limuru III Despite Opposition by Kenya Kwanza...", 'https://www.tuko.co.ke/politics/548500-moses-kuria-declares-ll-attend-limuru-iii-opposition-by-kenya-kwanza-leaders/', '2024-05-16T08:53:59+03:00'], ['Edwin Sifuna Claims Ruto\'s Gov\'t is Overburdening Opposition: "They\'ve Depth of...', 'https://www.tuko.co.ke/politics/548464-edwin-sifuna-claims-rutos-govt-overburdening-opposition-work-ve-depth-hurting/', '2024-05-15T19:29:23+03:00'], ['Azimio la Umoja Threatens to Call for Demonstrations over Contentious Finance Bi...', 'https://www.tuko.co.ke/politics/548401-azimio-la-umoja-threatens-call-demonstrations-contentious-finance-bill-2024/', '2024-05-15T15:55:54+03:00']]
[2024-05-16T08:16:02.896+0000] {logging_mixin.py:188} INFO - Speaker Moses Wetang''ula Slams Azimio MPs Opposing Proposed Finance Bill 2024 :"... https://www.tuko.co.ke/politics/548521-speaker-moses-wetangula-slams-azimio-mps-opposing-proposed-finance-bill-2024-wacheni-kulia/
[2024-05-16T08:16:02.897+0000] {logging_mixin.py:188} INFO - Esther Passaris Says She Admires Ruto Despite Being in Raila''s Party: "I Love th... https://www.tuko.co.ke/politics/548514-esther-passaris-admires-ruto-railas-party-i-love-president/
[2024-05-16T08:16:02.898+0000] {logging_mixin.py:188} INFO - Video of William Ruto Criticising Uhuru''s Tax Policies Emerges: "They Don''t Unde... https://www.tuko.co.ke/politics/548499-video-william-ruto-criticising-uhurus-tax-policies-emerges-dont-understand-damage/
[2024-05-16T08:16:02.898+0000] {logging_mixin.py:188} INFO - Moses Kuria Declares He''ll Attend Limuru III Despite Opposition by Kenya Kwanza... https://www.tuko.co.ke/politics/548500-moses-kuria-declares-ll-attend-limuru-iii-opposition-by-kenya-kwanza-leaders/
[2024-05-16T08:16:02.899+0000] {logging_mixin.py:188} INFO - Edwin Sifuna Claims Ruto''s Gov''t is Overburdening Opposition: "They''ve Depth of... https://www.tuko.co.ke/politics/548464-edwin-sifuna-claims-rutos-govt-overburdening-opposition-work-ve-depth-hurting/
[2024-05-16T08:16:02.900+0000] {logging_mixin.py:188} INFO - Azimio la Umoja Threatens to Call for Demonstrations over Contentious Finance Bi... https://www.tuko.co.ke/politics/548401-azimio-la-umoja-threatens-call-demonstrations-contentious-finance-bill-2024/
[2024-05-16T08:16:02.901+0000] {python.py:237} INFO - Done. Returned value was: True
[2024-05-16T08:16:02.903+0000] {taskinstance.py:441} INFO - ::group::Post task execution logs
[2024-05-16T08:16:02.913+0000] {taskinstance.py:1206} INFO - Marking task as SUCCESS. dag_id=scrape_news, task_id=store_data, run_id=scheduled__2024-05-16T08:14:00+00:00, execution_date=20240516T081400, start_date=20240516T081602, end_date=20240516T081602
[2024-05-16T08:16:02.952+0000] {local_task_job_runner.py:240} INFO - Task exited with return code 0
[2024-05-16T08:16:02.961+0000] {taskinstance.py:3498} INFO - 0 downstream tasks scheduled from follow-on schedule check
[2024-05-16T08:16:02.962+0000] {local_task_job_runner.py:222} INFO - ::endgroup::
