[2024-04-25T07:54:25.330+0000] {local_task_job_runner.py:120} INFO - ::group::Pre task execution logs
[2024-04-25T07:54:25.374+0000] {taskinstance.py:2073} INFO - Dependencies all met for dep_context=non-requeueable deps ti=<TaskInstance: dag_with_postgres_operator_v01.insert_into_table scheduled__2022-01-19T00:00:00+00:00 [queued]>
[2024-04-25T07:54:25.394+0000] {taskinstance.py:2073} INFO - Dependencies all met for dep_context=requeueable deps ti=<TaskInstance: dag_with_postgres_operator_v01.insert_into_table scheduled__2022-01-19T00:00:00+00:00 [queued]>
[2024-04-25T07:54:25.424+0000] {taskinstance.py:2303} INFO - Starting attempt 1 of 6
[2024-04-25T07:54:25.457+0000] {taskinstance.py:2327} INFO - Executing <Task(PostgresOperator): insert_into_table> on 2022-01-19 00:00:00+00:00
[2024-04-25T07:54:25.479+0000] {logging_mixin.py:188} WARNING - /home/***/.local/lib/python3.12/site-packages/***/task/task_runner/standard_task_runner.py:61 DeprecationWarning: This process (pid=878) is multi-threaded, use of fork() may lead to deadlocks in the child.
[2024-04-25T07:54:25.487+0000] {standard_task_runner.py:63} INFO - Started process 891 to run task
[2024-04-25T07:54:25.481+0000] {standard_task_runner.py:90} INFO - Running: ['***', 'tasks', 'run', 'dag_with_postgres_operator_v01', 'insert_into_table', 'scheduled__2022-01-19T00:00:00+00:00', '--job-id', '2805', '--raw', '--subdir', 'DAGS_FOLDER/dag_with_postgres_operator.py', '--cfg-path', '/tmp/tmpjiw5x7il']
[2024-04-25T07:54:25.495+0000] {standard_task_runner.py:91} INFO - Job 2805: Subtask insert_into_table
[2024-04-25T07:54:25.576+0000] {task_command.py:426} INFO - Running <TaskInstance: dag_with_postgres_operator_v01.insert_into_table scheduled__2022-01-19T00:00:00+00:00 [running]> on host 4d994982806b
[2024-04-25T07:54:25.676+0000] {taskinstance.py:2644} INFO - Exporting env vars: AIRFLOW_CTX_DAG_OWNER='coder2j' AIRFLOW_CTX_DAG_ID='dag_with_postgres_operator_v01' AIRFLOW_CTX_TASK_ID='insert_into_table' AIRFLOW_CTX_EXECUTION_DATE='2022-01-19T00:00:00+00:00' AIRFLOW_CTX_TRY_NUMBER='1' AIRFLOW_CTX_DAG_RUN_ID='scheduled__2022-01-19T00:00:00+00:00'
[2024-04-25T07:54:25.680+0000] {taskinstance.py:430} INFO - ::endgroup::
[2024-04-25T07:54:25.705+0000] {sql.py:276} INFO - Executing: 
            insert into dag_runs (dt, dag_id) values ('2022-01-19', 'dag_with_postgres_operator_v01')
        
[2024-04-25T07:54:25.716+0000] {base.py:84} INFO - Using connection ID 'postgres_localhost' for task execution.
[2024-04-25T07:54:25.728+0000] {base.py:84} INFO - Using connection ID 'postgres_localhost' for task execution.
[2024-04-25T07:54:25.752+0000] {sql.py:457} INFO - Running statement: 
            insert into dag_runs (dt, dag_id) values ('2022-01-19', 'dag_with_postgres_operator_v01')
        , parameters: None
[2024-04-25T07:54:25.758+0000] {sql.py:466} INFO - Rows affected: 1
[2024-04-25T07:54:25.761+0000] {logging_mixin.py:188} WARNING - /home/***/.local/lib/python3.12/site-packages/***/providers/common/sql/hooks/sql.py:407 AirflowProviderDeprecationWarning: Call to deprecated method _make_common_data_structure. (The `_make_serializable` method is deprecated and support will be removed in a future version of the common.sql provider. Please update the DbApiHook's provider to a version based on common.sql >= 1.9.1.)
[2024-04-25T07:54:25.772+0000] {taskinstance.py:441} INFO - ::group::Post task execution logs
[2024-04-25T07:54:25.780+0000] {taskinstance.py:1205} INFO - Marking task as SUCCESS. dag_id=dag_with_postgres_operator_v01, task_id=insert_into_table, execution_date=20220119T000000, start_date=20240425T075425, end_date=20240425T075425
[2024-04-25T07:54:25.837+0000] {local_task_job_runner.py:240} INFO - Task exited with return code 0
[2024-04-25T07:54:25.853+0000] {taskinstance.py:3482} INFO - 0 downstream tasks scheduled from follow-on schedule check
[2024-04-25T07:54:25.859+0000] {local_task_job_runner.py:222} INFO - ::endgroup::
