[2024-05-15T10:52:46.907+0000] {local_task_job_runner.py:120} INFO - ::group::Pre task execution logs
[2024-05-15T10:52:46.925+0000] {taskinstance.py:2076} INFO - Dependencies all met for dep_context=non-requeueable deps ti=<TaskInstance: parsing_recipes.send_email scheduled__2024-05-15T10:50:00+00:00 [queued]>
[2024-05-15T10:52:46.930+0000] {taskinstance.py:2076} INFO - Dependencies all met for dep_context=requeueable deps ti=<TaskInstance: parsing_recipes.send_email scheduled__2024-05-15T10:50:00+00:00 [queued]>
[2024-05-15T10:52:46.931+0000] {taskinstance.py:2306} INFO - Starting attempt 1 of 1
[2024-05-15T10:52:46.939+0000] {taskinstance.py:2330} INFO - Executing <Task(EmailOperator): send_email> on 2024-05-15 10:50:00+00:00
[2024-05-15T10:52:46.944+0000] {logging_mixin.py:188} WARNING - /home/***/.local/lib/python3.12/site-packages/***/task/task_runner/standard_task_runner.py:61 DeprecationWarning: This process (pid=651) is multi-threaded, use of fork() may lead to deadlocks in the child.
[2024-05-15T10:52:46.943+0000] {standard_task_runner.py:90} INFO - Running: ['***', 'tasks', 'run', 'parsing_recipes', 'send_email', 'scheduled__2024-05-15T10:50:00+00:00', '--job-id', '5964', '--raw', '--subdir', 'DAGS_FOLDER/recipes.py', '--cfg-path', '/tmp/tmpauc0n8zc']
[2024-05-15T10:52:46.945+0000] {standard_task_runner.py:63} INFO - Started process 652 to run task
[2024-05-15T10:52:46.945+0000] {standard_task_runner.py:91} INFO - Job 5964: Subtask send_email
[2024-05-15T10:52:46.974+0000] {task_command.py:426} INFO - Running <TaskInstance: parsing_recipes.send_email scheduled__2024-05-15T10:50:00+00:00 [running]> on host d0ca377f4b6d
[2024-05-15T10:52:47.017+0000] {taskinstance.py:2648} INFO - Exporting env vars: AIRFLOW_CTX_DAG_OWNER='***' AIRFLOW_CTX_DAG_ID='parsing_recipes' AIRFLOW_CTX_TASK_ID='send_email' AIRFLOW_CTX_EXECUTION_DATE='2024-05-15T10:50:00+00:00' AIRFLOW_CTX_TRY_NUMBER='1' AIRFLOW_CTX_DAG_RUN_ID='scheduled__2024-05-15T10:50:00+00:00'
[2024-05-15T10:52:47.018+0000] {taskinstance.py:430} INFO - ::endgroup::
[2024-05-15T10:52:47.033+0000] {logging_mixin.py:188} WARNING - /home/***/.local/lib/python3.12/site-packages/***/utils/email.py:154 RemovedInAirflow3Warning: Fetching SMTP credentials from configuration variables will be deprecated in a future release. Please set credentials using a connection instead.
[2024-05-15T10:52:47.034+0000] {configuration.py:1050} WARNING - section/key [smtp/smtp_user] not found in config
[2024-05-15T10:52:47.034+0000] {email.py:271} INFO - Email alerting: attempt 1
[2024-05-15T10:52:47.035+0000] {taskinstance.py:441} INFO - ::group::Post task execution logs
[2024-05-15T10:52:47.035+0000] {taskinstance.py:2905} ERROR - Task failed with exception
Traceback (most recent call last):
  File "/home/airflow/.local/lib/python3.12/site-packages/airflow/models/taskinstance.py", line 465, in _execute_task
    result = _execute_callable(context=context, **execute_callable_kwargs)
             ^^^^^^^^^^^^^^^^^^^^^^^^^^^^^^^^^^^^^^^^^^^^^^^^^^^^^^^^^^^^^
  File "/home/airflow/.local/lib/python3.12/site-packages/airflow/models/taskinstance.py", line 432, in _execute_callable
    return execute_callable(context=context, **execute_callable_kwargs)
           ^^^^^^^^^^^^^^^^^^^^^^^^^^^^^^^^^^^^^^^^^^^^^^^^^^^^^^^^^^^^
  File "/home/airflow/.local/lib/python3.12/site-packages/airflow/models/baseoperator.py", line 400, in wrapper
    return func(self, *args, **kwargs)
           ^^^^^^^^^^^^^^^^^^^^^^^^^^^
  File "/home/airflow/.local/lib/python3.12/site-packages/airflow/operators/email.py", line 79, in execute
    send_email(
  File "/home/airflow/.local/lib/python3.12/site-packages/airflow/utils/email.py", line 80, in send_email
    return backend(
           ^^^^^^^^
  File "/home/airflow/.local/lib/python3.12/site-packages/airflow/utils/email.py", line 154, in send_email_smtp
    send_mime_email(e_from=mail_from, e_to=recipients, mime_msg=msg, conn_id=conn_id, dryrun=dryrun)
  File "/home/airflow/.local/lib/python3.12/site-packages/airflow/utils/email.py", line 273, in send_mime_email
    smtp_conn = _get_smtp_connection(smtp_host, smtp_port, smtp_timeout, smtp_ssl)
                ^^^^^^^^^^^^^^^^^^^^^^^^^^^^^^^^^^^^^^^^^^^^^^^^^^^^^^^^^^^^^^^^^^
  File "/home/airflow/.local/lib/python3.12/site-packages/airflow/utils/email.py", line 317, in _get_smtp_connection
    return smtplib.SMTP(host=host, port=port, timeout=timeout)
           ^^^^^^^^^^^^^^^^^^^^^^^^^^^^^^^^^^^^^^^^^^^^^^^^^^^
  File "/usr/local/lib/python3.12/smtplib.py", line 255, in __init__
    (code, msg) = self.connect(host, port)
                  ^^^^^^^^^^^^^^^^^^^^^^^^
  File "/usr/local/lib/python3.12/smtplib.py", line 341, in connect
    self.sock = self._get_socket(host, port, self.timeout)
                ^^^^^^^^^^^^^^^^^^^^^^^^^^^^^^^^^^^^^^^^^^
  File "/usr/local/lib/python3.12/smtplib.py", line 312, in _get_socket
    return socket.create_connection((host, port), timeout,
           ^^^^^^^^^^^^^^^^^^^^^^^^^^^^^^^^^^^^^^^^^^^^^^^
  File "/usr/local/lib/python3.12/socket.py", line 852, in create_connection
    raise exceptions[0]
  File "/usr/local/lib/python3.12/socket.py", line 837, in create_connection
    sock.connect(sa)
ConnectionRefusedError: [Errno 111] Connection refused
[2024-05-15T10:52:47.041+0000] {taskinstance.py:1206} INFO - Marking task as FAILED. dag_id=parsing_recipes, task_id=send_email, run_id=scheduled__2024-05-15T10:50:00+00:00, execution_date=20240515T105000, start_date=20240515T105246, end_date=20240515T105247
[2024-05-15T10:52:47.046+0000] {standard_task_runner.py:110} ERROR - Failed to execute job 5964 for task send_email ([Errno 111] Connection refused; 652)
[2024-05-15T10:52:47.091+0000] {local_task_job_runner.py:240} INFO - Task exited with return code 1
[2024-05-15T10:52:47.101+0000] {taskinstance.py:3498} INFO - 0 downstream tasks scheduled from follow-on schedule check
[2024-05-15T10:52:47.102+0000] {local_task_job_runner.py:222} INFO - ::endgroup::
