[2024-05-15T11:44:24.043+0000] {local_task_job_runner.py:120} INFO - ::group::Pre task execution logs
[2024-05-15T11:44:24.056+0000] {taskinstance.py:2076} INFO - Dependencies all met for dep_context=non-requeueable deps ti=<TaskInstance: parsing_recipes.store_data scheduled__2024-05-15T11:42:00+00:00 [queued]>
[2024-05-15T11:44:24.060+0000] {taskinstance.py:2076} INFO - Dependencies all met for dep_context=requeueable deps ti=<TaskInstance: parsing_recipes.store_data scheduled__2024-05-15T11:42:00+00:00 [queued]>
[2024-05-15T11:44:24.060+0000] {taskinstance.py:2306} INFO - Starting attempt 1 of 1
[2024-05-15T11:44:24.066+0000] {taskinstance.py:2330} INFO - Executing <Task(PythonOperator): store_data> on 2024-05-15 11:42:00+00:00
[2024-05-15T11:44:24.069+0000] {logging_mixin.py:188} WARNING - /home/***/.local/lib/python3.12/site-packages/***/task/task_runner/standard_task_runner.py:61 DeprecationWarning: This process (pid=1587) is multi-threaded, use of fork() may lead to deadlocks in the child.
[2024-05-15T11:44:24.070+0000] {standard_task_runner.py:63} INFO - Started process 1588 to run task
[2024-05-15T11:44:24.070+0000] {standard_task_runner.py:90} INFO - Running: ['***', 'tasks', 'run', 'parsing_recipes', 'store_data', 'scheduled__2024-05-15T11:42:00+00:00', '--job-id', '6074', '--raw', '--subdir', 'DAGS_FOLDER/recipes.py', '--cfg-path', '/tmp/tmpvxofm6xe']
[2024-05-15T11:44:24.071+0000] {standard_task_runner.py:91} INFO - Job 6074: Subtask store_data
[2024-05-15T11:44:24.093+0000] {task_command.py:426} INFO - Running <TaskInstance: parsing_recipes.store_data scheduled__2024-05-15T11:42:00+00:00 [running]> on host 53697f0c267a
[2024-05-15T11:44:24.133+0000] {taskinstance.py:2648} INFO - Exporting env vars: AIRFLOW_CTX_DAG_OWNER='***' AIRFLOW_CTX_DAG_ID='parsing_recipes' AIRFLOW_CTX_TASK_ID='store_data' AIRFLOW_CTX_EXECUTION_DATE='2024-05-15T11:42:00+00:00' AIRFLOW_CTX_TRY_NUMBER='1' AIRFLOW_CTX_DAG_RUN_ID='scheduled__2024-05-15T11:42:00+00:00'
[2024-05-15T11:44:24.133+0000] {taskinstance.py:430} INFO - ::endgroup::
[2024-05-15T11:44:24.147+0000] {base.py:84} INFO - Using connection ID 'postgres_localhost' for task execution.
[2024-05-15T11:44:24.151+0000] {logging_mixin.py:188} INFO - []
[2024-05-15T11:44:24.152+0000] {python.py:237} INFO - Done. Returned value was: True
[2024-05-15T11:44:24.152+0000] {taskinstance.py:441} INFO - ::group::Post task execution logs
[2024-05-15T11:44:24.162+0000] {taskinstance.py:1206} INFO - Marking task as SUCCESS. dag_id=parsing_recipes, task_id=store_data, run_id=scheduled__2024-05-15T11:42:00+00:00, execution_date=20240515T114200, start_date=20240515T114424, end_date=20240515T114424
[2024-05-15T11:44:24.170+0000] {local_task_job_runner.py:240} INFO - Task exited with return code 0
[2024-05-15T11:44:24.178+0000] {taskinstance.py:3498} INFO - 0 downstream tasks scheduled from follow-on schedule check
[2024-05-15T11:44:24.179+0000] {local_task_job_runner.py:222} INFO - ::endgroup::
