[2024-05-15T14:18:10.188+0000] {local_task_job_runner.py:120} INFO - ::group::Pre task execution logs
[2024-05-15T14:18:10.203+0000] {taskinstance.py:2076} INFO - Dependencies all met for dep_context=non-requeueable deps ti=<TaskInstance: parsing_recipes.store_data scheduled__2024-05-15T14:16:00+00:00 [queued]>
[2024-05-15T14:18:10.206+0000] {taskinstance.py:2076} INFO - Dependencies all met for dep_context=requeueable deps ti=<TaskInstance: parsing_recipes.store_data scheduled__2024-05-15T14:16:00+00:00 [queued]>
[2024-05-15T14:18:10.207+0000] {taskinstance.py:2306} INFO - Starting attempt 1 of 1
[2024-05-15T14:18:10.212+0000] {taskinstance.py:2330} INFO - Executing <Task(PythonOperator): store_data> on 2024-05-15 14:16:00+00:00
[2024-05-15T14:18:10.216+0000] {logging_mixin.py:188} WARNING - /home/***/.local/lib/python3.12/site-packages/***/task/task_runner/standard_task_runner.py:61 DeprecationWarning: This process (pid=7771) is multi-threaded, use of fork() may lead to deadlocks in the child.
[2024-05-15T14:18:10.216+0000] {standard_task_runner.py:63} INFO - Started process 7772 to run task
[2024-05-15T14:18:10.216+0000] {standard_task_runner.py:90} INFO - Running: ['***', 'tasks', 'run', 'parsing_recipes', 'store_data', 'scheduled__2024-05-15T14:16:00+00:00', '--job-id', '6227', '--raw', '--subdir', 'DAGS_FOLDER/recipes.py', '--cfg-path', '/tmp/tmp6g4d6vx9']
[2024-05-15T14:18:10.217+0000] {standard_task_runner.py:91} INFO - Job 6227: Subtask store_data
[2024-05-15T14:18:10.249+0000] {task_command.py:426} INFO - Running <TaskInstance: parsing_recipes.store_data scheduled__2024-05-15T14:16:00+00:00 [running]> on host 53697f0c267a
[2024-05-15T14:18:10.289+0000] {taskinstance.py:2648} INFO - Exporting env vars: AIRFLOW_CTX_DAG_OWNER='***' AIRFLOW_CTX_DAG_ID='parsing_recipes' AIRFLOW_CTX_TASK_ID='store_data' AIRFLOW_CTX_EXECUTION_DATE='2024-05-15T14:16:00+00:00' AIRFLOW_CTX_TRY_NUMBER='1' AIRFLOW_CTX_DAG_RUN_ID='scheduled__2024-05-15T14:16:00+00:00'
[2024-05-15T14:18:10.290+0000] {taskinstance.py:430} INFO - ::endgroup::
[2024-05-15T14:18:10.305+0000] {base.py:84} INFO - Using connection ID 'postgres_localhost' for task execution.
[2024-05-15T14:18:10.310+0000] {logging_mixin.py:188} INFO - []
[2024-05-15T14:18:10.311+0000] {python.py:237} INFO - Done. Returned value was: True
[2024-05-15T14:18:10.311+0000] {taskinstance.py:441} INFO - ::group::Post task execution logs
[2024-05-15T14:18:10.321+0000] {taskinstance.py:1206} INFO - Marking task as SUCCESS. dag_id=parsing_recipes, task_id=store_data, run_id=scheduled__2024-05-15T14:16:00+00:00, execution_date=20240515T141600, start_date=20240515T141810, end_date=20240515T141810
[2024-05-15T14:18:10.361+0000] {local_task_job_runner.py:240} INFO - Task exited with return code 0
[2024-05-15T14:18:10.370+0000] {taskinstance.py:3498} INFO - 0 downstream tasks scheduled from follow-on schedule check
[2024-05-15T14:18:10.371+0000] {local_task_job_runner.py:222} INFO - ::endgroup::
