[2024-05-17T00:32:56.354+0000] {processor.py:161} INFO - Started process (PID=16527) to work on /opt/airflow/dags/basic_io_dag.py
[2024-05-17T00:32:56.354+0000] {processor.py:830} INFO - Processing file /opt/airflow/dags/basic_io_dag.py for tasks to queue
[2024-05-17T00:32:56.355+0000] {logging_mixin.py:188} INFO - [2024-05-17T00:32:56.355+0000] {dagbag.py:545} INFO - Filling up the DagBag from /opt/airflow/dags/basic_io_dag.py
[2024-05-17T00:32:56.365+0000] {processor.py:840} INFO - DAG(s) 'xcom_example_dag' retrieved from /opt/airflow/dags/basic_io_dag.py
[2024-05-17T00:32:56.377+0000] {logging_mixin.py:188} INFO - [2024-05-17T00:32:56.377+0000] {dag.py:3096} INFO - Sync 1 DAGs
[2024-05-17T00:32:56.387+0000] {logging_mixin.py:188} INFO - [2024-05-17T00:32:56.386+0000] {dag.py:3954} INFO - Setting next_dagrun for xcom_example_dag to None, run_after=None
[2024-05-17T00:32:56.397+0000] {processor.py:183} INFO - Processing /opt/airflow/dags/basic_io_dag.py took 0.046 seconds
[2024-05-17T01:51:08.794+0000] {processor.py:161} INFO - Started process (PID=16580) to work on /opt/airflow/dags/basic_io_dag.py
[2024-05-17T01:51:08.795+0000] {processor.py:830} INFO - Processing file /opt/airflow/dags/basic_io_dag.py for tasks to queue
[2024-05-17T01:51:08.796+0000] {logging_mixin.py:188} INFO - [2024-05-17T01:51:08.795+0000] {dagbag.py:545} INFO - Filling up the DagBag from /opt/airflow/dags/basic_io_dag.py
[2024-05-17T01:51:08.801+0000] {processor.py:840} INFO - DAG(s) 'xcom_example_dag' retrieved from /opt/airflow/dags/basic_io_dag.py
[2024-05-17T01:51:08.812+0000] {logging_mixin.py:188} INFO - [2024-05-17T01:51:08.812+0000] {dag.py:3096} INFO - Sync 1 DAGs
[2024-05-17T01:51:08.819+0000] {logging_mixin.py:188} INFO - [2024-05-17T01:51:08.818+0000] {dag.py:3954} INFO - Setting next_dagrun for xcom_example_dag to None, run_after=None
[2024-05-17T01:51:08.827+0000] {processor.py:183} INFO - Processing /opt/airflow/dags/basic_io_dag.py took 0.035 seconds
[2024-05-17T02:51:07.710+0000] {processor.py:161} INFO - Started process (PID=16635) to work on /opt/airflow/dags/basic_io_dag.py
[2024-05-17T02:51:07.712+0000] {processor.py:830} INFO - Processing file /opt/airflow/dags/basic_io_dag.py for tasks to queue
[2024-05-17T02:51:07.713+0000] {logging_mixin.py:188} INFO - [2024-05-17T02:51:07.713+0000] {dagbag.py:545} INFO - Filling up the DagBag from /opt/airflow/dags/basic_io_dag.py
[2024-05-17T02:51:07.719+0000] {processor.py:840} INFO - DAG(s) 'xcom_example_dag' retrieved from /opt/airflow/dags/basic_io_dag.py
[2024-05-17T02:51:07.732+0000] {logging_mixin.py:188} INFO - [2024-05-17T02:51:07.732+0000] {dag.py:3096} INFO - Sync 1 DAGs
[2024-05-17T02:51:07.738+0000] {logging_mixin.py:188} INFO - [2024-05-17T02:51:07.738+0000] {dag.py:3954} INFO - Setting next_dagrun for xcom_example_dag to None, run_after=None
[2024-05-17T02:51:07.746+0000] {processor.py:183} INFO - Processing /opt/airflow/dags/basic_io_dag.py took 0.040 seconds
[2024-05-17T02:56:12.081+0000] {processor.py:161} INFO - Started process (PID=16699) to work on /opt/airflow/dags/basic_io_dag.py
[2024-05-17T02:56:12.082+0000] {processor.py:830} INFO - Processing file /opt/airflow/dags/basic_io_dag.py for tasks to queue
[2024-05-17T02:56:12.083+0000] {logging_mixin.py:188} INFO - [2024-05-17T02:56:12.082+0000] {dagbag.py:545} INFO - Filling up the DagBag from /opt/airflow/dags/basic_io_dag.py
[2024-05-17T02:56:12.091+0000] {processor.py:840} INFO - DAG(s) 'xcom_example_dag' retrieved from /opt/airflow/dags/basic_io_dag.py
[2024-05-17T02:56:12.107+0000] {logging_mixin.py:188} INFO - [2024-05-17T02:56:12.107+0000] {dag.py:3096} INFO - Sync 1 DAGs
[2024-05-17T02:56:12.114+0000] {logging_mixin.py:188} INFO - [2024-05-17T02:56:12.114+0000] {dag.py:3954} INFO - Setting next_dagrun for xcom_example_dag to None, run_after=None
[2024-05-17T02:56:12.124+0000] {processor.py:183} INFO - Processing /opt/airflow/dags/basic_io_dag.py took 0.047 seconds
[2024-05-17T02:56:42.958+0000] {processor.py:161} INFO - Started process (PID=16754) to work on /opt/airflow/dags/basic_io_dag.py
[2024-05-17T02:56:42.959+0000] {processor.py:830} INFO - Processing file /opt/airflow/dags/basic_io_dag.py for tasks to queue
[2024-05-17T02:56:42.960+0000] {logging_mixin.py:188} INFO - [2024-05-17T02:56:42.960+0000] {dagbag.py:545} INFO - Filling up the DagBag from /opt/airflow/dags/basic_io_dag.py
[2024-05-17T02:56:42.966+0000] {processor.py:840} INFO - DAG(s) 'xcom_example_dag' retrieved from /opt/airflow/dags/basic_io_dag.py
[2024-05-17T02:56:42.978+0000] {logging_mixin.py:188} INFO - [2024-05-17T02:56:42.978+0000] {dag.py:3096} INFO - Sync 1 DAGs
[2024-05-17T02:56:42.985+0000] {logging_mixin.py:188} INFO - [2024-05-17T02:56:42.985+0000] {dag.py:3954} INFO - Setting next_dagrun for xcom_example_dag to None, run_after=None
[2024-05-17T02:56:42.992+0000] {processor.py:183} INFO - Processing /opt/airflow/dags/basic_io_dag.py took 0.037 seconds
[2024-05-17T02:57:13.791+0000] {processor.py:161} INFO - Started process (PID=16805) to work on /opt/airflow/dags/basic_io_dag.py
[2024-05-17T02:57:13.792+0000] {processor.py:830} INFO - Processing file /opt/airflow/dags/basic_io_dag.py for tasks to queue
[2024-05-17T02:57:13.792+0000] {logging_mixin.py:188} INFO - [2024-05-17T02:57:13.792+0000] {dagbag.py:545} INFO - Filling up the DagBag from /opt/airflow/dags/basic_io_dag.py
[2024-05-17T02:57:13.802+0000] {processor.py:840} INFO - DAG(s) 'xcom_example_dag' retrieved from /opt/airflow/dags/basic_io_dag.py
[2024-05-17T02:57:13.814+0000] {logging_mixin.py:188} INFO - [2024-05-17T02:57:13.814+0000] {dag.py:3096} INFO - Sync 1 DAGs
[2024-05-17T02:57:13.820+0000] {logging_mixin.py:188} INFO - [2024-05-17T02:57:13.820+0000] {dag.py:3954} INFO - Setting next_dagrun for xcom_example_dag to None, run_after=None
[2024-05-17T02:57:13.829+0000] {processor.py:183} INFO - Processing /opt/airflow/dags/basic_io_dag.py took 0.041 seconds
[2024-05-17T02:57:44.642+0000] {processor.py:161} INFO - Started process (PID=16856) to work on /opt/airflow/dags/basic_io_dag.py
[2024-05-17T02:57:44.643+0000] {processor.py:830} INFO - Processing file /opt/airflow/dags/basic_io_dag.py for tasks to queue
[2024-05-17T02:57:44.644+0000] {logging_mixin.py:188} INFO - [2024-05-17T02:57:44.643+0000] {dagbag.py:545} INFO - Filling up the DagBag from /opt/airflow/dags/basic_io_dag.py
[2024-05-17T02:57:44.650+0000] {processor.py:840} INFO - DAG(s) 'xcom_example_dag' retrieved from /opt/airflow/dags/basic_io_dag.py
[2024-05-17T02:57:44.662+0000] {logging_mixin.py:188} INFO - [2024-05-17T02:57:44.662+0000] {dag.py:3096} INFO - Sync 1 DAGs
[2024-05-17T02:57:44.669+0000] {logging_mixin.py:188} INFO - [2024-05-17T02:57:44.669+0000] {dag.py:3954} INFO - Setting next_dagrun for xcom_example_dag to None, run_after=None
[2024-05-17T02:57:44.677+0000] {processor.py:183} INFO - Processing /opt/airflow/dags/basic_io_dag.py took 0.039 seconds
[2024-05-17T02:58:15.458+0000] {processor.py:161} INFO - Started process (PID=16913) to work on /opt/airflow/dags/basic_io_dag.py
[2024-05-17T02:58:15.458+0000] {processor.py:830} INFO - Processing file /opt/airflow/dags/basic_io_dag.py for tasks to queue
[2024-05-17T02:58:15.459+0000] {logging_mixin.py:188} INFO - [2024-05-17T02:58:15.459+0000] {dagbag.py:545} INFO - Filling up the DagBag from /opt/airflow/dags/basic_io_dag.py
[2024-05-17T02:58:15.465+0000] {processor.py:840} INFO - DAG(s) 'xcom_example_dag' retrieved from /opt/airflow/dags/basic_io_dag.py
[2024-05-17T02:58:15.477+0000] {logging_mixin.py:188} INFO - [2024-05-17T02:58:15.477+0000] {dag.py:3096} INFO - Sync 1 DAGs
[2024-05-17T02:58:15.483+0000] {logging_mixin.py:188} INFO - [2024-05-17T02:58:15.483+0000] {dag.py:3954} INFO - Setting next_dagrun for xcom_example_dag to None, run_after=None
[2024-05-17T02:58:15.492+0000] {processor.py:183} INFO - Processing /opt/airflow/dags/basic_io_dag.py took 0.038 seconds
[2024-05-17T02:58:46.283+0000] {processor.py:161} INFO - Started process (PID=16964) to work on /opt/airflow/dags/basic_io_dag.py
[2024-05-17T02:58:46.283+0000] {processor.py:830} INFO - Processing file /opt/airflow/dags/basic_io_dag.py for tasks to queue
[2024-05-17T02:58:46.284+0000] {logging_mixin.py:188} INFO - [2024-05-17T02:58:46.284+0000] {dagbag.py:545} INFO - Filling up the DagBag from /opt/airflow/dags/basic_io_dag.py
[2024-05-17T02:58:46.290+0000] {processor.py:840} INFO - DAG(s) 'xcom_example_dag' retrieved from /opt/airflow/dags/basic_io_dag.py
[2024-05-17T02:58:46.302+0000] {logging_mixin.py:188} INFO - [2024-05-17T02:58:46.302+0000] {dag.py:3096} INFO - Sync 1 DAGs
[2024-05-17T02:58:46.312+0000] {logging_mixin.py:188} INFO - [2024-05-17T02:58:46.312+0000] {dag.py:3954} INFO - Setting next_dagrun for xcom_example_dag to None, run_after=None
[2024-05-17T02:58:46.321+0000] {processor.py:183} INFO - Processing /opt/airflow/dags/basic_io_dag.py took 0.042 seconds
[2024-05-17T02:59:17.118+0000] {processor.py:161} INFO - Started process (PID=17015) to work on /opt/airflow/dags/basic_io_dag.py
[2024-05-17T02:59:17.119+0000] {processor.py:830} INFO - Processing file /opt/airflow/dags/basic_io_dag.py for tasks to queue
[2024-05-17T02:59:17.119+0000] {logging_mixin.py:188} INFO - [2024-05-17T02:59:17.119+0000] {dagbag.py:545} INFO - Filling up the DagBag from /opt/airflow/dags/basic_io_dag.py
[2024-05-17T02:59:17.125+0000] {processor.py:840} INFO - DAG(s) 'xcom_example_dag' retrieved from /opt/airflow/dags/basic_io_dag.py
[2024-05-17T02:59:17.136+0000] {logging_mixin.py:188} INFO - [2024-05-17T02:59:17.136+0000] {dag.py:3096} INFO - Sync 1 DAGs
[2024-05-17T02:59:17.142+0000] {logging_mixin.py:188} INFO - [2024-05-17T02:59:17.142+0000] {dag.py:3954} INFO - Setting next_dagrun for xcom_example_dag to None, run_after=None
[2024-05-17T02:59:17.150+0000] {processor.py:183} INFO - Processing /opt/airflow/dags/basic_io_dag.py took 0.035 seconds
[2024-05-17T02:59:47.864+0000] {processor.py:161} INFO - Started process (PID=17065) to work on /opt/airflow/dags/basic_io_dag.py
[2024-05-17T02:59:47.864+0000] {processor.py:830} INFO - Processing file /opt/airflow/dags/basic_io_dag.py for tasks to queue
[2024-05-17T02:59:47.865+0000] {logging_mixin.py:188} INFO - [2024-05-17T02:59:47.865+0000] {dagbag.py:545} INFO - Filling up the DagBag from /opt/airflow/dags/basic_io_dag.py
[2024-05-17T02:59:47.871+0000] {processor.py:840} INFO - DAG(s) 'xcom_example_dag' retrieved from /opt/airflow/dags/basic_io_dag.py
[2024-05-17T02:59:47.883+0000] {logging_mixin.py:188} INFO - [2024-05-17T02:59:47.883+0000] {dag.py:3096} INFO - Sync 1 DAGs
[2024-05-17T02:59:47.889+0000] {logging_mixin.py:188} INFO - [2024-05-17T02:59:47.889+0000] {dag.py:3954} INFO - Setting next_dagrun for xcom_example_dag to None, run_after=None
[2024-05-17T02:59:47.899+0000] {processor.py:183} INFO - Processing /opt/airflow/dags/basic_io_dag.py took 0.038 seconds
[2024-05-17T03:00:18.676+0000] {processor.py:161} INFO - Started process (PID=17121) to work on /opt/airflow/dags/basic_io_dag.py
[2024-05-17T03:00:18.676+0000] {processor.py:830} INFO - Processing file /opt/airflow/dags/basic_io_dag.py for tasks to queue
[2024-05-17T03:00:18.677+0000] {logging_mixin.py:188} INFO - [2024-05-17T03:00:18.677+0000] {dagbag.py:545} INFO - Filling up the DagBag from /opt/airflow/dags/basic_io_dag.py
[2024-05-17T03:00:18.684+0000] {processor.py:840} INFO - DAG(s) 'xcom_example_dag' retrieved from /opt/airflow/dags/basic_io_dag.py
[2024-05-17T03:00:18.696+0000] {logging_mixin.py:188} INFO - [2024-05-17T03:00:18.696+0000] {dag.py:3096} INFO - Sync 1 DAGs
[2024-05-17T03:00:18.702+0000] {logging_mixin.py:188} INFO - [2024-05-17T03:00:18.702+0000] {dag.py:3954} INFO - Setting next_dagrun for xcom_example_dag to None, run_after=None
[2024-05-17T03:00:18.710+0000] {processor.py:183} INFO - Processing /opt/airflow/dags/basic_io_dag.py took 0.038 seconds
[2024-05-17T03:00:49.451+0000] {processor.py:161} INFO - Started process (PID=17172) to work on /opt/airflow/dags/basic_io_dag.py
[2024-05-17T03:00:49.452+0000] {processor.py:830} INFO - Processing file /opt/airflow/dags/basic_io_dag.py for tasks to queue
[2024-05-17T03:00:49.453+0000] {logging_mixin.py:188} INFO - [2024-05-17T03:00:49.452+0000] {dagbag.py:545} INFO - Filling up the DagBag from /opt/airflow/dags/basic_io_dag.py
[2024-05-17T03:00:49.459+0000] {processor.py:840} INFO - DAG(s) 'xcom_example_dag' retrieved from /opt/airflow/dags/basic_io_dag.py
[2024-05-17T03:00:49.472+0000] {logging_mixin.py:188} INFO - [2024-05-17T03:00:49.472+0000] {dag.py:3096} INFO - Sync 1 DAGs
[2024-05-17T03:00:49.478+0000] {logging_mixin.py:188} INFO - [2024-05-17T03:00:49.478+0000] {dag.py:3954} INFO - Setting next_dagrun for xcom_example_dag to None, run_after=None
[2024-05-17T03:00:49.487+0000] {processor.py:183} INFO - Processing /opt/airflow/dags/basic_io_dag.py took 0.040 seconds
[2024-05-17T03:01:20.345+0000] {processor.py:161} INFO - Started process (PID=17222) to work on /opt/airflow/dags/basic_io_dag.py
[2024-05-17T03:01:20.346+0000] {processor.py:830} INFO - Processing file /opt/airflow/dags/basic_io_dag.py for tasks to queue
[2024-05-17T03:01:20.346+0000] {logging_mixin.py:188} INFO - [2024-05-17T03:01:20.346+0000] {dagbag.py:545} INFO - Filling up the DagBag from /opt/airflow/dags/basic_io_dag.py
[2024-05-17T03:01:20.353+0000] {processor.py:840} INFO - DAG(s) 'xcom_example_dag' retrieved from /opt/airflow/dags/basic_io_dag.py
[2024-05-17T03:01:20.365+0000] {logging_mixin.py:188} INFO - [2024-05-17T03:01:20.365+0000] {dag.py:3096} INFO - Sync 1 DAGs
[2024-05-17T03:01:20.371+0000] {logging_mixin.py:188} INFO - [2024-05-17T03:01:20.371+0000] {dag.py:3954} INFO - Setting next_dagrun for xcom_example_dag to None, run_after=None
[2024-05-17T03:01:20.380+0000] {processor.py:183} INFO - Processing /opt/airflow/dags/basic_io_dag.py took 0.039 seconds
[2024-05-17T03:01:51.162+0000] {processor.py:161} INFO - Started process (PID=17273) to work on /opt/airflow/dags/basic_io_dag.py
[2024-05-17T03:01:51.163+0000] {processor.py:830} INFO - Processing file /opt/airflow/dags/basic_io_dag.py for tasks to queue
[2024-05-17T03:01:51.163+0000] {logging_mixin.py:188} INFO - [2024-05-17T03:01:51.163+0000] {dagbag.py:545} INFO - Filling up the DagBag from /opt/airflow/dags/basic_io_dag.py
[2024-05-17T03:01:51.170+0000] {processor.py:840} INFO - DAG(s) 'xcom_example_dag' retrieved from /opt/airflow/dags/basic_io_dag.py
[2024-05-17T03:01:51.182+0000] {logging_mixin.py:188} INFO - [2024-05-17T03:01:51.182+0000] {dag.py:3096} INFO - Sync 1 DAGs
[2024-05-17T03:01:51.189+0000] {logging_mixin.py:188} INFO - [2024-05-17T03:01:51.189+0000] {dag.py:3954} INFO - Setting next_dagrun for xcom_example_dag to None, run_after=None
[2024-05-17T03:01:51.198+0000] {processor.py:183} INFO - Processing /opt/airflow/dags/basic_io_dag.py took 0.039 seconds
[2024-05-17T03:02:21.969+0000] {processor.py:161} INFO - Started process (PID=17330) to work on /opt/airflow/dags/basic_io_dag.py
[2024-05-17T03:02:21.969+0000] {processor.py:830} INFO - Processing file /opt/airflow/dags/basic_io_dag.py for tasks to queue
[2024-05-17T03:02:21.970+0000] {logging_mixin.py:188} INFO - [2024-05-17T03:02:21.970+0000] {dagbag.py:545} INFO - Filling up the DagBag from /opt/airflow/dags/basic_io_dag.py
[2024-05-17T03:02:21.977+0000] {processor.py:840} INFO - DAG(s) 'xcom_example_dag' retrieved from /opt/airflow/dags/basic_io_dag.py
[2024-05-17T03:02:21.988+0000] {logging_mixin.py:188} INFO - [2024-05-17T03:02:21.988+0000] {dag.py:3096} INFO - Sync 1 DAGs
[2024-05-17T03:02:21.994+0000] {logging_mixin.py:188} INFO - [2024-05-17T03:02:21.994+0000] {dag.py:3954} INFO - Setting next_dagrun for xcom_example_dag to None, run_after=None
[2024-05-17T03:02:22.003+0000] {processor.py:183} INFO - Processing /opt/airflow/dags/basic_io_dag.py took 0.038 seconds
[2024-05-17T03:02:52.845+0000] {processor.py:161} INFO - Started process (PID=17381) to work on /opt/airflow/dags/basic_io_dag.py
[2024-05-17T03:02:52.846+0000] {processor.py:830} INFO - Processing file /opt/airflow/dags/basic_io_dag.py for tasks to queue
[2024-05-17T03:02:52.846+0000] {logging_mixin.py:188} INFO - [2024-05-17T03:02:52.846+0000] {dagbag.py:545} INFO - Filling up the DagBag from /opt/airflow/dags/basic_io_dag.py
[2024-05-17T03:02:52.852+0000] {processor.py:840} INFO - DAG(s) 'xcom_example_dag' retrieved from /opt/airflow/dags/basic_io_dag.py
[2024-05-17T03:02:52.864+0000] {logging_mixin.py:188} INFO - [2024-05-17T03:02:52.863+0000] {dag.py:3096} INFO - Sync 1 DAGs
[2024-05-17T03:02:52.870+0000] {logging_mixin.py:188} INFO - [2024-05-17T03:02:52.869+0000] {dag.py:3954} INFO - Setting next_dagrun for xcom_example_dag to None, run_after=None
[2024-05-17T03:02:52.878+0000] {processor.py:183} INFO - Processing /opt/airflow/dags/basic_io_dag.py took 0.036 seconds
[2024-05-17T03:03:23.670+0000] {processor.py:161} INFO - Started process (PID=17432) to work on /opt/airflow/dags/basic_io_dag.py
[2024-05-17T03:03:23.671+0000] {processor.py:830} INFO - Processing file /opt/airflow/dags/basic_io_dag.py for tasks to queue
[2024-05-17T03:03:23.671+0000] {logging_mixin.py:188} INFO - [2024-05-17T03:03:23.671+0000] {dagbag.py:545} INFO - Filling up the DagBag from /opt/airflow/dags/basic_io_dag.py
[2024-05-17T03:03:23.678+0000] {processor.py:840} INFO - DAG(s) 'xcom_example_dag' retrieved from /opt/airflow/dags/basic_io_dag.py
[2024-05-17T03:03:23.689+0000] {logging_mixin.py:188} INFO - [2024-05-17T03:03:23.689+0000] {dag.py:3096} INFO - Sync 1 DAGs
[2024-05-17T03:03:23.696+0000] {logging_mixin.py:188} INFO - [2024-05-17T03:03:23.695+0000] {dag.py:3954} INFO - Setting next_dagrun for xcom_example_dag to None, run_after=None
[2024-05-17T03:03:23.704+0000] {processor.py:183} INFO - Processing /opt/airflow/dags/basic_io_dag.py took 0.037 seconds
[2024-05-17T03:03:54.515+0000] {processor.py:161} INFO - Started process (PID=17483) to work on /opt/airflow/dags/basic_io_dag.py
[2024-05-17T03:03:54.516+0000] {processor.py:830} INFO - Processing file /opt/airflow/dags/basic_io_dag.py for tasks to queue
[2024-05-17T03:03:54.516+0000] {logging_mixin.py:188} INFO - [2024-05-17T03:03:54.516+0000] {dagbag.py:545} INFO - Filling up the DagBag from /opt/airflow/dags/basic_io_dag.py
[2024-05-17T03:03:54.522+0000] {processor.py:840} INFO - DAG(s) 'xcom_example_dag' retrieved from /opt/airflow/dags/basic_io_dag.py
[2024-05-17T03:03:54.532+0000] {logging_mixin.py:188} INFO - [2024-05-17T03:03:54.532+0000] {dag.py:3096} INFO - Sync 1 DAGs
[2024-05-17T03:03:54.538+0000] {logging_mixin.py:188} INFO - [2024-05-17T03:03:54.538+0000] {dag.py:3954} INFO - Setting next_dagrun for xcom_example_dag to None, run_after=None
[2024-05-17T03:03:54.547+0000] {processor.py:183} INFO - Processing /opt/airflow/dags/basic_io_dag.py took 0.034 seconds
[2024-05-17T03:04:25.296+0000] {processor.py:161} INFO - Started process (PID=17540) to work on /opt/airflow/dags/basic_io_dag.py
[2024-05-17T03:04:25.298+0000] {processor.py:830} INFO - Processing file /opt/airflow/dags/basic_io_dag.py for tasks to queue
[2024-05-17T03:04:25.298+0000] {logging_mixin.py:188} INFO - [2024-05-17T03:04:25.298+0000] {dagbag.py:545} INFO - Filling up the DagBag from /opt/airflow/dags/basic_io_dag.py
[2024-05-17T03:04:25.305+0000] {processor.py:840} INFO - DAG(s) 'xcom_example_dag' retrieved from /opt/airflow/dags/basic_io_dag.py
[2024-05-17T03:04:25.317+0000] {logging_mixin.py:188} INFO - [2024-05-17T03:04:25.317+0000] {dag.py:3096} INFO - Sync 1 DAGs
[2024-05-17T03:04:25.324+0000] {logging_mixin.py:188} INFO - [2024-05-17T03:04:25.324+0000] {dag.py:3954} INFO - Setting next_dagrun for xcom_example_dag to None, run_after=None
[2024-05-17T03:04:25.333+0000] {processor.py:183} INFO - Processing /opt/airflow/dags/basic_io_dag.py took 0.040 seconds
[2024-05-17T03:04:56.185+0000] {processor.py:161} INFO - Started process (PID=17591) to work on /opt/airflow/dags/basic_io_dag.py
[2024-05-17T03:04:56.185+0000] {processor.py:830} INFO - Processing file /opt/airflow/dags/basic_io_dag.py for tasks to queue
[2024-05-17T03:04:56.186+0000] {logging_mixin.py:188} INFO - [2024-05-17T03:04:56.186+0000] {dagbag.py:545} INFO - Filling up the DagBag from /opt/airflow/dags/basic_io_dag.py
[2024-05-17T03:04:56.192+0000] {processor.py:840} INFO - DAG(s) 'xcom_example_dag' retrieved from /opt/airflow/dags/basic_io_dag.py
[2024-05-17T03:04:56.204+0000] {logging_mixin.py:188} INFO - [2024-05-17T03:04:56.204+0000] {dag.py:3096} INFO - Sync 1 DAGs
[2024-05-17T03:04:56.209+0000] {logging_mixin.py:188} INFO - [2024-05-17T03:04:56.209+0000] {dag.py:3954} INFO - Setting next_dagrun for xcom_example_dag to None, run_after=None
[2024-05-17T03:04:56.218+0000] {processor.py:183} INFO - Processing /opt/airflow/dags/basic_io_dag.py took 0.037 seconds
[2024-05-17T03:05:27.044+0000] {processor.py:161} INFO - Started process (PID=17642) to work on /opt/airflow/dags/basic_io_dag.py
[2024-05-17T03:05:27.045+0000] {processor.py:830} INFO - Processing file /opt/airflow/dags/basic_io_dag.py for tasks to queue
[2024-05-17T03:05:27.045+0000] {logging_mixin.py:188} INFO - [2024-05-17T03:05:27.045+0000] {dagbag.py:545} INFO - Filling up the DagBag from /opt/airflow/dags/basic_io_dag.py
[2024-05-17T03:05:27.052+0000] {processor.py:840} INFO - DAG(s) 'xcom_example_dag' retrieved from /opt/airflow/dags/basic_io_dag.py
[2024-05-17T03:05:27.064+0000] {logging_mixin.py:188} INFO - [2024-05-17T03:05:27.064+0000] {dag.py:3096} INFO - Sync 1 DAGs
[2024-05-17T03:05:27.071+0000] {logging_mixin.py:188} INFO - [2024-05-17T03:05:27.070+0000] {dag.py:3954} INFO - Setting next_dagrun for xcom_example_dag to None, run_after=None
[2024-05-17T03:05:27.080+0000] {processor.py:183} INFO - Processing /opt/airflow/dags/basic_io_dag.py took 0.039 seconds
[2024-05-17T03:05:57.938+0000] {processor.py:161} INFO - Started process (PID=17699) to work on /opt/airflow/dags/basic_io_dag.py
[2024-05-17T03:05:57.938+0000] {processor.py:830} INFO - Processing file /opt/airflow/dags/basic_io_dag.py for tasks to queue
[2024-05-17T03:05:57.939+0000] {logging_mixin.py:188} INFO - [2024-05-17T03:05:57.939+0000] {dagbag.py:545} INFO - Filling up the DagBag from /opt/airflow/dags/basic_io_dag.py
[2024-05-17T03:05:57.945+0000] {processor.py:840} INFO - DAG(s) 'xcom_example_dag' retrieved from /opt/airflow/dags/basic_io_dag.py
[2024-05-17T03:05:57.956+0000] {logging_mixin.py:188} INFO - [2024-05-17T03:05:57.956+0000] {dag.py:3096} INFO - Sync 1 DAGs
[2024-05-17T03:05:57.963+0000] {logging_mixin.py:188} INFO - [2024-05-17T03:05:57.963+0000] {dag.py:3954} INFO - Setting next_dagrun for xcom_example_dag to None, run_after=None
[2024-05-17T03:05:57.971+0000] {processor.py:183} INFO - Processing /opt/airflow/dags/basic_io_dag.py took 0.037 seconds
[2024-05-17T03:06:28.822+0000] {processor.py:161} INFO - Started process (PID=17756) to work on /opt/airflow/dags/basic_io_dag.py
[2024-05-17T03:06:28.823+0000] {processor.py:830} INFO - Processing file /opt/airflow/dags/basic_io_dag.py for tasks to queue
[2024-05-17T03:06:28.823+0000] {logging_mixin.py:188} INFO - [2024-05-17T03:06:28.823+0000] {dagbag.py:545} INFO - Filling up the DagBag from /opt/airflow/dags/basic_io_dag.py
[2024-05-17T03:06:28.830+0000] {processor.py:840} INFO - DAG(s) 'xcom_example_dag' retrieved from /opt/airflow/dags/basic_io_dag.py
[2024-05-17T03:06:28.841+0000] {logging_mixin.py:188} INFO - [2024-05-17T03:06:28.841+0000] {dag.py:3096} INFO - Sync 1 DAGs
[2024-05-17T03:06:28.847+0000] {logging_mixin.py:188} INFO - [2024-05-17T03:06:28.847+0000] {dag.py:3954} INFO - Setting next_dagrun for xcom_example_dag to None, run_after=None
[2024-05-17T03:06:28.855+0000] {processor.py:183} INFO - Processing /opt/airflow/dags/basic_io_dag.py took 0.036 seconds
[2024-05-17T03:06:59.647+0000] {processor.py:161} INFO - Started process (PID=17807) to work on /opt/airflow/dags/basic_io_dag.py
[2024-05-17T03:06:59.647+0000] {processor.py:830} INFO - Processing file /opt/airflow/dags/basic_io_dag.py for tasks to queue
[2024-05-17T03:06:59.648+0000] {logging_mixin.py:188} INFO - [2024-05-17T03:06:59.648+0000] {dagbag.py:545} INFO - Filling up the DagBag from /opt/airflow/dags/basic_io_dag.py
[2024-05-17T03:06:59.654+0000] {processor.py:840} INFO - DAG(s) 'xcom_example_dag' retrieved from /opt/airflow/dags/basic_io_dag.py
[2024-05-17T03:06:59.665+0000] {logging_mixin.py:188} INFO - [2024-05-17T03:06:59.665+0000] {dag.py:3096} INFO - Sync 1 DAGs
[2024-05-17T03:06:59.671+0000] {logging_mixin.py:188} INFO - [2024-05-17T03:06:59.671+0000] {dag.py:3954} INFO - Setting next_dagrun for xcom_example_dag to None, run_after=None
[2024-05-17T03:06:59.680+0000] {processor.py:183} INFO - Processing /opt/airflow/dags/basic_io_dag.py took 0.037 seconds
[2024-05-17T03:07:30.511+0000] {processor.py:161} INFO - Started process (PID=17858) to work on /opt/airflow/dags/basic_io_dag.py
[2024-05-17T03:07:30.512+0000] {processor.py:830} INFO - Processing file /opt/airflow/dags/basic_io_dag.py for tasks to queue
[2024-05-17T03:07:30.512+0000] {logging_mixin.py:188} INFO - [2024-05-17T03:07:30.512+0000] {dagbag.py:545} INFO - Filling up the DagBag from /opt/airflow/dags/basic_io_dag.py
[2024-05-17T03:07:30.518+0000] {processor.py:840} INFO - DAG(s) 'xcom_example_dag' retrieved from /opt/airflow/dags/basic_io_dag.py
[2024-05-17T03:07:30.529+0000] {logging_mixin.py:188} INFO - [2024-05-17T03:07:30.529+0000] {dag.py:3096} INFO - Sync 1 DAGs
[2024-05-17T03:07:30.535+0000] {logging_mixin.py:188} INFO - [2024-05-17T03:07:30.535+0000] {dag.py:3954} INFO - Setting next_dagrun for xcom_example_dag to None, run_after=None
[2024-05-17T03:07:30.544+0000] {processor.py:183} INFO - Processing /opt/airflow/dags/basic_io_dag.py took 0.036 seconds
[2024-05-17T03:08:01.375+0000] {processor.py:161} INFO - Started process (PID=17913) to work on /opt/airflow/dags/basic_io_dag.py
[2024-05-17T03:08:01.376+0000] {processor.py:830} INFO - Processing file /opt/airflow/dags/basic_io_dag.py for tasks to queue
[2024-05-17T03:08:01.387+0000] {logging_mixin.py:188} INFO - [2024-05-17T03:08:01.386+0000] {dagbag.py:545} INFO - Filling up the DagBag from /opt/airflow/dags/basic_io_dag.py
[2024-05-17T03:08:01.394+0000] {processor.py:840} INFO - DAG(s) 'xcom_example_dag' retrieved from /opt/airflow/dags/basic_io_dag.py
[2024-05-17T03:08:01.406+0000] {logging_mixin.py:188} INFO - [2024-05-17T03:08:01.405+0000] {dag.py:3096} INFO - Sync 1 DAGs
[2024-05-17T03:08:01.412+0000] {logging_mixin.py:188} INFO - [2024-05-17T03:08:01.411+0000] {dag.py:3954} INFO - Setting next_dagrun for xcom_example_dag to None, run_after=None
[2024-05-17T03:08:01.421+0000] {processor.py:183} INFO - Processing /opt/airflow/dags/basic_io_dag.py took 0.049 seconds
[2024-05-17T03:08:32.254+0000] {processor.py:161} INFO - Started process (PID=17966) to work on /opt/airflow/dags/basic_io_dag.py
[2024-05-17T03:08:32.255+0000] {processor.py:830} INFO - Processing file /opt/airflow/dags/basic_io_dag.py for tasks to queue
[2024-05-17T03:08:32.255+0000] {logging_mixin.py:188} INFO - [2024-05-17T03:08:32.255+0000] {dagbag.py:545} INFO - Filling up the DagBag from /opt/airflow/dags/basic_io_dag.py
[2024-05-17T03:08:32.264+0000] {processor.py:840} INFO - DAG(s) 'xcom_example_dag' retrieved from /opt/airflow/dags/basic_io_dag.py
[2024-05-17T03:08:32.276+0000] {logging_mixin.py:188} INFO - [2024-05-17T03:08:32.276+0000] {dag.py:3096} INFO - Sync 1 DAGs
[2024-05-17T03:08:32.282+0000] {logging_mixin.py:188} INFO - [2024-05-17T03:08:32.282+0000] {dag.py:3954} INFO - Setting next_dagrun for xcom_example_dag to None, run_after=None
[2024-05-17T03:08:32.290+0000] {processor.py:183} INFO - Processing /opt/airflow/dags/basic_io_dag.py took 0.040 seconds
[2024-05-17T03:09:03.063+0000] {processor.py:161} INFO - Started process (PID=18017) to work on /opt/airflow/dags/basic_io_dag.py
[2024-05-17T03:09:03.064+0000] {processor.py:830} INFO - Processing file /opt/airflow/dags/basic_io_dag.py for tasks to queue
[2024-05-17T03:09:03.065+0000] {logging_mixin.py:188} INFO - [2024-05-17T03:09:03.064+0000] {dagbag.py:545} INFO - Filling up the DagBag from /opt/airflow/dags/basic_io_dag.py
[2024-05-17T03:09:03.071+0000] {processor.py:840} INFO - DAG(s) 'xcom_example_dag' retrieved from /opt/airflow/dags/basic_io_dag.py
[2024-05-17T03:09:03.083+0000] {logging_mixin.py:188} INFO - [2024-05-17T03:09:03.083+0000] {dag.py:3096} INFO - Sync 1 DAGs
[2024-05-17T03:09:03.090+0000] {logging_mixin.py:188} INFO - [2024-05-17T03:09:03.089+0000] {dag.py:3954} INFO - Setting next_dagrun for xcom_example_dag to None, run_after=None
[2024-05-17T03:09:03.098+0000] {processor.py:183} INFO - Processing /opt/airflow/dags/basic_io_dag.py took 0.038 seconds
[2024-05-17T03:09:33.940+0000] {processor.py:161} INFO - Started process (PID=18068) to work on /opt/airflow/dags/basic_io_dag.py
[2024-05-17T03:09:33.941+0000] {processor.py:830} INFO - Processing file /opt/airflow/dags/basic_io_dag.py for tasks to queue
[2024-05-17T03:09:33.941+0000] {logging_mixin.py:188} INFO - [2024-05-17T03:09:33.941+0000] {dagbag.py:545} INFO - Filling up the DagBag from /opt/airflow/dags/basic_io_dag.py
[2024-05-17T03:09:33.947+0000] {processor.py:840} INFO - DAG(s) 'xcom_example_dag' retrieved from /opt/airflow/dags/basic_io_dag.py
[2024-05-17T03:09:33.959+0000] {logging_mixin.py:188} INFO - [2024-05-17T03:09:33.959+0000] {dag.py:3096} INFO - Sync 1 DAGs
[2024-05-17T03:09:33.965+0000] {logging_mixin.py:188} INFO - [2024-05-17T03:09:33.965+0000] {dag.py:3954} INFO - Setting next_dagrun for xcom_example_dag to None, run_after=None
[2024-05-17T03:09:33.974+0000] {processor.py:183} INFO - Processing /opt/airflow/dags/basic_io_dag.py took 0.037 seconds
[2024-05-17T03:10:04.865+0000] {processor.py:161} INFO - Started process (PID=18125) to work on /opt/airflow/dags/basic_io_dag.py
[2024-05-17T03:10:04.866+0000] {processor.py:830} INFO - Processing file /opt/airflow/dags/basic_io_dag.py for tasks to queue
[2024-05-17T03:10:04.866+0000] {logging_mixin.py:188} INFO - [2024-05-17T03:10:04.866+0000] {dagbag.py:545} INFO - Filling up the DagBag from /opt/airflow/dags/basic_io_dag.py
[2024-05-17T03:10:04.873+0000] {processor.py:840} INFO - DAG(s) 'xcom_example_dag' retrieved from /opt/airflow/dags/basic_io_dag.py
[2024-05-17T03:10:04.886+0000] {logging_mixin.py:188} INFO - [2024-05-17T03:10:04.886+0000] {dag.py:3096} INFO - Sync 1 DAGs
[2024-05-17T03:10:04.892+0000] {logging_mixin.py:188} INFO - [2024-05-17T03:10:04.892+0000] {dag.py:3954} INFO - Setting next_dagrun for xcom_example_dag to None, run_after=None
[2024-05-17T03:10:04.900+0000] {processor.py:183} INFO - Processing /opt/airflow/dags/basic_io_dag.py took 0.039 seconds
[2024-05-17T03:10:35.715+0000] {processor.py:161} INFO - Started process (PID=18176) to work on /opt/airflow/dags/basic_io_dag.py
[2024-05-17T03:10:35.716+0000] {processor.py:830} INFO - Processing file /opt/airflow/dags/basic_io_dag.py for tasks to queue
[2024-05-17T03:10:35.717+0000] {logging_mixin.py:188} INFO - [2024-05-17T03:10:35.717+0000] {dagbag.py:545} INFO - Filling up the DagBag from /opt/airflow/dags/basic_io_dag.py
[2024-05-17T03:10:35.723+0000] {processor.py:840} INFO - DAG(s) 'xcom_example_dag' retrieved from /opt/airflow/dags/basic_io_dag.py
[2024-05-17T03:10:35.734+0000] {logging_mixin.py:188} INFO - [2024-05-17T03:10:35.734+0000] {dag.py:3096} INFO - Sync 1 DAGs
[2024-05-17T03:10:35.741+0000] {logging_mixin.py:188} INFO - [2024-05-17T03:10:35.741+0000] {dag.py:3954} INFO - Setting next_dagrun for xcom_example_dag to None, run_after=None
[2024-05-17T03:10:35.749+0000] {processor.py:183} INFO - Processing /opt/airflow/dags/basic_io_dag.py took 0.037 seconds
[2024-05-17T03:11:06.563+0000] {processor.py:161} INFO - Started process (PID=18227) to work on /opt/airflow/dags/basic_io_dag.py
[2024-05-17T03:11:06.564+0000] {processor.py:830} INFO - Processing file /opt/airflow/dags/basic_io_dag.py for tasks to queue
[2024-05-17T03:11:06.564+0000] {logging_mixin.py:188} INFO - [2024-05-17T03:11:06.564+0000] {dagbag.py:545} INFO - Filling up the DagBag from /opt/airflow/dags/basic_io_dag.py
[2024-05-17T03:11:06.570+0000] {processor.py:840} INFO - DAG(s) 'xcom_example_dag' retrieved from /opt/airflow/dags/basic_io_dag.py
[2024-05-17T03:11:06.582+0000] {logging_mixin.py:188} INFO - [2024-05-17T03:11:06.582+0000] {dag.py:3096} INFO - Sync 1 DAGs
[2024-05-17T03:11:06.589+0000] {logging_mixin.py:188} INFO - [2024-05-17T03:11:06.589+0000] {dag.py:3954} INFO - Setting next_dagrun for xcom_example_dag to None, run_after=None
[2024-05-17T03:11:06.598+0000] {processor.py:183} INFO - Processing /opt/airflow/dags/basic_io_dag.py took 0.038 seconds
[2024-05-17T03:11:37.447+0000] {processor.py:161} INFO - Started process (PID=18279) to work on /opt/airflow/dags/basic_io_dag.py
[2024-05-17T03:11:37.448+0000] {processor.py:830} INFO - Processing file /opt/airflow/dags/basic_io_dag.py for tasks to queue
[2024-05-17T03:11:37.448+0000] {logging_mixin.py:188} INFO - [2024-05-17T03:11:37.448+0000] {dagbag.py:545} INFO - Filling up the DagBag from /opt/airflow/dags/basic_io_dag.py
[2024-05-17T03:11:37.454+0000] {processor.py:840} INFO - DAG(s) 'xcom_example_dag' retrieved from /opt/airflow/dags/basic_io_dag.py
[2024-05-17T03:11:37.466+0000] {logging_mixin.py:188} INFO - [2024-05-17T03:11:37.465+0000] {dag.py:3096} INFO - Sync 1 DAGs
[2024-05-17T03:11:37.472+0000] {logging_mixin.py:188} INFO - [2024-05-17T03:11:37.472+0000] {dag.py:3954} INFO - Setting next_dagrun for xcom_example_dag to None, run_after=None
[2024-05-17T03:11:37.481+0000] {processor.py:183} INFO - Processing /opt/airflow/dags/basic_io_dag.py took 0.037 seconds
[2024-05-17T03:12:08.206+0000] {processor.py:161} INFO - Started process (PID=18336) to work on /opt/airflow/dags/basic_io_dag.py
[2024-05-17T03:12:08.208+0000] {processor.py:830} INFO - Processing file /opt/airflow/dags/basic_io_dag.py for tasks to queue
[2024-05-17T03:12:08.208+0000] {logging_mixin.py:188} INFO - [2024-05-17T03:12:08.208+0000] {dagbag.py:545} INFO - Filling up the DagBag from /opt/airflow/dags/basic_io_dag.py
[2024-05-17T03:12:08.214+0000] {processor.py:840} INFO - DAG(s) 'xcom_example_dag' retrieved from /opt/airflow/dags/basic_io_dag.py
[2024-05-17T03:12:08.226+0000] {logging_mixin.py:188} INFO - [2024-05-17T03:12:08.226+0000] {dag.py:3096} INFO - Sync 1 DAGs
[2024-05-17T03:12:08.234+0000] {logging_mixin.py:188} INFO - [2024-05-17T03:12:08.233+0000] {dag.py:3954} INFO - Setting next_dagrun for xcom_example_dag to None, run_after=None
[2024-05-17T03:12:08.244+0000] {processor.py:183} INFO - Processing /opt/airflow/dags/basic_io_dag.py took 0.041 seconds
[2024-05-17T03:12:39.094+0000] {processor.py:161} INFO - Started process (PID=18387) to work on /opt/airflow/dags/basic_io_dag.py
[2024-05-17T03:12:39.095+0000] {processor.py:830} INFO - Processing file /opt/airflow/dags/basic_io_dag.py for tasks to queue
[2024-05-17T03:12:39.095+0000] {logging_mixin.py:188} INFO - [2024-05-17T03:12:39.095+0000] {dagbag.py:545} INFO - Filling up the DagBag from /opt/airflow/dags/basic_io_dag.py
[2024-05-17T03:12:39.102+0000] {processor.py:840} INFO - DAG(s) 'xcom_example_dag' retrieved from /opt/airflow/dags/basic_io_dag.py
[2024-05-17T03:12:39.114+0000] {logging_mixin.py:188} INFO - [2024-05-17T03:12:39.114+0000] {dag.py:3096} INFO - Sync 1 DAGs
[2024-05-17T03:12:39.121+0000] {logging_mixin.py:188} INFO - [2024-05-17T03:12:39.121+0000] {dag.py:3954} INFO - Setting next_dagrun for xcom_example_dag to None, run_after=None
[2024-05-17T03:12:39.129+0000] {processor.py:183} INFO - Processing /opt/airflow/dags/basic_io_dag.py took 0.039 seconds
[2024-05-17T03:13:09.829+0000] {processor.py:161} INFO - Started process (PID=18438) to work on /opt/airflow/dags/basic_io_dag.py
[2024-05-17T03:13:09.831+0000] {processor.py:830} INFO - Processing file /opt/airflow/dags/basic_io_dag.py for tasks to queue
[2024-05-17T03:13:09.832+0000] {logging_mixin.py:188} INFO - [2024-05-17T03:13:09.832+0000] {dagbag.py:545} INFO - Filling up the DagBag from /opt/airflow/dags/basic_io_dag.py
[2024-05-17T03:13:09.838+0000] {processor.py:840} INFO - DAG(s) 'xcom_example_dag' retrieved from /opt/airflow/dags/basic_io_dag.py
[2024-05-17T03:13:09.849+0000] {logging_mixin.py:188} INFO - [2024-05-17T03:13:09.849+0000] {dag.py:3096} INFO - Sync 1 DAGs
[2024-05-17T03:13:09.855+0000] {logging_mixin.py:188} INFO - [2024-05-17T03:13:09.855+0000] {dag.py:3954} INFO - Setting next_dagrun for xcom_example_dag to None, run_after=None
[2024-05-17T03:13:09.863+0000] {processor.py:183} INFO - Processing /opt/airflow/dags/basic_io_dag.py took 0.038 seconds
[2024-05-17T03:13:40.635+0000] {processor.py:161} INFO - Started process (PID=18489) to work on /opt/airflow/dags/basic_io_dag.py
[2024-05-17T03:13:40.636+0000] {processor.py:830} INFO - Processing file /opt/airflow/dags/basic_io_dag.py for tasks to queue
[2024-05-17T03:13:40.637+0000] {logging_mixin.py:188} INFO - [2024-05-17T03:13:40.637+0000] {dagbag.py:545} INFO - Filling up the DagBag from /opt/airflow/dags/basic_io_dag.py
[2024-05-17T03:13:40.644+0000] {processor.py:840} INFO - DAG(s) 'xcom_example_dag' retrieved from /opt/airflow/dags/basic_io_dag.py
[2024-05-17T03:13:40.656+0000] {logging_mixin.py:188} INFO - [2024-05-17T03:13:40.656+0000] {dag.py:3096} INFO - Sync 1 DAGs
[2024-05-17T03:13:40.662+0000] {logging_mixin.py:188} INFO - [2024-05-17T03:13:40.662+0000] {dag.py:3954} INFO - Setting next_dagrun for xcom_example_dag to None, run_after=None
[2024-05-17T03:13:40.671+0000] {processor.py:183} INFO - Processing /opt/airflow/dags/basic_io_dag.py took 0.039 seconds
[2024-05-17T03:14:11.409+0000] {processor.py:161} INFO - Started process (PID=18545) to work on /opt/airflow/dags/basic_io_dag.py
[2024-05-17T03:14:11.410+0000] {processor.py:830} INFO - Processing file /opt/airflow/dags/basic_io_dag.py for tasks to queue
[2024-05-17T03:14:11.411+0000] {logging_mixin.py:188} INFO - [2024-05-17T03:14:11.411+0000] {dagbag.py:545} INFO - Filling up the DagBag from /opt/airflow/dags/basic_io_dag.py
[2024-05-17T03:14:11.417+0000] {processor.py:840} INFO - DAG(s) 'xcom_example_dag' retrieved from /opt/airflow/dags/basic_io_dag.py
[2024-05-17T03:14:11.429+0000] {logging_mixin.py:188} INFO - [2024-05-17T03:14:11.429+0000] {dag.py:3096} INFO - Sync 1 DAGs
[2024-05-17T03:14:11.434+0000] {logging_mixin.py:188} INFO - [2024-05-17T03:14:11.434+0000] {dag.py:3954} INFO - Setting next_dagrun for xcom_example_dag to None, run_after=None
[2024-05-17T03:14:11.444+0000] {processor.py:183} INFO - Processing /opt/airflow/dags/basic_io_dag.py took 0.038 seconds
[2024-05-17T03:14:42.193+0000] {processor.py:161} INFO - Started process (PID=18596) to work on /opt/airflow/dags/basic_io_dag.py
[2024-05-17T03:14:42.194+0000] {processor.py:830} INFO - Processing file /opt/airflow/dags/basic_io_dag.py for tasks to queue
[2024-05-17T03:14:42.194+0000] {logging_mixin.py:188} INFO - [2024-05-17T03:14:42.194+0000] {dagbag.py:545} INFO - Filling up the DagBag from /opt/airflow/dags/basic_io_dag.py
[2024-05-17T03:14:42.200+0000] {processor.py:840} INFO - DAG(s) 'xcom_example_dag' retrieved from /opt/airflow/dags/basic_io_dag.py
[2024-05-17T03:14:42.212+0000] {logging_mixin.py:188} INFO - [2024-05-17T03:14:42.212+0000] {dag.py:3096} INFO - Sync 1 DAGs
[2024-05-17T03:14:42.218+0000] {logging_mixin.py:188} INFO - [2024-05-17T03:14:42.218+0000] {dag.py:3954} INFO - Setting next_dagrun for xcom_example_dag to None, run_after=None
[2024-05-17T03:14:42.227+0000] {processor.py:183} INFO - Processing /opt/airflow/dags/basic_io_dag.py took 0.037 seconds
