[2024-05-17T00:32:56.618+0000] {processor.py:161} INFO - Started process (PID=16551) to work on /opt/airflow/dags/dag_with_minio_s3.py
[2024-05-17T00:32:56.619+0000] {processor.py:830} INFO - Processing file /opt/airflow/dags/dag_with_minio_s3.py for tasks to queue
[2024-05-17T00:32:56.620+0000] {logging_mixin.py:188} INFO - [2024-05-17T00:32:56.620+0000] {dagbag.py:545} INFO - Filling up the DagBag from /opt/airflow/dags/dag_with_minio_s3.py
[2024-05-17T00:32:56.633+0000] {processor.py:840} INFO - DAG(s) 'dag_with_minio_s3_v02' retrieved from /opt/airflow/dags/dag_with_minio_s3.py
[2024-05-17T00:32:56.646+0000] {logging_mixin.py:188} INFO - [2024-05-17T00:32:56.646+0000] {dag.py:3096} INFO - Sync 1 DAGs
[2024-05-17T00:32:56.658+0000] {logging_mixin.py:188} INFO - [2024-05-17T00:32:56.657+0000] {dag.py:3954} INFO - Setting next_dagrun for dag_with_minio_s3_v02 to 2024-05-10 00:00:00+00:00, run_after=2024-05-11 00:00:00+00:00
[2024-05-17T00:32:56.667+0000] {processor.py:183} INFO - Processing /opt/airflow/dags/dag_with_minio_s3.py took 0.052 seconds
[2024-05-17T01:51:09.020+0000] {processor.py:161} INFO - Started process (PID=16604) to work on /opt/airflow/dags/dag_with_minio_s3.py
[2024-05-17T01:51:09.022+0000] {processor.py:830} INFO - Processing file /opt/airflow/dags/dag_with_minio_s3.py for tasks to queue
[2024-05-17T01:51:09.023+0000] {logging_mixin.py:188} INFO - [2024-05-17T01:51:09.023+0000] {dagbag.py:545} INFO - Filling up the DagBag from /opt/airflow/dags/dag_with_minio_s3.py
[2024-05-17T01:51:09.035+0000] {processor.py:840} INFO - DAG(s) 'dag_with_minio_s3_v02' retrieved from /opt/airflow/dags/dag_with_minio_s3.py
[2024-05-17T01:51:09.049+0000] {logging_mixin.py:188} INFO - [2024-05-17T01:51:09.049+0000] {dag.py:3096} INFO - Sync 1 DAGs
[2024-05-17T01:51:09.061+0000] {logging_mixin.py:188} INFO - [2024-05-17T01:51:09.061+0000] {dag.py:3954} INFO - Setting next_dagrun for dag_with_minio_s3_v02 to 2024-05-10 00:00:00+00:00, run_after=2024-05-11 00:00:00+00:00
[2024-05-17T01:51:09.070+0000] {processor.py:183} INFO - Processing /opt/airflow/dags/dag_with_minio_s3.py took 0.053 seconds
[2024-05-17T02:51:07.823+0000] {processor.py:161} INFO - Started process (PID=16655) to work on /opt/airflow/dags/dag_with_minio_s3.py
[2024-05-17T02:51:07.824+0000] {processor.py:830} INFO - Processing file /opt/airflow/dags/dag_with_minio_s3.py for tasks to queue
[2024-05-17T02:51:07.825+0000] {logging_mixin.py:188} INFO - [2024-05-17T02:51:07.825+0000] {dagbag.py:545} INFO - Filling up the DagBag from /opt/airflow/dags/dag_with_minio_s3.py
[2024-05-17T02:51:07.832+0000] {processor.py:840} INFO - DAG(s) 'dag_with_minio_s3_v02' retrieved from /opt/airflow/dags/dag_with_minio_s3.py
[2024-05-17T02:51:07.843+0000] {logging_mixin.py:188} INFO - [2024-05-17T02:51:07.843+0000] {dag.py:3096} INFO - Sync 1 DAGs
[2024-05-17T02:51:07.853+0000] {logging_mixin.py:188} INFO - [2024-05-17T02:51:07.853+0000] {dag.py:3954} INFO - Setting next_dagrun for dag_with_minio_s3_v02 to 2024-05-10 00:00:00+00:00, run_after=2024-05-11 00:00:00+00:00
[2024-05-17T02:51:07.860+0000] {processor.py:183} INFO - Processing /opt/airflow/dags/dag_with_minio_s3.py took 0.040 seconds
[2024-05-17T02:56:12.327+0000] {processor.py:161} INFO - Started process (PID=16721) to work on /opt/airflow/dags/dag_with_minio_s3.py
[2024-05-17T02:56:12.328+0000] {processor.py:830} INFO - Processing file /opt/airflow/dags/dag_with_minio_s3.py for tasks to queue
[2024-05-17T02:56:12.328+0000] {logging_mixin.py:188} INFO - [2024-05-17T02:56:12.328+0000] {dagbag.py:545} INFO - Filling up the DagBag from /opt/airflow/dags/dag_with_minio_s3.py
[2024-05-17T02:56:12.336+0000] {processor.py:840} INFO - DAG(s) 'dag_with_minio_s3_v02' retrieved from /opt/airflow/dags/dag_with_minio_s3.py
[2024-05-17T02:56:12.350+0000] {logging_mixin.py:188} INFO - [2024-05-17T02:56:12.349+0000] {dag.py:3096} INFO - Sync 1 DAGs
[2024-05-17T02:56:12.362+0000] {logging_mixin.py:188} INFO - [2024-05-17T02:56:12.362+0000] {dag.py:3954} INFO - Setting next_dagrun for dag_with_minio_s3_v02 to 2024-05-10 00:00:00+00:00, run_after=2024-05-11 00:00:00+00:00
[2024-05-17T02:56:12.371+0000] {processor.py:183} INFO - Processing /opt/airflow/dags/dag_with_minio_s3.py took 0.048 seconds
[2024-05-17T02:56:43.066+0000] {processor.py:161} INFO - Started process (PID=16774) to work on /opt/airflow/dags/dag_with_minio_s3.py
[2024-05-17T02:56:43.067+0000] {processor.py:830} INFO - Processing file /opt/airflow/dags/dag_with_minio_s3.py for tasks to queue
[2024-05-17T02:56:43.067+0000] {logging_mixin.py:188} INFO - [2024-05-17T02:56:43.067+0000] {dagbag.py:545} INFO - Filling up the DagBag from /opt/airflow/dags/dag_with_minio_s3.py
[2024-05-17T02:56:43.075+0000] {processor.py:840} INFO - DAG(s) 'dag_with_minio_s3_v02' retrieved from /opt/airflow/dags/dag_with_minio_s3.py
[2024-05-17T02:56:43.087+0000] {logging_mixin.py:188} INFO - [2024-05-17T02:56:43.087+0000] {dag.py:3096} INFO - Sync 1 DAGs
[2024-05-17T02:56:43.098+0000] {logging_mixin.py:188} INFO - [2024-05-17T02:56:43.098+0000] {dag.py:3954} INFO - Setting next_dagrun for dag_with_minio_s3_v02 to 2024-05-10 00:00:00+00:00, run_after=2024-05-11 00:00:00+00:00
[2024-05-17T02:56:43.106+0000] {processor.py:183} INFO - Processing /opt/airflow/dags/dag_with_minio_s3.py took 0.043 seconds
[2024-05-17T02:57:13.941+0000] {processor.py:161} INFO - Started process (PID=16825) to work on /opt/airflow/dags/dag_with_minio_s3.py
[2024-05-17T02:57:13.942+0000] {processor.py:830} INFO - Processing file /opt/airflow/dags/dag_with_minio_s3.py for tasks to queue
[2024-05-17T02:57:13.942+0000] {logging_mixin.py:188} INFO - [2024-05-17T02:57:13.942+0000] {dagbag.py:545} INFO - Filling up the DagBag from /opt/airflow/dags/dag_with_minio_s3.py
[2024-05-17T02:57:13.950+0000] {processor.py:840} INFO - DAG(s) 'dag_with_minio_s3_v02' retrieved from /opt/airflow/dags/dag_with_minio_s3.py
[2024-05-17T02:57:13.962+0000] {logging_mixin.py:188} INFO - [2024-05-17T02:57:13.962+0000] {dag.py:3096} INFO - Sync 1 DAGs
[2024-05-17T02:57:13.972+0000] {logging_mixin.py:188} INFO - [2024-05-17T02:57:13.972+0000] {dag.py:3954} INFO - Setting next_dagrun for dag_with_minio_s3_v02 to 2024-05-10 00:00:00+00:00, run_after=2024-05-11 00:00:00+00:00
[2024-05-17T02:57:13.981+0000] {processor.py:183} INFO - Processing /opt/airflow/dags/dag_with_minio_s3.py took 0.042 seconds
[2024-05-17T02:57:44.752+0000] {processor.py:161} INFO - Started process (PID=16876) to work on /opt/airflow/dags/dag_with_minio_s3.py
[2024-05-17T02:57:44.753+0000] {processor.py:830} INFO - Processing file /opt/airflow/dags/dag_with_minio_s3.py for tasks to queue
[2024-05-17T02:57:44.753+0000] {logging_mixin.py:188} INFO - [2024-05-17T02:57:44.753+0000] {dagbag.py:545} INFO - Filling up the DagBag from /opt/airflow/dags/dag_with_minio_s3.py
[2024-05-17T02:57:44.761+0000] {processor.py:840} INFO - DAG(s) 'dag_with_minio_s3_v02' retrieved from /opt/airflow/dags/dag_with_minio_s3.py
[2024-05-17T02:57:44.774+0000] {logging_mixin.py:188} INFO - [2024-05-17T02:57:44.774+0000] {dag.py:3096} INFO - Sync 1 DAGs
[2024-05-17T02:57:44.785+0000] {logging_mixin.py:188} INFO - [2024-05-17T02:57:44.784+0000] {dag.py:3954} INFO - Setting next_dagrun for dag_with_minio_s3_v02 to 2024-05-10 00:00:00+00:00, run_after=2024-05-11 00:00:00+00:00
[2024-05-17T02:57:44.793+0000] {processor.py:183} INFO - Processing /opt/airflow/dags/dag_with_minio_s3.py took 0.044 seconds
[2024-05-17T02:58:15.626+0000] {processor.py:161} INFO - Started process (PID=16935) to work on /opt/airflow/dags/dag_with_minio_s3.py
[2024-05-17T02:58:15.626+0000] {processor.py:830} INFO - Processing file /opt/airflow/dags/dag_with_minio_s3.py for tasks to queue
[2024-05-17T02:58:15.627+0000] {logging_mixin.py:188} INFO - [2024-05-17T02:58:15.627+0000] {dagbag.py:545} INFO - Filling up the DagBag from /opt/airflow/dags/dag_with_minio_s3.py
[2024-05-17T02:58:15.634+0000] {processor.py:840} INFO - DAG(s) 'dag_with_minio_s3_v02' retrieved from /opt/airflow/dags/dag_with_minio_s3.py
[2024-05-17T02:58:15.646+0000] {logging_mixin.py:188} INFO - [2024-05-17T02:58:15.646+0000] {dag.py:3096} INFO - Sync 1 DAGs
[2024-05-17T02:58:15.663+0000] {logging_mixin.py:188} INFO - [2024-05-17T02:58:15.663+0000] {dag.py:3954} INFO - Setting next_dagrun for dag_with_minio_s3_v02 to 2024-05-10 00:00:00+00:00, run_after=2024-05-11 00:00:00+00:00
[2024-05-17T02:58:15.671+0000] {processor.py:183} INFO - Processing /opt/airflow/dags/dag_with_minio_s3.py took 0.048 seconds
[2024-05-17T02:58:46.398+0000] {processor.py:161} INFO - Started process (PID=16984) to work on /opt/airflow/dags/dag_with_minio_s3.py
[2024-05-17T02:58:46.398+0000] {processor.py:830} INFO - Processing file /opt/airflow/dags/dag_with_minio_s3.py for tasks to queue
[2024-05-17T02:58:46.399+0000] {logging_mixin.py:188} INFO - [2024-05-17T02:58:46.399+0000] {dagbag.py:545} INFO - Filling up the DagBag from /opt/airflow/dags/dag_with_minio_s3.py
[2024-05-17T02:58:46.407+0000] {processor.py:840} INFO - DAG(s) 'dag_with_minio_s3_v02' retrieved from /opt/airflow/dags/dag_with_minio_s3.py
[2024-05-17T02:58:46.419+0000] {logging_mixin.py:188} INFO - [2024-05-17T02:58:46.419+0000] {dag.py:3096} INFO - Sync 1 DAGs
[2024-05-17T02:58:46.430+0000] {logging_mixin.py:188} INFO - [2024-05-17T02:58:46.430+0000] {dag.py:3954} INFO - Setting next_dagrun for dag_with_minio_s3_v02 to 2024-05-10 00:00:00+00:00, run_after=2024-05-11 00:00:00+00:00
[2024-05-17T02:58:46.438+0000] {processor.py:183} INFO - Processing /opt/airflow/dags/dag_with_minio_s3.py took 0.043 seconds
[2024-05-17T02:59:17.278+0000] {processor.py:161} INFO - Started process (PID=17037) to work on /opt/airflow/dags/dag_with_minio_s3.py
[2024-05-17T02:59:17.279+0000] {processor.py:830} INFO - Processing file /opt/airflow/dags/dag_with_minio_s3.py for tasks to queue
[2024-05-17T02:59:17.279+0000] {logging_mixin.py:188} INFO - [2024-05-17T02:59:17.279+0000] {dagbag.py:545} INFO - Filling up the DagBag from /opt/airflow/dags/dag_with_minio_s3.py
[2024-05-17T02:59:17.286+0000] {processor.py:840} INFO - DAG(s) 'dag_with_minio_s3_v02' retrieved from /opt/airflow/dags/dag_with_minio_s3.py
[2024-05-17T02:59:17.298+0000] {logging_mixin.py:188} INFO - [2024-05-17T02:59:17.298+0000] {dag.py:3096} INFO - Sync 1 DAGs
[2024-05-17T02:59:17.308+0000] {logging_mixin.py:188} INFO - [2024-05-17T02:59:17.308+0000] {dag.py:3954} INFO - Setting next_dagrun for dag_with_minio_s3_v02 to 2024-05-10 00:00:00+00:00, run_after=2024-05-11 00:00:00+00:00
[2024-05-17T02:59:17.316+0000] {processor.py:183} INFO - Processing /opt/airflow/dags/dag_with_minio_s3.py took 0.041 seconds
[2024-05-17T02:59:47.974+0000] {processor.py:161} INFO - Started process (PID=17085) to work on /opt/airflow/dags/dag_with_minio_s3.py
[2024-05-17T02:59:47.974+0000] {processor.py:830} INFO - Processing file /opt/airflow/dags/dag_with_minio_s3.py for tasks to queue
[2024-05-17T02:59:47.975+0000] {logging_mixin.py:188} INFO - [2024-05-17T02:59:47.975+0000] {dagbag.py:545} INFO - Filling up the DagBag from /opt/airflow/dags/dag_with_minio_s3.py
[2024-05-17T02:59:47.998+0000] {processor.py:840} INFO - DAG(s) 'dag_with_minio_s3_v02' retrieved from /opt/airflow/dags/dag_with_minio_s3.py
[2024-05-17T02:59:48.010+0000] {logging_mixin.py:188} INFO - [2024-05-17T02:59:48.010+0000] {dag.py:3096} INFO - Sync 1 DAGs
[2024-05-17T02:59:48.021+0000] {logging_mixin.py:188} INFO - [2024-05-17T02:59:48.021+0000] {dag.py:3954} INFO - Setting next_dagrun for dag_with_minio_s3_v02 to 2024-05-10 00:00:00+00:00, run_after=2024-05-11 00:00:00+00:00
[2024-05-17T02:59:48.028+0000] {processor.py:183} INFO - Processing /opt/airflow/dags/dag_with_minio_s3.py took 0.058 seconds
[2024-05-17T03:00:18.851+0000] {processor.py:161} INFO - Started process (PID=17143) to work on /opt/airflow/dags/dag_with_minio_s3.py
[2024-05-17T03:00:18.852+0000] {processor.py:830} INFO - Processing file /opt/airflow/dags/dag_with_minio_s3.py for tasks to queue
[2024-05-17T03:00:18.852+0000] {logging_mixin.py:188} INFO - [2024-05-17T03:00:18.852+0000] {dagbag.py:545} INFO - Filling up the DagBag from /opt/airflow/dags/dag_with_minio_s3.py
[2024-05-17T03:00:18.859+0000] {processor.py:840} INFO - DAG(s) 'dag_with_minio_s3_v02' retrieved from /opt/airflow/dags/dag_with_minio_s3.py
[2024-05-17T03:00:18.872+0000] {logging_mixin.py:188} INFO - [2024-05-17T03:00:18.871+0000] {dag.py:3096} INFO - Sync 1 DAGs
[2024-05-17T03:00:18.883+0000] {logging_mixin.py:188} INFO - [2024-05-17T03:00:18.883+0000] {dag.py:3954} INFO - Setting next_dagrun for dag_with_minio_s3_v02 to 2024-05-10 00:00:00+00:00, run_after=2024-05-11 00:00:00+00:00
[2024-05-17T03:00:18.890+0000] {processor.py:183} INFO - Processing /opt/airflow/dags/dag_with_minio_s3.py took 0.043 seconds
[2024-05-17T03:00:49.566+0000] {processor.py:161} INFO - Started process (PID=17192) to work on /opt/airflow/dags/dag_with_minio_s3.py
[2024-05-17T03:00:49.566+0000] {processor.py:830} INFO - Processing file /opt/airflow/dags/dag_with_minio_s3.py for tasks to queue
[2024-05-17T03:00:49.567+0000] {logging_mixin.py:188} INFO - [2024-05-17T03:00:49.567+0000] {dagbag.py:545} INFO - Filling up the DagBag from /opt/airflow/dags/dag_with_minio_s3.py
[2024-05-17T03:00:49.575+0000] {processor.py:840} INFO - DAG(s) 'dag_with_minio_s3_v02' retrieved from /opt/airflow/dags/dag_with_minio_s3.py
[2024-05-17T03:00:49.588+0000] {logging_mixin.py:188} INFO - [2024-05-17T03:00:49.588+0000] {dag.py:3096} INFO - Sync 1 DAGs
[2024-05-17T03:00:49.599+0000] {logging_mixin.py:188} INFO - [2024-05-17T03:00:49.598+0000] {dag.py:3954} INFO - Setting next_dagrun for dag_with_minio_s3_v02 to 2024-05-10 00:00:00+00:00, run_after=2024-05-11 00:00:00+00:00
[2024-05-17T03:00:49.606+0000] {processor.py:183} INFO - Processing /opt/airflow/dags/dag_with_minio_s3.py took 0.044 seconds
[2024-05-17T03:01:20.457+0000] {processor.py:161} INFO - Started process (PID=17242) to work on /opt/airflow/dags/dag_with_minio_s3.py
[2024-05-17T03:01:20.458+0000] {processor.py:830} INFO - Processing file /opt/airflow/dags/dag_with_minio_s3.py for tasks to queue
[2024-05-17T03:01:20.458+0000] {logging_mixin.py:188} INFO - [2024-05-17T03:01:20.458+0000] {dagbag.py:545} INFO - Filling up the DagBag from /opt/airflow/dags/dag_with_minio_s3.py
[2024-05-17T03:01:20.466+0000] {processor.py:840} INFO - DAG(s) 'dag_with_minio_s3_v02' retrieved from /opt/airflow/dags/dag_with_minio_s3.py
[2024-05-17T03:01:20.478+0000] {logging_mixin.py:188} INFO - [2024-05-17T03:01:20.477+0000] {dag.py:3096} INFO - Sync 1 DAGs
[2024-05-17T03:01:20.489+0000] {logging_mixin.py:188} INFO - [2024-05-17T03:01:20.489+0000] {dag.py:3954} INFO - Setting next_dagrun for dag_with_minio_s3_v02 to 2024-05-10 00:00:00+00:00, run_after=2024-05-11 00:00:00+00:00
[2024-05-17T03:01:20.496+0000] {processor.py:183} INFO - Processing /opt/airflow/dags/dag_with_minio_s3.py took 0.043 seconds
[2024-05-17T03:01:51.280+0000] {processor.py:161} INFO - Started process (PID=17293) to work on /opt/airflow/dags/dag_with_minio_s3.py
[2024-05-17T03:01:51.281+0000] {processor.py:830} INFO - Processing file /opt/airflow/dags/dag_with_minio_s3.py for tasks to queue
[2024-05-17T03:01:51.282+0000] {logging_mixin.py:188} INFO - [2024-05-17T03:01:51.281+0000] {dagbag.py:545} INFO - Filling up the DagBag from /opt/airflow/dags/dag_with_minio_s3.py
[2024-05-17T03:01:51.289+0000] {processor.py:840} INFO - DAG(s) 'dag_with_minio_s3_v02' retrieved from /opt/airflow/dags/dag_with_minio_s3.py
[2024-05-17T03:01:51.301+0000] {logging_mixin.py:188} INFO - [2024-05-17T03:01:51.301+0000] {dag.py:3096} INFO - Sync 1 DAGs
[2024-05-17T03:01:51.312+0000] {logging_mixin.py:188} INFO - [2024-05-17T03:01:51.312+0000] {dag.py:3954} INFO - Setting next_dagrun for dag_with_minio_s3_v02 to 2024-05-10 00:00:00+00:00, run_after=2024-05-11 00:00:00+00:00
[2024-05-17T03:01:51.320+0000] {processor.py:183} INFO - Processing /opt/airflow/dags/dag_with_minio_s3.py took 0.042 seconds
[2024-05-17T03:02:22.138+0000] {processor.py:161} INFO - Started process (PID=17352) to work on /opt/airflow/dags/dag_with_minio_s3.py
[2024-05-17T03:02:22.139+0000] {processor.py:830} INFO - Processing file /opt/airflow/dags/dag_with_minio_s3.py for tasks to queue
[2024-05-17T03:02:22.139+0000] {logging_mixin.py:188} INFO - [2024-05-17T03:02:22.139+0000] {dagbag.py:545} INFO - Filling up the DagBag from /opt/airflow/dags/dag_with_minio_s3.py
[2024-05-17T03:02:22.147+0000] {processor.py:840} INFO - DAG(s) 'dag_with_minio_s3_v02' retrieved from /opt/airflow/dags/dag_with_minio_s3.py
[2024-05-17T03:02:22.159+0000] {logging_mixin.py:188} INFO - [2024-05-17T03:02:22.159+0000] {dag.py:3096} INFO - Sync 1 DAGs
[2024-05-17T03:02:22.171+0000] {logging_mixin.py:188} INFO - [2024-05-17T03:02:22.170+0000] {dag.py:3954} INFO - Setting next_dagrun for dag_with_minio_s3_v02 to 2024-05-10 00:00:00+00:00, run_after=2024-05-11 00:00:00+00:00
[2024-05-17T03:02:22.178+0000] {processor.py:183} INFO - Processing /opt/airflow/dags/dag_with_minio_s3.py took 0.043 seconds
[2024-05-17T03:02:53.004+0000] {processor.py:161} INFO - Started process (PID=17403) to work on /opt/airflow/dags/dag_with_minio_s3.py
[2024-05-17T03:02:53.005+0000] {processor.py:830} INFO - Processing file /opt/airflow/dags/dag_with_minio_s3.py for tasks to queue
[2024-05-17T03:02:53.006+0000] {logging_mixin.py:188} INFO - [2024-05-17T03:02:53.005+0000] {dagbag.py:545} INFO - Filling up the DagBag from /opt/airflow/dags/dag_with_minio_s3.py
[2024-05-17T03:02:53.013+0000] {processor.py:840} INFO - DAG(s) 'dag_with_minio_s3_v02' retrieved from /opt/airflow/dags/dag_with_minio_s3.py
[2024-05-17T03:02:53.025+0000] {logging_mixin.py:188} INFO - [2024-05-17T03:02:53.025+0000] {dag.py:3096} INFO - Sync 1 DAGs
[2024-05-17T03:02:53.035+0000] {logging_mixin.py:188} INFO - [2024-05-17T03:02:53.035+0000] {dag.py:3954} INFO - Setting next_dagrun for dag_with_minio_s3_v02 to 2024-05-10 00:00:00+00:00, run_after=2024-05-11 00:00:00+00:00
[2024-05-17T03:02:53.043+0000] {processor.py:183} INFO - Processing /opt/airflow/dags/dag_with_minio_s3.py took 0.041 seconds
[2024-05-17T03:03:23.835+0000] {processor.py:161} INFO - Started process (PID=17454) to work on /opt/airflow/dags/dag_with_minio_s3.py
[2024-05-17T03:03:23.835+0000] {processor.py:830} INFO - Processing file /opt/airflow/dags/dag_with_minio_s3.py for tasks to queue
[2024-05-17T03:03:23.836+0000] {logging_mixin.py:188} INFO - [2024-05-17T03:03:23.836+0000] {dagbag.py:545} INFO - Filling up the DagBag from /opt/airflow/dags/dag_with_minio_s3.py
[2024-05-17T03:03:23.843+0000] {processor.py:840} INFO - DAG(s) 'dag_with_minio_s3_v02' retrieved from /opt/airflow/dags/dag_with_minio_s3.py
[2024-05-17T03:03:23.854+0000] {logging_mixin.py:188} INFO - [2024-05-17T03:03:23.854+0000] {dag.py:3096} INFO - Sync 1 DAGs
[2024-05-17T03:03:23.865+0000] {logging_mixin.py:188} INFO - [2024-05-17T03:03:23.865+0000] {dag.py:3954} INFO - Setting next_dagrun for dag_with_minio_s3_v02 to 2024-05-10 00:00:00+00:00, run_after=2024-05-11 00:00:00+00:00
[2024-05-17T03:03:23.872+0000] {processor.py:183} INFO - Processing /opt/airflow/dags/dag_with_minio_s3.py took 0.041 seconds
[2024-05-17T03:03:54.684+0000] {processor.py:161} INFO - Started process (PID=17505) to work on /opt/airflow/dags/dag_with_minio_s3.py
[2024-05-17T03:03:54.685+0000] {processor.py:830} INFO - Processing file /opt/airflow/dags/dag_with_minio_s3.py for tasks to queue
[2024-05-17T03:03:54.685+0000] {logging_mixin.py:188} INFO - [2024-05-17T03:03:54.685+0000] {dagbag.py:545} INFO - Filling up the DagBag from /opt/airflow/dags/dag_with_minio_s3.py
[2024-05-17T03:03:54.692+0000] {processor.py:840} INFO - DAG(s) 'dag_with_minio_s3_v02' retrieved from /opt/airflow/dags/dag_with_minio_s3.py
[2024-05-17T03:03:54.704+0000] {logging_mixin.py:188} INFO - [2024-05-17T03:03:54.704+0000] {dag.py:3096} INFO - Sync 1 DAGs
[2024-05-17T03:03:54.715+0000] {logging_mixin.py:188} INFO - [2024-05-17T03:03:54.715+0000] {dag.py:3954} INFO - Setting next_dagrun for dag_with_minio_s3_v02 to 2024-05-10 00:00:00+00:00, run_after=2024-05-11 00:00:00+00:00
[2024-05-17T03:03:54.723+0000] {processor.py:183} INFO - Processing /opt/airflow/dags/dag_with_minio_s3.py took 0.042 seconds
[2024-05-17T03:04:25.424+0000] {processor.py:161} INFO - Started process (PID=17560) to work on /opt/airflow/dags/dag_with_minio_s3.py
[2024-05-17T03:04:25.425+0000] {processor.py:830} INFO - Processing file /opt/airflow/dags/dag_with_minio_s3.py for tasks to queue
[2024-05-17T03:04:25.425+0000] {logging_mixin.py:188} INFO - [2024-05-17T03:04:25.425+0000] {dagbag.py:545} INFO - Filling up the DagBag from /opt/airflow/dags/dag_with_minio_s3.py
[2024-05-17T03:04:25.433+0000] {processor.py:840} INFO - DAG(s) 'dag_with_minio_s3_v02' retrieved from /opt/airflow/dags/dag_with_minio_s3.py
[2024-05-17T03:04:25.446+0000] {logging_mixin.py:188} INFO - [2024-05-17T03:04:25.445+0000] {dag.py:3096} INFO - Sync 1 DAGs
[2024-05-17T03:04:25.457+0000] {logging_mixin.py:188} INFO - [2024-05-17T03:04:25.457+0000] {dag.py:3954} INFO - Setting next_dagrun for dag_with_minio_s3_v02 to 2024-05-10 00:00:00+00:00, run_after=2024-05-11 00:00:00+00:00
[2024-05-17T03:04:25.466+0000] {processor.py:183} INFO - Processing /opt/airflow/dags/dag_with_minio_s3.py took 0.046 seconds
[2024-05-17T03:04:56.360+0000] {processor.py:161} INFO - Started process (PID=17613) to work on /opt/airflow/dags/dag_with_minio_s3.py
[2024-05-17T03:04:56.361+0000] {processor.py:830} INFO - Processing file /opt/airflow/dags/dag_with_minio_s3.py for tasks to queue
[2024-05-17T03:04:56.361+0000] {logging_mixin.py:188} INFO - [2024-05-17T03:04:56.361+0000] {dagbag.py:545} INFO - Filling up the DagBag from /opt/airflow/dags/dag_with_minio_s3.py
[2024-05-17T03:04:56.369+0000] {processor.py:840} INFO - DAG(s) 'dag_with_minio_s3_v02' retrieved from /opt/airflow/dags/dag_with_minio_s3.py
[2024-05-17T03:04:56.381+0000] {logging_mixin.py:188} INFO - [2024-05-17T03:04:56.381+0000] {dag.py:3096} INFO - Sync 1 DAGs
[2024-05-17T03:04:56.391+0000] {logging_mixin.py:188} INFO - [2024-05-17T03:04:56.391+0000] {dag.py:3954} INFO - Setting next_dagrun for dag_with_minio_s3_v02 to 2024-05-10 00:00:00+00:00, run_after=2024-05-11 00:00:00+00:00
[2024-05-17T03:04:56.398+0000] {processor.py:183} INFO - Processing /opt/airflow/dags/dag_with_minio_s3.py took 0.041 seconds
[2024-05-17T03:05:27.156+0000] {processor.py:161} INFO - Started process (PID=17662) to work on /opt/airflow/dags/dag_with_minio_s3.py
[2024-05-17T03:05:27.157+0000] {processor.py:830} INFO - Processing file /opt/airflow/dags/dag_with_minio_s3.py for tasks to queue
[2024-05-17T03:05:27.157+0000] {logging_mixin.py:188} INFO - [2024-05-17T03:05:27.157+0000] {dagbag.py:545} INFO - Filling up the DagBag from /opt/airflow/dags/dag_with_minio_s3.py
[2024-05-17T03:05:27.165+0000] {processor.py:840} INFO - DAG(s) 'dag_with_minio_s3_v02' retrieved from /opt/airflow/dags/dag_with_minio_s3.py
[2024-05-17T03:05:27.177+0000] {logging_mixin.py:188} INFO - [2024-05-17T03:05:27.177+0000] {dag.py:3096} INFO - Sync 1 DAGs
[2024-05-17T03:05:27.188+0000] {logging_mixin.py:188} INFO - [2024-05-17T03:05:27.188+0000] {dag.py:3954} INFO - Setting next_dagrun for dag_with_minio_s3_v02 to 2024-05-10 00:00:00+00:00, run_after=2024-05-11 00:00:00+00:00
[2024-05-17T03:05:27.196+0000] {processor.py:183} INFO - Processing /opt/airflow/dags/dag_with_minio_s3.py took 0.043 seconds
[2024-05-17T03:05:58.097+0000] {processor.py:161} INFO - Started process (PID=17721) to work on /opt/airflow/dags/dag_with_minio_s3.py
[2024-05-17T03:05:58.098+0000] {processor.py:830} INFO - Processing file /opt/airflow/dags/dag_with_minio_s3.py for tasks to queue
[2024-05-17T03:05:58.099+0000] {logging_mixin.py:188} INFO - [2024-05-17T03:05:58.099+0000] {dagbag.py:545} INFO - Filling up the DagBag from /opt/airflow/dags/dag_with_minio_s3.py
[2024-05-17T03:05:58.106+0000] {processor.py:840} INFO - DAG(s) 'dag_with_minio_s3_v02' retrieved from /opt/airflow/dags/dag_with_minio_s3.py
[2024-05-17T03:05:58.118+0000] {logging_mixin.py:188} INFO - [2024-05-17T03:05:58.118+0000] {dag.py:3096} INFO - Sync 1 DAGs
[2024-05-17T03:05:58.129+0000] {logging_mixin.py:188} INFO - [2024-05-17T03:05:58.129+0000] {dag.py:3954} INFO - Setting next_dagrun for dag_with_minio_s3_v02 to 2024-05-10 00:00:00+00:00, run_after=2024-05-11 00:00:00+00:00
[2024-05-17T03:05:58.137+0000] {processor.py:183} INFO - Processing /opt/airflow/dags/dag_with_minio_s3.py took 0.042 seconds
[2024-05-17T03:06:28.988+0000] {processor.py:161} INFO - Started process (PID=17778) to work on /opt/airflow/dags/dag_with_minio_s3.py
[2024-05-17T03:06:28.989+0000] {processor.py:830} INFO - Processing file /opt/airflow/dags/dag_with_minio_s3.py for tasks to queue
[2024-05-17T03:06:28.990+0000] {logging_mixin.py:188} INFO - [2024-05-17T03:06:28.989+0000] {dagbag.py:545} INFO - Filling up the DagBag from /opt/airflow/dags/dag_with_minio_s3.py
[2024-05-17T03:06:28.997+0000] {processor.py:840} INFO - DAG(s) 'dag_with_minio_s3_v02' retrieved from /opt/airflow/dags/dag_with_minio_s3.py
[2024-05-17T03:06:29.008+0000] {logging_mixin.py:188} INFO - [2024-05-17T03:06:29.008+0000] {dag.py:3096} INFO - Sync 1 DAGs
[2024-05-17T03:06:29.019+0000] {logging_mixin.py:188} INFO - [2024-05-17T03:06:29.019+0000] {dag.py:3954} INFO - Setting next_dagrun for dag_with_minio_s3_v02 to 2024-05-10 00:00:00+00:00, run_after=2024-05-11 00:00:00+00:00
[2024-05-17T03:06:29.027+0000] {processor.py:183} INFO - Processing /opt/airflow/dags/dag_with_minio_s3.py took 0.042 seconds
[2024-05-17T03:06:59.811+0000] {processor.py:161} INFO - Started process (PID=17829) to work on /opt/airflow/dags/dag_with_minio_s3.py
[2024-05-17T03:06:59.811+0000] {processor.py:830} INFO - Processing file /opt/airflow/dags/dag_with_minio_s3.py for tasks to queue
[2024-05-17T03:06:59.812+0000] {logging_mixin.py:188} INFO - [2024-05-17T03:06:59.812+0000] {dagbag.py:545} INFO - Filling up the DagBag from /opt/airflow/dags/dag_with_minio_s3.py
[2024-05-17T03:06:59.819+0000] {processor.py:840} INFO - DAG(s) 'dag_with_minio_s3_v02' retrieved from /opt/airflow/dags/dag_with_minio_s3.py
[2024-05-17T03:06:59.831+0000] {logging_mixin.py:188} INFO - [2024-05-17T03:06:59.830+0000] {dag.py:3096} INFO - Sync 1 DAGs
[2024-05-17T03:06:59.841+0000] {logging_mixin.py:188} INFO - [2024-05-17T03:06:59.841+0000] {dag.py:3954} INFO - Setting next_dagrun for dag_with_minio_s3_v02 to 2024-05-10 00:00:00+00:00, run_after=2024-05-11 00:00:00+00:00
[2024-05-17T03:06:59.848+0000] {processor.py:183} INFO - Processing /opt/airflow/dags/dag_with_minio_s3.py took 0.041 seconds
[2024-05-17T03:07:30.673+0000] {processor.py:161} INFO - Started process (PID=17880) to work on /opt/airflow/dags/dag_with_minio_s3.py
[2024-05-17T03:07:30.674+0000] {processor.py:830} INFO - Processing file /opt/airflow/dags/dag_with_minio_s3.py for tasks to queue
[2024-05-17T03:07:30.674+0000] {logging_mixin.py:188} INFO - [2024-05-17T03:07:30.674+0000] {dagbag.py:545} INFO - Filling up the DagBag from /opt/airflow/dags/dag_with_minio_s3.py
[2024-05-17T03:07:30.681+0000] {processor.py:840} INFO - DAG(s) 'dag_with_minio_s3_v02' retrieved from /opt/airflow/dags/dag_with_minio_s3.py
[2024-05-17T03:07:30.693+0000] {logging_mixin.py:188} INFO - [2024-05-17T03:07:30.693+0000] {dag.py:3096} INFO - Sync 1 DAGs
[2024-05-17T03:07:30.704+0000] {logging_mixin.py:188} INFO - [2024-05-17T03:07:30.704+0000] {dag.py:3954} INFO - Setting next_dagrun for dag_with_minio_s3_v02 to 2024-05-10 00:00:00+00:00, run_after=2024-05-11 00:00:00+00:00
[2024-05-17T03:07:30.712+0000] {processor.py:183} INFO - Processing /opt/airflow/dags/dag_with_minio_s3.py took 0.043 seconds
[2024-05-17T03:08:01.569+0000] {processor.py:161} INFO - Started process (PID=17935) to work on /opt/airflow/dags/dag_with_minio_s3.py
[2024-05-17T03:08:01.569+0000] {processor.py:830} INFO - Processing file /opt/airflow/dags/dag_with_minio_s3.py for tasks to queue
[2024-05-17T03:08:01.570+0000] {logging_mixin.py:188} INFO - [2024-05-17T03:08:01.570+0000] {dagbag.py:545} INFO - Filling up the DagBag from /opt/airflow/dags/dag_with_minio_s3.py
[2024-05-17T03:08:01.579+0000] {processor.py:840} INFO - DAG(s) 'dag_with_minio_s3_v02' retrieved from /opt/airflow/dags/dag_with_minio_s3.py
[2024-05-17T03:08:01.591+0000] {logging_mixin.py:188} INFO - [2024-05-17T03:08:01.591+0000] {dag.py:3096} INFO - Sync 1 DAGs
[2024-05-17T03:08:01.601+0000] {logging_mixin.py:188} INFO - [2024-05-17T03:08:01.601+0000] {dag.py:3954} INFO - Setting next_dagrun for dag_with_minio_s3_v02 to 2024-05-10 00:00:00+00:00, run_after=2024-05-11 00:00:00+00:00
[2024-05-17T03:08:01.610+0000] {processor.py:183} INFO - Processing /opt/airflow/dags/dag_with_minio_s3.py took 0.044 seconds
[2024-05-17T03:08:32.441+0000] {processor.py:161} INFO - Started process (PID=17988) to work on /opt/airflow/dags/dag_with_minio_s3.py
[2024-05-17T03:08:32.442+0000] {processor.py:830} INFO - Processing file /opt/airflow/dags/dag_with_minio_s3.py for tasks to queue
[2024-05-17T03:08:32.443+0000] {logging_mixin.py:188} INFO - [2024-05-17T03:08:32.442+0000] {dagbag.py:545} INFO - Filling up the DagBag from /opt/airflow/dags/dag_with_minio_s3.py
[2024-05-17T03:08:32.450+0000] {processor.py:840} INFO - DAG(s) 'dag_with_minio_s3_v02' retrieved from /opt/airflow/dags/dag_with_minio_s3.py
[2024-05-17T03:08:32.463+0000] {logging_mixin.py:188} INFO - [2024-05-17T03:08:32.462+0000] {dag.py:3096} INFO - Sync 1 DAGs
[2024-05-17T03:08:32.474+0000] {logging_mixin.py:188} INFO - [2024-05-17T03:08:32.474+0000] {dag.py:3954} INFO - Setting next_dagrun for dag_with_minio_s3_v02 to 2024-05-10 00:00:00+00:00, run_after=2024-05-11 00:00:00+00:00
[2024-05-17T03:08:32.483+0000] {processor.py:183} INFO - Processing /opt/airflow/dags/dag_with_minio_s3.py took 0.045 seconds
[2024-05-17T03:09:03.228+0000] {processor.py:161} INFO - Started process (PID=18039) to work on /opt/airflow/dags/dag_with_minio_s3.py
[2024-05-17T03:09:03.229+0000] {processor.py:830} INFO - Processing file /opt/airflow/dags/dag_with_minio_s3.py for tasks to queue
[2024-05-17T03:09:03.229+0000] {logging_mixin.py:188} INFO - [2024-05-17T03:09:03.229+0000] {dagbag.py:545} INFO - Filling up the DagBag from /opt/airflow/dags/dag_with_minio_s3.py
[2024-05-17T03:09:03.238+0000] {processor.py:840} INFO - DAG(s) 'dag_with_minio_s3_v02' retrieved from /opt/airflow/dags/dag_with_minio_s3.py
[2024-05-17T03:09:03.250+0000] {logging_mixin.py:188} INFO - [2024-05-17T03:09:03.250+0000] {dag.py:3096} INFO - Sync 1 DAGs
[2024-05-17T03:09:03.260+0000] {logging_mixin.py:188} INFO - [2024-05-17T03:09:03.260+0000] {dag.py:3954} INFO - Setting next_dagrun for dag_with_minio_s3_v02 to 2024-05-10 00:00:00+00:00, run_after=2024-05-11 00:00:00+00:00
[2024-05-17T03:09:03.268+0000] {processor.py:183} INFO - Processing /opt/airflow/dags/dag_with_minio_s3.py took 0.043 seconds
[2024-05-17T03:09:34.105+0000] {processor.py:161} INFO - Started process (PID=18090) to work on /opt/airflow/dags/dag_with_minio_s3.py
[2024-05-17T03:09:34.105+0000] {processor.py:830} INFO - Processing file /opt/airflow/dags/dag_with_minio_s3.py for tasks to queue
[2024-05-17T03:09:34.106+0000] {logging_mixin.py:188} INFO - [2024-05-17T03:09:34.106+0000] {dagbag.py:545} INFO - Filling up the DagBag from /opt/airflow/dags/dag_with_minio_s3.py
[2024-05-17T03:09:34.114+0000] {processor.py:840} INFO - DAG(s) 'dag_with_minio_s3_v02' retrieved from /opt/airflow/dags/dag_with_minio_s3.py
[2024-05-17T03:09:34.127+0000] {logging_mixin.py:188} INFO - [2024-05-17T03:09:34.127+0000] {dag.py:3096} INFO - Sync 1 DAGs
[2024-05-17T03:09:34.137+0000] {logging_mixin.py:188} INFO - [2024-05-17T03:09:34.137+0000] {dag.py:3954} INFO - Setting next_dagrun for dag_with_minio_s3_v02 to 2024-05-10 00:00:00+00:00, run_after=2024-05-11 00:00:00+00:00
[2024-05-17T03:09:34.145+0000] {processor.py:183} INFO - Processing /opt/airflow/dags/dag_with_minio_s3.py took 0.044 seconds
[2024-05-17T03:10:04.991+0000] {processor.py:161} INFO - Started process (PID=18145) to work on /opt/airflow/dags/dag_with_minio_s3.py
[2024-05-17T03:10:04.992+0000] {processor.py:830} INFO - Processing file /opt/airflow/dags/dag_with_minio_s3.py for tasks to queue
[2024-05-17T03:10:04.993+0000] {logging_mixin.py:188} INFO - [2024-05-17T03:10:04.993+0000] {dagbag.py:545} INFO - Filling up the DagBag from /opt/airflow/dags/dag_with_minio_s3.py
[2024-05-17T03:10:05.001+0000] {processor.py:840} INFO - DAG(s) 'dag_with_minio_s3_v02' retrieved from /opt/airflow/dags/dag_with_minio_s3.py
[2024-05-17T03:10:05.013+0000] {logging_mixin.py:188} INFO - [2024-05-17T03:10:05.013+0000] {dag.py:3096} INFO - Sync 1 DAGs
[2024-05-17T03:10:05.024+0000] {logging_mixin.py:188} INFO - [2024-05-17T03:10:05.024+0000] {dag.py:3954} INFO - Setting next_dagrun for dag_with_minio_s3_v02 to 2024-05-10 00:00:00+00:00, run_after=2024-05-11 00:00:00+00:00
[2024-05-17T03:10:05.033+0000] {processor.py:183} INFO - Processing /opt/airflow/dags/dag_with_minio_s3.py took 0.046 seconds
[2024-05-17T03:10:35.876+0000] {processor.py:161} INFO - Started process (PID=18198) to work on /opt/airflow/dags/dag_with_minio_s3.py
[2024-05-17T03:10:35.877+0000] {processor.py:830} INFO - Processing file /opt/airflow/dags/dag_with_minio_s3.py for tasks to queue
[2024-05-17T03:10:35.877+0000] {logging_mixin.py:188} INFO - [2024-05-17T03:10:35.877+0000] {dagbag.py:545} INFO - Filling up the DagBag from /opt/airflow/dags/dag_with_minio_s3.py
[2024-05-17T03:10:35.885+0000] {processor.py:840} INFO - DAG(s) 'dag_with_minio_s3_v02' retrieved from /opt/airflow/dags/dag_with_minio_s3.py
[2024-05-17T03:10:35.897+0000] {logging_mixin.py:188} INFO - [2024-05-17T03:10:35.897+0000] {dag.py:3096} INFO - Sync 1 DAGs
[2024-05-17T03:10:35.909+0000] {logging_mixin.py:188} INFO - [2024-05-17T03:10:35.908+0000] {dag.py:3954} INFO - Setting next_dagrun for dag_with_minio_s3_v02 to 2024-05-10 00:00:00+00:00, run_after=2024-05-11 00:00:00+00:00
[2024-05-17T03:10:35.917+0000] {processor.py:183} INFO - Processing /opt/airflow/dags/dag_with_minio_s3.py took 0.044 seconds
[2024-05-17T03:11:06.673+0000] {processor.py:161} INFO - Started process (PID=18247) to work on /opt/airflow/dags/dag_with_minio_s3.py
[2024-05-17T03:11:06.674+0000] {processor.py:830} INFO - Processing file /opt/airflow/dags/dag_with_minio_s3.py for tasks to queue
[2024-05-17T03:11:06.675+0000] {logging_mixin.py:188} INFO - [2024-05-17T03:11:06.674+0000] {dagbag.py:545} INFO - Filling up the DagBag from /opt/airflow/dags/dag_with_minio_s3.py
[2024-05-17T03:11:06.682+0000] {processor.py:840} INFO - DAG(s) 'dag_with_minio_s3_v02' retrieved from /opt/airflow/dags/dag_with_minio_s3.py
[2024-05-17T03:11:06.695+0000] {logging_mixin.py:188} INFO - [2024-05-17T03:11:06.694+0000] {dag.py:3096} INFO - Sync 1 DAGs
[2024-05-17T03:11:06.705+0000] {logging_mixin.py:188} INFO - [2024-05-17T03:11:06.705+0000] {dag.py:3954} INFO - Setting next_dagrun for dag_with_minio_s3_v02 to 2024-05-10 00:00:00+00:00, run_after=2024-05-11 00:00:00+00:00
[2024-05-17T03:11:06.713+0000] {processor.py:183} INFO - Processing /opt/airflow/dags/dag_with_minio_s3.py took 0.043 seconds
[2024-05-17T03:11:37.611+0000] {processor.py:161} INFO - Started process (PID=18301) to work on /opt/airflow/dags/dag_with_minio_s3.py
[2024-05-17T03:11:37.612+0000] {processor.py:830} INFO - Processing file /opt/airflow/dags/dag_with_minio_s3.py for tasks to queue
[2024-05-17T03:11:37.613+0000] {logging_mixin.py:188} INFO - [2024-05-17T03:11:37.612+0000] {dagbag.py:545} INFO - Filling up the DagBag from /opt/airflow/dags/dag_with_minio_s3.py
[2024-05-17T03:11:37.620+0000] {processor.py:840} INFO - DAG(s) 'dag_with_minio_s3_v02' retrieved from /opt/airflow/dags/dag_with_minio_s3.py
[2024-05-17T03:11:37.632+0000] {logging_mixin.py:188} INFO - [2024-05-17T03:11:37.632+0000] {dag.py:3096} INFO - Sync 1 DAGs
[2024-05-17T03:11:37.643+0000] {logging_mixin.py:188} INFO - [2024-05-17T03:11:37.642+0000] {dag.py:3954} INFO - Setting next_dagrun for dag_with_minio_s3_v02 to 2024-05-10 00:00:00+00:00, run_after=2024-05-11 00:00:00+00:00
[2024-05-17T03:11:37.650+0000] {processor.py:183} INFO - Processing /opt/airflow/dags/dag_with_minio_s3.py took 0.042 seconds
[2024-05-17T03:12:08.382+0000] {processor.py:161} INFO - Started process (PID=18358) to work on /opt/airflow/dags/dag_with_minio_s3.py
[2024-05-17T03:12:08.383+0000] {processor.py:830} INFO - Processing file /opt/airflow/dags/dag_with_minio_s3.py for tasks to queue
[2024-05-17T03:12:08.383+0000] {logging_mixin.py:188} INFO - [2024-05-17T03:12:08.383+0000] {dagbag.py:545} INFO - Filling up the DagBag from /opt/airflow/dags/dag_with_minio_s3.py
[2024-05-17T03:12:08.391+0000] {processor.py:840} INFO - DAG(s) 'dag_with_minio_s3_v02' retrieved from /opt/airflow/dags/dag_with_minio_s3.py
[2024-05-17T03:12:08.404+0000] {logging_mixin.py:188} INFO - [2024-05-17T03:12:08.404+0000] {dag.py:3096} INFO - Sync 1 DAGs
[2024-05-17T03:12:08.416+0000] {logging_mixin.py:188} INFO - [2024-05-17T03:12:08.416+0000] {dag.py:3954} INFO - Setting next_dagrun for dag_with_minio_s3_v02 to 2024-05-10 00:00:00+00:00, run_after=2024-05-11 00:00:00+00:00
[2024-05-17T03:12:08.425+0000] {processor.py:183} INFO - Processing /opt/airflow/dags/dag_with_minio_s3.py took 0.046 seconds
[2024-05-17T03:12:39.212+0000] {processor.py:161} INFO - Started process (PID=18407) to work on /opt/airflow/dags/dag_with_minio_s3.py
[2024-05-17T03:12:39.213+0000] {processor.py:830} INFO - Processing file /opt/airflow/dags/dag_with_minio_s3.py for tasks to queue
[2024-05-17T03:12:39.214+0000] {logging_mixin.py:188} INFO - [2024-05-17T03:12:39.214+0000] {dagbag.py:545} INFO - Filling up the DagBag from /opt/airflow/dags/dag_with_minio_s3.py
[2024-05-17T03:12:39.221+0000] {processor.py:840} INFO - DAG(s) 'dag_with_minio_s3_v02' retrieved from /opt/airflow/dags/dag_with_minio_s3.py
[2024-05-17T03:12:39.233+0000] {logging_mixin.py:188} INFO - [2024-05-17T03:12:39.233+0000] {dag.py:3096} INFO - Sync 1 DAGs
[2024-05-17T03:12:39.244+0000] {logging_mixin.py:188} INFO - [2024-05-17T03:12:39.244+0000] {dag.py:3954} INFO - Setting next_dagrun for dag_with_minio_s3_v02 to 2024-05-10 00:00:00+00:00, run_after=2024-05-11 00:00:00+00:00
[2024-05-17T03:12:39.251+0000] {processor.py:183} INFO - Processing /opt/airflow/dags/dag_with_minio_s3.py took 0.043 seconds
[2024-05-17T03:13:09.995+0000] {processor.py:161} INFO - Started process (PID=18460) to work on /opt/airflow/dags/dag_with_minio_s3.py
[2024-05-17T03:13:09.996+0000] {processor.py:830} INFO - Processing file /opt/airflow/dags/dag_with_minio_s3.py for tasks to queue
[2024-05-17T03:13:09.996+0000] {logging_mixin.py:188} INFO - [2024-05-17T03:13:09.996+0000] {dagbag.py:545} INFO - Filling up the DagBag from /opt/airflow/dags/dag_with_minio_s3.py
[2024-05-17T03:13:10.005+0000] {processor.py:840} INFO - DAG(s) 'dag_with_minio_s3_v02' retrieved from /opt/airflow/dags/dag_with_minio_s3.py
[2024-05-17T03:13:10.017+0000] {logging_mixin.py:188} INFO - [2024-05-17T03:13:10.017+0000] {dag.py:3096} INFO - Sync 1 DAGs
[2024-05-17T03:13:10.028+0000] {logging_mixin.py:188} INFO - [2024-05-17T03:13:10.027+0000] {dag.py:3954} INFO - Setting next_dagrun for dag_with_minio_s3_v02 to 2024-05-10 00:00:00+00:00, run_after=2024-05-11 00:00:00+00:00
[2024-05-17T03:13:10.035+0000] {processor.py:183} INFO - Processing /opt/airflow/dags/dag_with_minio_s3.py took 0.043 seconds
[2024-05-17T03:13:40.745+0000] {processor.py:161} INFO - Started process (PID=18509) to work on /opt/airflow/dags/dag_with_minio_s3.py
[2024-05-17T03:13:40.746+0000] {processor.py:830} INFO - Processing file /opt/airflow/dags/dag_with_minio_s3.py for tasks to queue
[2024-05-17T03:13:40.746+0000] {logging_mixin.py:188} INFO - [2024-05-17T03:13:40.746+0000] {dagbag.py:545} INFO - Filling up the DagBag from /opt/airflow/dags/dag_with_minio_s3.py
[2024-05-17T03:13:40.754+0000] {processor.py:840} INFO - DAG(s) 'dag_with_minio_s3_v02' retrieved from /opt/airflow/dags/dag_with_minio_s3.py
[2024-05-17T03:13:40.766+0000] {logging_mixin.py:188} INFO - [2024-05-17T03:13:40.766+0000] {dag.py:3096} INFO - Sync 1 DAGs
[2024-05-17T03:13:40.777+0000] {logging_mixin.py:188} INFO - [2024-05-17T03:13:40.777+0000] {dag.py:3954} INFO - Setting next_dagrun for dag_with_minio_s3_v02 to 2024-05-10 00:00:00+00:00, run_after=2024-05-11 00:00:00+00:00
[2024-05-17T03:13:40.785+0000] {processor.py:183} INFO - Processing /opt/airflow/dags/dag_with_minio_s3.py took 0.043 seconds
[2024-05-17T03:14:11.579+0000] {processor.py:161} INFO - Started process (PID=18567) to work on /opt/airflow/dags/dag_with_minio_s3.py
[2024-05-17T03:14:11.580+0000] {processor.py:830} INFO - Processing file /opt/airflow/dags/dag_with_minio_s3.py for tasks to queue
[2024-05-17T03:14:11.581+0000] {logging_mixin.py:188} INFO - [2024-05-17T03:14:11.581+0000] {dagbag.py:545} INFO - Filling up the DagBag from /opt/airflow/dags/dag_with_minio_s3.py
[2024-05-17T03:14:11.588+0000] {processor.py:840} INFO - DAG(s) 'dag_with_minio_s3_v02' retrieved from /opt/airflow/dags/dag_with_minio_s3.py
[2024-05-17T03:14:11.601+0000] {logging_mixin.py:188} INFO - [2024-05-17T03:14:11.600+0000] {dag.py:3096} INFO - Sync 1 DAGs
[2024-05-17T03:14:11.612+0000] {logging_mixin.py:188} INFO - [2024-05-17T03:14:11.612+0000] {dag.py:3954} INFO - Setting next_dagrun for dag_with_minio_s3_v02 to 2024-05-10 00:00:00+00:00, run_after=2024-05-11 00:00:00+00:00
[2024-05-17T03:14:11.622+0000] {processor.py:183} INFO - Processing /opt/airflow/dags/dag_with_minio_s3.py took 0.046 seconds
[2024-05-17T03:14:42.358+0000] {processor.py:161} INFO - Started process (PID=18618) to work on /opt/airflow/dags/dag_with_minio_s3.py
[2024-05-17T03:14:42.358+0000] {processor.py:830} INFO - Processing file /opt/airflow/dags/dag_with_minio_s3.py for tasks to queue
[2024-05-17T03:14:42.359+0000] {logging_mixin.py:188} INFO - [2024-05-17T03:14:42.359+0000] {dagbag.py:545} INFO - Filling up the DagBag from /opt/airflow/dags/dag_with_minio_s3.py
[2024-05-17T03:14:42.366+0000] {processor.py:840} INFO - DAG(s) 'dag_with_minio_s3_v02' retrieved from /opt/airflow/dags/dag_with_minio_s3.py
[2024-05-17T03:14:42.378+0000] {logging_mixin.py:188} INFO - [2024-05-17T03:14:42.377+0000] {dag.py:3096} INFO - Sync 1 DAGs
[2024-05-17T03:14:42.388+0000] {logging_mixin.py:188} INFO - [2024-05-17T03:14:42.388+0000] {dag.py:3954} INFO - Setting next_dagrun for dag_with_minio_s3_v02 to 2024-05-10 00:00:00+00:00, run_after=2024-05-11 00:00:00+00:00
[2024-05-17T03:14:42.395+0000] {processor.py:183} INFO - Processing /opt/airflow/dags/dag_with_minio_s3.py took 0.041 seconds
