[2024-05-17T00:32:56.476+0000] {processor.py:161} INFO - Started process (PID=16536) to work on /opt/airflow/dags/dag_with_postgres_hook.py
[2024-05-17T00:32:56.477+0000] {processor.py:830} INFO - Processing file /opt/airflow/dags/dag_with_postgres_hook.py for tasks to queue
[2024-05-17T00:32:56.477+0000] {logging_mixin.py:188} INFO - [2024-05-17T00:32:56.477+0000] {dagbag.py:545} INFO - Filling up the DagBag from /opt/airflow/dags/dag_with_postgres_hook.py
[2024-05-17T00:32:56.487+0000] {processor.py:840} INFO - DAG(s) 'dag_with_postgres_hooks_v04' retrieved from /opt/airflow/dags/dag_with_postgres_hook.py
[2024-05-17T00:32:56.500+0000] {logging_mixin.py:188} INFO - [2024-05-17T00:32:56.500+0000] {dag.py:3096} INFO - Sync 1 DAGs
[2024-05-17T00:32:56.520+0000] {processor.py:183} INFO - Processing /opt/airflow/dags/dag_with_postgres_hook.py took 0.048 seconds
[2024-05-17T01:51:08.873+0000] {processor.py:161} INFO - Started process (PID=16587) to work on /opt/airflow/dags/dag_with_postgres_hook.py
[2024-05-17T01:51:08.876+0000] {processor.py:830} INFO - Processing file /opt/airflow/dags/dag_with_postgres_hook.py for tasks to queue
[2024-05-17T01:51:08.877+0000] {logging_mixin.py:188} INFO - [2024-05-17T01:51:08.876+0000] {dagbag.py:545} INFO - Filling up the DagBag from /opt/airflow/dags/dag_with_postgres_hook.py
[2024-05-17T01:51:08.885+0000] {processor.py:840} INFO - DAG(s) 'dag_with_postgres_hooks_v04' retrieved from /opt/airflow/dags/dag_with_postgres_hook.py
[2024-05-17T01:51:08.898+0000] {logging_mixin.py:188} INFO - [2024-05-17T01:51:08.898+0000] {dag.py:3096} INFO - Sync 1 DAGs
[2024-05-17T01:51:08.917+0000] {processor.py:183} INFO - Processing /opt/airflow/dags/dag_with_postgres_hook.py took 0.047 seconds
[2024-05-17T02:51:07.726+0000] {processor.py:161} INFO - Started process (PID=16640) to work on /opt/airflow/dags/dag_with_postgres_hook.py
[2024-05-17T02:51:07.727+0000] {processor.py:830} INFO - Processing file /opt/airflow/dags/dag_with_postgres_hook.py for tasks to queue
[2024-05-17T02:51:07.727+0000] {logging_mixin.py:188} INFO - [2024-05-17T02:51:07.727+0000] {dagbag.py:545} INFO - Filling up the DagBag from /opt/airflow/dags/dag_with_postgres_hook.py
[2024-05-17T02:51:07.735+0000] {processor.py:840} INFO - DAG(s) 'dag_with_postgres_hooks_v04' retrieved from /opt/airflow/dags/dag_with_postgres_hook.py
[2024-05-17T02:51:07.746+0000] {logging_mixin.py:188} INFO - [2024-05-17T02:51:07.746+0000] {dag.py:3096} INFO - Sync 1 DAGs
[2024-05-17T02:51:07.765+0000] {processor.py:183} INFO - Processing /opt/airflow/dags/dag_with_postgres_hook.py took 0.042 seconds
[2024-05-17T02:56:12.201+0000] {processor.py:161} INFO - Started process (PID=16706) to work on /opt/airflow/dags/dag_with_postgres_hook.py
[2024-05-17T02:56:12.202+0000] {processor.py:830} INFO - Processing file /opt/airflow/dags/dag_with_postgres_hook.py for tasks to queue
[2024-05-17T02:56:12.202+0000] {logging_mixin.py:188} INFO - [2024-05-17T02:56:12.202+0000] {dagbag.py:545} INFO - Filling up the DagBag from /opt/airflow/dags/dag_with_postgres_hook.py
[2024-05-17T02:56:12.210+0000] {processor.py:840} INFO - DAG(s) 'dag_with_postgres_hooks_v04' retrieved from /opt/airflow/dags/dag_with_postgres_hook.py
[2024-05-17T02:56:12.223+0000] {logging_mixin.py:188} INFO - [2024-05-17T02:56:12.223+0000] {dag.py:3096} INFO - Sync 1 DAGs
[2024-05-17T02:56:12.244+0000] {processor.py:183} INFO - Processing /opt/airflow/dags/dag_with_postgres_hook.py took 0.047 seconds
[2024-05-17T02:56:42.984+0000] {processor.py:161} INFO - Started process (PID=16759) to work on /opt/airflow/dags/dag_with_postgres_hook.py
[2024-05-17T02:56:42.984+0000] {processor.py:830} INFO - Processing file /opt/airflow/dags/dag_with_postgres_hook.py for tasks to queue
[2024-05-17T02:56:42.985+0000] {logging_mixin.py:188} INFO - [2024-05-17T02:56:42.985+0000] {dagbag.py:545} INFO - Filling up the DagBag from /opt/airflow/dags/dag_with_postgres_hook.py
[2024-05-17T02:56:42.992+0000] {processor.py:840} INFO - DAG(s) 'dag_with_postgres_hooks_v04' retrieved from /opt/airflow/dags/dag_with_postgres_hook.py
[2024-05-17T02:56:43.004+0000] {logging_mixin.py:188} INFO - [2024-05-17T02:56:43.004+0000] {dag.py:3096} INFO - Sync 1 DAGs
[2024-05-17T02:56:43.021+0000] {processor.py:183} INFO - Processing /opt/airflow/dags/dag_with_postgres_hook.py took 0.041 seconds
[2024-05-17T02:57:13.819+0000] {processor.py:161} INFO - Started process (PID=16810) to work on /opt/airflow/dags/dag_with_postgres_hook.py
[2024-05-17T02:57:13.820+0000] {processor.py:830} INFO - Processing file /opt/airflow/dags/dag_with_postgres_hook.py for tasks to queue
[2024-05-17T02:57:13.820+0000] {logging_mixin.py:188} INFO - [2024-05-17T02:57:13.820+0000] {dagbag.py:545} INFO - Filling up the DagBag from /opt/airflow/dags/dag_with_postgres_hook.py
[2024-05-17T02:57:13.828+0000] {processor.py:840} INFO - DAG(s) 'dag_with_postgres_hooks_v04' retrieved from /opt/airflow/dags/dag_with_postgres_hook.py
[2024-05-17T02:57:13.840+0000] {logging_mixin.py:188} INFO - [2024-05-17T02:57:13.840+0000] {dag.py:3096} INFO - Sync 1 DAGs
[2024-05-17T02:57:13.880+0000] {processor.py:183} INFO - Processing /opt/airflow/dags/dag_with_postgres_hook.py took 0.064 seconds
[2024-05-17T02:57:44.665+0000] {processor.py:161} INFO - Started process (PID=16861) to work on /opt/airflow/dags/dag_with_postgres_hook.py
[2024-05-17T02:57:44.666+0000] {processor.py:830} INFO - Processing file /opt/airflow/dags/dag_with_postgres_hook.py for tasks to queue
[2024-05-17T02:57:44.666+0000] {logging_mixin.py:188} INFO - [2024-05-17T02:57:44.666+0000] {dagbag.py:545} INFO - Filling up the DagBag from /opt/airflow/dags/dag_with_postgres_hook.py
[2024-05-17T02:57:44.674+0000] {processor.py:840} INFO - DAG(s) 'dag_with_postgres_hooks_v04' retrieved from /opt/airflow/dags/dag_with_postgres_hook.py
[2024-05-17T02:57:44.686+0000] {logging_mixin.py:188} INFO - [2024-05-17T02:57:44.686+0000] {dag.py:3096} INFO - Sync 1 DAGs
[2024-05-17T02:57:44.705+0000] {processor.py:183} INFO - Processing /opt/airflow/dags/dag_with_postgres_hook.py took 0.043 seconds
[2024-05-17T02:58:15.510+0000] {processor.py:161} INFO - Started process (PID=16920) to work on /opt/airflow/dags/dag_with_postgres_hook.py
[2024-05-17T02:58:15.511+0000] {processor.py:830} INFO - Processing file /opt/airflow/dags/dag_with_postgres_hook.py for tasks to queue
[2024-05-17T02:58:15.511+0000] {logging_mixin.py:188} INFO - [2024-05-17T02:58:15.511+0000] {dagbag.py:545} INFO - Filling up the DagBag from /opt/airflow/dags/dag_with_postgres_hook.py
[2024-05-17T02:58:15.518+0000] {processor.py:840} INFO - DAG(s) 'dag_with_postgres_hooks_v04' retrieved from /opt/airflow/dags/dag_with_postgres_hook.py
[2024-05-17T02:58:15.530+0000] {logging_mixin.py:188} INFO - [2024-05-17T02:58:15.530+0000] {dag.py:3096} INFO - Sync 1 DAGs
[2024-05-17T02:58:15.548+0000] {processor.py:183} INFO - Processing /opt/airflow/dags/dag_with_postgres_hook.py took 0.041 seconds
[2024-05-17T02:58:46.310+0000] {processor.py:161} INFO - Started process (PID=16969) to work on /opt/airflow/dags/dag_with_postgres_hook.py
[2024-05-17T02:58:46.311+0000] {processor.py:830} INFO - Processing file /opt/airflow/dags/dag_with_postgres_hook.py for tasks to queue
[2024-05-17T02:58:46.311+0000] {logging_mixin.py:188} INFO - [2024-05-17T02:58:46.311+0000] {dagbag.py:545} INFO - Filling up the DagBag from /opt/airflow/dags/dag_with_postgres_hook.py
[2024-05-17T02:58:46.319+0000] {processor.py:840} INFO - DAG(s) 'dag_with_postgres_hooks_v04' retrieved from /opt/airflow/dags/dag_with_postgres_hook.py
[2024-05-17T02:58:46.331+0000] {logging_mixin.py:188} INFO - [2024-05-17T02:58:46.331+0000] {dag.py:3096} INFO - Sync 1 DAGs
[2024-05-17T02:58:46.350+0000] {processor.py:183} INFO - Processing /opt/airflow/dags/dag_with_postgres_hook.py took 0.044 seconds
[2024-05-17T02:59:17.166+0000] {processor.py:161} INFO - Started process (PID=17022) to work on /opt/airflow/dags/dag_with_postgres_hook.py
[2024-05-17T02:59:17.167+0000] {processor.py:830} INFO - Processing file /opt/airflow/dags/dag_with_postgres_hook.py for tasks to queue
[2024-05-17T02:59:17.168+0000] {logging_mixin.py:188} INFO - [2024-05-17T02:59:17.168+0000] {dagbag.py:545} INFO - Filling up the DagBag from /opt/airflow/dags/dag_with_postgres_hook.py
[2024-05-17T02:59:17.175+0000] {processor.py:840} INFO - DAG(s) 'dag_with_postgres_hooks_v04' retrieved from /opt/airflow/dags/dag_with_postgres_hook.py
[2024-05-17T02:59:17.188+0000] {logging_mixin.py:188} INFO - [2024-05-17T02:59:17.187+0000] {dag.py:3096} INFO - Sync 1 DAGs
[2024-05-17T02:59:17.204+0000] {processor.py:183} INFO - Processing /opt/airflow/dags/dag_with_postgres_hook.py took 0.041 seconds
[2024-05-17T02:59:47.889+0000] {processor.py:161} INFO - Started process (PID=17070) to work on /opt/airflow/dags/dag_with_postgres_hook.py
[2024-05-17T02:59:47.889+0000] {processor.py:830} INFO - Processing file /opt/airflow/dags/dag_with_postgres_hook.py for tasks to queue
[2024-05-17T02:59:47.890+0000] {logging_mixin.py:188} INFO - [2024-05-17T02:59:47.890+0000] {dagbag.py:545} INFO - Filling up the DagBag from /opt/airflow/dags/dag_with_postgres_hook.py
[2024-05-17T02:59:47.897+0000] {processor.py:840} INFO - DAG(s) 'dag_with_postgres_hooks_v04' retrieved from /opt/airflow/dags/dag_with_postgres_hook.py
[2024-05-17T02:59:47.910+0000] {logging_mixin.py:188} INFO - [2024-05-17T02:59:47.909+0000] {dag.py:3096} INFO - Sync 1 DAGs
[2024-05-17T02:59:47.928+0000] {processor.py:183} INFO - Processing /opt/airflow/dags/dag_with_postgres_hook.py took 0.043 seconds
[2024-05-17T03:00:18.733+0000] {processor.py:161} INFO - Started process (PID=17128) to work on /opt/airflow/dags/dag_with_postgres_hook.py
[2024-05-17T03:00:18.734+0000] {processor.py:830} INFO - Processing file /opt/airflow/dags/dag_with_postgres_hook.py for tasks to queue
[2024-05-17T03:00:18.734+0000] {logging_mixin.py:188} INFO - [2024-05-17T03:00:18.734+0000] {dagbag.py:545} INFO - Filling up the DagBag from /opt/airflow/dags/dag_with_postgres_hook.py
[2024-05-17T03:00:18.742+0000] {processor.py:840} INFO - DAG(s) 'dag_with_postgres_hooks_v04' retrieved from /opt/airflow/dags/dag_with_postgres_hook.py
[2024-05-17T03:00:18.755+0000] {logging_mixin.py:188} INFO - [2024-05-17T03:00:18.755+0000] {dag.py:3096} INFO - Sync 1 DAGs
[2024-05-17T03:00:18.773+0000] {processor.py:183} INFO - Processing /opt/airflow/dags/dag_with_postgres_hook.py took 0.043 seconds
[2024-05-17T03:00:49.487+0000] {processor.py:161} INFO - Started process (PID=17177) to work on /opt/airflow/dags/dag_with_postgres_hook.py
[2024-05-17T03:00:49.488+0000] {processor.py:830} INFO - Processing file /opt/airflow/dags/dag_with_postgres_hook.py for tasks to queue
[2024-05-17T03:00:49.489+0000] {logging_mixin.py:188} INFO - [2024-05-17T03:00:49.488+0000] {dagbag.py:545} INFO - Filling up the DagBag from /opt/airflow/dags/dag_with_postgres_hook.py
[2024-05-17T03:00:49.496+0000] {processor.py:840} INFO - DAG(s) 'dag_with_postgres_hooks_v04' retrieved from /opt/airflow/dags/dag_with_postgres_hook.py
[2024-05-17T03:00:49.508+0000] {logging_mixin.py:188} INFO - [2024-05-17T03:00:49.508+0000] {dag.py:3096} INFO - Sync 1 DAGs
[2024-05-17T03:00:49.526+0000] {processor.py:183} INFO - Processing /opt/airflow/dags/dag_with_postgres_hook.py took 0.042 seconds
[2024-05-17T03:01:20.368+0000] {processor.py:161} INFO - Started process (PID=17227) to work on /opt/airflow/dags/dag_with_postgres_hook.py
[2024-05-17T03:01:20.369+0000] {processor.py:830} INFO - Processing file /opt/airflow/dags/dag_with_postgres_hook.py for tasks to queue
[2024-05-17T03:01:20.370+0000] {logging_mixin.py:188} INFO - [2024-05-17T03:01:20.370+0000] {dagbag.py:545} INFO - Filling up the DagBag from /opt/airflow/dags/dag_with_postgres_hook.py
[2024-05-17T03:01:20.378+0000] {processor.py:840} INFO - DAG(s) 'dag_with_postgres_hooks_v04' retrieved from /opt/airflow/dags/dag_with_postgres_hook.py
[2024-05-17T03:01:20.390+0000] {logging_mixin.py:188} INFO - [2024-05-17T03:01:20.390+0000] {dag.py:3096} INFO - Sync 1 DAGs
[2024-05-17T03:01:20.409+0000] {processor.py:183} INFO - Processing /opt/airflow/dags/dag_with_postgres_hook.py took 0.044 seconds
[2024-05-17T03:01:51.187+0000] {processor.py:161} INFO - Started process (PID=17278) to work on /opt/airflow/dags/dag_with_postgres_hook.py
[2024-05-17T03:01:51.188+0000] {processor.py:830} INFO - Processing file /opt/airflow/dags/dag_with_postgres_hook.py for tasks to queue
[2024-05-17T03:01:51.189+0000] {logging_mixin.py:188} INFO - [2024-05-17T03:01:51.189+0000] {dagbag.py:545} INFO - Filling up the DagBag from /opt/airflow/dags/dag_with_postgres_hook.py
[2024-05-17T03:01:51.196+0000] {processor.py:840} INFO - DAG(s) 'dag_with_postgres_hooks_v04' retrieved from /opt/airflow/dags/dag_with_postgres_hook.py
[2024-05-17T03:01:51.209+0000] {logging_mixin.py:188} INFO - [2024-05-17T03:01:51.209+0000] {dag.py:3096} INFO - Sync 1 DAGs
[2024-05-17T03:01:51.227+0000] {processor.py:183} INFO - Processing /opt/airflow/dags/dag_with_postgres_hook.py took 0.043 seconds
[2024-05-17T03:02:22.017+0000] {processor.py:161} INFO - Started process (PID=17337) to work on /opt/airflow/dags/dag_with_postgres_hook.py
[2024-05-17T03:02:22.017+0000] {processor.py:830} INFO - Processing file /opt/airflow/dags/dag_with_postgres_hook.py for tasks to queue
[2024-05-17T03:02:22.018+0000] {logging_mixin.py:188} INFO - [2024-05-17T03:02:22.018+0000] {dagbag.py:545} INFO - Filling up the DagBag from /opt/airflow/dags/dag_with_postgres_hook.py
[2024-05-17T03:02:22.026+0000] {processor.py:840} INFO - DAG(s) 'dag_with_postgres_hooks_v04' retrieved from /opt/airflow/dags/dag_with_postgres_hook.py
[2024-05-17T03:02:22.038+0000] {logging_mixin.py:188} INFO - [2024-05-17T03:02:22.038+0000] {dag.py:3096} INFO - Sync 1 DAGs
[2024-05-17T03:02:22.056+0000] {processor.py:183} INFO - Processing /opt/airflow/dags/dag_with_postgres_hook.py took 0.042 seconds
[2024-05-17T03:02:52.895+0000] {processor.py:161} INFO - Started process (PID=17388) to work on /opt/airflow/dags/dag_with_postgres_hook.py
[2024-05-17T03:02:52.895+0000] {processor.py:830} INFO - Processing file /opt/airflow/dags/dag_with_postgres_hook.py for tasks to queue
[2024-05-17T03:02:52.896+0000] {logging_mixin.py:188} INFO - [2024-05-17T03:02:52.896+0000] {dagbag.py:545} INFO - Filling up the DagBag from /opt/airflow/dags/dag_with_postgres_hook.py
[2024-05-17T03:02:52.904+0000] {processor.py:840} INFO - DAG(s) 'dag_with_postgres_hooks_v04' retrieved from /opt/airflow/dags/dag_with_postgres_hook.py
[2024-05-17T03:02:52.917+0000] {logging_mixin.py:188} INFO - [2024-05-17T03:02:52.917+0000] {dag.py:3096} INFO - Sync 1 DAGs
[2024-05-17T03:02:52.935+0000] {processor.py:183} INFO - Processing /opt/airflow/dags/dag_with_postgres_hook.py took 0.043 seconds
[2024-05-17T03:03:23.722+0000] {processor.py:161} INFO - Started process (PID=17439) to work on /opt/airflow/dags/dag_with_postgres_hook.py
[2024-05-17T03:03:23.723+0000] {processor.py:830} INFO - Processing file /opt/airflow/dags/dag_with_postgres_hook.py for tasks to queue
[2024-05-17T03:03:23.723+0000] {logging_mixin.py:188} INFO - [2024-05-17T03:03:23.723+0000] {dagbag.py:545} INFO - Filling up the DagBag from /opt/airflow/dags/dag_with_postgres_hook.py
[2024-05-17T03:03:23.732+0000] {processor.py:840} INFO - DAG(s) 'dag_with_postgres_hooks_v04' retrieved from /opt/airflow/dags/dag_with_postgres_hook.py
[2024-05-17T03:03:23.743+0000] {logging_mixin.py:188} INFO - [2024-05-17T03:03:23.743+0000] {dag.py:3096} INFO - Sync 1 DAGs
[2024-05-17T03:03:23.760+0000] {processor.py:183} INFO - Processing /opt/airflow/dags/dag_with_postgres_hook.py took 0.041 seconds
[2024-05-17T03:03:54.564+0000] {processor.py:161} INFO - Started process (PID=17490) to work on /opt/airflow/dags/dag_with_postgres_hook.py
[2024-05-17T03:03:54.565+0000] {processor.py:830} INFO - Processing file /opt/airflow/dags/dag_with_postgres_hook.py for tasks to queue
[2024-05-17T03:03:54.565+0000] {logging_mixin.py:188} INFO - [2024-05-17T03:03:54.565+0000] {dagbag.py:545} INFO - Filling up the DagBag from /opt/airflow/dags/dag_with_postgres_hook.py
[2024-05-17T03:03:54.573+0000] {processor.py:840} INFO - DAG(s) 'dag_with_postgres_hooks_v04' retrieved from /opt/airflow/dags/dag_with_postgres_hook.py
[2024-05-17T03:03:54.585+0000] {logging_mixin.py:188} INFO - [2024-05-17T03:03:54.585+0000] {dag.py:3096} INFO - Sync 1 DAGs
[2024-05-17T03:03:54.604+0000] {processor.py:183} INFO - Processing /opt/airflow/dags/dag_with_postgres_hook.py took 0.043 seconds
[2024-05-17T03:04:25.313+0000] {processor.py:161} INFO - Started process (PID=17545) to work on /opt/airflow/dags/dag_with_postgres_hook.py
[2024-05-17T03:04:25.314+0000] {processor.py:830} INFO - Processing file /opt/airflow/dags/dag_with_postgres_hook.py for tasks to queue
[2024-05-17T03:04:25.314+0000] {logging_mixin.py:188} INFO - [2024-05-17T03:04:25.314+0000] {dagbag.py:545} INFO - Filling up the DagBag from /opt/airflow/dags/dag_with_postgres_hook.py
[2024-05-17T03:04:25.322+0000] {processor.py:840} INFO - DAG(s) 'dag_with_postgres_hooks_v04' retrieved from /opt/airflow/dags/dag_with_postgres_hook.py
[2024-05-17T03:04:25.334+0000] {logging_mixin.py:188} INFO - [2024-05-17T03:04:25.334+0000] {dag.py:3096} INFO - Sync 1 DAGs
[2024-05-17T03:04:25.352+0000] {processor.py:183} INFO - Processing /opt/airflow/dags/dag_with_postgres_hook.py took 0.042 seconds
[2024-05-17T03:04:56.236+0000] {processor.py:161} INFO - Started process (PID=17598) to work on /opt/airflow/dags/dag_with_postgres_hook.py
[2024-05-17T03:04:56.236+0000] {processor.py:830} INFO - Processing file /opt/airflow/dags/dag_with_postgres_hook.py for tasks to queue
[2024-05-17T03:04:56.237+0000] {logging_mixin.py:188} INFO - [2024-05-17T03:04:56.237+0000] {dagbag.py:545} INFO - Filling up the DagBag from /opt/airflow/dags/dag_with_postgres_hook.py
[2024-05-17T03:04:56.254+0000] {processor.py:840} INFO - DAG(s) 'dag_with_postgres_hooks_v04' retrieved from /opt/airflow/dags/dag_with_postgres_hook.py
[2024-05-17T03:04:56.267+0000] {logging_mixin.py:188} INFO - [2024-05-17T03:04:56.266+0000] {dag.py:3096} INFO - Sync 1 DAGs
[2024-05-17T03:04:56.284+0000] {processor.py:183} INFO - Processing /opt/airflow/dags/dag_with_postgres_hook.py took 0.051 seconds
[2024-05-17T03:05:27.074+0000] {processor.py:161} INFO - Started process (PID=17647) to work on /opt/airflow/dags/dag_with_postgres_hook.py
[2024-05-17T03:05:27.075+0000] {processor.py:830} INFO - Processing file /opt/airflow/dags/dag_with_postgres_hook.py for tasks to queue
[2024-05-17T03:05:27.077+0000] {logging_mixin.py:188} INFO - [2024-05-17T03:05:27.077+0000] {dagbag.py:545} INFO - Filling up the DagBag from /opt/airflow/dags/dag_with_postgres_hook.py
[2024-05-17T03:05:27.086+0000] {processor.py:840} INFO - DAG(s) 'dag_with_postgres_hooks_v04' retrieved from /opt/airflow/dags/dag_with_postgres_hook.py
[2024-05-17T03:05:27.098+0000] {logging_mixin.py:188} INFO - [2024-05-17T03:05:27.098+0000] {dag.py:3096} INFO - Sync 1 DAGs
[2024-05-17T03:05:27.117+0000] {processor.py:183} INFO - Processing /opt/airflow/dags/dag_with_postgres_hook.py took 0.045 seconds
[2024-05-17T03:05:57.988+0000] {processor.py:161} INFO - Started process (PID=17706) to work on /opt/airflow/dags/dag_with_postgres_hook.py
[2024-05-17T03:05:57.988+0000] {processor.py:830} INFO - Processing file /opt/airflow/dags/dag_with_postgres_hook.py for tasks to queue
[2024-05-17T03:05:57.989+0000] {logging_mixin.py:188} INFO - [2024-05-17T03:05:57.989+0000] {dagbag.py:545} INFO - Filling up the DagBag from /opt/airflow/dags/dag_with_postgres_hook.py
[2024-05-17T03:05:57.998+0000] {processor.py:840} INFO - DAG(s) 'dag_with_postgres_hooks_v04' retrieved from /opt/airflow/dags/dag_with_postgres_hook.py
[2024-05-17T03:05:58.010+0000] {logging_mixin.py:188} INFO - [2024-05-17T03:05:58.010+0000] {dag.py:3096} INFO - Sync 1 DAGs
[2024-05-17T03:05:58.028+0000] {processor.py:183} INFO - Processing /opt/airflow/dags/dag_with_postgres_hook.py took 0.043 seconds
[2024-05-17T03:06:28.873+0000] {processor.py:161} INFO - Started process (PID=17763) to work on /opt/airflow/dags/dag_with_postgres_hook.py
[2024-05-17T03:06:28.873+0000] {processor.py:830} INFO - Processing file /opt/airflow/dags/dag_with_postgres_hook.py for tasks to queue
[2024-05-17T03:06:28.874+0000] {logging_mixin.py:188} INFO - [2024-05-17T03:06:28.874+0000] {dagbag.py:545} INFO - Filling up the DagBag from /opt/airflow/dags/dag_with_postgres_hook.py
[2024-05-17T03:06:28.883+0000] {processor.py:840} INFO - DAG(s) 'dag_with_postgres_hooks_v04' retrieved from /opt/airflow/dags/dag_with_postgres_hook.py
[2024-05-17T03:06:28.895+0000] {logging_mixin.py:188} INFO - [2024-05-17T03:06:28.895+0000] {dag.py:3096} INFO - Sync 1 DAGs
[2024-05-17T03:06:28.912+0000] {processor.py:183} INFO - Processing /opt/airflow/dags/dag_with_postgres_hook.py took 0.043 seconds
[2024-05-17T03:06:59.696+0000] {processor.py:161} INFO - Started process (PID=17814) to work on /opt/airflow/dags/dag_with_postgres_hook.py
[2024-05-17T03:06:59.697+0000] {processor.py:830} INFO - Processing file /opt/airflow/dags/dag_with_postgres_hook.py for tasks to queue
[2024-05-17T03:06:59.698+0000] {logging_mixin.py:188} INFO - [2024-05-17T03:06:59.697+0000] {dagbag.py:545} INFO - Filling up the DagBag from /opt/airflow/dags/dag_with_postgres_hook.py
[2024-05-17T03:06:59.705+0000] {processor.py:840} INFO - DAG(s) 'dag_with_postgres_hooks_v04' retrieved from /opt/airflow/dags/dag_with_postgres_hook.py
[2024-05-17T03:06:59.717+0000] {logging_mixin.py:188} INFO - [2024-05-17T03:06:59.717+0000] {dag.py:3096} INFO - Sync 1 DAGs
[2024-05-17T03:06:59.734+0000] {processor.py:183} INFO - Processing /opt/airflow/dags/dag_with_postgres_hook.py took 0.041 seconds
[2024-05-17T03:07:30.562+0000] {processor.py:161} INFO - Started process (PID=17865) to work on /opt/airflow/dags/dag_with_postgres_hook.py
[2024-05-17T03:07:30.563+0000] {processor.py:830} INFO - Processing file /opt/airflow/dags/dag_with_postgres_hook.py for tasks to queue
[2024-05-17T03:07:30.563+0000] {logging_mixin.py:188} INFO - [2024-05-17T03:07:30.563+0000] {dagbag.py:545} INFO - Filling up the DagBag from /opt/airflow/dags/dag_with_postgres_hook.py
[2024-05-17T03:07:30.571+0000] {processor.py:840} INFO - DAG(s) 'dag_with_postgres_hooks_v04' retrieved from /opt/airflow/dags/dag_with_postgres_hook.py
[2024-05-17T03:07:30.582+0000] {logging_mixin.py:188} INFO - [2024-05-17T03:07:30.582+0000] {dag.py:3096} INFO - Sync 1 DAGs
[2024-05-17T03:07:30.599+0000] {processor.py:183} INFO - Processing /opt/airflow/dags/dag_with_postgres_hook.py took 0.041 seconds
[2024-05-17T03:08:01.452+0000] {processor.py:161} INFO - Started process (PID=17920) to work on /opt/airflow/dags/dag_with_postgres_hook.py
[2024-05-17T03:08:01.452+0000] {processor.py:830} INFO - Processing file /opt/airflow/dags/dag_with_postgres_hook.py for tasks to queue
[2024-05-17T03:08:01.453+0000] {logging_mixin.py:188} INFO - [2024-05-17T03:08:01.453+0000] {dagbag.py:545} INFO - Filling up the DagBag from /opt/airflow/dags/dag_with_postgres_hook.py
[2024-05-17T03:08:01.462+0000] {processor.py:840} INFO - DAG(s) 'dag_with_postgres_hooks_v04' retrieved from /opt/airflow/dags/dag_with_postgres_hook.py
[2024-05-17T03:08:01.475+0000] {logging_mixin.py:188} INFO - [2024-05-17T03:08:01.475+0000] {dag.py:3096} INFO - Sync 1 DAGs
[2024-05-17T03:08:01.493+0000] {processor.py:183} INFO - Processing /opt/airflow/dags/dag_with_postgres_hook.py took 0.045 seconds
[2024-05-17T03:08:32.304+0000] {processor.py:161} INFO - Started process (PID=17973) to work on /opt/airflow/dags/dag_with_postgres_hook.py
[2024-05-17T03:08:32.305+0000] {processor.py:830} INFO - Processing file /opt/airflow/dags/dag_with_postgres_hook.py for tasks to queue
[2024-05-17T03:08:32.305+0000] {logging_mixin.py:188} INFO - [2024-05-17T03:08:32.305+0000] {dagbag.py:545} INFO - Filling up the DagBag from /opt/airflow/dags/dag_with_postgres_hook.py
[2024-05-17T03:08:32.313+0000] {processor.py:840} INFO - DAG(s) 'dag_with_postgres_hooks_v04' retrieved from /opt/airflow/dags/dag_with_postgres_hook.py
[2024-05-17T03:08:32.326+0000] {logging_mixin.py:188} INFO - [2024-05-17T03:08:32.325+0000] {dag.py:3096} INFO - Sync 1 DAGs
[2024-05-17T03:08:32.344+0000] {processor.py:183} INFO - Processing /opt/airflow/dags/dag_with_postgres_hook.py took 0.043 seconds
[2024-05-17T03:09:03.116+0000] {processor.py:161} INFO - Started process (PID=18024) to work on /opt/airflow/dags/dag_with_postgres_hook.py
[2024-05-17T03:09:03.117+0000] {processor.py:830} INFO - Processing file /opt/airflow/dags/dag_with_postgres_hook.py for tasks to queue
[2024-05-17T03:09:03.118+0000] {logging_mixin.py:188} INFO - [2024-05-17T03:09:03.118+0000] {dagbag.py:545} INFO - Filling up the DagBag from /opt/airflow/dags/dag_with_postgres_hook.py
[2024-05-17T03:09:03.124+0000] {processor.py:840} INFO - DAG(s) 'dag_with_postgres_hooks_v04' retrieved from /opt/airflow/dags/dag_with_postgres_hook.py
[2024-05-17T03:09:03.137+0000] {logging_mixin.py:188} INFO - [2024-05-17T03:09:03.136+0000] {dag.py:3096} INFO - Sync 1 DAGs
[2024-05-17T03:09:03.153+0000] {processor.py:183} INFO - Processing /opt/airflow/dags/dag_with_postgres_hook.py took 0.040 seconds
[2024-05-17T03:09:33.992+0000] {processor.py:161} INFO - Started process (PID=18075) to work on /opt/airflow/dags/dag_with_postgres_hook.py
[2024-05-17T03:09:33.993+0000] {processor.py:830} INFO - Processing file /opt/airflow/dags/dag_with_postgres_hook.py for tasks to queue
[2024-05-17T03:09:33.993+0000] {logging_mixin.py:188} INFO - [2024-05-17T03:09:33.993+0000] {dagbag.py:545} INFO - Filling up the DagBag from /opt/airflow/dags/dag_with_postgres_hook.py
[2024-05-17T03:09:34.000+0000] {processor.py:840} INFO - DAG(s) 'dag_with_postgres_hooks_v04' retrieved from /opt/airflow/dags/dag_with_postgres_hook.py
[2024-05-17T03:09:34.012+0000] {logging_mixin.py:188} INFO - [2024-05-17T03:09:34.012+0000] {dag.py:3096} INFO - Sync 1 DAGs
[2024-05-17T03:09:34.029+0000] {processor.py:183} INFO - Processing /opt/airflow/dags/dag_with_postgres_hook.py took 0.040 seconds
[2024-05-17T03:10:04.891+0000] {processor.py:161} INFO - Started process (PID=18130) to work on /opt/airflow/dags/dag_with_postgres_hook.py
[2024-05-17T03:10:04.891+0000] {processor.py:830} INFO - Processing file /opt/airflow/dags/dag_with_postgres_hook.py for tasks to queue
[2024-05-17T03:10:04.892+0000] {logging_mixin.py:188} INFO - [2024-05-17T03:10:04.892+0000] {dagbag.py:545} INFO - Filling up the DagBag from /opt/airflow/dags/dag_with_postgres_hook.py
[2024-05-17T03:10:04.909+0000] {processor.py:840} INFO - DAG(s) 'dag_with_postgres_hooks_v04' retrieved from /opt/airflow/dags/dag_with_postgres_hook.py
[2024-05-17T03:10:04.921+0000] {logging_mixin.py:188} INFO - [2024-05-17T03:10:04.921+0000] {dag.py:3096} INFO - Sync 1 DAGs
[2024-05-17T03:10:04.942+0000] {processor.py:183} INFO - Processing /opt/airflow/dags/dag_with_postgres_hook.py took 0.055 seconds
[2024-05-17T03:10:35.764+0000] {processor.py:161} INFO - Started process (PID=18183) to work on /opt/airflow/dags/dag_with_postgres_hook.py
[2024-05-17T03:10:35.765+0000] {processor.py:830} INFO - Processing file /opt/airflow/dags/dag_with_postgres_hook.py for tasks to queue
[2024-05-17T03:10:35.765+0000] {logging_mixin.py:188} INFO - [2024-05-17T03:10:35.765+0000] {dagbag.py:545} INFO - Filling up the DagBag from /opt/airflow/dags/dag_with_postgres_hook.py
[2024-05-17T03:10:35.773+0000] {processor.py:840} INFO - DAG(s) 'dag_with_postgres_hooks_v04' retrieved from /opt/airflow/dags/dag_with_postgres_hook.py
[2024-05-17T03:10:35.785+0000] {logging_mixin.py:188} INFO - [2024-05-17T03:10:35.784+0000] {dag.py:3096} INFO - Sync 1 DAGs
[2024-05-17T03:10:35.802+0000] {processor.py:183} INFO - Processing /opt/airflow/dags/dag_with_postgres_hook.py took 0.041 seconds
[2024-05-17T03:11:06.588+0000] {processor.py:161} INFO - Started process (PID=18232) to work on /opt/airflow/dags/dag_with_postgres_hook.py
[2024-05-17T03:11:06.588+0000] {processor.py:830} INFO - Processing file /opt/airflow/dags/dag_with_postgres_hook.py for tasks to queue
[2024-05-17T03:11:06.589+0000] {logging_mixin.py:188} INFO - [2024-05-17T03:11:06.589+0000] {dagbag.py:545} INFO - Filling up the DagBag from /opt/airflow/dags/dag_with_postgres_hook.py
[2024-05-17T03:11:06.596+0000] {processor.py:840} INFO - DAG(s) 'dag_with_postgres_hooks_v04' retrieved from /opt/airflow/dags/dag_with_postgres_hook.py
[2024-05-17T03:11:06.609+0000] {logging_mixin.py:188} INFO - [2024-05-17T03:11:06.609+0000] {dag.py:3096} INFO - Sync 1 DAGs
[2024-05-17T03:11:06.628+0000] {processor.py:183} INFO - Processing /opt/airflow/dags/dag_with_postgres_hook.py took 0.044 seconds
[2024-05-17T03:11:37.498+0000] {processor.py:161} INFO - Started process (PID=18286) to work on /opt/airflow/dags/dag_with_postgres_hook.py
[2024-05-17T03:11:37.499+0000] {processor.py:830} INFO - Processing file /opt/airflow/dags/dag_with_postgres_hook.py for tasks to queue
[2024-05-17T03:11:37.499+0000] {logging_mixin.py:188} INFO - [2024-05-17T03:11:37.499+0000] {dagbag.py:545} INFO - Filling up the DagBag from /opt/airflow/dags/dag_with_postgres_hook.py
[2024-05-17T03:11:37.507+0000] {processor.py:840} INFO - DAG(s) 'dag_with_postgres_hooks_v04' retrieved from /opt/airflow/dags/dag_with_postgres_hook.py
[2024-05-17T03:11:37.519+0000] {logging_mixin.py:188} INFO - [2024-05-17T03:11:37.519+0000] {dag.py:3096} INFO - Sync 1 DAGs
[2024-05-17T03:11:37.537+0000] {processor.py:183} INFO - Processing /opt/airflow/dags/dag_with_postgres_hook.py took 0.042 seconds
[2024-05-17T03:12:08.262+0000] {processor.py:161} INFO - Started process (PID=18343) to work on /opt/airflow/dags/dag_with_postgres_hook.py
[2024-05-17T03:12:08.263+0000] {processor.py:830} INFO - Processing file /opt/airflow/dags/dag_with_postgres_hook.py for tasks to queue
[2024-05-17T03:12:08.263+0000] {logging_mixin.py:188} INFO - [2024-05-17T03:12:08.263+0000] {dagbag.py:545} INFO - Filling up the DagBag from /opt/airflow/dags/dag_with_postgres_hook.py
[2024-05-17T03:12:08.271+0000] {processor.py:840} INFO - DAG(s) 'dag_with_postgres_hooks_v04' retrieved from /opt/airflow/dags/dag_with_postgres_hook.py
[2024-05-17T03:12:08.284+0000] {logging_mixin.py:188} INFO - [2024-05-17T03:12:08.284+0000] {dag.py:3096} INFO - Sync 1 DAGs
[2024-05-17T03:12:08.304+0000] {processor.py:183} INFO - Processing /opt/airflow/dags/dag_with_postgres_hook.py took 0.046 seconds
[2024-05-17T03:12:39.120+0000] {processor.py:161} INFO - Started process (PID=18392) to work on /opt/airflow/dags/dag_with_postgres_hook.py
[2024-05-17T03:12:39.121+0000] {processor.py:830} INFO - Processing file /opt/airflow/dags/dag_with_postgres_hook.py for tasks to queue
[2024-05-17T03:12:39.122+0000] {logging_mixin.py:188} INFO - [2024-05-17T03:12:39.122+0000] {dagbag.py:545} INFO - Filling up the DagBag from /opt/airflow/dags/dag_with_postgres_hook.py
[2024-05-17T03:12:39.130+0000] {processor.py:840} INFO - DAG(s) 'dag_with_postgres_hooks_v04' retrieved from /opt/airflow/dags/dag_with_postgres_hook.py
[2024-05-17T03:12:39.142+0000] {logging_mixin.py:188} INFO - [2024-05-17T03:12:39.142+0000] {dag.py:3096} INFO - Sync 1 DAGs
[2024-05-17T03:12:39.160+0000] {processor.py:183} INFO - Processing /opt/airflow/dags/dag_with_postgres_hook.py took 0.044 seconds
[2024-05-17T03:13:09.881+0000] {processor.py:161} INFO - Started process (PID=18445) to work on /opt/airflow/dags/dag_with_postgres_hook.py
[2024-05-17T03:13:09.882+0000] {processor.py:830} INFO - Processing file /opt/airflow/dags/dag_with_postgres_hook.py for tasks to queue
[2024-05-17T03:13:09.882+0000] {logging_mixin.py:188} INFO - [2024-05-17T03:13:09.882+0000] {dagbag.py:545} INFO - Filling up the DagBag from /opt/airflow/dags/dag_with_postgres_hook.py
[2024-05-17T03:13:09.891+0000] {processor.py:840} INFO - DAG(s) 'dag_with_postgres_hooks_v04' retrieved from /opt/airflow/dags/dag_with_postgres_hook.py
[2024-05-17T03:13:09.903+0000] {logging_mixin.py:188} INFO - [2024-05-17T03:13:09.903+0000] {dag.py:3096} INFO - Sync 1 DAGs
[2024-05-17T03:13:09.919+0000] {processor.py:183} INFO - Processing /opt/airflow/dags/dag_with_postgres_hook.py took 0.041 seconds
[2024-05-17T03:13:40.675+0000] {processor.py:161} INFO - Started process (PID=18494) to work on /opt/airflow/dags/dag_with_postgres_hook.py
[2024-05-17T03:13:40.676+0000] {processor.py:830} INFO - Processing file /opt/airflow/dags/dag_with_postgres_hook.py for tasks to queue
[2024-05-17T03:13:40.676+0000] {logging_mixin.py:188} INFO - [2024-05-17T03:13:40.676+0000] {dagbag.py:545} INFO - Filling up the DagBag from /opt/airflow/dags/dag_with_postgres_hook.py
[2024-05-17T03:13:40.684+0000] {processor.py:840} INFO - DAG(s) 'dag_with_postgres_hooks_v04' retrieved from /opt/airflow/dags/dag_with_postgres_hook.py
[2024-05-17T03:13:40.696+0000] {logging_mixin.py:188} INFO - [2024-05-17T03:13:40.696+0000] {dag.py:3096} INFO - Sync 1 DAGs
[2024-05-17T03:13:40.714+0000] {processor.py:183} INFO - Processing /opt/airflow/dags/dag_with_postgres_hook.py took 0.043 seconds
[2024-05-17T03:14:11.462+0000] {processor.py:161} INFO - Started process (PID=18552) to work on /opt/airflow/dags/dag_with_postgres_hook.py
[2024-05-17T03:14:11.464+0000] {processor.py:830} INFO - Processing file /opt/airflow/dags/dag_with_postgres_hook.py for tasks to queue
[2024-05-17T03:14:11.464+0000] {logging_mixin.py:188} INFO - [2024-05-17T03:14:11.464+0000] {dagbag.py:545} INFO - Filling up the DagBag from /opt/airflow/dags/dag_with_postgres_hook.py
[2024-05-17T03:14:11.471+0000] {processor.py:840} INFO - DAG(s) 'dag_with_postgres_hooks_v04' retrieved from /opt/airflow/dags/dag_with_postgres_hook.py
[2024-05-17T03:14:11.483+0000] {logging_mixin.py:188} INFO - [2024-05-17T03:14:11.483+0000] {dag.py:3096} INFO - Sync 1 DAGs
[2024-05-17T03:14:11.502+0000] {processor.py:183} INFO - Processing /opt/airflow/dags/dag_with_postgres_hook.py took 0.044 seconds
[2024-05-17T03:14:42.243+0000] {processor.py:161} INFO - Started process (PID=18603) to work on /opt/airflow/dags/dag_with_postgres_hook.py
[2024-05-17T03:14:42.244+0000] {processor.py:830} INFO - Processing file /opt/airflow/dags/dag_with_postgres_hook.py for tasks to queue
[2024-05-17T03:14:42.244+0000] {logging_mixin.py:188} INFO - [2024-05-17T03:14:42.244+0000] {dagbag.py:545} INFO - Filling up the DagBag from /opt/airflow/dags/dag_with_postgres_hook.py
[2024-05-17T03:14:42.253+0000] {processor.py:840} INFO - DAG(s) 'dag_with_postgres_hooks_v04' retrieved from /opt/airflow/dags/dag_with_postgres_hook.py
[2024-05-17T03:14:42.265+0000] {logging_mixin.py:188} INFO - [2024-05-17T03:14:42.265+0000] {dag.py:3096} INFO - Sync 1 DAGs
[2024-05-17T03:14:42.282+0000] {processor.py:183} INFO - Processing /opt/airflow/dags/dag_with_postgres_hook.py took 0.043 seconds
