[2024-05-17T00:32:56.171+0000] {processor.py:161} INFO - Started process (PID=16508) to work on /opt/airflow/dags/recipes.py
[2024-05-17T00:32:56.172+0000] {processor.py:830} INFO - Processing file /opt/airflow/dags/recipes.py for tasks to queue
[2024-05-17T00:32:56.172+0000] {logging_mixin.py:188} INFO - [2024-05-17T00:32:56.172+0000] {dagbag.py:545} INFO - Filling up the DagBag from /opt/airflow/dags/recipes.py
[2024-05-17T00:32:56.220+0000] {processor.py:840} INFO - DAG(s) 'scrape_news' retrieved from /opt/airflow/dags/recipes.py
[2024-05-17T00:32:56.234+0000] {logging_mixin.py:188} INFO - [2024-05-17T00:32:56.234+0000] {dag.py:3096} INFO - Sync 1 DAGs
[2024-05-17T00:32:56.249+0000] {logging_mixin.py:188} INFO - [2024-05-17T00:32:56.249+0000] {dag.py:3954} INFO - Setting next_dagrun for scrape_news to 2024-05-17 00:32:00+00:00, run_after=2024-05-17 00:34:00+00:00
[2024-05-17T00:32:56.259+0000] {processor.py:183} INFO - Processing /opt/airflow/dags/recipes.py took 0.091 seconds
[2024-05-17T01:51:08.660+0000] {processor.py:161} INFO - Started process (PID=16565) to work on /opt/airflow/dags/recipes.py
[2024-05-17T01:51:08.661+0000] {processor.py:830} INFO - Processing file /opt/airflow/dags/recipes.py for tasks to queue
[2024-05-17T01:51:08.662+0000] {logging_mixin.py:188} INFO - [2024-05-17T01:51:08.661+0000] {dagbag.py:545} INFO - Filling up the DagBag from /opt/airflow/dags/recipes.py
[2024-05-17T01:51:08.708+0000] {processor.py:840} INFO - DAG(s) 'scrape_news' retrieved from /opt/airflow/dags/recipes.py
[2024-05-17T01:51:08.721+0000] {logging_mixin.py:188} INFO - [2024-05-17T01:51:08.720+0000] {dag.py:3096} INFO - Sync 1 DAGs
[2024-05-17T01:51:08.735+0000] {logging_mixin.py:188} INFO - [2024-05-17T01:51:08.735+0000] {dag.py:3954} INFO - Setting next_dagrun for scrape_news to 2024-05-17 01:48:00+00:00, run_after=2024-05-17 01:50:00+00:00
[2024-05-17T01:51:08.745+0000] {processor.py:183} INFO - Processing /opt/airflow/dags/recipes.py took 0.088 seconds
[2024-05-17T02:51:07.567+0000] {processor.py:161} INFO - Started process (PID=16620) to work on /opt/airflow/dags/recipes.py
[2024-05-17T02:51:07.568+0000] {processor.py:830} INFO - Processing file /opt/airflow/dags/recipes.py for tasks to queue
[2024-05-17T02:51:07.568+0000] {logging_mixin.py:188} INFO - [2024-05-17T02:51:07.568+0000] {dagbag.py:545} INFO - Filling up the DagBag from /opt/airflow/dags/recipes.py
[2024-05-17T02:51:07.614+0000] {processor.py:840} INFO - DAG(s) 'scrape_news' retrieved from /opt/airflow/dags/recipes.py
[2024-05-17T02:51:07.625+0000] {logging_mixin.py:188} INFO - [2024-05-17T02:51:07.625+0000] {dag.py:3096} INFO - Sync 1 DAGs
[2024-05-17T02:51:07.637+0000] {logging_mixin.py:188} INFO - [2024-05-17T02:51:07.637+0000] {dag.py:3954} INFO - Setting next_dagrun for scrape_news to 2024-05-17 02:48:00+00:00, run_after=2024-05-17 02:50:00+00:00
[2024-05-17T02:51:07.646+0000] {processor.py:183} INFO - Processing /opt/airflow/dags/recipes.py took 0.083 seconds
[2024-05-17T02:56:11.920+0000] {processor.py:161} INFO - Started process (PID=16684) to work on /opt/airflow/dags/recipes.py
[2024-05-17T02:56:11.922+0000] {processor.py:830} INFO - Processing file /opt/airflow/dags/recipes.py for tasks to queue
[2024-05-17T02:56:11.923+0000] {logging_mixin.py:188} INFO - [2024-05-17T02:56:11.923+0000] {dagbag.py:545} INFO - Filling up the DagBag from /opt/airflow/dags/recipes.py
[2024-05-17T02:56:11.972+0000] {processor.py:840} INFO - DAG(s) 'scrape_news' retrieved from /opt/airflow/dags/recipes.py
[2024-05-17T02:56:11.983+0000] {logging_mixin.py:188} INFO - [2024-05-17T02:56:11.983+0000] {dag.py:3096} INFO - Sync 1 DAGs
[2024-05-17T02:56:11.995+0000] {logging_mixin.py:188} INFO - [2024-05-17T02:56:11.994+0000] {dag.py:3954} INFO - Setting next_dagrun for scrape_news to 2024-05-17 02:56:00+00:00, run_after=2024-05-17 02:58:00+00:00
[2024-05-17T02:56:12.003+0000] {processor.py:183} INFO - Processing /opt/airflow/dags/recipes.py took 0.089 seconds
[2024-05-17T02:56:42.820+0000] {processor.py:161} INFO - Started process (PID=16739) to work on /opt/airflow/dags/recipes.py
[2024-05-17T02:56:42.822+0000] {processor.py:830} INFO - Processing file /opt/airflow/dags/recipes.py for tasks to queue
[2024-05-17T02:56:42.823+0000] {logging_mixin.py:188} INFO - [2024-05-17T02:56:42.822+0000] {dagbag.py:545} INFO - Filling up the DagBag from /opt/airflow/dags/recipes.py
[2024-05-17T02:56:42.876+0000] {processor.py:840} INFO - DAG(s) 'scrape_news' retrieved from /opt/airflow/dags/recipes.py
[2024-05-17T02:56:42.888+0000] {logging_mixin.py:188} INFO - [2024-05-17T02:56:42.887+0000] {dag.py:3096} INFO - Sync 1 DAGs
[2024-05-17T02:56:42.899+0000] {logging_mixin.py:188} INFO - [2024-05-17T02:56:42.899+0000] {dag.py:3954} INFO - Setting next_dagrun for scrape_news to 2024-05-17 02:56:00+00:00, run_after=2024-05-17 02:58:00+00:00
[2024-05-17T02:56:42.907+0000] {processor.py:183} INFO - Processing /opt/airflow/dags/recipes.py took 0.094 seconds
[2024-05-17T02:57:13.639+0000] {processor.py:161} INFO - Started process (PID=16790) to work on /opt/airflow/dags/recipes.py
[2024-05-17T02:57:13.640+0000] {processor.py:830} INFO - Processing file /opt/airflow/dags/recipes.py for tasks to queue
[2024-05-17T02:57:13.641+0000] {logging_mixin.py:188} INFO - [2024-05-17T02:57:13.641+0000] {dagbag.py:545} INFO - Filling up the DagBag from /opt/airflow/dags/recipes.py
[2024-05-17T02:57:13.692+0000] {processor.py:840} INFO - DAG(s) 'scrape_news' retrieved from /opt/airflow/dags/recipes.py
[2024-05-17T02:57:13.703+0000] {logging_mixin.py:188} INFO - [2024-05-17T02:57:13.703+0000] {dag.py:3096} INFO - Sync 1 DAGs
[2024-05-17T02:57:13.716+0000] {logging_mixin.py:188} INFO - [2024-05-17T02:57:13.716+0000] {dag.py:3954} INFO - Setting next_dagrun for scrape_news to 2024-05-17 02:56:00+00:00, run_after=2024-05-17 02:58:00+00:00
[2024-05-17T02:57:13.724+0000] {processor.py:183} INFO - Processing /opt/airflow/dags/recipes.py took 0.092 seconds
[2024-05-17T02:57:44.504+0000] {processor.py:161} INFO - Started process (PID=16841) to work on /opt/airflow/dags/recipes.py
[2024-05-17T02:57:44.505+0000] {processor.py:830} INFO - Processing file /opt/airflow/dags/recipes.py for tasks to queue
[2024-05-17T02:57:44.506+0000] {logging_mixin.py:188} INFO - [2024-05-17T02:57:44.506+0000] {dagbag.py:545} INFO - Filling up the DagBag from /opt/airflow/dags/recipes.py
[2024-05-17T02:57:44.559+0000] {processor.py:840} INFO - DAG(s) 'scrape_news' retrieved from /opt/airflow/dags/recipes.py
[2024-05-17T02:57:44.569+0000] {logging_mixin.py:188} INFO - [2024-05-17T02:57:44.569+0000] {dag.py:3096} INFO - Sync 1 DAGs
[2024-05-17T02:57:44.580+0000] {logging_mixin.py:188} INFO - [2024-05-17T02:57:44.580+0000] {dag.py:3954} INFO - Setting next_dagrun for scrape_news to 2024-05-17 02:56:00+00:00, run_after=2024-05-17 02:58:00+00:00
[2024-05-17T02:57:44.589+0000] {processor.py:183} INFO - Processing /opt/airflow/dags/recipes.py took 0.092 seconds
[2024-05-17T02:58:15.315+0000] {processor.py:161} INFO - Started process (PID=16898) to work on /opt/airflow/dags/recipes.py
[2024-05-17T02:58:15.315+0000] {processor.py:830} INFO - Processing file /opt/airflow/dags/recipes.py for tasks to queue
[2024-05-17T02:58:15.316+0000] {logging_mixin.py:188} INFO - [2024-05-17T02:58:15.316+0000] {dagbag.py:545} INFO - Filling up the DagBag from /opt/airflow/dags/recipes.py
[2024-05-17T02:58:15.376+0000] {processor.py:840} INFO - DAG(s) 'scrape_news' retrieved from /opt/airflow/dags/recipes.py
[2024-05-17T02:58:15.386+0000] {logging_mixin.py:188} INFO - [2024-05-17T02:58:15.386+0000] {dag.py:3096} INFO - Sync 1 DAGs
[2024-05-17T02:58:15.401+0000] {logging_mixin.py:188} INFO - [2024-05-17T02:58:15.401+0000] {dag.py:3954} INFO - Setting next_dagrun for scrape_news to 2024-05-17 02:58:00+00:00, run_after=2024-05-17 03:00:00+00:00
[2024-05-17T02:58:15.410+0000] {processor.py:183} INFO - Processing /opt/airflow/dags/recipes.py took 0.098 seconds
[2024-05-17T02:58:46.144+0000] {processor.py:161} INFO - Started process (PID=16949) to work on /opt/airflow/dags/recipes.py
[2024-05-17T02:58:46.145+0000] {processor.py:830} INFO - Processing file /opt/airflow/dags/recipes.py for tasks to queue
[2024-05-17T02:58:46.147+0000] {logging_mixin.py:188} INFO - [2024-05-17T02:58:46.146+0000] {dagbag.py:545} INFO - Filling up the DagBag from /opt/airflow/dags/recipes.py
[2024-05-17T02:58:46.200+0000] {processor.py:840} INFO - DAG(s) 'scrape_news' retrieved from /opt/airflow/dags/recipes.py
[2024-05-17T02:58:46.211+0000] {logging_mixin.py:188} INFO - [2024-05-17T02:58:46.211+0000] {dag.py:3096} INFO - Sync 1 DAGs
[2024-05-17T02:58:46.222+0000] {logging_mixin.py:188} INFO - [2024-05-17T02:58:46.222+0000] {dag.py:3954} INFO - Setting next_dagrun for scrape_news to 2024-05-17 02:58:00+00:00, run_after=2024-05-17 03:00:00+00:00
[2024-05-17T02:58:46.231+0000] {processor.py:183} INFO - Processing /opt/airflow/dags/recipes.py took 0.094 seconds
[2024-05-17T02:59:16.979+0000] {processor.py:161} INFO - Started process (PID=17000) to work on /opt/airflow/dags/recipes.py
[2024-05-17T02:59:16.981+0000] {processor.py:830} INFO - Processing file /opt/airflow/dags/recipes.py for tasks to queue
[2024-05-17T02:59:16.982+0000] {logging_mixin.py:188} INFO - [2024-05-17T02:59:16.982+0000] {dagbag.py:545} INFO - Filling up the DagBag from /opt/airflow/dags/recipes.py
[2024-05-17T02:59:17.033+0000] {processor.py:840} INFO - DAG(s) 'scrape_news' retrieved from /opt/airflow/dags/recipes.py
[2024-05-17T02:59:17.045+0000] {logging_mixin.py:188} INFO - [2024-05-17T02:59:17.045+0000] {dag.py:3096} INFO - Sync 1 DAGs
[2024-05-17T02:59:17.056+0000] {logging_mixin.py:188} INFO - [2024-05-17T02:59:17.056+0000] {dag.py:3954} INFO - Setting next_dagrun for scrape_news to 2024-05-17 02:58:00+00:00, run_after=2024-05-17 03:00:00+00:00
[2024-05-17T02:59:17.064+0000] {processor.py:183} INFO - Processing /opt/airflow/dags/recipes.py took 0.092 seconds
[2024-05-17T02:59:47.731+0000] {processor.py:161} INFO - Started process (PID=17050) to work on /opt/airflow/dags/recipes.py
[2024-05-17T02:59:47.732+0000] {processor.py:830} INFO - Processing file /opt/airflow/dags/recipes.py for tasks to queue
[2024-05-17T02:59:47.733+0000] {logging_mixin.py:188} INFO - [2024-05-17T02:59:47.733+0000] {dagbag.py:545} INFO - Filling up the DagBag from /opt/airflow/dags/recipes.py
[2024-05-17T02:59:47.782+0000] {processor.py:840} INFO - DAG(s) 'scrape_news' retrieved from /opt/airflow/dags/recipes.py
[2024-05-17T02:59:47.793+0000] {logging_mixin.py:188} INFO - [2024-05-17T02:59:47.792+0000] {dag.py:3096} INFO - Sync 1 DAGs
[2024-05-17T02:59:47.803+0000] {logging_mixin.py:188} INFO - [2024-05-17T02:59:47.803+0000] {dag.py:3954} INFO - Setting next_dagrun for scrape_news to 2024-05-17 02:58:00+00:00, run_after=2024-05-17 03:00:00+00:00
[2024-05-17T02:59:47.812+0000] {processor.py:183} INFO - Processing /opt/airflow/dags/recipes.py took 0.087 seconds
[2024-05-17T03:00:18.533+0000] {processor.py:161} INFO - Started process (PID=17106) to work on /opt/airflow/dags/recipes.py
[2024-05-17T03:00:18.535+0000] {processor.py:830} INFO - Processing file /opt/airflow/dags/recipes.py for tasks to queue
[2024-05-17T03:00:18.536+0000] {logging_mixin.py:188} INFO - [2024-05-17T03:00:18.536+0000] {dagbag.py:545} INFO - Filling up the DagBag from /opt/airflow/dags/recipes.py
[2024-05-17T03:00:18.593+0000] {processor.py:840} INFO - DAG(s) 'scrape_news' retrieved from /opt/airflow/dags/recipes.py
[2024-05-17T03:00:18.604+0000] {logging_mixin.py:188} INFO - [2024-05-17T03:00:18.603+0000] {dag.py:3096} INFO - Sync 1 DAGs
[2024-05-17T03:00:18.615+0000] {logging_mixin.py:188} INFO - [2024-05-17T03:00:18.614+0000] {dag.py:3954} INFO - Setting next_dagrun for scrape_news to 2024-05-17 03:00:00+00:00, run_after=2024-05-17 03:02:00+00:00
[2024-05-17T03:00:18.623+0000] {processor.py:183} INFO - Processing /opt/airflow/dags/recipes.py took 0.096 seconds
[2024-05-17T03:00:49.320+0000] {processor.py:161} INFO - Started process (PID=17157) to work on /opt/airflow/dags/recipes.py
[2024-05-17T03:00:49.325+0000] {processor.py:830} INFO - Processing file /opt/airflow/dags/recipes.py for tasks to queue
[2024-05-17T03:00:49.326+0000] {logging_mixin.py:188} INFO - [2024-05-17T03:00:49.326+0000] {dagbag.py:545} INFO - Filling up the DagBag from /opt/airflow/dags/recipes.py
[2024-05-17T03:00:49.385+0000] {processor.py:840} INFO - DAG(s) 'scrape_news' retrieved from /opt/airflow/dags/recipes.py
[2024-05-17T03:00:49.396+0000] {logging_mixin.py:188} INFO - [2024-05-17T03:00:49.396+0000] {dag.py:3096} INFO - Sync 1 DAGs
[2024-05-17T03:00:49.408+0000] {logging_mixin.py:188} INFO - [2024-05-17T03:00:49.408+0000] {dag.py:3954} INFO - Setting next_dagrun for scrape_news to 2024-05-17 03:00:00+00:00, run_after=2024-05-17 03:02:00+00:00
[2024-05-17T03:00:49.417+0000] {processor.py:183} INFO - Processing /opt/airflow/dags/recipes.py took 0.104 seconds
[2024-05-17T03:01:20.199+0000] {processor.py:161} INFO - Started process (PID=17207) to work on /opt/airflow/dags/recipes.py
[2024-05-17T03:01:20.200+0000] {processor.py:830} INFO - Processing file /opt/airflow/dags/recipes.py for tasks to queue
[2024-05-17T03:01:20.202+0000] {logging_mixin.py:188} INFO - [2024-05-17T03:01:20.201+0000] {dagbag.py:545} INFO - Filling up the DagBag from /opt/airflow/dags/recipes.py
[2024-05-17T03:01:20.260+0000] {processor.py:840} INFO - DAG(s) 'scrape_news' retrieved from /opt/airflow/dags/recipes.py
[2024-05-17T03:01:20.273+0000] {logging_mixin.py:188} INFO - [2024-05-17T03:01:20.273+0000] {dag.py:3096} INFO - Sync 1 DAGs
[2024-05-17T03:01:20.284+0000] {logging_mixin.py:188} INFO - [2024-05-17T03:01:20.284+0000] {dag.py:3954} INFO - Setting next_dagrun for scrape_news to 2024-05-17 03:00:00+00:00, run_after=2024-05-17 03:02:00+00:00
[2024-05-17T03:01:20.293+0000] {processor.py:183} INFO - Processing /opt/airflow/dags/recipes.py took 0.100 seconds
[2024-05-17T03:01:51.021+0000] {processor.py:161} INFO - Started process (PID=17258) to work on /opt/airflow/dags/recipes.py
[2024-05-17T03:01:51.022+0000] {processor.py:830} INFO - Processing file /opt/airflow/dags/recipes.py for tasks to queue
[2024-05-17T03:01:51.023+0000] {logging_mixin.py:188} INFO - [2024-05-17T03:01:51.023+0000] {dagbag.py:545} INFO - Filling up the DagBag from /opt/airflow/dags/recipes.py
[2024-05-17T03:01:51.078+0000] {processor.py:840} INFO - DAG(s) 'scrape_news' retrieved from /opt/airflow/dags/recipes.py
[2024-05-17T03:01:51.090+0000] {logging_mixin.py:188} INFO - [2024-05-17T03:01:51.090+0000] {dag.py:3096} INFO - Sync 1 DAGs
[2024-05-17T03:01:51.102+0000] {logging_mixin.py:188} INFO - [2024-05-17T03:01:51.102+0000] {dag.py:3954} INFO - Setting next_dagrun for scrape_news to 2024-05-17 03:00:00+00:00, run_after=2024-05-17 03:02:00+00:00
[2024-05-17T03:01:51.111+0000] {processor.py:183} INFO - Processing /opt/airflow/dags/recipes.py took 0.097 seconds
[2024-05-17T03:02:21.813+0000] {processor.py:161} INFO - Started process (PID=17315) to work on /opt/airflow/dags/recipes.py
[2024-05-17T03:02:21.820+0000] {processor.py:830} INFO - Processing file /opt/airflow/dags/recipes.py for tasks to queue
[2024-05-17T03:02:21.821+0000] {logging_mixin.py:188} INFO - [2024-05-17T03:02:21.821+0000] {dagbag.py:545} INFO - Filling up the DagBag from /opt/airflow/dags/recipes.py
[2024-05-17T03:02:21.877+0000] {processor.py:840} INFO - DAG(s) 'scrape_news' retrieved from /opt/airflow/dags/recipes.py
[2024-05-17T03:02:21.890+0000] {logging_mixin.py:188} INFO - [2024-05-17T03:02:21.890+0000] {dag.py:3096} INFO - Sync 1 DAGs
[2024-05-17T03:02:21.902+0000] {logging_mixin.py:188} INFO - [2024-05-17T03:02:21.902+0000] {dag.py:3954} INFO - Setting next_dagrun for scrape_news to 2024-05-17 03:02:00+00:00, run_after=2024-05-17 03:04:00+00:00
[2024-05-17T03:02:21.911+0000] {processor.py:183} INFO - Processing /opt/airflow/dags/recipes.py took 0.104 seconds
[2024-05-17T03:02:52.700+0000] {processor.py:161} INFO - Started process (PID=17366) to work on /opt/airflow/dags/recipes.py
[2024-05-17T03:02:52.701+0000] {processor.py:830} INFO - Processing file /opt/airflow/dags/recipes.py for tasks to queue
[2024-05-17T03:02:52.701+0000] {logging_mixin.py:188} INFO - [2024-05-17T03:02:52.701+0000] {dagbag.py:545} INFO - Filling up the DagBag from /opt/airflow/dags/recipes.py
[2024-05-17T03:02:52.759+0000] {processor.py:840} INFO - DAG(s) 'scrape_news' retrieved from /opt/airflow/dags/recipes.py
[2024-05-17T03:02:52.770+0000] {logging_mixin.py:188} INFO - [2024-05-17T03:02:52.770+0000] {dag.py:3096} INFO - Sync 1 DAGs
[2024-05-17T03:02:52.781+0000] {logging_mixin.py:188} INFO - [2024-05-17T03:02:52.781+0000] {dag.py:3954} INFO - Setting next_dagrun for scrape_news to 2024-05-17 03:02:00+00:00, run_after=2024-05-17 03:04:00+00:00
[2024-05-17T03:02:52.789+0000] {processor.py:183} INFO - Processing /opt/airflow/dags/recipes.py took 0.094 seconds
[2024-05-17T03:03:23.542+0000] {processor.py:161} INFO - Started process (PID=17417) to work on /opt/airflow/dags/recipes.py
[2024-05-17T03:03:23.542+0000] {processor.py:830} INFO - Processing file /opt/airflow/dags/recipes.py for tasks to queue
[2024-05-17T03:03:23.543+0000] {logging_mixin.py:188} INFO - [2024-05-17T03:03:23.543+0000] {dagbag.py:545} INFO - Filling up the DagBag from /opt/airflow/dags/recipes.py
[2024-05-17T03:03:23.587+0000] {processor.py:840} INFO - DAG(s) 'scrape_news' retrieved from /opt/airflow/dags/recipes.py
[2024-05-17T03:03:23.598+0000] {logging_mixin.py:188} INFO - [2024-05-17T03:03:23.598+0000] {dag.py:3096} INFO - Sync 1 DAGs
[2024-05-17T03:03:23.610+0000] {logging_mixin.py:188} INFO - [2024-05-17T03:03:23.610+0000] {dag.py:3954} INFO - Setting next_dagrun for scrape_news to 2024-05-17 03:02:00+00:00, run_after=2024-05-17 03:04:00+00:00
[2024-05-17T03:03:23.618+0000] {processor.py:183} INFO - Processing /opt/airflow/dags/recipes.py took 0.080 seconds
[2024-05-17T03:03:54.382+0000] {processor.py:161} INFO - Started process (PID=17468) to work on /opt/airflow/dags/recipes.py
[2024-05-17T03:03:54.383+0000] {processor.py:830} INFO - Processing file /opt/airflow/dags/recipes.py for tasks to queue
[2024-05-17T03:03:54.383+0000] {logging_mixin.py:188} INFO - [2024-05-17T03:03:54.383+0000] {dagbag.py:545} INFO - Filling up the DagBag from /opt/airflow/dags/recipes.py
[2024-05-17T03:03:54.429+0000] {processor.py:840} INFO - DAG(s) 'scrape_news' retrieved from /opt/airflow/dags/recipes.py
[2024-05-17T03:03:54.440+0000] {logging_mixin.py:188} INFO - [2024-05-17T03:03:54.440+0000] {dag.py:3096} INFO - Sync 1 DAGs
[2024-05-17T03:03:54.452+0000] {logging_mixin.py:188} INFO - [2024-05-17T03:03:54.452+0000] {dag.py:3954} INFO - Setting next_dagrun for scrape_news to 2024-05-17 03:02:00+00:00, run_after=2024-05-17 03:04:00+00:00
[2024-05-17T03:03:54.461+0000] {processor.py:183} INFO - Processing /opt/airflow/dags/recipes.py took 0.082 seconds
[2024-05-17T03:04:25.158+0000] {processor.py:161} INFO - Started process (PID=17525) to work on /opt/airflow/dags/recipes.py
[2024-05-17T03:04:25.159+0000] {processor.py:830} INFO - Processing file /opt/airflow/dags/recipes.py for tasks to queue
[2024-05-17T03:04:25.159+0000] {logging_mixin.py:188} INFO - [2024-05-17T03:04:25.159+0000] {dagbag.py:545} INFO - Filling up the DagBag from /opt/airflow/dags/recipes.py
[2024-05-17T03:04:25.206+0000] {processor.py:840} INFO - DAG(s) 'scrape_news' retrieved from /opt/airflow/dags/recipes.py
[2024-05-17T03:04:25.218+0000] {logging_mixin.py:188} INFO - [2024-05-17T03:04:25.217+0000] {dag.py:3096} INFO - Sync 1 DAGs
[2024-05-17T03:04:25.230+0000] {logging_mixin.py:188} INFO - [2024-05-17T03:04:25.229+0000] {dag.py:3954} INFO - Setting next_dagrun for scrape_news to 2024-05-17 03:04:00+00:00, run_after=2024-05-17 03:06:00+00:00
[2024-05-17T03:04:25.239+0000] {processor.py:183} INFO - Processing /opt/airflow/dags/recipes.py took 0.084 seconds
[2024-05-17T03:04:56.038+0000] {processor.py:161} INFO - Started process (PID=17576) to work on /opt/airflow/dags/recipes.py
[2024-05-17T03:04:56.040+0000] {processor.py:830} INFO - Processing file /opt/airflow/dags/recipes.py for tasks to queue
[2024-05-17T03:04:56.041+0000] {logging_mixin.py:188} INFO - [2024-05-17T03:04:56.041+0000] {dagbag.py:545} INFO - Filling up the DagBag from /opt/airflow/dags/recipes.py
[2024-05-17T03:04:56.098+0000] {processor.py:840} INFO - DAG(s) 'scrape_news' retrieved from /opt/airflow/dags/recipes.py
[2024-05-17T03:04:56.109+0000] {logging_mixin.py:188} INFO - [2024-05-17T03:04:56.108+0000] {dag.py:3096} INFO - Sync 1 DAGs
[2024-05-17T03:04:56.119+0000] {logging_mixin.py:188} INFO - [2024-05-17T03:04:56.119+0000] {dag.py:3954} INFO - Setting next_dagrun for scrape_news to 2024-05-17 03:04:00+00:00, run_after=2024-05-17 03:06:00+00:00
[2024-05-17T03:04:56.128+0000] {processor.py:183} INFO - Processing /opt/airflow/dags/recipes.py took 0.096 seconds
[2024-05-17T03:05:26.900+0000] {processor.py:161} INFO - Started process (PID=17627) to work on /opt/airflow/dags/recipes.py
[2024-05-17T03:05:26.901+0000] {processor.py:830} INFO - Processing file /opt/airflow/dags/recipes.py for tasks to queue
[2024-05-17T03:05:26.902+0000] {logging_mixin.py:188} INFO - [2024-05-17T03:05:26.902+0000] {dagbag.py:545} INFO - Filling up the DagBag from /opt/airflow/dags/recipes.py
[2024-05-17T03:05:26.956+0000] {processor.py:840} INFO - DAG(s) 'scrape_news' retrieved from /opt/airflow/dags/recipes.py
[2024-05-17T03:05:26.970+0000] {logging_mixin.py:188} INFO - [2024-05-17T03:05:26.969+0000] {dag.py:3096} INFO - Sync 1 DAGs
[2024-05-17T03:05:26.982+0000] {logging_mixin.py:188} INFO - [2024-05-17T03:05:26.982+0000] {dag.py:3954} INFO - Setting next_dagrun for scrape_news to 2024-05-17 03:04:00+00:00, run_after=2024-05-17 03:06:00+00:00
[2024-05-17T03:05:26.991+0000] {processor.py:183} INFO - Processing /opt/airflow/dags/recipes.py took 0.097 seconds
[2024-05-17T03:05:57.797+0000] {processor.py:161} INFO - Started process (PID=17684) to work on /opt/airflow/dags/recipes.py
[2024-05-17T03:05:57.798+0000] {processor.py:830} INFO - Processing file /opt/airflow/dags/recipes.py for tasks to queue
[2024-05-17T03:05:57.799+0000] {logging_mixin.py:188} INFO - [2024-05-17T03:05:57.799+0000] {dagbag.py:545} INFO - Filling up the DagBag from /opt/airflow/dags/recipes.py
[2024-05-17T03:05:57.854+0000] {processor.py:840} INFO - DAG(s) 'scrape_news' retrieved from /opt/airflow/dags/recipes.py
[2024-05-17T03:05:57.865+0000] {logging_mixin.py:188} INFO - [2024-05-17T03:05:57.865+0000] {dag.py:3096} INFO - Sync 1 DAGs
[2024-05-17T03:05:57.876+0000] {logging_mixin.py:188} INFO - [2024-05-17T03:05:57.876+0000] {dag.py:3954} INFO - Setting next_dagrun for scrape_news to 2024-05-17 03:04:00+00:00, run_after=2024-05-17 03:06:00+00:00
[2024-05-17T03:05:57.884+0000] {processor.py:183} INFO - Processing /opt/airflow/dags/recipes.py took 0.095 seconds
[2024-05-17T03:06:28.676+0000] {processor.py:161} INFO - Started process (PID=17741) to work on /opt/airflow/dags/recipes.py
[2024-05-17T03:06:28.678+0000] {processor.py:830} INFO - Processing file /opt/airflow/dags/recipes.py for tasks to queue
[2024-05-17T03:06:28.679+0000] {logging_mixin.py:188} INFO - [2024-05-17T03:06:28.679+0000] {dagbag.py:545} INFO - Filling up the DagBag from /opt/airflow/dags/recipes.py
[2024-05-17T03:06:28.732+0000] {processor.py:840} INFO - DAG(s) 'scrape_news' retrieved from /opt/airflow/dags/recipes.py
[2024-05-17T03:06:28.746+0000] {logging_mixin.py:188} INFO - [2024-05-17T03:06:28.746+0000] {dag.py:3096} INFO - Sync 1 DAGs
[2024-05-17T03:06:28.759+0000] {logging_mixin.py:188} INFO - [2024-05-17T03:06:28.759+0000] {dag.py:3954} INFO - Setting next_dagrun for scrape_news to 2024-05-17 03:06:00+00:00, run_after=2024-05-17 03:08:00+00:00
[2024-05-17T03:06:28.767+0000] {processor.py:183} INFO - Processing /opt/airflow/dags/recipes.py took 0.099 seconds
[2024-05-17T03:06:59.504+0000] {processor.py:161} INFO - Started process (PID=17792) to work on /opt/airflow/dags/recipes.py
[2024-05-17T03:06:59.505+0000] {processor.py:830} INFO - Processing file /opt/airflow/dags/recipes.py for tasks to queue
[2024-05-17T03:06:59.506+0000] {logging_mixin.py:188} INFO - [2024-05-17T03:06:59.506+0000] {dagbag.py:545} INFO - Filling up the DagBag from /opt/airflow/dags/recipes.py
[2024-05-17T03:06:59.557+0000] {processor.py:840} INFO - DAG(s) 'scrape_news' retrieved from /opt/airflow/dags/recipes.py
[2024-05-17T03:06:59.570+0000] {logging_mixin.py:188} INFO - [2024-05-17T03:06:59.570+0000] {dag.py:3096} INFO - Sync 1 DAGs
[2024-05-17T03:06:59.583+0000] {logging_mixin.py:188} INFO - [2024-05-17T03:06:59.583+0000] {dag.py:3954} INFO - Setting next_dagrun for scrape_news to 2024-05-17 03:06:00+00:00, run_after=2024-05-17 03:08:00+00:00
[2024-05-17T03:06:59.592+0000] {processor.py:183} INFO - Processing /opt/airflow/dags/recipes.py took 0.095 seconds
[2024-05-17T03:07:30.366+0000] {processor.py:161} INFO - Started process (PID=17843) to work on /opt/airflow/dags/recipes.py
[2024-05-17T03:07:30.369+0000] {processor.py:830} INFO - Processing file /opt/airflow/dags/recipes.py for tasks to queue
[2024-05-17T03:07:30.369+0000] {logging_mixin.py:188} INFO - [2024-05-17T03:07:30.369+0000] {dagbag.py:545} INFO - Filling up the DagBag from /opt/airflow/dags/recipes.py
[2024-05-17T03:07:30.424+0000] {processor.py:840} INFO - DAG(s) 'scrape_news' retrieved from /opt/airflow/dags/recipes.py
[2024-05-17T03:07:30.436+0000] {logging_mixin.py:188} INFO - [2024-05-17T03:07:30.436+0000] {dag.py:3096} INFO - Sync 1 DAGs
[2024-05-17T03:07:30.449+0000] {logging_mixin.py:188} INFO - [2024-05-17T03:07:30.449+0000] {dag.py:3954} INFO - Setting next_dagrun for scrape_news to 2024-05-17 03:06:00+00:00, run_after=2024-05-17 03:08:00+00:00
[2024-05-17T03:07:30.457+0000] {processor.py:183} INFO - Processing /opt/airflow/dags/recipes.py took 0.098 seconds
[2024-05-17T03:08:01.238+0000] {processor.py:161} INFO - Started process (PID=17898) to work on /opt/airflow/dags/recipes.py
[2024-05-17T03:08:01.239+0000] {processor.py:830} INFO - Processing file /opt/airflow/dags/recipes.py for tasks to queue
[2024-05-17T03:08:01.240+0000] {logging_mixin.py:188} INFO - [2024-05-17T03:08:01.240+0000] {dagbag.py:545} INFO - Filling up the DagBag from /opt/airflow/dags/recipes.py
[2024-05-17T03:08:01.288+0000] {processor.py:840} INFO - DAG(s) 'scrape_news' retrieved from /opt/airflow/dags/recipes.py
[2024-05-17T03:08:01.298+0000] {logging_mixin.py:188} INFO - [2024-05-17T03:08:01.298+0000] {dag.py:3096} INFO - Sync 1 DAGs
[2024-05-17T03:08:01.310+0000] {logging_mixin.py:188} INFO - [2024-05-17T03:08:01.310+0000] {dag.py:3954} INFO - Setting next_dagrun for scrape_news to 2024-05-17 03:08:00+00:00, run_after=2024-05-17 03:10:00+00:00
[2024-05-17T03:08:01.318+0000] {processor.py:183} INFO - Processing /opt/airflow/dags/recipes.py took 0.084 seconds
[2024-05-17T03:08:32.105+0000] {processor.py:161} INFO - Started process (PID=17951) to work on /opt/airflow/dags/recipes.py
[2024-05-17T03:08:32.107+0000] {processor.py:830} INFO - Processing file /opt/airflow/dags/recipes.py for tasks to queue
[2024-05-17T03:08:32.108+0000] {logging_mixin.py:188} INFO - [2024-05-17T03:08:32.107+0000] {dagbag.py:545} INFO - Filling up the DagBag from /opt/airflow/dags/recipes.py
[2024-05-17T03:08:32.165+0000] {processor.py:840} INFO - DAG(s) 'scrape_news' retrieved from /opt/airflow/dags/recipes.py
[2024-05-17T03:08:32.178+0000] {logging_mixin.py:188} INFO - [2024-05-17T03:08:32.178+0000] {dag.py:3096} INFO - Sync 1 DAGs
[2024-05-17T03:08:32.190+0000] {logging_mixin.py:188} INFO - [2024-05-17T03:08:32.190+0000] {dag.py:3954} INFO - Setting next_dagrun for scrape_news to 2024-05-17 03:08:00+00:00, run_after=2024-05-17 03:10:00+00:00
[2024-05-17T03:08:32.199+0000] {processor.py:183} INFO - Processing /opt/airflow/dags/recipes.py took 0.101 seconds
[2024-05-17T03:09:02.925+0000] {processor.py:161} INFO - Started process (PID=18002) to work on /opt/airflow/dags/recipes.py
[2024-05-17T03:09:02.926+0000] {processor.py:830} INFO - Processing file /opt/airflow/dags/recipes.py for tasks to queue
[2024-05-17T03:09:02.927+0000] {logging_mixin.py:188} INFO - [2024-05-17T03:09:02.927+0000] {dagbag.py:545} INFO - Filling up the DagBag from /opt/airflow/dags/recipes.py
[2024-05-17T03:09:02.976+0000] {processor.py:840} INFO - DAG(s) 'scrape_news' retrieved from /opt/airflow/dags/recipes.py
[2024-05-17T03:09:02.988+0000] {logging_mixin.py:188} INFO - [2024-05-17T03:09:02.988+0000] {dag.py:3096} INFO - Sync 1 DAGs
[2024-05-17T03:09:03.000+0000] {logging_mixin.py:188} INFO - [2024-05-17T03:09:03.000+0000] {dag.py:3954} INFO - Setting next_dagrun for scrape_news to 2024-05-17 03:08:00+00:00, run_after=2024-05-17 03:10:00+00:00
[2024-05-17T03:09:03.009+0000] {processor.py:183} INFO - Processing /opt/airflow/dags/recipes.py took 0.090 seconds
[2024-05-17T03:09:33.791+0000] {processor.py:161} INFO - Started process (PID=18053) to work on /opt/airflow/dags/recipes.py
[2024-05-17T03:09:33.792+0000] {processor.py:830} INFO - Processing file /opt/airflow/dags/recipes.py for tasks to queue
[2024-05-17T03:09:33.793+0000] {logging_mixin.py:188} INFO - [2024-05-17T03:09:33.793+0000] {dagbag.py:545} INFO - Filling up the DagBag from /opt/airflow/dags/recipes.py
[2024-05-17T03:09:33.847+0000] {processor.py:840} INFO - DAG(s) 'scrape_news' retrieved from /opt/airflow/dags/recipes.py
[2024-05-17T03:09:33.860+0000] {logging_mixin.py:188} INFO - [2024-05-17T03:09:33.860+0000] {dag.py:3096} INFO - Sync 1 DAGs
[2024-05-17T03:09:33.872+0000] {logging_mixin.py:188} INFO - [2024-05-17T03:09:33.872+0000] {dag.py:3954} INFO - Setting next_dagrun for scrape_news to 2024-05-17 03:08:00+00:00, run_after=2024-05-17 03:10:00+00:00
[2024-05-17T03:09:33.883+0000] {processor.py:183} INFO - Processing /opt/airflow/dags/recipes.py took 0.099 seconds
[2024-05-17T03:10:04.691+0000] {processor.py:161} INFO - Started process (PID=18110) to work on /opt/airflow/dags/recipes.py
[2024-05-17T03:10:04.710+0000] {processor.py:830} INFO - Processing file /opt/airflow/dags/recipes.py for tasks to queue
[2024-05-17T03:10:04.712+0000] {logging_mixin.py:188} INFO - [2024-05-17T03:10:04.711+0000] {dagbag.py:545} INFO - Filling up the DagBag from /opt/airflow/dags/recipes.py
[2024-05-17T03:10:04.775+0000] {processor.py:840} INFO - DAG(s) 'scrape_news' retrieved from /opt/airflow/dags/recipes.py
[2024-05-17T03:10:04.787+0000] {logging_mixin.py:188} INFO - [2024-05-17T03:10:04.787+0000] {dag.py:3096} INFO - Sync 1 DAGs
[2024-05-17T03:10:04.799+0000] {logging_mixin.py:188} INFO - [2024-05-17T03:10:04.799+0000] {dag.py:3954} INFO - Setting next_dagrun for scrape_news to 2024-05-17 03:10:00+00:00, run_after=2024-05-17 03:12:00+00:00
[2024-05-17T03:10:04.807+0000] {processor.py:183} INFO - Processing /opt/airflow/dags/recipes.py took 0.123 seconds
[2024-05-17T03:10:35.563+0000] {processor.py:161} INFO - Started process (PID=18161) to work on /opt/airflow/dags/recipes.py
[2024-05-17T03:10:35.565+0000] {processor.py:830} INFO - Processing file /opt/airflow/dags/recipes.py for tasks to queue
[2024-05-17T03:10:35.567+0000] {logging_mixin.py:188} INFO - [2024-05-17T03:10:35.566+0000] {dagbag.py:545} INFO - Filling up the DagBag from /opt/airflow/dags/recipes.py
[2024-05-17T03:10:35.622+0000] {processor.py:840} INFO - DAG(s) 'scrape_news' retrieved from /opt/airflow/dags/recipes.py
[2024-05-17T03:10:35.635+0000] {logging_mixin.py:188} INFO - [2024-05-17T03:10:35.635+0000] {dag.py:3096} INFO - Sync 1 DAGs
[2024-05-17T03:10:35.646+0000] {logging_mixin.py:188} INFO - [2024-05-17T03:10:35.646+0000] {dag.py:3954} INFO - Setting next_dagrun for scrape_news to 2024-05-17 03:10:00+00:00, run_after=2024-05-17 03:12:00+00:00
[2024-05-17T03:10:35.655+0000] {processor.py:183} INFO - Processing /opt/airflow/dags/recipes.py took 0.098 seconds
[2024-05-17T03:11:06.421+0000] {processor.py:161} INFO - Started process (PID=18212) to work on /opt/airflow/dags/recipes.py
[2024-05-17T03:11:06.422+0000] {processor.py:830} INFO - Processing file /opt/airflow/dags/recipes.py for tasks to queue
[2024-05-17T03:11:06.423+0000] {logging_mixin.py:188} INFO - [2024-05-17T03:11:06.423+0000] {dagbag.py:545} INFO - Filling up the DagBag from /opt/airflow/dags/recipes.py
[2024-05-17T03:11:06.477+0000] {processor.py:840} INFO - DAG(s) 'scrape_news' retrieved from /opt/airflow/dags/recipes.py
[2024-05-17T03:11:06.490+0000] {logging_mixin.py:188} INFO - [2024-05-17T03:11:06.490+0000] {dag.py:3096} INFO - Sync 1 DAGs
[2024-05-17T03:11:06.502+0000] {logging_mixin.py:188} INFO - [2024-05-17T03:11:06.502+0000] {dag.py:3954} INFO - Setting next_dagrun for scrape_news to 2024-05-17 03:10:00+00:00, run_after=2024-05-17 03:12:00+00:00
[2024-05-17T03:11:06.511+0000] {processor.py:183} INFO - Processing /opt/airflow/dags/recipes.py took 0.097 seconds
[2024-05-17T03:11:37.301+0000] {processor.py:161} INFO - Started process (PID=18264) to work on /opt/airflow/dags/recipes.py
[2024-05-17T03:11:37.303+0000] {processor.py:830} INFO - Processing file /opt/airflow/dags/recipes.py for tasks to queue
[2024-05-17T03:11:37.304+0000] {logging_mixin.py:188} INFO - [2024-05-17T03:11:37.304+0000] {dagbag.py:545} INFO - Filling up the DagBag from /opt/airflow/dags/recipes.py
[2024-05-17T03:11:37.358+0000] {processor.py:840} INFO - DAG(s) 'scrape_news' retrieved from /opt/airflow/dags/recipes.py
[2024-05-17T03:11:37.369+0000] {logging_mixin.py:188} INFO - [2024-05-17T03:11:37.369+0000] {dag.py:3096} INFO - Sync 1 DAGs
[2024-05-17T03:11:37.381+0000] {logging_mixin.py:188} INFO - [2024-05-17T03:11:37.381+0000] {dag.py:3954} INFO - Setting next_dagrun for scrape_news to 2024-05-17 03:10:00+00:00, run_after=2024-05-17 03:12:00+00:00
[2024-05-17T03:11:37.391+0000] {processor.py:183} INFO - Processing /opt/airflow/dags/recipes.py took 0.097 seconds
[2024-05-17T03:12:08.061+0000] {processor.py:161} INFO - Started process (PID=18321) to work on /opt/airflow/dags/recipes.py
[2024-05-17T03:12:08.062+0000] {processor.py:830} INFO - Processing file /opt/airflow/dags/recipes.py for tasks to queue
[2024-05-17T03:12:08.063+0000] {logging_mixin.py:188} INFO - [2024-05-17T03:12:08.063+0000] {dagbag.py:545} INFO - Filling up the DagBag from /opt/airflow/dags/recipes.py
[2024-05-17T03:12:08.108+0000] {processor.py:840} INFO - DAG(s) 'scrape_news' retrieved from /opt/airflow/dags/recipes.py
[2024-05-17T03:12:08.123+0000] {logging_mixin.py:188} INFO - [2024-05-17T03:12:08.122+0000] {dag.py:3096} INFO - Sync 1 DAGs
[2024-05-17T03:12:08.136+0000] {logging_mixin.py:188} INFO - [2024-05-17T03:12:08.136+0000] {dag.py:3954} INFO - Setting next_dagrun for scrape_news to 2024-05-17 03:12:00+00:00, run_after=2024-05-17 03:14:00+00:00
[2024-05-17T03:12:08.146+0000] {processor.py:183} INFO - Processing /opt/airflow/dags/recipes.py took 0.088 seconds
[2024-05-17T03:12:38.952+0000] {processor.py:161} INFO - Started process (PID=18372) to work on /opt/airflow/dags/recipes.py
[2024-05-17T03:12:38.954+0000] {processor.py:830} INFO - Processing file /opt/airflow/dags/recipes.py for tasks to queue
[2024-05-17T03:12:38.955+0000] {logging_mixin.py:188} INFO - [2024-05-17T03:12:38.955+0000] {dagbag.py:545} INFO - Filling up the DagBag from /opt/airflow/dags/recipes.py
[2024-05-17T03:12:39.008+0000] {processor.py:840} INFO - DAG(s) 'scrape_news' retrieved from /opt/airflow/dags/recipes.py
[2024-05-17T03:12:39.021+0000] {logging_mixin.py:188} INFO - [2024-05-17T03:12:39.021+0000] {dag.py:3096} INFO - Sync 1 DAGs
[2024-05-17T03:12:39.033+0000] {logging_mixin.py:188} INFO - [2024-05-17T03:12:39.033+0000] {dag.py:3954} INFO - Setting next_dagrun for scrape_news to 2024-05-17 03:12:00+00:00, run_after=2024-05-17 03:14:00+00:00
[2024-05-17T03:12:39.042+0000] {processor.py:183} INFO - Processing /opt/airflow/dags/recipes.py took 0.097 seconds
[2024-05-17T03:13:09.682+0000] {processor.py:161} INFO - Started process (PID=18423) to work on /opt/airflow/dags/recipes.py
[2024-05-17T03:13:09.683+0000] {processor.py:830} INFO - Processing file /opt/airflow/dags/recipes.py for tasks to queue
[2024-05-17T03:13:09.684+0000] {logging_mixin.py:188} INFO - [2024-05-17T03:13:09.683+0000] {dagbag.py:545} INFO - Filling up the DagBag from /opt/airflow/dags/recipes.py
[2024-05-17T03:13:09.743+0000] {processor.py:840} INFO - DAG(s) 'scrape_news' retrieved from /opt/airflow/dags/recipes.py
[2024-05-17T03:13:09.754+0000] {logging_mixin.py:188} INFO - [2024-05-17T03:13:09.753+0000] {dag.py:3096} INFO - Sync 1 DAGs
[2024-05-17T03:13:09.765+0000] {logging_mixin.py:188} INFO - [2024-05-17T03:13:09.765+0000] {dag.py:3954} INFO - Setting next_dagrun for scrape_news to 2024-05-17 03:12:00+00:00, run_after=2024-05-17 03:14:00+00:00
[2024-05-17T03:13:09.774+0000] {processor.py:183} INFO - Processing /opt/airflow/dags/recipes.py took 0.097 seconds
[2024-05-17T03:13:40.485+0000] {processor.py:161} INFO - Started process (PID=18474) to work on /opt/airflow/dags/recipes.py
[2024-05-17T03:13:40.488+0000] {processor.py:830} INFO - Processing file /opt/airflow/dags/recipes.py for tasks to queue
[2024-05-17T03:13:40.489+0000] {logging_mixin.py:188} INFO - [2024-05-17T03:13:40.489+0000] {dagbag.py:545} INFO - Filling up the DagBag from /opt/airflow/dags/recipes.py
[2024-05-17T03:13:40.543+0000] {processor.py:840} INFO - DAG(s) 'scrape_news' retrieved from /opt/airflow/dags/recipes.py
[2024-05-17T03:13:40.558+0000] {logging_mixin.py:188} INFO - [2024-05-17T03:13:40.557+0000] {dag.py:3096} INFO - Sync 1 DAGs
[2024-05-17T03:13:40.570+0000] {logging_mixin.py:188} INFO - [2024-05-17T03:13:40.570+0000] {dag.py:3954} INFO - Setting next_dagrun for scrape_news to 2024-05-17 03:12:00+00:00, run_after=2024-05-17 03:14:00+00:00
[2024-05-17T03:13:40.582+0000] {processor.py:183} INFO - Processing /opt/airflow/dags/recipes.py took 0.104 seconds
[2024-05-17T03:14:11.264+0000] {processor.py:161} INFO - Started process (PID=18530) to work on /opt/airflow/dags/recipes.py
[2024-05-17T03:14:11.266+0000] {processor.py:830} INFO - Processing file /opt/airflow/dags/recipes.py for tasks to queue
[2024-05-17T03:14:11.267+0000] {logging_mixin.py:188} INFO - [2024-05-17T03:14:11.267+0000] {dagbag.py:545} INFO - Filling up the DagBag from /opt/airflow/dags/recipes.py
[2024-05-17T03:14:11.322+0000] {processor.py:840} INFO - DAG(s) 'scrape_news' retrieved from /opt/airflow/dags/recipes.py
[2024-05-17T03:14:11.334+0000] {logging_mixin.py:188} INFO - [2024-05-17T03:14:11.334+0000] {dag.py:3096} INFO - Sync 1 DAGs
[2024-05-17T03:14:11.347+0000] {logging_mixin.py:188} INFO - [2024-05-17T03:14:11.347+0000] {dag.py:3954} INFO - Setting next_dagrun for scrape_news to 2024-05-17 03:14:00+00:00, run_after=2024-05-17 03:16:00+00:00
[2024-05-17T03:14:11.356+0000] {processor.py:183} INFO - Processing /opt/airflow/dags/recipes.py took 0.099 seconds
[2024-05-17T03:14:42.049+0000] {processor.py:161} INFO - Started process (PID=18581) to work on /opt/airflow/dags/recipes.py
[2024-05-17T03:14:42.050+0000] {processor.py:830} INFO - Processing file /opt/airflow/dags/recipes.py for tasks to queue
[2024-05-17T03:14:42.051+0000] {logging_mixin.py:188} INFO - [2024-05-17T03:14:42.051+0000] {dagbag.py:545} INFO - Filling up the DagBag from /opt/airflow/dags/recipes.py
[2024-05-17T03:14:42.106+0000] {processor.py:840} INFO - DAG(s) 'scrape_news' retrieved from /opt/airflow/dags/recipes.py
[2024-05-17T03:14:42.118+0000] {logging_mixin.py:188} INFO - [2024-05-17T03:14:42.118+0000] {dag.py:3096} INFO - Sync 1 DAGs
[2024-05-17T03:14:42.130+0000] {logging_mixin.py:188} INFO - [2024-05-17T03:14:42.130+0000] {dag.py:3954} INFO - Setting next_dagrun for scrape_news to 2024-05-17 03:14:00+00:00, run_after=2024-05-17 03:16:00+00:00
[2024-05-17T03:14:42.139+0000] {processor.py:183} INFO - Processing /opt/airflow/dags/recipes.py took 0.097 seconds
