[2024-05-17T00:32:56.169+0000] {processor.py:161} INFO - Started process (PID=16505) to work on /opt/airflow/dags/recipes_copy.py
[2024-05-17T00:32:56.170+0000] {processor.py:830} INFO - Processing file /opt/airflow/dags/recipes_copy.py for tasks to queue
[2024-05-17T00:32:56.170+0000] {logging_mixin.py:188} INFO - [2024-05-17T00:32:56.170+0000] {dagbag.py:545} INFO - Filling up the DagBag from /opt/airflow/dags/recipes_copy.py
[2024-05-17T00:32:56.220+0000] {processor.py:840} INFO - DAG(s) 'scrape_new_from_other_dags' retrieved from /opt/airflow/dags/recipes_copy.py
[2024-05-17T00:32:56.234+0000] {logging_mixin.py:188} INFO - [2024-05-17T00:32:56.234+0000] {dag.py:3096} INFO - Sync 1 DAGs
[2024-05-17T00:32:56.249+0000] {logging_mixin.py:188} INFO - [2024-05-17T00:32:56.249+0000] {dag.py:3954} INFO - Setting next_dagrun for scrape_new_from_other_dags to 2024-05-17 00:32:00+00:00, run_after=2024-05-17 00:34:00+00:00
[2024-05-17T00:32:56.258+0000] {processor.py:183} INFO - Processing /opt/airflow/dags/recipes_copy.py took 0.093 seconds
[2024-05-17T01:51:08.658+0000] {processor.py:161} INFO - Started process (PID=16562) to work on /opt/airflow/dags/recipes_copy.py
[2024-05-17T01:51:08.659+0000] {processor.py:830} INFO - Processing file /opt/airflow/dags/recipes_copy.py for tasks to queue
[2024-05-17T01:51:08.660+0000] {logging_mixin.py:188} INFO - [2024-05-17T01:51:08.660+0000] {dagbag.py:545} INFO - Filling up the DagBag from /opt/airflow/dags/recipes_copy.py
[2024-05-17T01:51:08.708+0000] {processor.py:840} INFO - DAG(s) 'scrape_new_from_other_dags' retrieved from /opt/airflow/dags/recipes_copy.py
[2024-05-17T01:51:08.720+0000] {logging_mixin.py:188} INFO - [2024-05-17T01:51:08.720+0000] {dag.py:3096} INFO - Sync 1 DAGs
[2024-05-17T01:51:08.731+0000] {logging_mixin.py:188} INFO - [2024-05-17T01:51:08.731+0000] {dag.py:3954} INFO - Setting next_dagrun for scrape_new_from_other_dags to 2024-05-17 01:48:00+00:00, run_after=2024-05-17 01:50:00+00:00
[2024-05-17T01:51:08.740+0000] {processor.py:183} INFO - Processing /opt/airflow/dags/recipes_copy.py took 0.086 seconds
[2024-05-17T02:51:07.562+0000] {processor.py:161} INFO - Started process (PID=16617) to work on /opt/airflow/dags/recipes_copy.py
[2024-05-17T02:51:07.563+0000] {processor.py:830} INFO - Processing file /opt/airflow/dags/recipes_copy.py for tasks to queue
[2024-05-17T02:51:07.564+0000] {logging_mixin.py:188} INFO - [2024-05-17T02:51:07.564+0000] {dagbag.py:545} INFO - Filling up the DagBag from /opt/airflow/dags/recipes_copy.py
[2024-05-17T02:51:07.613+0000] {processor.py:840} INFO - DAG(s) 'scrape_new_from_other_dags' retrieved from /opt/airflow/dags/recipes_copy.py
[2024-05-17T02:51:07.625+0000] {logging_mixin.py:188} INFO - [2024-05-17T02:51:07.625+0000] {dag.py:3096} INFO - Sync 1 DAGs
[2024-05-17T02:51:07.637+0000] {logging_mixin.py:188} INFO - [2024-05-17T02:51:07.637+0000] {dag.py:3954} INFO - Setting next_dagrun for scrape_new_from_other_dags to 2024-05-17 02:48:00+00:00, run_after=2024-05-17 02:50:00+00:00
[2024-05-17T02:51:07.646+0000] {processor.py:183} INFO - Processing /opt/airflow/dags/recipes_copy.py took 0.090 seconds
[2024-05-17T02:56:11.909+0000] {processor.py:161} INFO - Started process (PID=16681) to work on /opt/airflow/dags/recipes_copy.py
[2024-05-17T02:56:11.911+0000] {processor.py:830} INFO - Processing file /opt/airflow/dags/recipes_copy.py for tasks to queue
[2024-05-17T02:56:11.912+0000] {logging_mixin.py:188} INFO - [2024-05-17T02:56:11.912+0000] {dagbag.py:545} INFO - Filling up the DagBag from /opt/airflow/dags/recipes_copy.py
[2024-05-17T02:56:11.970+0000] {processor.py:840} INFO - DAG(s) 'scrape_new_from_other_dags' retrieved from /opt/airflow/dags/recipes_copy.py
[2024-05-17T02:56:11.983+0000] {logging_mixin.py:188} INFO - [2024-05-17T02:56:11.982+0000] {dag.py:3096} INFO - Sync 1 DAGs
[2024-05-17T02:56:11.994+0000] {logging_mixin.py:188} INFO - [2024-05-17T02:56:11.994+0000] {dag.py:3954} INFO - Setting next_dagrun for scrape_new_from_other_dags to 2024-05-17 02:56:00+00:00, run_after=2024-05-17 02:58:00+00:00
[2024-05-17T02:56:12.002+0000] {processor.py:183} INFO - Processing /opt/airflow/dags/recipes_copy.py took 0.102 seconds
[2024-05-17T02:56:42.811+0000] {processor.py:161} INFO - Started process (PID=16736) to work on /opt/airflow/dags/recipes_copy.py
[2024-05-17T02:56:42.813+0000] {processor.py:830} INFO - Processing file /opt/airflow/dags/recipes_copy.py for tasks to queue
[2024-05-17T02:56:42.814+0000] {logging_mixin.py:188} INFO - [2024-05-17T02:56:42.814+0000] {dagbag.py:545} INFO - Filling up the DagBag from /opt/airflow/dags/recipes_copy.py
[2024-05-17T02:56:42.874+0000] {processor.py:840} INFO - DAG(s) 'scrape_new_from_other_dags' retrieved from /opt/airflow/dags/recipes_copy.py
[2024-05-17T02:56:42.888+0000] {logging_mixin.py:188} INFO - [2024-05-17T02:56:42.887+0000] {dag.py:3096} INFO - Sync 1 DAGs
[2024-05-17T02:56:42.899+0000] {logging_mixin.py:188} INFO - [2024-05-17T02:56:42.899+0000] {dag.py:3954} INFO - Setting next_dagrun for scrape_new_from_other_dags to 2024-05-17 02:56:00+00:00, run_after=2024-05-17 02:58:00+00:00
[2024-05-17T02:56:42.908+0000] {processor.py:183} INFO - Processing /opt/airflow/dags/recipes_copy.py took 0.105 seconds
[2024-05-17T02:57:13.630+0000] {processor.py:161} INFO - Started process (PID=16787) to work on /opt/airflow/dags/recipes_copy.py
[2024-05-17T02:57:13.632+0000] {processor.py:830} INFO - Processing file /opt/airflow/dags/recipes_copy.py for tasks to queue
[2024-05-17T02:57:13.633+0000] {logging_mixin.py:188} INFO - [2024-05-17T02:57:13.633+0000] {dagbag.py:545} INFO - Filling up the DagBag from /opt/airflow/dags/recipes_copy.py
[2024-05-17T02:57:13.691+0000] {processor.py:840} INFO - DAG(s) 'scrape_new_from_other_dags' retrieved from /opt/airflow/dags/recipes_copy.py
[2024-05-17T02:57:13.703+0000] {logging_mixin.py:188} INFO - [2024-05-17T02:57:13.703+0000] {dag.py:3096} INFO - Sync 1 DAGs
[2024-05-17T02:57:13.716+0000] {logging_mixin.py:188} INFO - [2024-05-17T02:57:13.716+0000] {dag.py:3954} INFO - Setting next_dagrun for scrape_new_from_other_dags to 2024-05-17 02:56:00+00:00, run_after=2024-05-17 02:58:00+00:00
[2024-05-17T02:57:13.724+0000] {processor.py:183} INFO - Processing /opt/airflow/dags/recipes_copy.py took 0.103 seconds
[2024-05-17T02:57:44.495+0000] {processor.py:161} INFO - Started process (PID=16838) to work on /opt/airflow/dags/recipes_copy.py
[2024-05-17T02:57:44.497+0000] {processor.py:830} INFO - Processing file /opt/airflow/dags/recipes_copy.py for tasks to queue
[2024-05-17T02:57:44.498+0000] {logging_mixin.py:188} INFO - [2024-05-17T02:57:44.498+0000] {dagbag.py:545} INFO - Filling up the DagBag from /opt/airflow/dags/recipes_copy.py
[2024-05-17T02:57:44.557+0000] {processor.py:840} INFO - DAG(s) 'scrape_new_from_other_dags' retrieved from /opt/airflow/dags/recipes_copy.py
[2024-05-17T02:57:44.569+0000] {logging_mixin.py:188} INFO - [2024-05-17T02:57:44.569+0000] {dag.py:3096} INFO - Sync 1 DAGs
[2024-05-17T02:57:44.580+0000] {logging_mixin.py:188} INFO - [2024-05-17T02:57:44.580+0000] {dag.py:3954} INFO - Setting next_dagrun for scrape_new_from_other_dags to 2024-05-17 02:56:00+00:00, run_after=2024-05-17 02:58:00+00:00
[2024-05-17T02:57:44.589+0000] {processor.py:183} INFO - Processing /opt/airflow/dags/recipes_copy.py took 0.102 seconds
[2024-05-17T02:58:15.310+0000] {processor.py:161} INFO - Started process (PID=16895) to work on /opt/airflow/dags/recipes_copy.py
[2024-05-17T02:58:15.311+0000] {processor.py:830} INFO - Processing file /opt/airflow/dags/recipes_copy.py for tasks to queue
[2024-05-17T02:58:15.312+0000] {logging_mixin.py:188} INFO - [2024-05-17T02:58:15.312+0000] {dagbag.py:545} INFO - Filling up the DagBag from /opt/airflow/dags/recipes_copy.py
[2024-05-17T02:58:15.374+0000] {processor.py:840} INFO - DAG(s) 'scrape_new_from_other_dags' retrieved from /opt/airflow/dags/recipes_copy.py
[2024-05-17T02:58:15.386+0000] {logging_mixin.py:188} INFO - [2024-05-17T02:58:15.386+0000] {dag.py:3096} INFO - Sync 1 DAGs
[2024-05-17T02:58:15.398+0000] {logging_mixin.py:188} INFO - [2024-05-17T02:58:15.398+0000] {dag.py:3954} INFO - Setting next_dagrun for scrape_new_from_other_dags to 2024-05-17 02:58:00+00:00, run_after=2024-05-17 03:00:00+00:00
[2024-05-17T02:58:15.407+0000] {processor.py:183} INFO - Processing /opt/airflow/dags/recipes_copy.py took 0.102 seconds
[2024-05-17T02:58:46.132+0000] {processor.py:161} INFO - Started process (PID=16946) to work on /opt/airflow/dags/recipes_copy.py
[2024-05-17T02:58:46.134+0000] {processor.py:830} INFO - Processing file /opt/airflow/dags/recipes_copy.py for tasks to queue
[2024-05-17T02:58:46.137+0000] {logging_mixin.py:188} INFO - [2024-05-17T02:58:46.136+0000] {dagbag.py:545} INFO - Filling up the DagBag from /opt/airflow/dags/recipes_copy.py
[2024-05-17T02:58:46.199+0000] {processor.py:840} INFO - DAG(s) 'scrape_new_from_other_dags' retrieved from /opt/airflow/dags/recipes_copy.py
[2024-05-17T02:58:46.211+0000] {logging_mixin.py:188} INFO - [2024-05-17T02:58:46.211+0000] {dag.py:3096} INFO - Sync 1 DAGs
[2024-05-17T02:58:46.222+0000] {logging_mixin.py:188} INFO - [2024-05-17T02:58:46.222+0000] {dag.py:3954} INFO - Setting next_dagrun for scrape_new_from_other_dags to 2024-05-17 02:58:00+00:00, run_after=2024-05-17 03:00:00+00:00
[2024-05-17T02:58:46.231+0000] {processor.py:183} INFO - Processing /opt/airflow/dags/recipes_copy.py took 0.107 seconds
[2024-05-17T02:59:16.973+0000] {processor.py:161} INFO - Started process (PID=16997) to work on /opt/airflow/dags/recipes_copy.py
[2024-05-17T02:59:16.975+0000] {processor.py:830} INFO - Processing file /opt/airflow/dags/recipes_copy.py for tasks to queue
[2024-05-17T02:59:16.976+0000] {logging_mixin.py:188} INFO - [2024-05-17T02:59:16.976+0000] {dagbag.py:545} INFO - Filling up the DagBag from /opt/airflow/dags/recipes_copy.py
[2024-05-17T02:59:17.033+0000] {processor.py:840} INFO - DAG(s) 'scrape_new_from_other_dags' retrieved from /opt/airflow/dags/recipes_copy.py
[2024-05-17T02:59:17.045+0000] {logging_mixin.py:188} INFO - [2024-05-17T02:59:17.045+0000] {dag.py:3096} INFO - Sync 1 DAGs
[2024-05-17T02:59:17.056+0000] {logging_mixin.py:188} INFO - [2024-05-17T02:59:17.056+0000] {dag.py:3954} INFO - Setting next_dagrun for scrape_new_from_other_dags to 2024-05-17 02:58:00+00:00, run_after=2024-05-17 03:00:00+00:00
[2024-05-17T02:59:17.064+0000] {processor.py:183} INFO - Processing /opt/airflow/dags/recipes_copy.py took 0.099 seconds
[2024-05-17T02:59:47.722+0000] {processor.py:161} INFO - Started process (PID=17047) to work on /opt/airflow/dags/recipes_copy.py
[2024-05-17T02:59:47.724+0000] {processor.py:830} INFO - Processing file /opt/airflow/dags/recipes_copy.py for tasks to queue
[2024-05-17T02:59:47.725+0000] {logging_mixin.py:188} INFO - [2024-05-17T02:59:47.725+0000] {dagbag.py:545} INFO - Filling up the DagBag from /opt/airflow/dags/recipes_copy.py
[2024-05-17T02:59:47.780+0000] {processor.py:840} INFO - DAG(s) 'scrape_new_from_other_dags' retrieved from /opt/airflow/dags/recipes_copy.py
[2024-05-17T02:59:47.792+0000] {logging_mixin.py:188} INFO - [2024-05-17T02:59:47.792+0000] {dag.py:3096} INFO - Sync 1 DAGs
[2024-05-17T02:59:47.803+0000] {logging_mixin.py:188} INFO - [2024-05-17T02:59:47.803+0000] {dag.py:3954} INFO - Setting next_dagrun for scrape_new_from_other_dags to 2024-05-17 02:58:00+00:00, run_after=2024-05-17 03:00:00+00:00
[2024-05-17T02:59:47.812+0000] {processor.py:183} INFO - Processing /opt/airflow/dags/recipes_copy.py took 0.097 seconds
[2024-05-17T03:00:18.526+0000] {processor.py:161} INFO - Started process (PID=17103) to work on /opt/airflow/dags/recipes_copy.py
[2024-05-17T03:00:18.528+0000] {processor.py:830} INFO - Processing file /opt/airflow/dags/recipes_copy.py for tasks to queue
[2024-05-17T03:00:18.529+0000] {logging_mixin.py:188} INFO - [2024-05-17T03:00:18.529+0000] {dagbag.py:545} INFO - Filling up the DagBag from /opt/airflow/dags/recipes_copy.py
[2024-05-17T03:00:18.590+0000] {processor.py:840} INFO - DAG(s) 'scrape_new_from_other_dags' retrieved from /opt/airflow/dags/recipes_copy.py
[2024-05-17T03:00:18.602+0000] {logging_mixin.py:188} INFO - [2024-05-17T03:00:18.602+0000] {dag.py:3096} INFO - Sync 1 DAGs
[2024-05-17T03:00:18.614+0000] {logging_mixin.py:188} INFO - [2024-05-17T03:00:18.614+0000] {dag.py:3954} INFO - Setting next_dagrun for scrape_new_from_other_dags to 2024-05-17 03:00:00+00:00, run_after=2024-05-17 03:02:00+00:00
[2024-05-17T03:00:18.623+0000] {processor.py:183} INFO - Processing /opt/airflow/dags/recipes_copy.py took 0.106 seconds
[2024-05-17T03:00:49.309+0000] {processor.py:161} INFO - Started process (PID=17154) to work on /opt/airflow/dags/recipes_copy.py
[2024-05-17T03:00:49.311+0000] {processor.py:830} INFO - Processing file /opt/airflow/dags/recipes_copy.py for tasks to queue
[2024-05-17T03:00:49.312+0000] {logging_mixin.py:188} INFO - [2024-05-17T03:00:49.312+0000] {dagbag.py:545} INFO - Filling up the DagBag from /opt/airflow/dags/recipes_copy.py
[2024-05-17T03:00:49.369+0000] {processor.py:840} INFO - DAG(s) 'scrape_new_from_other_dags' retrieved from /opt/airflow/dags/recipes_copy.py
[2024-05-17T03:00:49.380+0000] {logging_mixin.py:188} INFO - [2024-05-17T03:00:49.380+0000] {dag.py:3096} INFO - Sync 1 DAGs
[2024-05-17T03:00:49.392+0000] {logging_mixin.py:188} INFO - [2024-05-17T03:00:49.392+0000] {dag.py:3954} INFO - Setting next_dagrun for scrape_new_from_other_dags to 2024-05-17 03:00:00+00:00, run_after=2024-05-17 03:02:00+00:00
[2024-05-17T03:00:49.399+0000] {processor.py:183} INFO - Processing /opt/airflow/dags/recipes_copy.py took 0.099 seconds
[2024-05-17T03:01:20.195+0000] {processor.py:161} INFO - Started process (PID=17204) to work on /opt/airflow/dags/recipes_copy.py
[2024-05-17T03:01:20.199+0000] {processor.py:830} INFO - Processing file /opt/airflow/dags/recipes_copy.py for tasks to queue
[2024-05-17T03:01:20.201+0000] {logging_mixin.py:188} INFO - [2024-05-17T03:01:20.200+0000] {dagbag.py:545} INFO - Filling up the DagBag from /opt/airflow/dags/recipes_copy.py
[2024-05-17T03:01:20.260+0000] {processor.py:840} INFO - DAG(s) 'scrape_new_from_other_dags' retrieved from /opt/airflow/dags/recipes_copy.py
[2024-05-17T03:01:20.273+0000] {logging_mixin.py:188} INFO - [2024-05-17T03:01:20.273+0000] {dag.py:3096} INFO - Sync 1 DAGs
[2024-05-17T03:01:20.284+0000] {logging_mixin.py:188} INFO - [2024-05-17T03:01:20.284+0000] {dag.py:3954} INFO - Setting next_dagrun for scrape_new_from_other_dags to 2024-05-17 03:00:00+00:00, run_after=2024-05-17 03:02:00+00:00
[2024-05-17T03:01:20.293+0000] {processor.py:183} INFO - Processing /opt/airflow/dags/recipes_copy.py took 0.106 seconds
[2024-05-17T03:01:51.018+0000] {processor.py:161} INFO - Started process (PID=17255) to work on /opt/airflow/dags/recipes_copy.py
[2024-05-17T03:01:51.019+0000] {processor.py:830} INFO - Processing file /opt/airflow/dags/recipes_copy.py for tasks to queue
[2024-05-17T03:01:51.020+0000] {logging_mixin.py:188} INFO - [2024-05-17T03:01:51.020+0000] {dagbag.py:545} INFO - Filling up the DagBag from /opt/airflow/dags/recipes_copy.py
[2024-05-17T03:01:51.078+0000] {processor.py:840} INFO - DAG(s) 'scrape_new_from_other_dags' retrieved from /opt/airflow/dags/recipes_copy.py
[2024-05-17T03:01:51.090+0000] {logging_mixin.py:188} INFO - [2024-05-17T03:01:51.090+0000] {dag.py:3096} INFO - Sync 1 DAGs
[2024-05-17T03:01:51.102+0000] {logging_mixin.py:188} INFO - [2024-05-17T03:01:51.102+0000] {dag.py:3954} INFO - Setting next_dagrun for scrape_new_from_other_dags to 2024-05-17 03:00:00+00:00, run_after=2024-05-17 03:02:00+00:00
[2024-05-17T03:01:51.111+0000] {processor.py:183} INFO - Processing /opt/airflow/dags/recipes_copy.py took 0.102 seconds
[2024-05-17T03:02:21.809+0000] {processor.py:161} INFO - Started process (PID=17312) to work on /opt/airflow/dags/recipes_copy.py
[2024-05-17T03:02:21.810+0000] {processor.py:830} INFO - Processing file /opt/airflow/dags/recipes_copy.py for tasks to queue
[2024-05-17T03:02:21.812+0000] {logging_mixin.py:188} INFO - [2024-05-17T03:02:21.811+0000] {dagbag.py:545} INFO - Filling up the DagBag from /opt/airflow/dags/recipes_copy.py
[2024-05-17T03:02:21.877+0000] {processor.py:840} INFO - DAG(s) 'scrape_new_from_other_dags' retrieved from /opt/airflow/dags/recipes_copy.py
[2024-05-17T03:02:21.890+0000] {logging_mixin.py:188} INFO - [2024-05-17T03:02:21.890+0000] {dag.py:3096} INFO - Sync 1 DAGs
[2024-05-17T03:02:21.902+0000] {logging_mixin.py:188} INFO - [2024-05-17T03:02:21.902+0000] {dag.py:3954} INFO - Setting next_dagrun for scrape_new_from_other_dags to 2024-05-17 03:02:00+00:00, run_after=2024-05-17 03:04:00+00:00
[2024-05-17T03:02:21.911+0000] {processor.py:183} INFO - Processing /opt/airflow/dags/recipes_copy.py took 0.110 seconds
[2024-05-17T03:02:52.695+0000] {processor.py:161} INFO - Started process (PID=17363) to work on /opt/airflow/dags/recipes_copy.py
[2024-05-17T03:02:52.696+0000] {processor.py:830} INFO - Processing file /opt/airflow/dags/recipes_copy.py for tasks to queue
[2024-05-17T03:02:52.697+0000] {logging_mixin.py:188} INFO - [2024-05-17T03:02:52.697+0000] {dagbag.py:545} INFO - Filling up the DagBag from /opt/airflow/dags/recipes_copy.py
[2024-05-17T03:02:52.758+0000] {processor.py:840} INFO - DAG(s) 'scrape_new_from_other_dags' retrieved from /opt/airflow/dags/recipes_copy.py
[2024-05-17T03:02:52.770+0000] {logging_mixin.py:188} INFO - [2024-05-17T03:02:52.770+0000] {dag.py:3096} INFO - Sync 1 DAGs
[2024-05-17T03:02:52.781+0000] {logging_mixin.py:188} INFO - [2024-05-17T03:02:52.781+0000] {dag.py:3954} INFO - Setting next_dagrun for scrape_new_from_other_dags to 2024-05-17 03:02:00+00:00, run_after=2024-05-17 03:04:00+00:00
[2024-05-17T03:02:52.789+0000] {processor.py:183} INFO - Processing /opt/airflow/dags/recipes_copy.py took 0.099 seconds
[2024-05-17T03:03:23.538+0000] {processor.py:161} INFO - Started process (PID=17414) to work on /opt/airflow/dags/recipes_copy.py
[2024-05-17T03:03:23.539+0000] {processor.py:830} INFO - Processing file /opt/airflow/dags/recipes_copy.py for tasks to queue
[2024-05-17T03:03:23.539+0000] {logging_mixin.py:188} INFO - [2024-05-17T03:03:23.539+0000] {dagbag.py:545} INFO - Filling up the DagBag from /opt/airflow/dags/recipes_copy.py
[2024-05-17T03:03:23.586+0000] {processor.py:840} INFO - DAG(s) 'scrape_new_from_other_dags' retrieved from /opt/airflow/dags/recipes_copy.py
[2024-05-17T03:03:23.598+0000] {logging_mixin.py:188} INFO - [2024-05-17T03:03:23.598+0000] {dag.py:3096} INFO - Sync 1 DAGs
[2024-05-17T03:03:23.610+0000] {logging_mixin.py:188} INFO - [2024-05-17T03:03:23.610+0000] {dag.py:3954} INFO - Setting next_dagrun for scrape_new_from_other_dags to 2024-05-17 03:02:00+00:00, run_after=2024-05-17 03:04:00+00:00
[2024-05-17T03:03:23.618+0000] {processor.py:183} INFO - Processing /opt/airflow/dags/recipes_copy.py took 0.084 seconds
[2024-05-17T03:03:54.378+0000] {processor.py:161} INFO - Started process (PID=17465) to work on /opt/airflow/dags/recipes_copy.py
[2024-05-17T03:03:54.379+0000] {processor.py:830} INFO - Processing file /opt/airflow/dags/recipes_copy.py for tasks to queue
[2024-05-17T03:03:54.380+0000] {logging_mixin.py:188} INFO - [2024-05-17T03:03:54.379+0000] {dagbag.py:545} INFO - Filling up the DagBag from /opt/airflow/dags/recipes_copy.py
[2024-05-17T03:03:54.428+0000] {processor.py:840} INFO - DAG(s) 'scrape_new_from_other_dags' retrieved from /opt/airflow/dags/recipes_copy.py
[2024-05-17T03:03:54.440+0000] {logging_mixin.py:188} INFO - [2024-05-17T03:03:54.440+0000] {dag.py:3096} INFO - Sync 1 DAGs
[2024-05-17T03:03:54.452+0000] {logging_mixin.py:188} INFO - [2024-05-17T03:03:54.452+0000] {dag.py:3954} INFO - Setting next_dagrun for scrape_new_from_other_dags to 2024-05-17 03:02:00+00:00, run_after=2024-05-17 03:04:00+00:00
[2024-05-17T03:03:54.461+0000] {processor.py:183} INFO - Processing /opt/airflow/dags/recipes_copy.py took 0.086 seconds
[2024-05-17T03:04:25.154+0000] {processor.py:161} INFO - Started process (PID=17522) to work on /opt/airflow/dags/recipes_copy.py
[2024-05-17T03:04:25.155+0000] {processor.py:830} INFO - Processing file /opt/airflow/dags/recipes_copy.py for tasks to queue
[2024-05-17T03:04:25.156+0000] {logging_mixin.py:188} INFO - [2024-05-17T03:04:25.156+0000] {dagbag.py:545} INFO - Filling up the DagBag from /opt/airflow/dags/recipes_copy.py
[2024-05-17T03:04:25.204+0000] {processor.py:840} INFO - DAG(s) 'scrape_new_from_other_dags' retrieved from /opt/airflow/dags/recipes_copy.py
[2024-05-17T03:04:25.218+0000] {logging_mixin.py:188} INFO - [2024-05-17T03:04:25.217+0000] {dag.py:3096} INFO - Sync 1 DAGs
[2024-05-17T03:04:25.230+0000] {logging_mixin.py:188} INFO - [2024-05-17T03:04:25.230+0000] {dag.py:3954} INFO - Setting next_dagrun for scrape_new_from_other_dags to 2024-05-17 03:04:00+00:00, run_after=2024-05-17 03:06:00+00:00
[2024-05-17T03:04:25.239+0000] {processor.py:183} INFO - Processing /opt/airflow/dags/recipes_copy.py took 0.088 seconds
[2024-05-17T03:04:56.029+0000] {processor.py:161} INFO - Started process (PID=17573) to work on /opt/airflow/dags/recipes_copy.py
[2024-05-17T03:04:56.031+0000] {processor.py:830} INFO - Processing file /opt/airflow/dags/recipes_copy.py for tasks to queue
[2024-05-17T03:04:56.032+0000] {logging_mixin.py:188} INFO - [2024-05-17T03:04:56.032+0000] {dagbag.py:545} INFO - Filling up the DagBag from /opt/airflow/dags/recipes_copy.py
[2024-05-17T03:04:56.096+0000] {processor.py:840} INFO - DAG(s) 'scrape_new_from_other_dags' retrieved from /opt/airflow/dags/recipes_copy.py
[2024-05-17T03:04:56.109+0000] {logging_mixin.py:188} INFO - [2024-05-17T03:04:56.108+0000] {dag.py:3096} INFO - Sync 1 DAGs
[2024-05-17T03:04:56.120+0000] {logging_mixin.py:188} INFO - [2024-05-17T03:04:56.119+0000] {dag.py:3954} INFO - Setting next_dagrun for scrape_new_from_other_dags to 2024-05-17 03:04:00+00:00, run_after=2024-05-17 03:06:00+00:00
[2024-05-17T03:04:56.128+0000] {processor.py:183} INFO - Processing /opt/airflow/dags/recipes_copy.py took 0.108 seconds
[2024-05-17T03:05:26.893+0000] {processor.py:161} INFO - Started process (PID=17624) to work on /opt/airflow/dags/recipes_copy.py
[2024-05-17T03:05:26.895+0000] {processor.py:830} INFO - Processing file /opt/airflow/dags/recipes_copy.py for tasks to queue
[2024-05-17T03:05:26.896+0000] {logging_mixin.py:188} INFO - [2024-05-17T03:05:26.896+0000] {dagbag.py:545} INFO - Filling up the DagBag from /opt/airflow/dags/recipes_copy.py
[2024-05-17T03:05:26.956+0000] {processor.py:840} INFO - DAG(s) 'scrape_new_from_other_dags' retrieved from /opt/airflow/dags/recipes_copy.py
[2024-05-17T03:05:26.970+0000] {logging_mixin.py:188} INFO - [2024-05-17T03:05:26.969+0000] {dag.py:3096} INFO - Sync 1 DAGs
[2024-05-17T03:05:26.982+0000] {logging_mixin.py:188} INFO - [2024-05-17T03:05:26.982+0000] {dag.py:3954} INFO - Setting next_dagrun for scrape_new_from_other_dags to 2024-05-17 03:04:00+00:00, run_after=2024-05-17 03:06:00+00:00
[2024-05-17T03:05:26.991+0000] {processor.py:183} INFO - Processing /opt/airflow/dags/recipes_copy.py took 0.107 seconds
[2024-05-17T03:05:57.789+0000] {processor.py:161} INFO - Started process (PID=17681) to work on /opt/airflow/dags/recipes_copy.py
[2024-05-17T03:05:57.791+0000] {processor.py:830} INFO - Processing file /opt/airflow/dags/recipes_copy.py for tasks to queue
[2024-05-17T03:05:57.793+0000] {logging_mixin.py:188} INFO - [2024-05-17T03:05:57.792+0000] {dagbag.py:545} INFO - Filling up the DagBag from /opt/airflow/dags/recipes_copy.py
[2024-05-17T03:05:57.852+0000] {processor.py:840} INFO - DAG(s) 'scrape_new_from_other_dags' retrieved from /opt/airflow/dags/recipes_copy.py
[2024-05-17T03:05:57.864+0000] {logging_mixin.py:188} INFO - [2024-05-17T03:05:57.864+0000] {dag.py:3096} INFO - Sync 1 DAGs
[2024-05-17T03:05:57.876+0000] {logging_mixin.py:188} INFO - [2024-05-17T03:05:57.876+0000] {dag.py:3954} INFO - Setting next_dagrun for scrape_new_from_other_dags to 2024-05-17 03:04:00+00:00, run_after=2024-05-17 03:06:00+00:00
[2024-05-17T03:05:57.884+0000] {processor.py:183} INFO - Processing /opt/airflow/dags/recipes_copy.py took 0.104 seconds
[2024-05-17T03:06:28.668+0000] {processor.py:161} INFO - Started process (PID=17738) to work on /opt/airflow/dags/recipes_copy.py
[2024-05-17T03:06:28.671+0000] {processor.py:830} INFO - Processing file /opt/airflow/dags/recipes_copy.py for tasks to queue
[2024-05-17T03:06:28.672+0000] {logging_mixin.py:188} INFO - [2024-05-17T03:06:28.672+0000] {dagbag.py:545} INFO - Filling up the DagBag from /opt/airflow/dags/recipes_copy.py
[2024-05-17T03:06:28.732+0000] {processor.py:840} INFO - DAG(s) 'scrape_new_from_other_dags' retrieved from /opt/airflow/dags/recipes_copy.py
[2024-05-17T03:06:28.746+0000] {logging_mixin.py:188} INFO - [2024-05-17T03:06:28.746+0000] {dag.py:3096} INFO - Sync 1 DAGs
[2024-05-17T03:06:28.759+0000] {logging_mixin.py:188} INFO - [2024-05-17T03:06:28.759+0000] {dag.py:3954} INFO - Setting next_dagrun for scrape_new_from_other_dags to 2024-05-17 03:06:00+00:00, run_after=2024-05-17 03:08:00+00:00
[2024-05-17T03:06:28.768+0000] {processor.py:183} INFO - Processing /opt/airflow/dags/recipes_copy.py took 0.109 seconds
[2024-05-17T03:06:59.496+0000] {processor.py:161} INFO - Started process (PID=17789) to work on /opt/airflow/dags/recipes_copy.py
[2024-05-17T03:06:59.498+0000] {processor.py:830} INFO - Processing file /opt/airflow/dags/recipes_copy.py for tasks to queue
[2024-05-17T03:06:59.500+0000] {logging_mixin.py:188} INFO - [2024-05-17T03:06:59.499+0000] {dagbag.py:545} INFO - Filling up the DagBag from /opt/airflow/dags/recipes_copy.py
[2024-05-17T03:06:59.557+0000] {processor.py:840} INFO - DAG(s) 'scrape_new_from_other_dags' retrieved from /opt/airflow/dags/recipes_copy.py
[2024-05-17T03:06:59.570+0000] {logging_mixin.py:188} INFO - [2024-05-17T03:06:59.570+0000] {dag.py:3096} INFO - Sync 1 DAGs
[2024-05-17T03:06:59.583+0000] {logging_mixin.py:188} INFO - [2024-05-17T03:06:59.583+0000] {dag.py:3954} INFO - Setting next_dagrun for scrape_new_from_other_dags to 2024-05-17 03:06:00+00:00, run_after=2024-05-17 03:08:00+00:00
[2024-05-17T03:06:59.592+0000] {processor.py:183} INFO - Processing /opt/airflow/dags/recipes_copy.py took 0.105 seconds
[2024-05-17T03:07:30.362+0000] {processor.py:161} INFO - Started process (PID=17840) to work on /opt/airflow/dags/recipes_copy.py
[2024-05-17T03:07:30.364+0000] {processor.py:830} INFO - Processing file /opt/airflow/dags/recipes_copy.py for tasks to queue
[2024-05-17T03:07:30.365+0000] {logging_mixin.py:188} INFO - [2024-05-17T03:07:30.365+0000] {dagbag.py:545} INFO - Filling up the DagBag from /opt/airflow/dags/recipes_copy.py
[2024-05-17T03:07:30.424+0000] {processor.py:840} INFO - DAG(s) 'scrape_new_from_other_dags' retrieved from /opt/airflow/dags/recipes_copy.py
[2024-05-17T03:07:30.436+0000] {logging_mixin.py:188} INFO - [2024-05-17T03:07:30.436+0000] {dag.py:3096} INFO - Sync 1 DAGs
[2024-05-17T03:07:30.449+0000] {logging_mixin.py:188} INFO - [2024-05-17T03:07:30.449+0000] {dag.py:3954} INFO - Setting next_dagrun for scrape_new_from_other_dags to 2024-05-17 03:06:00+00:00, run_after=2024-05-17 03:08:00+00:00
[2024-05-17T03:07:30.457+0000] {processor.py:183} INFO - Processing /opt/airflow/dags/recipes_copy.py took 0.104 seconds
[2024-05-17T03:08:01.234+0000] {processor.py:161} INFO - Started process (PID=17895) to work on /opt/airflow/dags/recipes_copy.py
[2024-05-17T03:08:01.235+0000] {processor.py:830} INFO - Processing file /opt/airflow/dags/recipes_copy.py for tasks to queue
[2024-05-17T03:08:01.236+0000] {logging_mixin.py:188} INFO - [2024-05-17T03:08:01.235+0000] {dagbag.py:545} INFO - Filling up the DagBag from /opt/airflow/dags/recipes_copy.py
[2024-05-17T03:08:01.286+0000] {processor.py:840} INFO - DAG(s) 'scrape_new_from_other_dags' retrieved from /opt/airflow/dags/recipes_copy.py
[2024-05-17T03:08:01.298+0000] {logging_mixin.py:188} INFO - [2024-05-17T03:08:01.298+0000] {dag.py:3096} INFO - Sync 1 DAGs
[2024-05-17T03:08:01.310+0000] {logging_mixin.py:188} INFO - [2024-05-17T03:08:01.310+0000] {dag.py:3954} INFO - Setting next_dagrun for scrape_new_from_other_dags to 2024-05-17 03:08:00+00:00, run_after=2024-05-17 03:10:00+00:00
[2024-05-17T03:08:01.318+0000] {processor.py:183} INFO - Processing /opt/airflow/dags/recipes_copy.py took 0.091 seconds
[2024-05-17T03:08:32.099+0000] {processor.py:161} INFO - Started process (PID=17948) to work on /opt/airflow/dags/recipes_copy.py
[2024-05-17T03:08:32.103+0000] {processor.py:830} INFO - Processing file /opt/airflow/dags/recipes_copy.py for tasks to queue
[2024-05-17T03:08:32.104+0000] {logging_mixin.py:188} INFO - [2024-05-17T03:08:32.103+0000] {dagbag.py:545} INFO - Filling up the DagBag from /opt/airflow/dags/recipes_copy.py
[2024-05-17T03:08:32.165+0000] {processor.py:840} INFO - DAG(s) 'scrape_new_from_other_dags' retrieved from /opt/airflow/dags/recipes_copy.py
[2024-05-17T03:08:32.178+0000] {logging_mixin.py:188} INFO - [2024-05-17T03:08:32.178+0000] {dag.py:3096} INFO - Sync 1 DAGs
[2024-05-17T03:08:32.190+0000] {logging_mixin.py:188} INFO - [2024-05-17T03:08:32.190+0000] {dag.py:3954} INFO - Setting next_dagrun for scrape_new_from_other_dags to 2024-05-17 03:08:00+00:00, run_after=2024-05-17 03:10:00+00:00
[2024-05-17T03:08:32.199+0000] {processor.py:183} INFO - Processing /opt/airflow/dags/recipes_copy.py took 0.109 seconds
[2024-05-17T03:09:02.919+0000] {processor.py:161} INFO - Started process (PID=17999) to work on /opt/airflow/dags/recipes_copy.py
[2024-05-17T03:09:02.921+0000] {processor.py:830} INFO - Processing file /opt/airflow/dags/recipes_copy.py for tasks to queue
[2024-05-17T03:09:02.922+0000] {logging_mixin.py:188} INFO - [2024-05-17T03:09:02.922+0000] {dagbag.py:545} INFO - Filling up the DagBag from /opt/airflow/dags/recipes_copy.py
[2024-05-17T03:09:02.976+0000] {processor.py:840} INFO - DAG(s) 'scrape_new_from_other_dags' retrieved from /opt/airflow/dags/recipes_copy.py
[2024-05-17T03:09:02.988+0000] {logging_mixin.py:188} INFO - [2024-05-17T03:09:02.988+0000] {dag.py:3096} INFO - Sync 1 DAGs
[2024-05-17T03:09:03.000+0000] {logging_mixin.py:188} INFO - [2024-05-17T03:09:03.000+0000] {dag.py:3954} INFO - Setting next_dagrun for scrape_new_from_other_dags to 2024-05-17 03:08:00+00:00, run_after=2024-05-17 03:10:00+00:00
[2024-05-17T03:09:03.009+0000] {processor.py:183} INFO - Processing /opt/airflow/dags/recipes_copy.py took 0.098 seconds
[2024-05-17T03:09:33.783+0000] {processor.py:161} INFO - Started process (PID=18050) to work on /opt/airflow/dags/recipes_copy.py
[2024-05-17T03:09:33.785+0000] {processor.py:830} INFO - Processing file /opt/airflow/dags/recipes_copy.py for tasks to queue
[2024-05-17T03:09:33.786+0000] {logging_mixin.py:188} INFO - [2024-05-17T03:09:33.786+0000] {dagbag.py:545} INFO - Filling up the DagBag from /opt/airflow/dags/recipes_copy.py
[2024-05-17T03:09:33.847+0000] {processor.py:840} INFO - DAG(s) 'scrape_new_from_other_dags' retrieved from /opt/airflow/dags/recipes_copy.py
[2024-05-17T03:09:33.860+0000] {logging_mixin.py:188} INFO - [2024-05-17T03:09:33.860+0000] {dag.py:3096} INFO - Sync 1 DAGs
[2024-05-17T03:09:33.872+0000] {logging_mixin.py:188} INFO - [2024-05-17T03:09:33.872+0000] {dag.py:3954} INFO - Setting next_dagrun for scrape_new_from_other_dags to 2024-05-17 03:08:00+00:00, run_after=2024-05-17 03:10:00+00:00
[2024-05-17T03:09:33.882+0000] {processor.py:183} INFO - Processing /opt/airflow/dags/recipes_copy.py took 0.108 seconds
[2024-05-17T03:10:04.678+0000] {processor.py:161} INFO - Started process (PID=18107) to work on /opt/airflow/dags/recipes_copy.py
[2024-05-17T03:10:04.681+0000] {processor.py:830} INFO - Processing file /opt/airflow/dags/recipes_copy.py for tasks to queue
[2024-05-17T03:10:04.683+0000] {logging_mixin.py:188} INFO - [2024-05-17T03:10:04.683+0000] {dagbag.py:545} INFO - Filling up the DagBag from /opt/airflow/dags/recipes_copy.py
[2024-05-17T03:10:04.775+0000] {processor.py:840} INFO - DAG(s) 'scrape_new_from_other_dags' retrieved from /opt/airflow/dags/recipes_copy.py
[2024-05-17T03:10:04.787+0000] {logging_mixin.py:188} INFO - [2024-05-17T03:10:04.787+0000] {dag.py:3096} INFO - Sync 1 DAGs
[2024-05-17T03:10:04.799+0000] {logging_mixin.py:188} INFO - [2024-05-17T03:10:04.799+0000] {dag.py:3954} INFO - Setting next_dagrun for scrape_new_from_other_dags to 2024-05-17 03:10:00+00:00, run_after=2024-05-17 03:12:00+00:00
[2024-05-17T03:10:04.807+0000] {processor.py:183} INFO - Processing /opt/airflow/dags/recipes_copy.py took 0.138 seconds
[2024-05-17T03:10:35.556+0000] {processor.py:161} INFO - Started process (PID=18158) to work on /opt/airflow/dags/recipes_copy.py
[2024-05-17T03:10:35.562+0000] {processor.py:830} INFO - Processing file /opt/airflow/dags/recipes_copy.py for tasks to queue
[2024-05-17T03:10:35.563+0000] {logging_mixin.py:188} INFO - [2024-05-17T03:10:35.563+0000] {dagbag.py:545} INFO - Filling up the DagBag from /opt/airflow/dags/recipes_copy.py
[2024-05-17T03:10:35.622+0000] {processor.py:840} INFO - DAG(s) 'scrape_new_from_other_dags' retrieved from /opt/airflow/dags/recipes_copy.py
[2024-05-17T03:10:35.635+0000] {logging_mixin.py:188} INFO - [2024-05-17T03:10:35.635+0000] {dag.py:3096} INFO - Sync 1 DAGs
[2024-05-17T03:10:35.646+0000] {logging_mixin.py:188} INFO - [2024-05-17T03:10:35.646+0000] {dag.py:3954} INFO - Setting next_dagrun for scrape_new_from_other_dags to 2024-05-17 03:10:00+00:00, run_after=2024-05-17 03:12:00+00:00
[2024-05-17T03:10:35.655+0000] {processor.py:183} INFO - Processing /opt/airflow/dags/recipes_copy.py took 0.108 seconds
[2024-05-17T03:11:06.414+0000] {processor.py:161} INFO - Started process (PID=18209) to work on /opt/airflow/dags/recipes_copy.py
[2024-05-17T03:11:06.416+0000] {processor.py:830} INFO - Processing file /opt/airflow/dags/recipes_copy.py for tasks to queue
[2024-05-17T03:11:06.418+0000] {logging_mixin.py:188} INFO - [2024-05-17T03:11:06.417+0000] {dagbag.py:545} INFO - Filling up the DagBag from /opt/airflow/dags/recipes_copy.py
[2024-05-17T03:11:06.477+0000] {processor.py:840} INFO - DAG(s) 'scrape_new_from_other_dags' retrieved from /opt/airflow/dags/recipes_copy.py
[2024-05-17T03:11:06.490+0000] {logging_mixin.py:188} INFO - [2024-05-17T03:11:06.490+0000] {dag.py:3096} INFO - Sync 1 DAGs
[2024-05-17T03:11:06.502+0000] {logging_mixin.py:188} INFO - [2024-05-17T03:11:06.502+0000] {dag.py:3954} INFO - Setting next_dagrun for scrape_new_from_other_dags to 2024-05-17 03:10:00+00:00, run_after=2024-05-17 03:12:00+00:00
[2024-05-17T03:11:06.511+0000] {processor.py:183} INFO - Processing /opt/airflow/dags/recipes_copy.py took 0.105 seconds
[2024-05-17T03:11:37.293+0000] {processor.py:161} INFO - Started process (PID=18261) to work on /opt/airflow/dags/recipes_copy.py
[2024-05-17T03:11:37.295+0000] {processor.py:830} INFO - Processing file /opt/airflow/dags/recipes_copy.py for tasks to queue
[2024-05-17T03:11:37.296+0000] {logging_mixin.py:188} INFO - [2024-05-17T03:11:37.296+0000] {dagbag.py:545} INFO - Filling up the DagBag from /opt/airflow/dags/recipes_copy.py
[2024-05-17T03:11:37.356+0000] {processor.py:840} INFO - DAG(s) 'scrape_new_from_other_dags' retrieved from /opt/airflow/dags/recipes_copy.py
[2024-05-17T03:11:37.369+0000] {logging_mixin.py:188} INFO - [2024-05-17T03:11:37.369+0000] {dag.py:3096} INFO - Sync 1 DAGs
[2024-05-17T03:11:37.381+0000] {logging_mixin.py:188} INFO - [2024-05-17T03:11:37.381+0000] {dag.py:3954} INFO - Setting next_dagrun for scrape_new_from_other_dags to 2024-05-17 03:10:00+00:00, run_after=2024-05-17 03:12:00+00:00
[2024-05-17T03:11:37.391+0000] {processor.py:183} INFO - Processing /opt/airflow/dags/recipes_copy.py took 0.107 seconds
[2024-05-17T03:12:08.058+0000] {processor.py:161} INFO - Started process (PID=18318) to work on /opt/airflow/dags/recipes_copy.py
[2024-05-17T03:12:08.059+0000] {processor.py:830} INFO - Processing file /opt/airflow/dags/recipes_copy.py for tasks to queue
[2024-05-17T03:12:08.060+0000] {logging_mixin.py:188} INFO - [2024-05-17T03:12:08.060+0000] {dagbag.py:545} INFO - Filling up the DagBag from /opt/airflow/dags/recipes_copy.py
[2024-05-17T03:12:08.108+0000] {processor.py:840} INFO - DAG(s) 'scrape_new_from_other_dags' retrieved from /opt/airflow/dags/recipes_copy.py
[2024-05-17T03:12:08.123+0000] {logging_mixin.py:188} INFO - [2024-05-17T03:12:08.122+0000] {dag.py:3096} INFO - Sync 1 DAGs
[2024-05-17T03:12:08.136+0000] {logging_mixin.py:188} INFO - [2024-05-17T03:12:08.136+0000] {dag.py:3954} INFO - Setting next_dagrun for scrape_new_from_other_dags to 2024-05-17 03:12:00+00:00, run_after=2024-05-17 03:14:00+00:00
[2024-05-17T03:12:08.146+0000] {processor.py:183} INFO - Processing /opt/airflow/dags/recipes_copy.py took 0.092 seconds
[2024-05-17T03:12:38.946+0000] {processor.py:161} INFO - Started process (PID=18369) to work on /opt/airflow/dags/recipes_copy.py
[2024-05-17T03:12:38.950+0000] {processor.py:830} INFO - Processing file /opt/airflow/dags/recipes_copy.py for tasks to queue
[2024-05-17T03:12:38.951+0000] {logging_mixin.py:188} INFO - [2024-05-17T03:12:38.951+0000] {dagbag.py:545} INFO - Filling up the DagBag from /opt/airflow/dags/recipes_copy.py
[2024-05-17T03:12:39.008+0000] {processor.py:840} INFO - DAG(s) 'scrape_new_from_other_dags' retrieved from /opt/airflow/dags/recipes_copy.py
[2024-05-17T03:12:39.021+0000] {logging_mixin.py:188} INFO - [2024-05-17T03:12:39.021+0000] {dag.py:3096} INFO - Sync 1 DAGs
[2024-05-17T03:12:39.033+0000] {logging_mixin.py:188} INFO - [2024-05-17T03:12:39.033+0000] {dag.py:3954} INFO - Setting next_dagrun for scrape_new_from_other_dags to 2024-05-17 03:12:00+00:00, run_after=2024-05-17 03:14:00+00:00
[2024-05-17T03:12:39.042+0000] {processor.py:183} INFO - Processing /opt/airflow/dags/recipes_copy.py took 0.103 seconds
[2024-05-17T03:13:09.675+0000] {processor.py:161} INFO - Started process (PID=18420) to work on /opt/airflow/dags/recipes_copy.py
[2024-05-17T03:13:09.676+0000] {processor.py:830} INFO - Processing file /opt/airflow/dags/recipes_copy.py for tasks to queue
[2024-05-17T03:13:09.677+0000] {logging_mixin.py:188} INFO - [2024-05-17T03:13:09.677+0000] {dagbag.py:545} INFO - Filling up the DagBag from /opt/airflow/dags/recipes_copy.py
[2024-05-17T03:13:09.740+0000] {processor.py:840} INFO - DAG(s) 'scrape_new_from_other_dags' retrieved from /opt/airflow/dags/recipes_copy.py
[2024-05-17T03:13:09.753+0000] {logging_mixin.py:188} INFO - [2024-05-17T03:13:09.753+0000] {dag.py:3096} INFO - Sync 1 DAGs
[2024-05-17T03:13:09.765+0000] {logging_mixin.py:188} INFO - [2024-05-17T03:13:09.765+0000] {dag.py:3954} INFO - Setting next_dagrun for scrape_new_from_other_dags to 2024-05-17 03:12:00+00:00, run_after=2024-05-17 03:14:00+00:00
[2024-05-17T03:13:09.774+0000] {processor.py:183} INFO - Processing /opt/airflow/dags/recipes_copy.py took 0.104 seconds
[2024-05-17T03:13:40.474+0000] {processor.py:161} INFO - Started process (PID=18471) to work on /opt/airflow/dags/recipes_copy.py
[2024-05-17T03:13:40.476+0000] {processor.py:830} INFO - Processing file /opt/airflow/dags/recipes_copy.py for tasks to queue
[2024-05-17T03:13:40.477+0000] {logging_mixin.py:188} INFO - [2024-05-17T03:13:40.477+0000] {dagbag.py:545} INFO - Filling up the DagBag from /opt/airflow/dags/recipes_copy.py
[2024-05-17T03:13:40.536+0000] {processor.py:840} INFO - DAG(s) 'scrape_new_from_other_dags' retrieved from /opt/airflow/dags/recipes_copy.py
[2024-05-17T03:13:40.548+0000] {logging_mixin.py:188} INFO - [2024-05-17T03:13:40.548+0000] {dag.py:3096} INFO - Sync 1 DAGs
[2024-05-17T03:13:40.559+0000] {logging_mixin.py:188} INFO - [2024-05-17T03:13:40.559+0000] {dag.py:3954} INFO - Setting next_dagrun for scrape_new_from_other_dags to 2024-05-17 03:12:00+00:00, run_after=2024-05-17 03:14:00+00:00
[2024-05-17T03:13:40.568+0000] {processor.py:183} INFO - Processing /opt/airflow/dags/recipes_copy.py took 0.103 seconds
[2024-05-17T03:14:11.255+0000] {processor.py:161} INFO - Started process (PID=18527) to work on /opt/airflow/dags/recipes_copy.py
[2024-05-17T03:14:11.260+0000] {processor.py:830} INFO - Processing file /opt/airflow/dags/recipes_copy.py for tasks to queue
[2024-05-17T03:14:11.261+0000] {logging_mixin.py:188} INFO - [2024-05-17T03:14:11.261+0000] {dagbag.py:545} INFO - Filling up the DagBag from /opt/airflow/dags/recipes_copy.py
[2024-05-17T03:14:11.322+0000] {processor.py:840} INFO - DAG(s) 'scrape_new_from_other_dags' retrieved from /opt/airflow/dags/recipes_copy.py
[2024-05-17T03:14:11.334+0000] {logging_mixin.py:188} INFO - [2024-05-17T03:14:11.334+0000] {dag.py:3096} INFO - Sync 1 DAGs
[2024-05-17T03:14:11.347+0000] {logging_mixin.py:188} INFO - [2024-05-17T03:14:11.347+0000] {dag.py:3954} INFO - Setting next_dagrun for scrape_new_from_other_dags to 2024-05-17 03:14:00+00:00, run_after=2024-05-17 03:16:00+00:00
[2024-05-17T03:14:11.356+0000] {processor.py:183} INFO - Processing /opt/airflow/dags/recipes_copy.py took 0.110 seconds
[2024-05-17T03:14:42.042+0000] {processor.py:161} INFO - Started process (PID=18578) to work on /opt/airflow/dags/recipes_copy.py
[2024-05-17T03:14:42.044+0000] {processor.py:830} INFO - Processing file /opt/airflow/dags/recipes_copy.py for tasks to queue
[2024-05-17T03:14:42.046+0000] {logging_mixin.py:188} INFO - [2024-05-17T03:14:42.045+0000] {dagbag.py:545} INFO - Filling up the DagBag from /opt/airflow/dags/recipes_copy.py
[2024-05-17T03:14:42.106+0000] {processor.py:840} INFO - DAG(s) 'scrape_new_from_other_dags' retrieved from /opt/airflow/dags/recipes_copy.py
[2024-05-17T03:14:42.118+0000] {logging_mixin.py:188} INFO - [2024-05-17T03:14:42.118+0000] {dag.py:3096} INFO - Sync 1 DAGs
[2024-05-17T03:14:42.130+0000] {logging_mixin.py:188} INFO - [2024-05-17T03:14:42.130+0000] {dag.py:3954} INFO - Setting next_dagrun for scrape_new_from_other_dags to 2024-05-17 03:14:00+00:00, run_after=2024-05-17 03:16:00+00:00
[2024-05-17T03:14:42.139+0000] {processor.py:183} INFO - Processing /opt/airflow/dags/recipes_copy.py took 0.107 seconds
