[2024-05-10T07:56:01.867+0000] {local_task_job_runner.py:120} INFO - ::group::Pre task execution logs
[2024-05-10T07:56:01.882+0000] {taskinstance.py:2073} INFO - Dependencies all met for dep_context=non-requeueable deps ti=<TaskInstance: xcom_push_and_pull_example_dag.pull_targeted_values manual__2024-05-10T07:55:59.828633+00:00 [queued]>
[2024-05-10T07:56:01.888+0000] {taskinstance.py:2073} INFO - Dependencies all met for dep_context=requeueable deps ti=<TaskInstance: xcom_push_and_pull_example_dag.pull_targeted_values manual__2024-05-10T07:55:59.828633+00:00 [queued]>
[2024-05-10T07:56:01.888+0000] {taskinstance.py:2303} INFO - Starting attempt 1 of 1
[2024-05-10T07:56:01.895+0000] {taskinstance.py:2327} INFO - Executing <Task(PythonOperator): pull_targeted_values> on 2024-05-10 07:55:59.828633+00:00
[2024-05-10T07:56:01.899+0000] {standard_task_runner.py:90} INFO - Running: ['***', 'tasks', 'run', 'xcom_push_and_pull_example_dag', 'pull_targeted_values', 'manual__2024-05-10T07:55:59.828633+00:00', '--job-id', '5752', '--raw', '--subdir', 'DAGS_FOLDER/io_dag.py', '--cfg-path', '/tmp/tmpy6yy4ujx']
[2024-05-10T07:56:01.900+0000] {logging_mixin.py:188} WARNING - /home/***/.local/lib/python3.12/site-packages/***/task/task_runner/standard_task_runner.py:61 DeprecationWarning: This process (pid=658) is multi-threaded, use of fork() may lead to deadlocks in the child.
[2024-05-10T07:56:01.901+0000] {standard_task_runner.py:91} INFO - Job 5752: Subtask pull_targeted_values
[2024-05-10T07:56:01.901+0000] {standard_task_runner.py:63} INFO - Started process 660 to run task
[2024-05-10T07:56:01.926+0000] {task_command.py:426} INFO - Running <TaskInstance: xcom_push_and_pull_example_dag.pull_targeted_values manual__2024-05-10T07:55:59.828633+00:00 [running]> on host 92f239b8dd4a
[2024-05-10T07:56:01.965+0000] {taskinstance.py:2644} INFO - Exporting env vars: AIRFLOW_CTX_DAG_OWNER='***' AIRFLOW_CTX_DAG_ID='xcom_push_and_pull_example_dag' AIRFLOW_CTX_TASK_ID='pull_targeted_values' AIRFLOW_CTX_EXECUTION_DATE='2024-05-10T07:55:59.828633+00:00' AIRFLOW_CTX_TRY_NUMBER='1' AIRFLOW_CTX_DAG_RUN_ID='manual__2024-05-10T07:55:59.828633+00:00'
[2024-05-10T07:56:01.966+0000] {taskinstance.py:430} INFO - ::endgroup::
[2024-05-10T07:56:01.984+0000] {logging_mixin.py:188} INFO - Hello, Airflow!
[2024-05-10T07:56:01.988+0000] {logging_mixin.py:188} INFO - Hello, targeted Airflow!
[2024-05-10T07:56:01.989+0000] {python.py:237} INFO - Done. Returned value was: None
[2024-05-10T07:56:01.994+0000] {taskinstance.py:441} INFO - ::group::Post task execution logs
[2024-05-10T07:56:02.000+0000] {taskinstance.py:1205} INFO - Marking task as SUCCESS. dag_id=xcom_push_and_pull_example_dag, task_id=pull_targeted_values, execution_date=20240510T075559, start_date=20240510T075601, end_date=20240510T075602
[2024-05-10T07:56:02.043+0000] {local_task_job_runner.py:240} INFO - Task exited with return code 0
[2024-05-10T07:56:02.060+0000] {taskinstance.py:3482} INFO - 0 downstream tasks scheduled from follow-on schedule check
[2024-05-10T07:56:02.061+0000] {local_task_job_runner.py:222} INFO - ::endgroup::
