[2024-05-10T08:51:39.615+0000] {local_task_job_runner.py:120} INFO - ::group::Pre task execution logs
[2024-05-10T08:51:39.631+0000] {taskinstance.py:2073} INFO - Dependencies all met for dep_context=non-requeueable deps ti=<TaskInstance: xcom_push_and_pull_example_dag.pull_from_multiple manual__2024-05-10T08:51:38.279471+00:00 [queued]>
[2024-05-10T08:51:39.635+0000] {taskinstance.py:2073} INFO - Dependencies all met for dep_context=requeueable deps ti=<TaskInstance: xcom_push_and_pull_example_dag.pull_from_multiple manual__2024-05-10T08:51:38.279471+00:00 [queued]>
[2024-05-10T08:51:39.635+0000] {taskinstance.py:2303} INFO - Starting attempt 1 of 1
[2024-05-10T08:51:39.642+0000] {taskinstance.py:2327} INFO - Executing <Task(PythonOperator): pull_from_multiple> on 2024-05-10 08:51:38.279471+00:00
[2024-05-10T08:51:39.646+0000] {logging_mixin.py:188} WARNING - /home/***/.local/lib/python3.12/site-packages/***/task/task_runner/standard_task_runner.py:61 DeprecationWarning: This process (pid=4738) is multi-threaded, use of fork() may lead to deadlocks in the child.
[2024-05-10T08:51:39.646+0000] {standard_task_runner.py:63} INFO - Started process 4740 to run task
[2024-05-10T08:51:39.646+0000] {standard_task_runner.py:90} INFO - Running: ['***', 'tasks', 'run', 'xcom_push_and_pull_example_dag', 'pull_from_multiple', 'manual__2024-05-10T08:51:38.279471+00:00', '--job-id', '5831', '--raw', '--subdir', 'DAGS_FOLDER/io_dag.py', '--cfg-path', '/tmp/tmpmq54smjj']
[2024-05-10T08:51:39.647+0000] {standard_task_runner.py:91} INFO - Job 5831: Subtask pull_from_multiple
[2024-05-10T08:51:39.670+0000] {task_command.py:426} INFO - Running <TaskInstance: xcom_push_and_pull_example_dag.pull_from_multiple manual__2024-05-10T08:51:38.279471+00:00 [running]> on host 92f239b8dd4a
[2024-05-10T08:51:39.710+0000] {taskinstance.py:2644} INFO - Exporting env vars: AIRFLOW_CTX_DAG_OWNER='***' AIRFLOW_CTX_DAG_ID='xcom_push_and_pull_example_dag' AIRFLOW_CTX_TASK_ID='pull_from_multiple' AIRFLOW_CTX_EXECUTION_DATE='2024-05-10T08:51:38.279471+00:00' AIRFLOW_CTX_TRY_NUMBER='1' AIRFLOW_CTX_DAG_RUN_ID='manual__2024-05-10T08:51:38.279471+00:00'
[2024-05-10T08:51:39.711+0000] {taskinstance.py:430} INFO - ::endgroup::
[2024-05-10T08:51:39.723+0000] {logging_mixin.py:188} INFO - ['Return']
[2024-05-10T08:51:39.724+0000] {taskinstance.py:441} INFO - ::group::Post task execution logs
[2024-05-10T08:51:39.724+0000] {taskinstance.py:2890} ERROR - Task failed with exception
Traceback (most recent call last):
  File "/home/airflow/.local/lib/python3.12/site-packages/airflow/models/taskinstance.py", line 465, in _execute_task
    result = _execute_callable(context=context, **execute_callable_kwargs)
             ^^^^^^^^^^^^^^^^^^^^^^^^^^^^^^^^^^^^^^^^^^^^^^^^^^^^^^^^^^^^^
  File "/home/airflow/.local/lib/python3.12/site-packages/airflow/models/taskinstance.py", line 432, in _execute_callable
    return execute_callable(context=context, **execute_callable_kwargs)
           ^^^^^^^^^^^^^^^^^^^^^^^^^^^^^^^^^^^^^^^^^^^^^^^^^^^^^^^^^^^^
  File "/home/airflow/.local/lib/python3.12/site-packages/airflow/models/baseoperator.py", line 400, in wrapper
    return func(self, *args, **kwargs)
           ^^^^^^^^^^^^^^^^^^^^^^^^^^^
  File "/home/airflow/.local/lib/python3.12/site-packages/airflow/operators/python.py", line 235, in execute
    return_value = self.execute_callable()
                   ^^^^^^^^^^^^^^^^^^^^^^^
  File "/home/airflow/.local/lib/python3.12/site-packages/airflow/operators/python.py", line 252, in execute_callable
    return self.python_callable(*self.op_args, **self.op_kwargs)
           ^^^^^^^^^^^^^^^^^^^^^^^^^^^^^^^^^^^^^^^^^^^^^^^^^^^^^
  File "/opt/airflow/dags/io_dag.py", line 23, in pull_from_multiple
    push_by_returning_value = values[0]['return_value']
                              ~~~~~~~~~^^^^^^^^^^^^^^^^
TypeError: string indices must be integers, not 'str'
[2024-05-10T08:51:39.730+0000] {taskinstance.py:1205} INFO - Marking task as FAILED. dag_id=xcom_push_and_pull_example_dag, task_id=pull_from_multiple, execution_date=20240510T085138, start_date=20240510T085139, end_date=20240510T085139
[2024-05-10T08:51:39.734+0000] {standard_task_runner.py:110} ERROR - Failed to execute job 5831 for task pull_from_multiple (string indices must be integers, not 'str'; 4740)
[2024-05-10T08:51:39.744+0000] {local_task_job_runner.py:240} INFO - Task exited with return code 1
[2024-05-10T08:51:39.753+0000] {taskinstance.py:3482} INFO - 0 downstream tasks scheduled from follow-on schedule check
[2024-05-10T08:51:39.754+0000] {local_task_job_runner.py:222} INFO - ::endgroup::
