[2024-04-25T07:57:58.034+0000] {local_task_job_runner.py:120} INFO - ::group::Pre task execution logs
[2024-04-25T07:57:58.052+0000] {taskinstance.py:2073} INFO - Dependencies all met for dep_context=non-requeueable deps ti=<TaskInstance: dag_with_postgres_operator_v01.create_postgres_table scheduled__2023-07-03T00:00:00+00:00 [queued]>
[2024-04-25T07:57:58.062+0000] {taskinstance.py:2073} INFO - Dependencies all met for dep_context=requeueable deps ti=<TaskInstance: dag_with_postgres_operator_v01.create_postgres_table scheduled__2023-07-03T00:00:00+00:00 [queued]>
[2024-04-25T07:57:58.064+0000] {taskinstance.py:2303} INFO - Starting attempt 1 of 6
[2024-04-25T07:57:58.151+0000] {taskinstance.py:2327} INFO - Executing <Task(PostgresOperator): create_postgres_table> on 2023-07-03 00:00:00+00:00
[2024-04-25T07:57:58.168+0000] {logging_mixin.py:188} WARNING - /home/***/.local/lib/python3.12/site-packages/***/task/task_runner/standard_task_runner.py:61 DeprecationWarning: This process (pid=4133) is multi-threaded, use of fork() may lead to deadlocks in the child.
[2024-04-25T07:57:58.173+0000] {standard_task_runner.py:63} INFO - Started process 4145 to run task
[2024-04-25T07:57:58.168+0000] {standard_task_runner.py:90} INFO - Running: ['***', 'tasks', 'run', 'dag_with_postgres_operator_v01', 'create_postgres_table', 'scheduled__2023-07-03T00:00:00+00:00', '--job-id', '4362', '--raw', '--subdir', 'DAGS_FOLDER/dag_with_postgres_operator.py', '--cfg-path', '/tmp/tmpa5hldmq0']
[2024-04-25T07:57:58.181+0000] {standard_task_runner.py:91} INFO - Job 4362: Subtask create_postgres_table
[2024-04-25T07:57:58.246+0000] {task_command.py:426} INFO - Running <TaskInstance: dag_with_postgres_operator_v01.create_postgres_table scheduled__2023-07-03T00:00:00+00:00 [running]> on host 4d994982806b
[2024-04-25T07:57:58.322+0000] {taskinstance.py:2644} INFO - Exporting env vars: AIRFLOW_CTX_DAG_OWNER='coder2j' AIRFLOW_CTX_DAG_ID='dag_with_postgres_operator_v01' AIRFLOW_CTX_TASK_ID='create_postgres_table' AIRFLOW_CTX_EXECUTION_DATE='2023-07-03T00:00:00+00:00' AIRFLOW_CTX_TRY_NUMBER='1' AIRFLOW_CTX_DAG_RUN_ID='scheduled__2023-07-03T00:00:00+00:00'
[2024-04-25T07:57:58.324+0000] {taskinstance.py:430} INFO - ::endgroup::
[2024-04-25T07:57:58.347+0000] {sql.py:276} INFO - Executing: 
            create table if not exists dag_runs (
                dt date,
                dag_id character varying,
                primary key (dt, dag_id)
            )
        
[2024-04-25T07:57:58.366+0000] {base.py:84} INFO - Using connection ID 'postgres_localhost' for task execution.
[2024-04-25T07:57:58.381+0000] {base.py:84} INFO - Using connection ID 'postgres_localhost' for task execution.
[2024-04-25T07:57:58.417+0000] {sql.py:457} INFO - Running statement: 
            create table if not exists dag_runs (
                dt date,
                dag_id character varying,
                primary key (dt, dag_id)
            )
        , parameters: None
[2024-04-25T07:57:58.430+0000] {logging_mixin.py:188} WARNING - /home/***/.local/lib/python3.12/site-packages/***/providers/common/sql/hooks/sql.py:407 AirflowProviderDeprecationWarning: Call to deprecated method _make_common_data_structure. (The `_make_serializable` method is deprecated and support will be removed in a future version of the common.sql provider. Please update the DbApiHook's provider to a version based on common.sql >= 1.9.1.)
[2024-04-25T07:57:58.434+0000] {taskinstance.py:441} INFO - ::group::Post task execution logs
[2024-04-25T07:57:58.452+0000] {taskinstance.py:1205} INFO - Marking task as SUCCESS. dag_id=dag_with_postgres_operator_v01, task_id=create_postgres_table, execution_date=20230703T000000, start_date=20240425T075758, end_date=20240425T075758
[2024-04-25T07:57:58.491+0000] {local_task_job_runner.py:240} INFO - Task exited with return code 0
[2024-04-25T07:57:58.512+0000] {logging_mixin.py:188} WARNING - /home/***/.local/lib/python3.12/site-packages/***/models/baseoperator.py:1296 AirflowProviderDeprecationWarning: Call to deprecated class PostgresOperator. (Please use `***.providers.common.sql.operators.sql.SQLExecuteQueryOperator`.Also, you can provide `hook_params={'schema': <database>}`.)
[2024-04-25T07:57:58.525+0000] {taskinstance.py:3482} INFO - 1 downstream tasks scheduled from follow-on schedule check
[2024-04-25T07:57:58.541+0000] {local_task_job_runner.py:222} INFO - ::endgroup::
