[2024-05-10T07:04:12.851+0000] {local_task_job_runner.py:120} INFO - ::group::Pre task execution logs
[2024-05-10T07:04:12.919+0000] {taskinstance.py:2073} INFO - Dependencies all met for dep_context=non-requeueable deps ti=<TaskInstance: dag_with_postgres_operator_v01.insert_into_table scheduled__2024-05-03T00:00:00+00:00 [queued]>
[2024-05-10T07:04:12.953+0000] {taskinstance.py:2073} INFO - Dependencies all met for dep_context=requeueable deps ti=<TaskInstance: dag_with_postgres_operator_v01.insert_into_table scheduled__2024-05-03T00:00:00+00:00 [queued]>
[2024-05-10T07:04:12.961+0000] {taskinstance.py:2303} INFO - Starting attempt 1 of 6
[2024-05-10T07:04:12.997+0000] {taskinstance.py:2327} INFO - Executing <Task(PostgresOperator): insert_into_table> on 2024-05-03 00:00:00+00:00
[2024-05-10T07:04:13.002+0000] {logging_mixin.py:188} WARNING - /home/***/.local/lib/python3.12/site-packages/***/task/task_runner/standard_task_runner.py:61 DeprecationWarning: This process (pid=482) is multi-threaded, use of fork() may lead to deadlocks in the child.
[2024-05-10T07:04:13.009+0000] {standard_task_runner.py:63} INFO - Started process 496 to run task
[2024-05-10T07:04:13.003+0000] {standard_task_runner.py:90} INFO - Running: ['***', 'tasks', 'run', 'dag_with_postgres_operator_v01', 'insert_into_table', 'scheduled__2024-05-03T00:00:00+00:00', '--job-id', '5584', '--raw', '--subdir', 'DAGS_FOLDER/dag_with_postgres_operator.py', '--cfg-path', '/tmp/tmp2072a4sb']
[2024-05-10T07:04:13.025+0000] {standard_task_runner.py:91} INFO - Job 5584: Subtask insert_into_table
[2024-05-10T07:04:13.172+0000] {task_command.py:426} INFO - Running <TaskInstance: dag_with_postgres_operator_v01.insert_into_table scheduled__2024-05-03T00:00:00+00:00 [running]> on host ba9ec80fe13a
[2024-05-10T07:04:13.392+0000] {taskinstance.py:2644} INFO - Exporting env vars: AIRFLOW_CTX_DAG_OWNER='coder2j' AIRFLOW_CTX_DAG_ID='dag_with_postgres_operator_v01' AIRFLOW_CTX_TASK_ID='insert_into_table' AIRFLOW_CTX_EXECUTION_DATE='2024-05-03T00:00:00+00:00' AIRFLOW_CTX_TRY_NUMBER='1' AIRFLOW_CTX_DAG_RUN_ID='scheduled__2024-05-03T00:00:00+00:00'
[2024-05-10T07:04:13.396+0000] {taskinstance.py:430} INFO - ::endgroup::
[2024-05-10T07:04:13.415+0000] {sql.py:276} INFO - Executing: 
            insert into dag_runs (dt, dag_id) values ('2024-05-03', 'dag_with_postgres_operator_v01')
        
[2024-05-10T07:04:13.460+0000] {base.py:84} INFO - Using connection ID 'postgres_localhost' for task execution.
[2024-05-10T07:04:13.513+0000] {base.py:84} INFO - Using connection ID 'postgres_localhost' for task execution.
[2024-05-10T07:04:13.597+0000] {sql.py:457} INFO - Running statement: 
            insert into dag_runs (dt, dag_id) values ('2024-05-03', 'dag_with_postgres_operator_v01')
        , parameters: None
[2024-05-10T07:04:13.613+0000] {sql.py:466} INFO - Rows affected: 1
[2024-05-10T07:04:13.616+0000] {logging_mixin.py:188} WARNING - /home/***/.local/lib/python3.12/site-packages/***/providers/common/sql/hooks/sql.py:407 AirflowProviderDeprecationWarning: Call to deprecated method _make_common_data_structure. (The `_make_serializable` method is deprecated and support will be removed in a future version of the common.sql provider. Please update the DbApiHook's provider to a version based on common.sql >= 1.9.1.)
[2024-05-10T07:04:13.625+0000] {taskinstance.py:441} INFO - ::group::Post task execution logs
[2024-05-10T07:04:13.665+0000] {taskinstance.py:1205} INFO - Marking task as SUCCESS. dag_id=dag_with_postgres_operator_v01, task_id=insert_into_table, execution_date=20240503T000000, start_date=20240510T070412, end_date=20240510T070413
[2024-05-10T07:04:13.696+0000] {local_task_job_runner.py:240} INFO - Task exited with return code 0
[2024-05-10T07:04:13.730+0000] {taskinstance.py:3482} INFO - 0 downstream tasks scheduled from follow-on schedule check
[2024-05-10T07:04:13.742+0000] {local_task_job_runner.py:222} INFO - ::endgroup::
