[2024-04-25T07:57:29.557+0000] {local_task_job_runner.py:120} INFO - ::group::Pre task execution logs
[2024-04-25T07:57:29.580+0000] {taskinstance.py:2073} INFO - Dependencies all met for dep_context=non-requeueable deps ti=<TaskInstance: dag_with_postgres_operator_v01.delete_data_from_table scheduled__2023-04-16T00:00:00+00:00 [queued]>
[2024-04-25T07:57:29.595+0000] {taskinstance.py:2073} INFO - Dependencies all met for dep_context=requeueable deps ti=<TaskInstance: dag_with_postgres_operator_v01.delete_data_from_table scheduled__2023-04-16T00:00:00+00:00 [queued]>
[2024-04-25T07:57:29.603+0000] {taskinstance.py:2303} INFO - Starting attempt 1 of 6
[2024-04-25T07:57:29.621+0000] {taskinstance.py:2327} INFO - Executing <Task(PostgresOperator): delete_data_from_table> on 2023-04-16 00:00:00+00:00
[2024-04-25T07:57:29.636+0000] {logging_mixin.py:188} WARNING - /home/***/.local/lib/python3.12/site-packages/***/task/task_runner/standard_task_runner.py:61 DeprecationWarning: This process (pid=3679) is multi-threaded, use of fork() may lead to deadlocks in the child.
[2024-04-25T07:57:29.640+0000] {standard_task_runner.py:63} INFO - Started process 3690 to run task
[2024-04-25T07:57:29.636+0000] {standard_task_runner.py:90} INFO - Running: ['***', 'tasks', 'run', 'dag_with_postgres_operator_v01', 'delete_data_from_table', 'scheduled__2023-04-16T00:00:00+00:00', '--job-id', '4145', '--raw', '--subdir', 'DAGS_FOLDER/dag_with_postgres_operator.py', '--cfg-path', '/tmp/tmpgbxmh0kz']
[2024-04-25T07:57:29.655+0000] {standard_task_runner.py:91} INFO - Job 4145: Subtask delete_data_from_table
[2024-04-25T07:57:29.750+0000] {task_command.py:426} INFO - Running <TaskInstance: dag_with_postgres_operator_v01.delete_data_from_table scheduled__2023-04-16T00:00:00+00:00 [running]> on host 4d994982806b
[2024-04-25T07:57:29.833+0000] {taskinstance.py:2644} INFO - Exporting env vars: AIRFLOW_CTX_DAG_OWNER='coder2j' AIRFLOW_CTX_DAG_ID='dag_with_postgres_operator_v01' AIRFLOW_CTX_TASK_ID='delete_data_from_table' AIRFLOW_CTX_EXECUTION_DATE='2023-04-16T00:00:00+00:00' AIRFLOW_CTX_TRY_NUMBER='1' AIRFLOW_CTX_DAG_RUN_ID='scheduled__2023-04-16T00:00:00+00:00'
[2024-04-25T07:57:29.836+0000] {taskinstance.py:430} INFO - ::endgroup::
[2024-04-25T07:57:29.847+0000] {sql.py:276} INFO - Executing: 
            delete from dag_runs where dt = '2023-04-16' and dag_id = 'dag_with_postgres_operator_v01';
        
[2024-04-25T07:57:29.876+0000] {base.py:84} INFO - Using connection ID 'postgres_localhost' for task execution.
[2024-04-25T07:57:29.907+0000] {base.py:84} INFO - Using connection ID 'postgres_localhost' for task execution.
[2024-04-25T07:57:29.933+0000] {sql.py:457} INFO - Running statement: 
            delete from dag_runs where dt = '2023-04-16' and dag_id = 'dag_with_postgres_operator_v01';
        , parameters: None
[2024-04-25T07:57:29.937+0000] {sql.py:466} INFO - Rows affected: 0
[2024-04-25T07:57:29.947+0000] {logging_mixin.py:188} WARNING - /home/***/.local/lib/python3.12/site-packages/***/providers/common/sql/hooks/sql.py:407 AirflowProviderDeprecationWarning: Call to deprecated method _make_common_data_structure. (The `_make_serializable` method is deprecated and support will be removed in a future version of the common.sql provider. Please update the DbApiHook's provider to a version based on common.sql >= 1.9.1.)
[2024-04-25T07:57:29.949+0000] {taskinstance.py:441} INFO - ::group::Post task execution logs
[2024-04-25T07:57:29.976+0000] {taskinstance.py:1205} INFO - Marking task as SUCCESS. dag_id=dag_with_postgres_operator_v01, task_id=delete_data_from_table, execution_date=20230416T000000, start_date=20240425T075729, end_date=20240425T075729
[2024-04-25T07:57:30.035+0000] {local_task_job_runner.py:240} INFO - Task exited with return code 0
[2024-04-25T07:57:30.050+0000] {logging_mixin.py:188} WARNING - /home/***/.local/lib/python3.12/site-packages/***/models/baseoperator.py:1296 AirflowProviderDeprecationWarning: Call to deprecated class PostgresOperator. (Please use `***.providers.common.sql.operators.sql.SQLExecuteQueryOperator`.Also, you can provide `hook_params={'schema': <database>}`.)
[2024-04-25T07:57:30.068+0000] {taskinstance.py:3482} INFO - 1 downstream tasks scheduled from follow-on schedule check
[2024-04-25T07:57:30.080+0000] {local_task_job_runner.py:222} INFO - ::endgroup::
