[2024-05-16T08:46:01.205+0000] {local_task_job_runner.py:120} INFO - ::group::Pre task execution logs
[2024-05-16T08:46:01.219+0000] {taskinstance.py:2076} INFO - Dependencies all met for dep_context=non-requeueable deps ti=<TaskInstance: scrape_new_from_other_dags.store_data scheduled__2024-05-16T08:44:00+00:00 [queued]>
[2024-05-16T08:46:01.223+0000] {taskinstance.py:2076} INFO - Dependencies all met for dep_context=requeueable deps ti=<TaskInstance: scrape_new_from_other_dags.store_data scheduled__2024-05-16T08:44:00+00:00 [queued]>
[2024-05-16T08:46:01.223+0000] {taskinstance.py:2306} INFO - Starting attempt 1 of 1
[2024-05-16T08:46:01.229+0000] {taskinstance.py:2330} INFO - Executing <Task(PythonOperator): store_data> on 2024-05-16 08:44:00+00:00
[2024-05-16T08:46:01.234+0000] {logging_mixin.py:188} WARNING - /home/***/.local/lib/python3.12/site-packages/***/task/task_runner/standard_task_runner.py:61 DeprecationWarning: This process (pid=8802) is multi-threaded, use of fork() may lead to deadlocks in the child.
[2024-05-16T08:46:01.235+0000] {standard_task_runner.py:63} INFO - Started process 8804 to run task
[2024-05-16T08:46:01.234+0000] {standard_task_runner.py:90} INFO - Running: ['***', 'tasks', 'run', 'scrape_new_from_other_dags', 'store_data', 'scheduled__2024-05-16T08:44:00+00:00', '--job-id', '7168', '--raw', '--subdir', 'DAGS_FOLDER/recipes_copy.py', '--cfg-path', '/tmp/tmpupuspqtn']
[2024-05-16T08:46:01.236+0000] {standard_task_runner.py:91} INFO - Job 7168: Subtask store_data
[2024-05-16T08:46:01.263+0000] {task_command.py:426} INFO - Running <TaskInstance: scrape_new_from_other_dags.store_data scheduled__2024-05-16T08:44:00+00:00 [running]> on host 7d15e5f9da25
[2024-05-16T08:46:01.305+0000] {taskinstance.py:2648} INFO - Exporting env vars: AIRFLOW_CTX_DAG_OWNER='***' AIRFLOW_CTX_DAG_ID='scrape_new_from_other_dags' AIRFLOW_CTX_TASK_ID='store_data' AIRFLOW_CTX_EXECUTION_DATE='2024-05-16T08:44:00+00:00' AIRFLOW_CTX_TRY_NUMBER='1' AIRFLOW_CTX_DAG_RUN_ID='scheduled__2024-05-16T08:44:00+00:00'
[2024-05-16T08:46:01.306+0000] {taskinstance.py:430} INFO - ::endgroup::
[2024-05-16T08:46:01.325+0000] {base.py:84} INFO - Using connection ID 'postgres_localhost' for task execution.
[2024-05-16T08:46:01.329+0000] {logging_mixin.py:188} INFO - [['Speaker Moses Wetang\'ula Slams Azimio MPs Opposing Proposed Finance Bill 2024 :"...', 'https://www.tuko.co.ke/politics/548521-speaker-moses-wetangula-slams-azimio-mps-opposing-proposed-finance-bill-2024-wacheni-kulia/', '2024-05-16T11:10:03+03:00'], ['Esther Passaris Says She Admires Ruto Despite Being in Raila\'s Party: "I Love th...', 'https://www.tuko.co.ke/politics/548514-esther-passaris-admires-ruto-railas-party-i-love-president/', '2024-05-16T10:39:21+03:00'], ['Video of William Ruto Criticising Uhuru\'s Tax Policies Emerges: "They Don\'t Unde...', 'https://www.tuko.co.ke/politics/548499-video-william-ruto-criticising-uhurus-tax-policies-emerges-dont-understand-damage/', '2024-05-16T09:38:49+03:00'], ["Moses Kuria Declares He'll Attend Limuru III Despite Opposition by Kenya Kwanza...", 'https://www.tuko.co.ke/politics/548500-moses-kuria-declares-ll-attend-limuru-iii-opposition-by-kenya-kwanza-leaders/', '2024-05-16T08:53:59+03:00'], ['Edwin Sifuna Claims Ruto\'s Gov\'t is Overburdening Opposition: "They\'ve Depth of...', 'https://www.tuko.co.ke/politics/548464-edwin-sifuna-claims-rutos-govt-overburdening-opposition-work-ve-depth-hurting/', '2024-05-15T19:29:23+03:00'], ['Azimio la Umoja Threatens to Call for Demonstrations over Contentious Finance Bi...', 'https://www.tuko.co.ke/politics/548401-azimio-la-umoja-threatens-call-demonstrations-contentious-finance-bill-2024/', '2024-05-15T15:55:54+03:00']]
[2024-05-16T08:46:01.329+0000] {logging_mixin.py:188} INFO - Speaker Moses Wetang''ula Slams Azimio MPs Opposing Proposed Finance Bill 2024 :"... https://www.tuko.co.ke/politics/548521-speaker-moses-wetangula-slams-azimio-mps-opposing-proposed-finance-bill-2024-wacheni-kulia/
[2024-05-16T08:46:01.330+0000] {logging_mixin.py:188} INFO - Esther Passaris Says She Admires Ruto Despite Being in Raila''s Party: "I Love th... https://www.tuko.co.ke/politics/548514-esther-passaris-admires-ruto-railas-party-i-love-president/
[2024-05-16T08:46:01.331+0000] {logging_mixin.py:188} INFO - Video of William Ruto Criticising Uhuru''s Tax Policies Emerges: "They Don''t Unde... https://www.tuko.co.ke/politics/548499-video-william-ruto-criticising-uhurus-tax-policies-emerges-dont-understand-damage/
[2024-05-16T08:46:01.332+0000] {logging_mixin.py:188} INFO - Moses Kuria Declares He''ll Attend Limuru III Despite Opposition by Kenya Kwanza... https://www.tuko.co.ke/politics/548500-moses-kuria-declares-ll-attend-limuru-iii-opposition-by-kenya-kwanza-leaders/
[2024-05-16T08:46:01.332+0000] {logging_mixin.py:188} INFO - Edwin Sifuna Claims Ruto''s Gov''t is Overburdening Opposition: "They''ve Depth of... https://www.tuko.co.ke/politics/548464-edwin-sifuna-claims-rutos-govt-overburdening-opposition-work-ve-depth-hurting/
[2024-05-16T08:46:01.333+0000] {logging_mixin.py:188} INFO - Azimio la Umoja Threatens to Call for Demonstrations over Contentious Finance Bi... https://www.tuko.co.ke/politics/548401-azimio-la-umoja-threatens-call-demonstrations-contentious-finance-bill-2024/
[2024-05-16T08:46:01.333+0000] {python.py:237} INFO - Done. Returned value was: True
[2024-05-16T08:46:01.334+0000] {taskinstance.py:441} INFO - ::group::Post task execution logs
[2024-05-16T08:46:01.343+0000] {taskinstance.py:1206} INFO - Marking task as SUCCESS. dag_id=scrape_new_from_other_dags, task_id=store_data, run_id=scheduled__2024-05-16T08:44:00+00:00, execution_date=20240516T084400, start_date=20240516T084601, end_date=20240516T084601
[2024-05-16T08:46:01.374+0000] {local_task_job_runner.py:240} INFO - Task exited with return code 0
[2024-05-16T08:46:01.383+0000] {taskinstance.py:3498} INFO - 0 downstream tasks scheduled from follow-on schedule check
[2024-05-16T08:46:01.384+0000] {local_task_job_runner.py:222} INFO - ::endgroup::
