[2024-04-25T07:54:14.189+0000] {local_task_job_runner.py:120} INFO - ::group::Pre task execution logs
[2024-04-25T07:54:14.210+0000] {taskinstance.py:2073} INFO - Dependencies all met for dep_context=non-requeueable deps ti=<TaskInstance: dag_with_postgres_operator_v01.create_postgres_table scheduled__2021-12-20T00:00:00+00:00 [queued]>
[2024-04-25T07:54:14.216+0000] {taskinstance.py:2073} INFO - Dependencies all met for dep_context=requeueable deps ti=<TaskInstance: dag_with_postgres_operator_v01.create_postgres_table scheduled__2021-12-20T00:00:00+00:00 [queued]>
[2024-04-25T07:54:14.219+0000] {taskinstance.py:2303} INFO - Starting attempt 1 of 6
[2024-04-25T07:54:14.230+0000] {taskinstance.py:2327} INFO - Executing <Task(PostgresOperator): create_postgres_table> on 2021-12-20 00:00:00+00:00
[2024-04-25T07:54:14.236+0000] {standard_task_runner.py:90} INFO - Running: ['***', 'tasks', 'run', 'dag_with_postgres_operator_v01', 'create_postgres_table', 'scheduled__2021-12-20T00:00:00+00:00', '--job-id', '2697', '--raw', '--subdir', 'DAGS_FOLDER/dag_with_postgres_operator.py', '--cfg-path', '/tmp/tmp16gos6ea']
[2024-04-25T07:54:14.237+0000] {logging_mixin.py:188} WARNING - /home/***/.local/lib/python3.12/site-packages/***/task/task_runner/standard_task_runner.py:61 DeprecationWarning: This process (pid=653) is multi-threaded, use of fork() may lead to deadlocks in the child.
[2024-04-25T07:54:14.239+0000] {standard_task_runner.py:91} INFO - Job 2697: Subtask create_postgres_table
[2024-04-25T07:54:14.240+0000] {standard_task_runner.py:63} INFO - Started process 658 to run task
[2024-04-25T07:54:14.281+0000] {task_command.py:426} INFO - Running <TaskInstance: dag_with_postgres_operator_v01.create_postgres_table scheduled__2021-12-20T00:00:00+00:00 [running]> on host 4d994982806b
[2024-04-25T07:54:14.345+0000] {taskinstance.py:2644} INFO - Exporting env vars: AIRFLOW_CTX_DAG_OWNER='coder2j' AIRFLOW_CTX_DAG_ID='dag_with_postgres_operator_v01' AIRFLOW_CTX_TASK_ID='create_postgres_table' AIRFLOW_CTX_EXECUTION_DATE='2021-12-20T00:00:00+00:00' AIRFLOW_CTX_TRY_NUMBER='1' AIRFLOW_CTX_DAG_RUN_ID='scheduled__2021-12-20T00:00:00+00:00'
[2024-04-25T07:54:14.346+0000] {taskinstance.py:430} INFO - ::endgroup::
[2024-04-25T07:54:14.356+0000] {sql.py:276} INFO - Executing: 
            create table if not exists dag_runs (
                dt date,
                dag_id character varying,
                primary key (dt, dag_id)
            )
        
[2024-04-25T07:54:14.369+0000] {base.py:84} INFO - Using connection ID 'postgres_localhost' for task execution.
[2024-04-25T07:54:14.381+0000] {base.py:84} INFO - Using connection ID 'postgres_localhost' for task execution.
[2024-04-25T07:54:14.393+0000] {sql.py:457} INFO - Running statement: 
            create table if not exists dag_runs (
                dt date,
                dag_id character varying,
                primary key (dt, dag_id)
            )
        , parameters: None
[2024-04-25T07:54:14.408+0000] {taskinstance.py:441} INFO - ::group::Post task execution logs
[2024-04-25T07:54:14.411+0000] {taskinstance.py:2890} ERROR - Task failed with exception
Traceback (most recent call last):
  File "/home/airflow/.local/lib/python3.12/site-packages/airflow/models/taskinstance.py", line 465, in _execute_task
    result = _execute_callable(context=context, **execute_callable_kwargs)
             ^^^^^^^^^^^^^^^^^^^^^^^^^^^^^^^^^^^^^^^^^^^^^^^^^^^^^^^^^^^^^
  File "/home/airflow/.local/lib/python3.12/site-packages/airflow/models/taskinstance.py", line 432, in _execute_callable
    return execute_callable(context=context, **execute_callable_kwargs)
           ^^^^^^^^^^^^^^^^^^^^^^^^^^^^^^^^^^^^^^^^^^^^^^^^^^^^^^^^^^^^
  File "/home/airflow/.local/lib/python3.12/site-packages/airflow/models/baseoperator.py", line 400, in wrapper
    return func(self, *args, **kwargs)
           ^^^^^^^^^^^^^^^^^^^^^^^^^^^
  File "/home/airflow/.local/lib/python3.12/site-packages/airflow/providers/common/sql/operators/sql.py", line 282, in execute
    output = hook.run(
             ^^^^^^^^^
  File "/home/airflow/.local/lib/python3.12/site-packages/airflow/providers/common/sql/hooks/sql.py", line 404, in run
    self._run_command(cur, sql_statement, parameters)
  File "/home/airflow/.local/lib/python3.12/site-packages/airflow/providers/common/sql/hooks/sql.py", line 462, in _run_command
    cur.execute(sql_statement)
psycopg2.errors.UniqueViolation: duplicate key value violates unique constraint "pg_type_typname_nsp_index"
DETAIL:  Key (typname, typnamespace)=(dag_runs, 2200) already exists.

[2024-04-25T07:54:14.420+0000] {taskinstance.py:1205} INFO - Marking task as UP_FOR_RETRY. dag_id=dag_with_postgres_operator_v01, task_id=create_postgres_table, execution_date=20211220T000000, start_date=20240425T075414, end_date=20240425T075414
[2024-04-25T07:54:14.442+0000] {standard_task_runner.py:110} ERROR - Failed to execute job 2697 for task create_postgres_table (duplicate key value violates unique constraint "pg_type_typname_nsp_index"
DETAIL:  Key (typname, typnamespace)=(dag_runs, 2200) already exists.
; 658)
[2024-04-25T07:54:14.468+0000] {local_task_job_runner.py:240} INFO - Task exited with return code 1
[2024-04-25T07:54:14.511+0000] {logging_mixin.py:188} WARNING - /home/***/.local/lib/python3.12/site-packages/***/models/baseoperator.py:1296 AirflowProviderDeprecationWarning: Call to deprecated class PostgresOperator. (Please use `***.providers.common.sql.operators.sql.SQLExecuteQueryOperator`.Also, you can provide `hook_params={'schema': <database>}`.)
[2024-04-25T07:54:14.526+0000] {taskinstance.py:3482} INFO - 0 downstream tasks scheduled from follow-on schedule check
[2024-04-25T07:54:14.528+0000] {local_task_job_runner.py:222} INFO - ::endgroup::
