[2024-04-25T08:14:07.229+0000] {processor.py:161} INFO - Started process (PID=6618) to work on /opt/airflow/dags/dag_with_postgres_hook.py
[2024-04-25T08:14:07.230+0000] {processor.py:830} INFO - Processing file /opt/airflow/dags/dag_with_postgres_hook.py for tasks to queue
[2024-04-25T08:14:07.231+0000] {logging_mixin.py:188} INFO - [2024-04-25T08:14:07.231+0000] {dagbag.py:540} INFO - Filling up the DagBag from /opt/airflow/dags/dag_with_postgres_hook.py
[2024-04-25T08:14:07.241+0000] {processor.py:840} INFO - DAG(s) 'dag_with_postgres_hooks_v04' retrieved from /opt/airflow/dags/dag_with_postgres_hook.py
[2024-04-25T08:14:07.291+0000] {logging_mixin.py:188} INFO - [2024-04-25T08:14:07.291+0000] {override.py:1829} INFO - Created Permission View: can read on DAG:dag_with_postgres_hooks_v04
[2024-04-25T08:14:07.295+0000] {logging_mixin.py:188} INFO - [2024-04-25T08:14:07.294+0000] {override.py:1829} INFO - Created Permission View: can delete on DAG:dag_with_postgres_hooks_v04
[2024-04-25T08:14:07.297+0000] {logging_mixin.py:188} INFO - [2024-04-25T08:14:07.297+0000] {override.py:1829} INFO - Created Permission View: can edit on DAG:dag_with_postgres_hooks_v04
[2024-04-25T08:14:07.297+0000] {logging_mixin.py:188} INFO - [2024-04-25T08:14:07.297+0000] {dag.py:3096} INFO - Sync 1 DAGs
[2024-04-25T08:14:07.301+0000] {logging_mixin.py:188} INFO - [2024-04-25T08:14:07.301+0000] {dag.py:3118} INFO - Creating ORM DAG for dag_with_postgres_hooks_v04
[2024-04-25T08:14:07.305+0000] {logging_mixin.py:188} INFO - [2024-04-25T08:14:07.305+0000] {dag.py:3954} INFO - Setting next_dagrun for dag_with_postgres_hooks_v04 to 2022-04-30 00:00:00+00:00, run_after=2022-05-01 00:00:00+00:00
[2024-04-25T08:14:07.312+0000] {processor.py:183} INFO - Processing /opt/airflow/dags/dag_with_postgres_hook.py took 0.086 seconds
[2024-04-25T08:14:37.561+0000] {processor.py:161} INFO - Started process (PID=6708) to work on /opt/airflow/dags/dag_with_postgres_hook.py
[2024-04-25T08:14:37.562+0000] {processor.py:830} INFO - Processing file /opt/airflow/dags/dag_with_postgres_hook.py for tasks to queue
[2024-04-25T08:14:37.563+0000] {logging_mixin.py:188} INFO - [2024-04-25T08:14:37.563+0000] {dagbag.py:540} INFO - Filling up the DagBag from /opt/airflow/dags/dag_with_postgres_hook.py
[2024-04-25T08:14:37.569+0000] {processor.py:840} INFO - DAG(s) 'dag_with_postgres_hooks_v04' retrieved from /opt/airflow/dags/dag_with_postgres_hook.py
[2024-04-25T08:14:37.582+0000] {logging_mixin.py:188} INFO - [2024-04-25T08:14:37.581+0000] {dag.py:3096} INFO - Sync 1 DAGs
[2024-04-25T08:14:37.601+0000] {processor.py:183} INFO - Processing /opt/airflow/dags/dag_with_postgres_hook.py took 0.043 seconds
[2024-04-25T08:15:08.034+0000] {processor.py:161} INFO - Started process (PID=6734) to work on /opt/airflow/dags/dag_with_postgres_hook.py
[2024-04-25T08:15:08.035+0000] {processor.py:830} INFO - Processing file /opt/airflow/dags/dag_with_postgres_hook.py for tasks to queue
[2024-04-25T08:15:08.038+0000] {logging_mixin.py:188} INFO - [2024-04-25T08:15:08.037+0000] {dagbag.py:540} INFO - Filling up the DagBag from /opt/airflow/dags/dag_with_postgres_hook.py
[2024-04-25T08:15:08.062+0000] {processor.py:840} INFO - DAG(s) 'dag_with_postgres_hooks_v04' retrieved from /opt/airflow/dags/dag_with_postgres_hook.py
[2024-04-25T08:15:08.087+0000] {logging_mixin.py:188} INFO - [2024-04-25T08:15:08.087+0000] {dag.py:3096} INFO - Sync 1 DAGs
[2024-04-25T08:15:08.109+0000] {processor.py:183} INFO - Processing /opt/airflow/dags/dag_with_postgres_hook.py took 0.083 seconds
[2024-04-25T08:15:38.526+0000] {processor.py:161} INFO - Started process (PID=6760) to work on /opt/airflow/dags/dag_with_postgres_hook.py
[2024-04-25T08:15:38.527+0000] {processor.py:830} INFO - Processing file /opt/airflow/dags/dag_with_postgres_hook.py for tasks to queue
[2024-04-25T08:15:38.529+0000] {logging_mixin.py:188} INFO - [2024-04-25T08:15:38.529+0000] {dagbag.py:540} INFO - Filling up the DagBag from /opt/airflow/dags/dag_with_postgres_hook.py
[2024-04-25T08:15:38.541+0000] {processor.py:840} INFO - DAG(s) 'dag_with_postgres_hooks_v04' retrieved from /opt/airflow/dags/dag_with_postgres_hook.py
[2024-04-25T08:15:38.558+0000] {logging_mixin.py:188} INFO - [2024-04-25T08:15:38.558+0000] {dag.py:3096} INFO - Sync 1 DAGs
[2024-04-25T08:15:38.576+0000] {processor.py:183} INFO - Processing /opt/airflow/dags/dag_with_postgres_hook.py took 0.056 seconds
[2024-04-25T08:16:09.049+0000] {processor.py:161} INFO - Started process (PID=6785) to work on /opt/airflow/dags/dag_with_postgres_hook.py
[2024-04-25T08:16:09.051+0000] {processor.py:830} INFO - Processing file /opt/airflow/dags/dag_with_postgres_hook.py for tasks to queue
[2024-04-25T08:16:09.053+0000] {logging_mixin.py:188} INFO - [2024-04-25T08:16:09.053+0000] {dagbag.py:540} INFO - Filling up the DagBag from /opt/airflow/dags/dag_with_postgres_hook.py
[2024-04-25T08:16:09.067+0000] {processor.py:840} INFO - DAG(s) 'dag_with_postgres_hooks_v04' retrieved from /opt/airflow/dags/dag_with_postgres_hook.py
[2024-04-25T08:16:09.088+0000] {logging_mixin.py:188} INFO - [2024-04-25T08:16:09.087+0000] {dag.py:3096} INFO - Sync 1 DAGs
[2024-04-25T08:16:09.107+0000] {processor.py:183} INFO - Processing /opt/airflow/dags/dag_with_postgres_hook.py took 0.066 seconds
[2024-04-25T08:16:39.507+0000] {processor.py:161} INFO - Started process (PID=6811) to work on /opt/airflow/dags/dag_with_postgres_hook.py
[2024-04-25T08:16:39.509+0000] {processor.py:830} INFO - Processing file /opt/airflow/dags/dag_with_postgres_hook.py for tasks to queue
[2024-04-25T08:16:39.511+0000] {logging_mixin.py:188} INFO - [2024-04-25T08:16:39.511+0000] {dagbag.py:540} INFO - Filling up the DagBag from /opt/airflow/dags/dag_with_postgres_hook.py
[2024-04-25T08:16:39.525+0000] {processor.py:840} INFO - DAG(s) 'dag_with_postgres_hooks_v04' retrieved from /opt/airflow/dags/dag_with_postgres_hook.py
[2024-04-25T08:16:39.549+0000] {logging_mixin.py:188} INFO - [2024-04-25T08:16:39.549+0000] {dag.py:3096} INFO - Sync 1 DAGs
[2024-04-25T08:16:39.575+0000] {processor.py:183} INFO - Processing /opt/airflow/dags/dag_with_postgres_hook.py took 0.074 seconds
[2024-04-25T08:17:10.039+0000] {processor.py:161} INFO - Started process (PID=6837) to work on /opt/airflow/dags/dag_with_postgres_hook.py
[2024-04-25T08:17:10.040+0000] {processor.py:830} INFO - Processing file /opt/airflow/dags/dag_with_postgres_hook.py for tasks to queue
[2024-04-25T08:17:10.043+0000] {logging_mixin.py:188} INFO - [2024-04-25T08:17:10.042+0000] {dagbag.py:540} INFO - Filling up the DagBag from /opt/airflow/dags/dag_with_postgres_hook.py
[2024-04-25T08:17:10.075+0000] {processor.py:840} INFO - DAG(s) 'dag_with_postgres_hooks_v04' retrieved from /opt/airflow/dags/dag_with_postgres_hook.py
[2024-04-25T08:17:10.100+0000] {logging_mixin.py:188} INFO - [2024-04-25T08:17:10.100+0000] {dag.py:3096} INFO - Sync 1 DAGs
[2024-04-25T08:17:10.122+0000] {processor.py:183} INFO - Processing /opt/airflow/dags/dag_with_postgres_hook.py took 0.091 seconds
[2024-04-25T08:17:40.593+0000] {processor.py:161} INFO - Started process (PID=6863) to work on /opt/airflow/dags/dag_with_postgres_hook.py
[2024-04-25T08:17:40.595+0000] {processor.py:830} INFO - Processing file /opt/airflow/dags/dag_with_postgres_hook.py for tasks to queue
[2024-04-25T08:17:40.597+0000] {logging_mixin.py:188} INFO - [2024-04-25T08:17:40.597+0000] {dagbag.py:540} INFO - Filling up the DagBag from /opt/airflow/dags/dag_with_postgres_hook.py
[2024-04-25T08:17:40.614+0000] {processor.py:840} INFO - DAG(s) 'dag_with_postgres_hooks_v04' retrieved from /opt/airflow/dags/dag_with_postgres_hook.py
[2024-04-25T08:17:40.639+0000] {logging_mixin.py:188} INFO - [2024-04-25T08:17:40.638+0000] {dag.py:3096} INFO - Sync 1 DAGs
[2024-04-25T08:17:40.664+0000] {processor.py:183} INFO - Processing /opt/airflow/dags/dag_with_postgres_hook.py took 0.078 seconds
[2024-04-25T08:18:11.126+0000] {processor.py:161} INFO - Started process (PID=6893) to work on /opt/airflow/dags/dag_with_postgres_hook.py
[2024-04-25T08:18:11.128+0000] {processor.py:830} INFO - Processing file /opt/airflow/dags/dag_with_postgres_hook.py for tasks to queue
[2024-04-25T08:18:11.130+0000] {logging_mixin.py:188} INFO - [2024-04-25T08:18:11.129+0000] {dagbag.py:540} INFO - Filling up the DagBag from /opt/airflow/dags/dag_with_postgres_hook.py
[2024-04-25T08:18:11.144+0000] {processor.py:840} INFO - DAG(s) 'dag_with_postgres_hooks_v04' retrieved from /opt/airflow/dags/dag_with_postgres_hook.py
[2024-04-25T08:18:11.167+0000] {logging_mixin.py:188} INFO - [2024-04-25T08:18:11.167+0000] {dag.py:3096} INFO - Sync 1 DAGs
[2024-04-25T08:18:11.187+0000] {processor.py:183} INFO - Processing /opt/airflow/dags/dag_with_postgres_hook.py took 0.069 seconds
[2024-04-25T08:18:41.647+0000] {processor.py:161} INFO - Started process (PID=6923) to work on /opt/airflow/dags/dag_with_postgres_hook.py
[2024-04-25T08:18:41.649+0000] {processor.py:830} INFO - Processing file /opt/airflow/dags/dag_with_postgres_hook.py for tasks to queue
[2024-04-25T08:18:41.651+0000] {logging_mixin.py:188} INFO - [2024-04-25T08:18:41.651+0000] {dagbag.py:540} INFO - Filling up the DagBag from /opt/airflow/dags/dag_with_postgres_hook.py
[2024-04-25T08:18:41.668+0000] {processor.py:840} INFO - DAG(s) 'dag_with_postgres_hooks_v04' retrieved from /opt/airflow/dags/dag_with_postgres_hook.py
[2024-04-25T08:18:41.691+0000] {logging_mixin.py:188} INFO - [2024-04-25T08:18:41.691+0000] {dag.py:3096} INFO - Sync 1 DAGs
[2024-04-25T08:18:41.716+0000] {processor.py:183} INFO - Processing /opt/airflow/dags/dag_with_postgres_hook.py took 0.076 seconds
[2024-04-25T08:19:12.187+0000] {processor.py:161} INFO - Started process (PID=6949) to work on /opt/airflow/dags/dag_with_postgres_hook.py
[2024-04-25T08:19:12.188+0000] {processor.py:830} INFO - Processing file /opt/airflow/dags/dag_with_postgres_hook.py for tasks to queue
[2024-04-25T08:19:12.190+0000] {logging_mixin.py:188} INFO - [2024-04-25T08:19:12.190+0000] {dagbag.py:540} INFO - Filling up the DagBag from /opt/airflow/dags/dag_with_postgres_hook.py
[2024-04-25T08:19:12.208+0000] {processor.py:840} INFO - DAG(s) 'dag_with_postgres_hooks_v04' retrieved from /opt/airflow/dags/dag_with_postgres_hook.py
[2024-04-25T08:19:12.234+0000] {logging_mixin.py:188} INFO - [2024-04-25T08:19:12.233+0000] {dag.py:3096} INFO - Sync 1 DAGs
[2024-04-25T08:19:12.261+0000] {processor.py:183} INFO - Processing /opt/airflow/dags/dag_with_postgres_hook.py took 0.082 seconds
[2024-04-25T08:19:42.691+0000] {processor.py:161} INFO - Started process (PID=6975) to work on /opt/airflow/dags/dag_with_postgres_hook.py
[2024-04-25T08:19:42.693+0000] {processor.py:830} INFO - Processing file /opt/airflow/dags/dag_with_postgres_hook.py for tasks to queue
[2024-04-25T08:19:42.695+0000] {logging_mixin.py:188} INFO - [2024-04-25T08:19:42.695+0000] {dagbag.py:540} INFO - Filling up the DagBag from /opt/airflow/dags/dag_with_postgres_hook.py
[2024-04-25T08:19:42.709+0000] {processor.py:840} INFO - DAG(s) 'dag_with_postgres_hooks_v04' retrieved from /opt/airflow/dags/dag_with_postgres_hook.py
[2024-04-25T08:19:42.731+0000] {logging_mixin.py:188} INFO - [2024-04-25T08:19:42.731+0000] {dag.py:3096} INFO - Sync 1 DAGs
[2024-04-25T08:19:42.751+0000] {processor.py:183} INFO - Processing /opt/airflow/dags/dag_with_postgres_hook.py took 0.068 seconds
[2024-04-25T08:20:13.281+0000] {processor.py:161} INFO - Started process (PID=7005) to work on /opt/airflow/dags/dag_with_postgres_hook.py
[2024-04-25T08:20:13.282+0000] {processor.py:830} INFO - Processing file /opt/airflow/dags/dag_with_postgres_hook.py for tasks to queue
[2024-04-25T08:20:13.284+0000] {logging_mixin.py:188} INFO - [2024-04-25T08:20:13.284+0000] {dagbag.py:540} INFO - Filling up the DagBag from /opt/airflow/dags/dag_with_postgres_hook.py
[2024-04-25T08:20:13.293+0000] {processor.py:840} INFO - DAG(s) 'dag_with_postgres_hooks_v04' retrieved from /opt/airflow/dags/dag_with_postgres_hook.py
[2024-04-25T08:20:13.308+0000] {logging_mixin.py:188} INFO - [2024-04-25T08:20:13.308+0000] {dag.py:3096} INFO - Sync 1 DAGs
[2024-04-25T08:20:13.333+0000] {processor.py:183} INFO - Processing /opt/airflow/dags/dag_with_postgres_hook.py took 0.056 seconds
[2024-04-25T08:20:43.715+0000] {processor.py:161} INFO - Started process (PID=7031) to work on /opt/airflow/dags/dag_with_postgres_hook.py
[2024-04-25T08:20:43.715+0000] {processor.py:830} INFO - Processing file /opt/airflow/dags/dag_with_postgres_hook.py for tasks to queue
[2024-04-25T08:20:43.716+0000] {logging_mixin.py:188} INFO - [2024-04-25T08:20:43.716+0000] {dagbag.py:540} INFO - Filling up the DagBag from /opt/airflow/dags/dag_with_postgres_hook.py
[2024-04-25T08:20:43.724+0000] {processor.py:840} INFO - DAG(s) 'dag_with_postgres_hooks_v04' retrieved from /opt/airflow/dags/dag_with_postgres_hook.py
[2024-04-25T08:20:43.736+0000] {logging_mixin.py:188} INFO - [2024-04-25T08:20:43.736+0000] {dag.py:3096} INFO - Sync 1 DAGs
[2024-04-25T08:20:43.754+0000] {processor.py:183} INFO - Processing /opt/airflow/dags/dag_with_postgres_hook.py took 0.043 seconds
[2024-04-25T08:21:14.179+0000] {processor.py:161} INFO - Started process (PID=7057) to work on /opt/airflow/dags/dag_with_postgres_hook.py
[2024-04-25T08:21:14.181+0000] {processor.py:830} INFO - Processing file /opt/airflow/dags/dag_with_postgres_hook.py for tasks to queue
[2024-04-25T08:21:14.183+0000] {logging_mixin.py:188} INFO - [2024-04-25T08:21:14.182+0000] {dagbag.py:540} INFO - Filling up the DagBag from /opt/airflow/dags/dag_with_postgres_hook.py
[2024-04-25T08:21:14.214+0000] {processor.py:840} INFO - DAG(s) 'dag_with_postgres_hooks_v04' retrieved from /opt/airflow/dags/dag_with_postgres_hook.py
[2024-04-25T08:21:14.235+0000] {logging_mixin.py:188} INFO - [2024-04-25T08:21:14.235+0000] {dag.py:3096} INFO - Sync 1 DAGs
[2024-04-25T08:21:14.256+0000] {processor.py:183} INFO - Processing /opt/airflow/dags/dag_with_postgres_hook.py took 0.083 seconds
[2024-04-25T08:21:44.577+0000] {processor.py:161} INFO - Started process (PID=7083) to work on /opt/airflow/dags/dag_with_postgres_hook.py
[2024-04-25T08:21:44.578+0000] {processor.py:830} INFO - Processing file /opt/airflow/dags/dag_with_postgres_hook.py for tasks to queue
[2024-04-25T08:21:44.580+0000] {logging_mixin.py:188} INFO - [2024-04-25T08:21:44.580+0000] {dagbag.py:540} INFO - Filling up the DagBag from /opt/airflow/dags/dag_with_postgres_hook.py
[2024-04-25T08:21:44.589+0000] {processor.py:840} INFO - DAG(s) 'dag_with_postgres_hooks_v04' retrieved from /opt/airflow/dags/dag_with_postgres_hook.py
[2024-04-25T08:21:44.603+0000] {logging_mixin.py:188} INFO - [2024-04-25T08:21:44.603+0000] {dag.py:3096} INFO - Sync 1 DAGs
[2024-04-25T08:21:44.622+0000] {processor.py:183} INFO - Processing /opt/airflow/dags/dag_with_postgres_hook.py took 0.050 seconds
[2024-04-25T08:22:15.047+0000] {processor.py:161} INFO - Started process (PID=7108) to work on /opt/airflow/dags/dag_with_postgres_hook.py
[2024-04-25T08:22:15.049+0000] {processor.py:830} INFO - Processing file /opt/airflow/dags/dag_with_postgres_hook.py for tasks to queue
[2024-04-25T08:22:15.051+0000] {logging_mixin.py:188} INFO - [2024-04-25T08:22:15.051+0000] {dagbag.py:540} INFO - Filling up the DagBag from /opt/airflow/dags/dag_with_postgres_hook.py
[2024-04-25T08:22:15.075+0000] {processor.py:840} INFO - DAG(s) 'dag_with_postgres_hooks_v04' retrieved from /opt/airflow/dags/dag_with_postgres_hook.py
[2024-04-25T08:22:15.096+0000] {logging_mixin.py:188} INFO - [2024-04-25T08:22:15.095+0000] {dag.py:3096} INFO - Sync 1 DAGs
[2024-04-25T08:22:15.118+0000] {processor.py:183} INFO - Processing /opt/airflow/dags/dag_with_postgres_hook.py took 0.079 seconds
[2024-04-25T08:22:45.441+0000] {processor.py:161} INFO - Started process (PID=7134) to work on /opt/airflow/dags/dag_with_postgres_hook.py
[2024-04-25T08:22:45.443+0000] {processor.py:830} INFO - Processing file /opt/airflow/dags/dag_with_postgres_hook.py for tasks to queue
[2024-04-25T08:22:45.446+0000] {logging_mixin.py:188} INFO - [2024-04-25T08:22:45.445+0000] {dagbag.py:540} INFO - Filling up the DagBag from /opt/airflow/dags/dag_with_postgres_hook.py
[2024-04-25T08:22:45.462+0000] {processor.py:840} INFO - DAG(s) 'dag_with_postgres_hooks_v04' retrieved from /opt/airflow/dags/dag_with_postgres_hook.py
[2024-04-25T08:22:45.486+0000] {logging_mixin.py:188} INFO - [2024-04-25T08:22:45.486+0000] {dag.py:3096} INFO - Sync 1 DAGs
[2024-04-25T08:22:45.509+0000] {processor.py:183} INFO - Processing /opt/airflow/dags/dag_with_postgres_hook.py took 0.076 seconds
[2024-04-25T08:23:15.991+0000] {processor.py:161} INFO - Started process (PID=7160) to work on /opt/airflow/dags/dag_with_postgres_hook.py
[2024-04-25T08:23:15.992+0000] {processor.py:830} INFO - Processing file /opt/airflow/dags/dag_with_postgres_hook.py for tasks to queue
[2024-04-25T08:23:15.994+0000] {logging_mixin.py:188} INFO - [2024-04-25T08:23:15.994+0000] {dagbag.py:540} INFO - Filling up the DagBag from /opt/airflow/dags/dag_with_postgres_hook.py
[2024-04-25T08:23:16.004+0000] {processor.py:840} INFO - DAG(s) 'dag_with_postgres_hooks_v04' retrieved from /opt/airflow/dags/dag_with_postgres_hook.py
[2024-04-25T08:23:16.021+0000] {logging_mixin.py:188} INFO - [2024-04-25T08:23:16.021+0000] {dag.py:3096} INFO - Sync 1 DAGs
[2024-04-25T08:23:16.043+0000] {processor.py:183} INFO - Processing /opt/airflow/dags/dag_with_postgres_hook.py took 0.059 seconds
[2024-04-25T08:23:46.541+0000] {processor.py:161} INFO - Started process (PID=7186) to work on /opt/airflow/dags/dag_with_postgres_hook.py
[2024-04-25T08:23:46.542+0000] {processor.py:830} INFO - Processing file /opt/airflow/dags/dag_with_postgres_hook.py for tasks to queue
[2024-04-25T08:23:46.545+0000] {logging_mixin.py:188} INFO - [2024-04-25T08:23:46.545+0000] {dagbag.py:540} INFO - Filling up the DagBag from /opt/airflow/dags/dag_with_postgres_hook.py
[2024-04-25T08:23:46.559+0000] {processor.py:840} INFO - DAG(s) 'dag_with_postgres_hooks_v04' retrieved from /opt/airflow/dags/dag_with_postgres_hook.py
[2024-04-25T08:23:46.582+0000] {logging_mixin.py:188} INFO - [2024-04-25T08:23:46.582+0000] {dag.py:3096} INFO - Sync 1 DAGs
[2024-04-25T08:23:46.603+0000] {processor.py:183} INFO - Processing /opt/airflow/dags/dag_with_postgres_hook.py took 0.070 seconds
[2024-04-25T08:24:17.067+0000] {processor.py:161} INFO - Started process (PID=7212) to work on /opt/airflow/dags/dag_with_postgres_hook.py
[2024-04-25T08:24:17.068+0000] {processor.py:830} INFO - Processing file /opt/airflow/dags/dag_with_postgres_hook.py for tasks to queue
[2024-04-25T08:24:17.071+0000] {logging_mixin.py:188} INFO - [2024-04-25T08:24:17.070+0000] {dagbag.py:540} INFO - Filling up the DagBag from /opt/airflow/dags/dag_with_postgres_hook.py
[2024-04-25T08:24:17.085+0000] {processor.py:840} INFO - DAG(s) 'dag_with_postgres_hooks_v04' retrieved from /opt/airflow/dags/dag_with_postgres_hook.py
[2024-04-25T08:24:17.107+0000] {logging_mixin.py:188} INFO - [2024-04-25T08:24:17.106+0000] {dag.py:3096} INFO - Sync 1 DAGs
[2024-04-25T08:24:17.125+0000] {processor.py:183} INFO - Processing /opt/airflow/dags/dag_with_postgres_hook.py took 0.066 seconds
[2024-04-25T08:24:47.494+0000] {processor.py:161} INFO - Started process (PID=7298) to work on /opt/airflow/dags/dag_with_postgres_hook.py
[2024-04-25T08:24:47.496+0000] {processor.py:830} INFO - Processing file /opt/airflow/dags/dag_with_postgres_hook.py for tasks to queue
[2024-04-25T08:24:47.499+0000] {logging_mixin.py:188} INFO - [2024-04-25T08:24:47.498+0000] {dagbag.py:540} INFO - Filling up the DagBag from /opt/airflow/dags/dag_with_postgres_hook.py
[2024-04-25T08:24:47.512+0000] {processor.py:840} INFO - DAG(s) 'dag_with_postgres_hooks_v04' retrieved from /opt/airflow/dags/dag_with_postgres_hook.py
[2024-04-25T08:24:47.533+0000] {logging_mixin.py:188} INFO - [2024-04-25T08:24:47.533+0000] {dag.py:3096} INFO - Sync 1 DAGs
[2024-04-25T08:24:47.554+0000] {processor.py:183} INFO - Processing /opt/airflow/dags/dag_with_postgres_hook.py took 0.067 seconds
[2024-04-25T08:25:17.972+0000] {processor.py:161} INFO - Started process (PID=7324) to work on /opt/airflow/dags/dag_with_postgres_hook.py
[2024-04-25T08:25:17.973+0000] {processor.py:830} INFO - Processing file /opt/airflow/dags/dag_with_postgres_hook.py for tasks to queue
[2024-04-25T08:25:17.976+0000] {logging_mixin.py:188} INFO - [2024-04-25T08:25:17.976+0000] {dagbag.py:540} INFO - Filling up the DagBag from /opt/airflow/dags/dag_with_postgres_hook.py
[2024-04-25T08:25:18.027+0000] {processor.py:840} INFO - DAG(s) 'dag_with_postgres_hooks_v04' retrieved from /opt/airflow/dags/dag_with_postgres_hook.py
[2024-04-25T08:25:18.052+0000] {logging_mixin.py:188} INFO - [2024-04-25T08:25:18.052+0000] {dag.py:3096} INFO - Sync 1 DAGs
[2024-04-25T08:25:18.076+0000] {processor.py:183} INFO - Processing /opt/airflow/dags/dag_with_postgres_hook.py took 0.112 seconds
[2024-04-25T08:25:48.584+0000] {processor.py:161} INFO - Started process (PID=7350) to work on /opt/airflow/dags/dag_with_postgres_hook.py
[2024-04-25T08:25:48.585+0000] {processor.py:830} INFO - Processing file /opt/airflow/dags/dag_with_postgres_hook.py for tasks to queue
[2024-04-25T08:25:48.587+0000] {logging_mixin.py:188} INFO - [2024-04-25T08:25:48.586+0000] {dagbag.py:540} INFO - Filling up the DagBag from /opt/airflow/dags/dag_with_postgres_hook.py
[2024-04-25T08:25:48.595+0000] {processor.py:840} INFO - DAG(s) 'dag_with_postgres_hooks_v04' retrieved from /opt/airflow/dags/dag_with_postgres_hook.py
[2024-04-25T08:25:48.613+0000] {logging_mixin.py:188} INFO - [2024-04-25T08:25:48.612+0000] {dag.py:3096} INFO - Sync 1 DAGs
[2024-04-25T08:25:48.639+0000] {processor.py:183} INFO - Processing /opt/airflow/dags/dag_with_postgres_hook.py took 0.060 seconds
[2024-04-25T08:26:19.056+0000] {processor.py:161} INFO - Started process (PID=7376) to work on /opt/airflow/dags/dag_with_postgres_hook.py
[2024-04-25T08:26:19.057+0000] {processor.py:830} INFO - Processing file /opt/airflow/dags/dag_with_postgres_hook.py for tasks to queue
[2024-04-25T08:26:19.059+0000] {logging_mixin.py:188} INFO - [2024-04-25T08:26:19.059+0000] {dagbag.py:540} INFO - Filling up the DagBag from /opt/airflow/dags/dag_with_postgres_hook.py
[2024-04-25T08:26:19.068+0000] {processor.py:840} INFO - DAG(s) 'dag_with_postgres_hooks_v04' retrieved from /opt/airflow/dags/dag_with_postgres_hook.py
[2024-04-25T08:26:19.086+0000] {logging_mixin.py:188} INFO - [2024-04-25T08:26:19.085+0000] {dag.py:3096} INFO - Sync 1 DAGs
[2024-04-25T08:26:19.112+0000] {processor.py:183} INFO - Processing /opt/airflow/dags/dag_with_postgres_hook.py took 0.062 seconds
[2024-04-25T08:26:49.591+0000] {processor.py:161} INFO - Started process (PID=7426) to work on /opt/airflow/dags/dag_with_postgres_hook.py
[2024-04-25T08:26:49.593+0000] {processor.py:830} INFO - Processing file /opt/airflow/dags/dag_with_postgres_hook.py for tasks to queue
[2024-04-25T08:26:49.596+0000] {logging_mixin.py:188} INFO - [2024-04-25T08:26:49.595+0000] {dagbag.py:540} INFO - Filling up the DagBag from /opt/airflow/dags/dag_with_postgres_hook.py
[2024-04-25T08:26:49.603+0000] {processor.py:840} INFO - DAG(s) 'dag_with_postgres_hooks_v04' retrieved from /opt/airflow/dags/dag_with_postgres_hook.py
[2024-04-25T08:26:49.616+0000] {logging_mixin.py:188} INFO - [2024-04-25T08:26:49.615+0000] {dag.py:3096} INFO - Sync 1 DAGs
[2024-04-25T08:26:49.635+0000] {processor.py:183} INFO - Processing /opt/airflow/dags/dag_with_postgres_hook.py took 0.052 seconds
[2024-04-25T08:27:20.043+0000] {processor.py:161} INFO - Started process (PID=7512) to work on /opt/airflow/dags/dag_with_postgres_hook.py
[2024-04-25T08:27:20.045+0000] {processor.py:830} INFO - Processing file /opt/airflow/dags/dag_with_postgres_hook.py for tasks to queue
[2024-04-25T08:27:20.048+0000] {logging_mixin.py:188} INFO - [2024-04-25T08:27:20.047+0000] {dagbag.py:540} INFO - Filling up the DagBag from /opt/airflow/dags/dag_with_postgres_hook.py
[2024-04-25T08:27:20.064+0000] {processor.py:840} INFO - DAG(s) 'dag_with_postgres_hooks_v04' retrieved from /opt/airflow/dags/dag_with_postgres_hook.py
[2024-04-25T08:27:20.088+0000] {logging_mixin.py:188} INFO - [2024-04-25T08:27:20.088+0000] {dag.py:3096} INFO - Sync 1 DAGs
[2024-04-25T08:27:20.110+0000] {processor.py:183} INFO - Processing /opt/airflow/dags/dag_with_postgres_hook.py took 0.074 seconds
[2024-04-25T08:27:50.432+0000] {processor.py:161} INFO - Started process (PID=7598) to work on /opt/airflow/dags/dag_with_postgres_hook.py
[2024-04-25T08:27:50.433+0000] {processor.py:830} INFO - Processing file /opt/airflow/dags/dag_with_postgres_hook.py for tasks to queue
[2024-04-25T08:27:50.434+0000] {logging_mixin.py:188} INFO - [2024-04-25T08:27:50.434+0000] {dagbag.py:540} INFO - Filling up the DagBag from /opt/airflow/dags/dag_with_postgres_hook.py
[2024-04-25T08:27:50.441+0000] {processor.py:840} INFO - DAG(s) 'dag_with_postgres_hooks_v04' retrieved from /opt/airflow/dags/dag_with_postgres_hook.py
[2024-04-25T08:27:50.454+0000] {logging_mixin.py:188} INFO - [2024-04-25T08:27:50.454+0000] {dag.py:3096} INFO - Sync 1 DAGs
[2024-04-25T08:27:50.466+0000] {logging_mixin.py:188} INFO - [2024-04-25T08:27:50.466+0000] {dag.py:3954} INFO - Setting next_dagrun for dag_with_postgres_hooks_v04 to 2022-06-20 00:00:00+00:00, run_after=2022-06-21 00:00:00+00:00
[2024-04-25T08:27:50.476+0000] {processor.py:183} INFO - Processing /opt/airflow/dags/dag_with_postgres_hook.py took 0.050 seconds
[2024-04-25T08:28:20.840+0000] {processor.py:161} INFO - Started process (PID=7686) to work on /opt/airflow/dags/dag_with_postgres_hook.py
[2024-04-25T08:28:20.841+0000] {processor.py:830} INFO - Processing file /opt/airflow/dags/dag_with_postgres_hook.py for tasks to queue
[2024-04-25T08:28:20.842+0000] {logging_mixin.py:188} INFO - [2024-04-25T08:28:20.842+0000] {dagbag.py:540} INFO - Filling up the DagBag from /opt/airflow/dags/dag_with_postgres_hook.py
[2024-04-25T08:28:20.849+0000] {processor.py:840} INFO - DAG(s) 'dag_with_postgres_hooks_v04' retrieved from /opt/airflow/dags/dag_with_postgres_hook.py
[2024-04-25T08:28:20.862+0000] {logging_mixin.py:188} INFO - [2024-04-25T08:28:20.862+0000] {dag.py:3096} INFO - Sync 1 DAGs
[2024-04-25T08:28:20.883+0000] {processor.py:183} INFO - Processing /opt/airflow/dags/dag_with_postgres_hook.py took 0.046 seconds
[2024-04-25T08:28:51.193+0000] {processor.py:161} INFO - Started process (PID=7773) to work on /opt/airflow/dags/dag_with_postgres_hook.py
[2024-04-25T08:28:51.194+0000] {processor.py:830} INFO - Processing file /opt/airflow/dags/dag_with_postgres_hook.py for tasks to queue
[2024-04-25T08:28:51.197+0000] {logging_mixin.py:188} INFO - [2024-04-25T08:28:51.196+0000] {dagbag.py:540} INFO - Filling up the DagBag from /opt/airflow/dags/dag_with_postgres_hook.py
[2024-04-25T08:28:51.216+0000] {processor.py:840} INFO - DAG(s) 'dag_with_postgres_hooks_v04' retrieved from /opt/airflow/dags/dag_with_postgres_hook.py
[2024-04-25T08:28:51.238+0000] {logging_mixin.py:188} INFO - [2024-04-25T08:28:51.238+0000] {dag.py:3096} INFO - Sync 1 DAGs
[2024-04-25T08:28:51.252+0000] {logging_mixin.py:188} INFO - [2024-04-25T08:28:51.252+0000] {dag.py:3954} INFO - Setting next_dagrun for dag_with_postgres_hooks_v04 to 2022-07-21 00:00:00+00:00, run_after=2022-07-22 00:00:00+00:00
[2024-04-25T08:28:51.262+0000] {processor.py:183} INFO - Processing /opt/airflow/dags/dag_with_postgres_hook.py took 0.077 seconds
[2024-04-25T08:29:21.632+0000] {processor.py:161} INFO - Started process (PID=7859) to work on /opt/airflow/dags/dag_with_postgres_hook.py
[2024-04-25T08:29:21.633+0000] {processor.py:830} INFO - Processing file /opt/airflow/dags/dag_with_postgres_hook.py for tasks to queue
[2024-04-25T08:29:21.634+0000] {logging_mixin.py:188} INFO - [2024-04-25T08:29:21.634+0000] {dagbag.py:540} INFO - Filling up the DagBag from /opt/airflow/dags/dag_with_postgres_hook.py
[2024-04-25T08:29:21.645+0000] {processor.py:840} INFO - DAG(s) 'dag_with_postgres_hooks_v04' retrieved from /opt/airflow/dags/dag_with_postgres_hook.py
[2024-04-25T08:29:21.658+0000] {logging_mixin.py:188} INFO - [2024-04-25T08:29:21.658+0000] {dag.py:3096} INFO - Sync 1 DAGs
[2024-04-25T08:29:21.669+0000] {logging_mixin.py:188} INFO - [2024-04-25T08:29:21.669+0000] {dag.py:3954} INFO - Setting next_dagrun for dag_with_postgres_hooks_v04 to 2022-08-05 00:00:00+00:00, run_after=2022-08-06 00:00:00+00:00
[2024-04-25T08:29:21.678+0000] {processor.py:183} INFO - Processing /opt/airflow/dags/dag_with_postgres_hook.py took 0.049 seconds
[2024-04-25T08:29:51.968+0000] {processor.py:161} INFO - Started process (PID=7941) to work on /opt/airflow/dags/dag_with_postgres_hook.py
[2024-04-25T08:29:51.970+0000] {processor.py:830} INFO - Processing file /opt/airflow/dags/dag_with_postgres_hook.py for tasks to queue
[2024-04-25T08:29:51.973+0000] {logging_mixin.py:188} INFO - [2024-04-25T08:29:51.972+0000] {dagbag.py:540} INFO - Filling up the DagBag from /opt/airflow/dags/dag_with_postgres_hook.py
[2024-04-25T08:29:52.046+0000] {processor.py:840} INFO - DAG(s) 'dag_with_postgres_hooks_v04' retrieved from /opt/airflow/dags/dag_with_postgres_hook.py
[2024-04-25T08:29:52.073+0000] {logging_mixin.py:188} INFO - [2024-04-25T08:29:52.073+0000] {dag.py:3096} INFO - Sync 1 DAGs
[2024-04-25T08:29:52.096+0000] {processor.py:183} INFO - Processing /opt/airflow/dags/dag_with_postgres_hook.py took 0.135 seconds
[2024-04-25T08:30:22.323+0000] {processor.py:161} INFO - Started process (PID=8026) to work on /opt/airflow/dags/dag_with_postgres_hook.py
[2024-04-25T08:30:22.324+0000] {processor.py:830} INFO - Processing file /opt/airflow/dags/dag_with_postgres_hook.py for tasks to queue
[2024-04-25T08:30:22.325+0000] {logging_mixin.py:188} INFO - [2024-04-25T08:30:22.325+0000] {dagbag.py:540} INFO - Filling up the DagBag from /opt/airflow/dags/dag_with_postgres_hook.py
[2024-04-25T08:30:22.332+0000] {processor.py:840} INFO - DAG(s) 'dag_with_postgres_hooks_v04' retrieved from /opt/airflow/dags/dag_with_postgres_hook.py
[2024-04-25T08:30:22.345+0000] {logging_mixin.py:188} INFO - [2024-04-25T08:30:22.344+0000] {dag.py:3096} INFO - Sync 1 DAGs
[2024-04-25T08:30:22.366+0000] {processor.py:183} INFO - Processing /opt/airflow/dags/dag_with_postgres_hook.py took 0.046 seconds
[2024-04-25T08:30:52.728+0000] {processor.py:161} INFO - Started process (PID=8112) to work on /opt/airflow/dags/dag_with_postgres_hook.py
[2024-04-25T08:30:52.729+0000] {processor.py:830} INFO - Processing file /opt/airflow/dags/dag_with_postgres_hook.py for tasks to queue
[2024-04-25T08:30:52.732+0000] {logging_mixin.py:188} INFO - [2024-04-25T08:30:52.731+0000] {dagbag.py:540} INFO - Filling up the DagBag from /opt/airflow/dags/dag_with_postgres_hook.py
[2024-04-25T08:30:52.744+0000] {processor.py:840} INFO - DAG(s) 'dag_with_postgres_hooks_v04' retrieved from /opt/airflow/dags/dag_with_postgres_hook.py
[2024-04-25T08:30:52.759+0000] {logging_mixin.py:188} INFO - [2024-04-25T08:30:52.759+0000] {dag.py:3096} INFO - Sync 1 DAGs
[2024-04-25T08:30:52.770+0000] {logging_mixin.py:188} INFO - [2024-04-25T08:30:52.770+0000] {dag.py:3954} INFO - Setting next_dagrun for dag_with_postgres_hooks_v04 to 2022-09-18 00:00:00+00:00, run_after=2022-09-19 00:00:00+00:00
[2024-04-25T08:30:52.778+0000] {processor.py:183} INFO - Processing /opt/airflow/dags/dag_with_postgres_hook.py took 0.057 seconds
[2024-04-25T08:31:23.123+0000] {processor.py:161} INFO - Started process (PID=8198) to work on /opt/airflow/dags/dag_with_postgres_hook.py
[2024-04-25T08:31:23.124+0000] {processor.py:830} INFO - Processing file /opt/airflow/dags/dag_with_postgres_hook.py for tasks to queue
[2024-04-25T08:31:23.125+0000] {logging_mixin.py:188} INFO - [2024-04-25T08:31:23.125+0000] {dagbag.py:540} INFO - Filling up the DagBag from /opt/airflow/dags/dag_with_postgres_hook.py
[2024-04-25T08:31:23.132+0000] {processor.py:840} INFO - DAG(s) 'dag_with_postgres_hooks_v04' retrieved from /opt/airflow/dags/dag_with_postgres_hook.py
[2024-04-25T08:31:23.144+0000] {logging_mixin.py:188} INFO - [2024-04-25T08:31:23.144+0000] {dag.py:3096} INFO - Sync 1 DAGs
[2024-04-25T08:31:23.164+0000] {processor.py:183} INFO - Processing /opt/airflow/dags/dag_with_postgres_hook.py took 0.045 seconds
[2024-04-25T08:31:53.546+0000] {processor.py:161} INFO - Started process (PID=8279) to work on /opt/airflow/dags/dag_with_postgres_hook.py
[2024-04-25T08:31:53.547+0000] {processor.py:830} INFO - Processing file /opt/airflow/dags/dag_with_postgres_hook.py for tasks to queue
[2024-04-25T08:31:53.548+0000] {logging_mixin.py:188} INFO - [2024-04-25T08:31:53.548+0000] {dagbag.py:540} INFO - Filling up the DagBag from /opt/airflow/dags/dag_with_postgres_hook.py
[2024-04-25T08:31:53.556+0000] {processor.py:840} INFO - DAG(s) 'dag_with_postgres_hooks_v04' retrieved from /opt/airflow/dags/dag_with_postgres_hook.py
[2024-04-25T08:31:53.569+0000] {logging_mixin.py:188} INFO - [2024-04-25T08:31:53.569+0000] {dag.py:3096} INFO - Sync 1 DAGs
[2024-04-25T08:31:53.582+0000] {logging_mixin.py:188} INFO - [2024-04-25T08:31:53.582+0000] {dag.py:3954} INFO - Setting next_dagrun for dag_with_postgres_hooks_v04 to 2022-10-17 00:00:00+00:00, run_after=2022-10-18 00:00:00+00:00
[2024-04-25T08:31:53.592+0000] {processor.py:183} INFO - Processing /opt/airflow/dags/dag_with_postgres_hook.py took 0.050 seconds
[2024-04-25T08:32:24.053+0000] {processor.py:161} INFO - Started process (PID=8365) to work on /opt/airflow/dags/dag_with_postgres_hook.py
[2024-04-25T08:32:24.055+0000] {processor.py:830} INFO - Processing file /opt/airflow/dags/dag_with_postgres_hook.py for tasks to queue
[2024-04-25T08:32:24.058+0000] {logging_mixin.py:188} INFO - [2024-04-25T08:32:24.058+0000] {dagbag.py:540} INFO - Filling up the DagBag from /opt/airflow/dags/dag_with_postgres_hook.py
[2024-04-25T08:32:24.100+0000] {processor.py:840} INFO - DAG(s) 'dag_with_postgres_hooks_v04' retrieved from /opt/airflow/dags/dag_with_postgres_hook.py
[2024-04-25T08:32:24.127+0000] {logging_mixin.py:188} INFO - [2024-04-25T08:32:24.127+0000] {dag.py:3096} INFO - Sync 1 DAGs
[2024-04-25T08:32:24.151+0000] {processor.py:183} INFO - Processing /opt/airflow/dags/dag_with_postgres_hook.py took 0.111 seconds
[2024-04-25T08:32:54.385+0000] {processor.py:161} INFO - Started process (PID=8456) to work on /opt/airflow/dags/dag_with_postgres_hook.py
[2024-04-25T08:32:54.386+0000] {processor.py:830} INFO - Processing file /opt/airflow/dags/dag_with_postgres_hook.py for tasks to queue
[2024-04-25T08:32:54.387+0000] {logging_mixin.py:188} INFO - [2024-04-25T08:32:54.387+0000] {dagbag.py:540} INFO - Filling up the DagBag from /opt/airflow/dags/dag_with_postgres_hook.py
[2024-04-25T08:32:54.395+0000] {processor.py:840} INFO - DAG(s) 'dag_with_postgres_hooks_v04' retrieved from /opt/airflow/dags/dag_with_postgres_hook.py
[2024-04-25T08:32:54.408+0000] {logging_mixin.py:188} INFO - [2024-04-25T08:32:54.408+0000] {dag.py:3096} INFO - Sync 1 DAGs
[2024-04-25T08:32:54.420+0000] {logging_mixin.py:188} INFO - [2024-04-25T08:32:54.420+0000] {dag.py:3954} INFO - Setting next_dagrun for dag_with_postgres_hooks_v04 to 2022-11-16 00:00:00+00:00, run_after=2022-11-17 00:00:00+00:00
[2024-04-25T08:32:54.429+0000] {processor.py:183} INFO - Processing /opt/airflow/dags/dag_with_postgres_hook.py took 0.047 seconds
[2024-04-25T08:33:24.715+0000] {processor.py:161} INFO - Started process (PID=8530) to work on /opt/airflow/dags/dag_with_postgres_hook.py
[2024-04-25T08:33:24.716+0000] {processor.py:830} INFO - Processing file /opt/airflow/dags/dag_with_postgres_hook.py for tasks to queue
[2024-04-25T08:33:24.717+0000] {logging_mixin.py:188} INFO - [2024-04-25T08:33:24.717+0000] {dagbag.py:540} INFO - Filling up the DagBag from /opt/airflow/dags/dag_with_postgres_hook.py
[2024-04-25T08:33:24.724+0000] {processor.py:840} INFO - DAG(s) 'dag_with_postgres_hooks_v04' retrieved from /opt/airflow/dags/dag_with_postgres_hook.py
[2024-04-25T08:33:24.736+0000] {logging_mixin.py:188} INFO - [2024-04-25T08:33:24.736+0000] {dag.py:3096} INFO - Sync 1 DAGs
[2024-04-25T08:33:24.752+0000] {processor.py:183} INFO - Processing /opt/airflow/dags/dag_with_postgres_hook.py took 0.041 seconds
