[2024-04-25T07:54:05.147+0000] {processor.py:161} INFO - Started process (PID=642) to work on /opt/airflow/dags/dag_with_postgres_operator.py
[2024-04-25T07:54:05.147+0000] {processor.py:830} INFO - Processing file /opt/airflow/dags/dag_with_postgres_operator.py for tasks to queue
[2024-04-25T07:54:05.149+0000] {logging_mixin.py:188} INFO - [2024-04-25T07:54:05.148+0000] {dagbag.py:540} INFO - Filling up the DagBag from /opt/airflow/dags/dag_with_postgres_operator.py
[2024-04-25T07:54:05.156+0000] {processor.py:840} INFO - DAG(s) 'dag_with_postgres_operator_v01' retrieved from /opt/airflow/dags/dag_with_postgres_operator.py
[2024-04-25T07:54:05.201+0000] {logging_mixin.py:188} INFO - [2024-04-25T07:54:05.201+0000] {override.py:1829} INFO - Created Permission View: can read on DAG:dag_with_postgres_operator_v01
[2024-04-25T07:54:05.205+0000] {logging_mixin.py:188} INFO - [2024-04-25T07:54:05.205+0000] {override.py:1829} INFO - Created Permission View: can delete on DAG:dag_with_postgres_operator_v01
[2024-04-25T07:54:05.207+0000] {logging_mixin.py:188} INFO - [2024-04-25T07:54:05.207+0000] {override.py:1829} INFO - Created Permission View: can edit on DAG:dag_with_postgres_operator_v01
[2024-04-25T07:54:05.207+0000] {logging_mixin.py:188} INFO - [2024-04-25T07:54:05.207+0000] {dag.py:3096} INFO - Sync 1 DAGs
[2024-04-25T07:54:05.211+0000] {logging_mixin.py:188} INFO - [2024-04-25T07:54:05.211+0000] {dag.py:3118} INFO - Creating ORM DAG for dag_with_postgres_operator_v01
[2024-04-25T07:54:05.216+0000] {logging_mixin.py:188} INFO - [2024-04-25T07:54:05.215+0000] {dag.py:3954} INFO - Setting next_dagrun for dag_with_postgres_operator_v01 to 2021-12-19 00:00:00+00:00, run_after=2021-12-20 00:00:00+00:00
[2024-04-25T07:54:05.222+0000] {processor.py:183} INFO - Processing /opt/airflow/dags/dag_with_postgres_operator.py took 0.078 seconds
[2024-04-25T07:54:35.535+0000] {processor.py:161} INFO - Started process (PID=1025) to work on /opt/airflow/dags/dag_with_postgres_operator.py
[2024-04-25T07:54:35.535+0000] {processor.py:830} INFO - Processing file /opt/airflow/dags/dag_with_postgres_operator.py for tasks to queue
[2024-04-25T07:54:35.536+0000] {logging_mixin.py:188} INFO - [2024-04-25T07:54:35.536+0000] {dagbag.py:540} INFO - Filling up the DagBag from /opt/airflow/dags/dag_with_postgres_operator.py
[2024-04-25T07:54:35.542+0000] {processor.py:840} INFO - DAG(s) 'dag_with_postgres_operator_v01' retrieved from /opt/airflow/dags/dag_with_postgres_operator.py
[2024-04-25T07:54:35.554+0000] {logging_mixin.py:188} INFO - [2024-04-25T07:54:35.554+0000] {dag.py:3096} INFO - Sync 1 DAGs
[2024-04-25T07:54:35.564+0000] {logging_mixin.py:188} INFO - [2024-04-25T07:54:35.564+0000] {dag.py:3954} INFO - Setting next_dagrun for dag_with_postgres_operator_v01 to 2022-02-18 00:00:00+00:00, run_after=2022-02-19 00:00:00+00:00
[2024-04-25T07:54:35.572+0000] {processor.py:183} INFO - Processing /opt/airflow/dags/dag_with_postgres_operator.py took 0.040 seconds
[2024-04-25T07:55:05.944+0000] {processor.py:161} INFO - Started process (PID=1496) to work on /opt/airflow/dags/dag_with_postgres_operator.py
[2024-04-25T07:55:05.945+0000] {processor.py:830} INFO - Processing file /opt/airflow/dags/dag_with_postgres_operator.py for tasks to queue
[2024-04-25T07:55:05.947+0000] {logging_mixin.py:188} INFO - [2024-04-25T07:55:05.947+0000] {dagbag.py:540} INFO - Filling up the DagBag from /opt/airflow/dags/dag_with_postgres_operator.py
[2024-04-25T07:55:05.958+0000] {processor.py:840} INFO - DAG(s) 'dag_with_postgres_operator_v01' retrieved from /opt/airflow/dags/dag_with_postgres_operator.py
[2024-04-25T07:55:05.980+0000] {logging_mixin.py:188} INFO - [2024-04-25T07:55:05.979+0000] {dag.py:3096} INFO - Sync 1 DAGs
[2024-04-25T07:55:05.995+0000] {logging_mixin.py:188} INFO - [2024-04-25T07:55:05.995+0000] {dag.py:3954} INFO - Setting next_dagrun for dag_with_postgres_operator_v01 to 2022-05-04 00:00:00+00:00, run_after=2022-05-05 00:00:00+00:00
[2024-04-25T07:55:06.005+0000] {processor.py:183} INFO - Processing /opt/airflow/dags/dag_with_postgres_operator.py took 0.065 seconds
[2024-04-25T07:55:36.371+0000] {processor.py:161} INFO - Started process (PID=1954) to work on /opt/airflow/dags/dag_with_postgres_operator.py
[2024-04-25T07:55:36.373+0000] {processor.py:830} INFO - Processing file /opt/airflow/dags/dag_with_postgres_operator.py for tasks to queue
[2024-04-25T07:55:36.375+0000] {logging_mixin.py:188} INFO - [2024-04-25T07:55:36.375+0000] {dagbag.py:540} INFO - Filling up the DagBag from /opt/airflow/dags/dag_with_postgres_operator.py
[2024-04-25T07:55:36.386+0000] {processor.py:840} INFO - DAG(s) 'dag_with_postgres_operator_v01' retrieved from /opt/airflow/dags/dag_with_postgres_operator.py
[2024-04-25T07:55:36.410+0000] {logging_mixin.py:188} INFO - [2024-04-25T07:55:36.409+0000] {dag.py:3096} INFO - Sync 1 DAGs
[2024-04-25T07:55:36.426+0000] {logging_mixin.py:188} INFO - [2024-04-25T07:55:36.426+0000] {dag.py:3954} INFO - Setting next_dagrun for dag_with_postgres_operator_v01 to 2022-07-16 00:00:00+00:00, run_after=2022-07-17 00:00:00+00:00
[2024-04-25T07:55:36.440+0000] {processor.py:183} INFO - Processing /opt/airflow/dags/dag_with_postgres_operator.py took 0.080 seconds
[2024-04-25T07:56:07.055+0000] {processor.py:161} INFO - Started process (PID=2483) to work on /opt/airflow/dags/dag_with_postgres_operator.py
[2024-04-25T07:56:07.058+0000] {processor.py:830} INFO - Processing file /opt/airflow/dags/dag_with_postgres_operator.py for tasks to queue
[2024-04-25T07:56:07.064+0000] {logging_mixin.py:188} INFO - [2024-04-25T07:56:07.063+0000] {dagbag.py:540} INFO - Filling up the DagBag from /opt/airflow/dags/dag_with_postgres_operator.py
[2024-04-25T07:56:07.150+0000] {processor.py:840} INFO - DAG(s) 'dag_with_postgres_operator_v01' retrieved from /opt/airflow/dags/dag_with_postgres_operator.py
[2024-04-25T07:56:07.178+0000] {logging_mixin.py:188} INFO - [2024-04-25T07:56:07.178+0000] {dag.py:3096} INFO - Sync 1 DAGs
[2024-04-25T07:56:07.209+0000] {logging_mixin.py:188} INFO - [2024-04-25T07:56:07.209+0000] {dag.py:3954} INFO - Setting next_dagrun for dag_with_postgres_operator_v01 to 2022-10-14 00:00:00+00:00, run_after=2022-10-15 00:00:00+00:00
[2024-04-25T07:56:07.252+0000] {processor.py:183} INFO - Processing /opt/airflow/dags/dag_with_postgres_operator.py took 0.203 seconds
[2024-04-25T07:56:37.487+0000] {processor.py:161} INFO - Started process (PID=2946) to work on /opt/airflow/dags/dag_with_postgres_operator.py
[2024-04-25T07:56:37.492+0000] {processor.py:830} INFO - Processing file /opt/airflow/dags/dag_with_postgres_operator.py for tasks to queue
[2024-04-25T07:56:37.494+0000] {logging_mixin.py:188} INFO - [2024-04-25T07:56:37.494+0000] {dagbag.py:540} INFO - Filling up the DagBag from /opt/airflow/dags/dag_with_postgres_operator.py
[2024-04-25T07:56:37.544+0000] {processor.py:840} INFO - DAG(s) 'dag_with_postgres_operator_v01' retrieved from /opt/airflow/dags/dag_with_postgres_operator.py
[2024-04-25T07:56:37.566+0000] {logging_mixin.py:188} INFO - [2024-04-25T07:56:37.566+0000] {dag.py:3096} INFO - Sync 1 DAGs
[2024-04-25T07:56:37.618+0000] {processor.py:183} INFO - Processing /opt/airflow/dags/dag_with_postgres_operator.py took 0.135 seconds
[2024-04-25T07:57:07.818+0000] {processor.py:161} INFO - Started process (PID=3366) to work on /opt/airflow/dags/dag_with_postgres_operator.py
[2024-04-25T07:57:07.819+0000] {processor.py:830} INFO - Processing file /opt/airflow/dags/dag_with_postgres_operator.py for tasks to queue
[2024-04-25T07:57:07.821+0000] {logging_mixin.py:188} INFO - [2024-04-25T07:57:07.820+0000] {dagbag.py:540} INFO - Filling up the DagBag from /opt/airflow/dags/dag_with_postgres_operator.py
[2024-04-25T07:57:07.830+0000] {processor.py:840} INFO - DAG(s) 'dag_with_postgres_operator_v01' retrieved from /opt/airflow/dags/dag_with_postgres_operator.py
[2024-04-25T07:57:07.846+0000] {logging_mixin.py:188} INFO - [2024-04-25T07:57:07.845+0000] {dag.py:3096} INFO - Sync 1 DAGs
[2024-04-25T07:57:07.856+0000] {logging_mixin.py:188} INFO - [2024-04-25T07:57:07.856+0000] {dag.py:3954} INFO - Setting next_dagrun for dag_with_postgres_operator_v01 to 2023-02-26 00:00:00+00:00, run_after=2023-02-27 00:00:00+00:00
[2024-04-25T07:57:07.867+0000] {processor.py:183} INFO - Processing /opt/airflow/dags/dag_with_postgres_operator.py took 0.053 seconds
[2024-04-25T07:57:38.293+0000] {processor.py:161} INFO - Started process (PID=3834) to work on /opt/airflow/dags/dag_with_postgres_operator.py
[2024-04-25T07:57:38.294+0000] {processor.py:830} INFO - Processing file /opt/airflow/dags/dag_with_postgres_operator.py for tasks to queue
[2024-04-25T07:57:38.296+0000] {logging_mixin.py:188} INFO - [2024-04-25T07:57:38.295+0000] {dagbag.py:540} INFO - Filling up the DagBag from /opt/airflow/dags/dag_with_postgres_operator.py
[2024-04-25T07:57:38.313+0000] {processor.py:840} INFO - DAG(s) 'dag_with_postgres_operator_v01' retrieved from /opt/airflow/dags/dag_with_postgres_operator.py
[2024-04-25T07:57:38.330+0000] {logging_mixin.py:188} INFO - [2024-04-25T07:57:38.330+0000] {dag.py:3096} INFO - Sync 1 DAGs
[2024-04-25T07:57:38.342+0000] {logging_mixin.py:188} INFO - [2024-04-25T07:57:38.342+0000] {dag.py:3954} INFO - Setting next_dagrun for dag_with_postgres_operator_v01 to 2023-05-12 00:00:00+00:00, run_after=2023-05-13 00:00:00+00:00
[2024-04-25T07:57:38.356+0000] {processor.py:183} INFO - Processing /opt/airflow/dags/dag_with_postgres_operator.py took 0.066 seconds
[2024-04-25T07:58:08.687+0000] {processor.py:161} INFO - Started process (PID=4278) to work on /opt/airflow/dags/dag_with_postgres_operator.py
[2024-04-25T07:58:08.689+0000] {processor.py:830} INFO - Processing file /opt/airflow/dags/dag_with_postgres_operator.py for tasks to queue
[2024-04-25T07:58:08.691+0000] {logging_mixin.py:188} INFO - [2024-04-25T07:58:08.691+0000] {dagbag.py:540} INFO - Filling up the DagBag from /opt/airflow/dags/dag_with_postgres_operator.py
[2024-04-25T07:58:08.704+0000] {processor.py:840} INFO - DAG(s) 'dag_with_postgres_operator_v01' retrieved from /opt/airflow/dags/dag_with_postgres_operator.py
[2024-04-25T07:58:08.731+0000] {logging_mixin.py:188} INFO - [2024-04-25T07:58:08.731+0000] {dag.py:3096} INFO - Sync 1 DAGs
[2024-04-25T07:58:08.745+0000] {logging_mixin.py:188} INFO - [2024-04-25T07:58:08.745+0000] {dag.py:3954} INFO - Setting next_dagrun for dag_with_postgres_operator_v01 to 2023-07-21 00:00:00+00:00, run_after=2023-07-22 00:00:00+00:00
[2024-04-25T07:58:08.754+0000] {processor.py:183} INFO - Processing /opt/airflow/dags/dag_with_postgres_operator.py took 0.073 seconds
[2024-04-25T07:58:39.155+0000] {processor.py:161} INFO - Started process (PID=4748) to work on /opt/airflow/dags/dag_with_postgres_operator.py
[2024-04-25T07:58:39.156+0000] {processor.py:830} INFO - Processing file /opt/airflow/dags/dag_with_postgres_operator.py for tasks to queue
[2024-04-25T07:58:39.157+0000] {logging_mixin.py:188} INFO - [2024-04-25T07:58:39.157+0000] {dagbag.py:540} INFO - Filling up the DagBag from /opt/airflow/dags/dag_with_postgres_operator.py
[2024-04-25T07:58:39.165+0000] {processor.py:840} INFO - DAG(s) 'dag_with_postgres_operator_v01' retrieved from /opt/airflow/dags/dag_with_postgres_operator.py
[2024-04-25T07:58:39.180+0000] {logging_mixin.py:188} INFO - [2024-04-25T07:58:39.179+0000] {dag.py:3096} INFO - Sync 1 DAGs
[2024-04-25T07:58:39.192+0000] {logging_mixin.py:188} INFO - [2024-04-25T07:58:39.192+0000] {dag.py:3954} INFO - Setting next_dagrun for dag_with_postgres_operator_v01 to 2023-10-04 00:00:00+00:00, run_after=2023-10-05 00:00:00+00:00
[2024-04-25T07:58:39.202+0000] {processor.py:183} INFO - Processing /opt/airflow/dags/dag_with_postgres_operator.py took 0.051 seconds
[2024-04-25T07:59:09.717+0000] {processor.py:161} INFO - Started process (PID=5207) to work on /opt/airflow/dags/dag_with_postgres_operator.py
[2024-04-25T07:59:09.718+0000] {processor.py:830} INFO - Processing file /opt/airflow/dags/dag_with_postgres_operator.py for tasks to queue
[2024-04-25T07:59:09.720+0000] {logging_mixin.py:188} INFO - [2024-04-25T07:59:09.720+0000] {dagbag.py:540} INFO - Filling up the DagBag from /opt/airflow/dags/dag_with_postgres_operator.py
[2024-04-25T07:59:09.730+0000] {processor.py:840} INFO - DAG(s) 'dag_with_postgres_operator_v01' retrieved from /opt/airflow/dags/dag_with_postgres_operator.py
[2024-04-25T07:59:09.747+0000] {logging_mixin.py:188} INFO - [2024-04-25T07:59:09.747+0000] {dag.py:3096} INFO - Sync 1 DAGs
[2024-04-25T07:59:09.761+0000] {logging_mixin.py:188} INFO - [2024-04-25T07:59:09.761+0000] {dag.py:3954} INFO - Setting next_dagrun for dag_with_postgres_operator_v01 to 2023-12-17 00:00:00+00:00, run_after=2023-12-18 00:00:00+00:00
[2024-04-25T07:59:09.797+0000] {processor.py:183} INFO - Processing /opt/airflow/dags/dag_with_postgres_operator.py took 0.085 seconds
[2024-04-25T07:59:40.232+0000] {processor.py:161} INFO - Started process (PID=5669) to work on /opt/airflow/dags/dag_with_postgres_operator.py
[2024-04-25T07:59:40.235+0000] {processor.py:830} INFO - Processing file /opt/airflow/dags/dag_with_postgres_operator.py for tasks to queue
[2024-04-25T07:59:40.239+0000] {logging_mixin.py:188} INFO - [2024-04-25T07:59:40.239+0000] {dagbag.py:540} INFO - Filling up the DagBag from /opt/airflow/dags/dag_with_postgres_operator.py
[2024-04-25T07:59:40.277+0000] {processor.py:840} INFO - DAG(s) 'dag_with_postgres_operator_v01' retrieved from /opt/airflow/dags/dag_with_postgres_operator.py
[2024-04-25T07:59:40.307+0000] {logging_mixin.py:188} INFO - [2024-04-25T07:59:40.307+0000] {dag.py:3096} INFO - Sync 1 DAGs
[2024-04-25T07:59:40.325+0000] {logging_mixin.py:188} INFO - [2024-04-25T07:59:40.324+0000] {dag.py:3954} INFO - Setting next_dagrun for dag_with_postgres_operator_v01 to 2024-03-01 00:00:00+00:00, run_after=2024-03-02 00:00:00+00:00
[2024-04-25T07:59:40.340+0000] {processor.py:183} INFO - Processing /opt/airflow/dags/dag_with_postgres_operator.py took 0.121 seconds
[2024-04-25T08:00:10.575+0000] {processor.py:161} INFO - Started process (PID=6040) to work on /opt/airflow/dags/dag_with_postgres_operator.py
[2024-04-25T08:00:10.576+0000] {processor.py:830} INFO - Processing file /opt/airflow/dags/dag_with_postgres_operator.py for tasks to queue
[2024-04-25T08:00:10.578+0000] {logging_mixin.py:188} INFO - [2024-04-25T08:00:10.578+0000] {dagbag.py:540} INFO - Filling up the DagBag from /opt/airflow/dags/dag_with_postgres_operator.py
[2024-04-25T08:00:10.594+0000] {processor.py:840} INFO - DAG(s) 'dag_with_postgres_operator_v01' retrieved from /opt/airflow/dags/dag_with_postgres_operator.py
[2024-04-25T08:00:10.619+0000] {logging_mixin.py:188} INFO - [2024-04-25T08:00:10.619+0000] {dag.py:3096} INFO - Sync 1 DAGs
[2024-04-25T08:00:10.634+0000] {logging_mixin.py:188} INFO - [2024-04-25T08:00:10.634+0000] {dag.py:3954} INFO - Setting next_dagrun for dag_with_postgres_operator_v01 to 2024-04-25 00:00:00+00:00, run_after=2024-04-26 00:00:00+00:00
[2024-04-25T08:00:10.643+0000] {processor.py:183} INFO - Processing /opt/airflow/dags/dag_with_postgres_operator.py took 0.075 seconds
[2024-04-25T08:00:40.918+0000] {processor.py:161} INFO - Started process (PID=6061) to work on /opt/airflow/dags/dag_with_postgres_operator.py
[2024-04-25T08:00:40.919+0000] {processor.py:830} INFO - Processing file /opt/airflow/dags/dag_with_postgres_operator.py for tasks to queue
[2024-04-25T08:00:40.920+0000] {logging_mixin.py:188} INFO - [2024-04-25T08:00:40.920+0000] {dagbag.py:540} INFO - Filling up the DagBag from /opt/airflow/dags/dag_with_postgres_operator.py
[2024-04-25T08:00:40.927+0000] {processor.py:840} INFO - DAG(s) 'dag_with_postgres_operator_v01' retrieved from /opt/airflow/dags/dag_with_postgres_operator.py
[2024-04-25T08:00:40.940+0000] {logging_mixin.py:188} INFO - [2024-04-25T08:00:40.940+0000] {dag.py:3096} INFO - Sync 1 DAGs
[2024-04-25T08:00:40.951+0000] {logging_mixin.py:188} INFO - [2024-04-25T08:00:40.951+0000] {dag.py:3954} INFO - Setting next_dagrun for dag_with_postgres_operator_v01 to 2024-04-25 00:00:00+00:00, run_after=2024-04-26 00:00:00+00:00
[2024-04-25T08:00:40.960+0000] {processor.py:183} INFO - Processing /opt/airflow/dags/dag_with_postgres_operator.py took 0.045 seconds
[2024-04-25T08:01:11.342+0000] {processor.py:161} INFO - Started process (PID=6082) to work on /opt/airflow/dags/dag_with_postgres_operator.py
[2024-04-25T08:01:11.344+0000] {processor.py:830} INFO - Processing file /opt/airflow/dags/dag_with_postgres_operator.py for tasks to queue
[2024-04-25T08:01:11.346+0000] {logging_mixin.py:188} INFO - [2024-04-25T08:01:11.346+0000] {dagbag.py:540} INFO - Filling up the DagBag from /opt/airflow/dags/dag_with_postgres_operator.py
[2024-04-25T08:01:11.362+0000] {processor.py:840} INFO - DAG(s) 'dag_with_postgres_operator_v01' retrieved from /opt/airflow/dags/dag_with_postgres_operator.py
[2024-04-25T08:01:11.388+0000] {logging_mixin.py:188} INFO - [2024-04-25T08:01:11.388+0000] {dag.py:3096} INFO - Sync 1 DAGs
[2024-04-25T08:01:11.403+0000] {logging_mixin.py:188} INFO - [2024-04-25T08:01:11.402+0000] {dag.py:3954} INFO - Setting next_dagrun for dag_with_postgres_operator_v01 to 2024-04-25 00:00:00+00:00, run_after=2024-04-26 00:00:00+00:00
[2024-04-25T08:01:11.413+0000] {processor.py:183} INFO - Processing /opt/airflow/dags/dag_with_postgres_operator.py took 0.080 seconds
[2024-04-25T08:01:41.822+0000] {processor.py:161} INFO - Started process (PID=6103) to work on /opt/airflow/dags/dag_with_postgres_operator.py
[2024-04-25T08:01:41.823+0000] {processor.py:830} INFO - Processing file /opt/airflow/dags/dag_with_postgres_operator.py for tasks to queue
[2024-04-25T08:01:41.826+0000] {logging_mixin.py:188} INFO - [2024-04-25T08:01:41.825+0000] {dagbag.py:540} INFO - Filling up the DagBag from /opt/airflow/dags/dag_with_postgres_operator.py
[2024-04-25T08:01:41.839+0000] {processor.py:840} INFO - DAG(s) 'dag_with_postgres_operator_v01' retrieved from /opt/airflow/dags/dag_with_postgres_operator.py
[2024-04-25T08:01:41.860+0000] {logging_mixin.py:188} INFO - [2024-04-25T08:01:41.860+0000] {dag.py:3096} INFO - Sync 1 DAGs
[2024-04-25T08:01:41.871+0000] {logging_mixin.py:188} INFO - [2024-04-25T08:01:41.871+0000] {dag.py:3954} INFO - Setting next_dagrun for dag_with_postgres_operator_v01 to 2024-04-25 00:00:00+00:00, run_after=2024-04-26 00:00:00+00:00
[2024-04-25T08:01:41.880+0000] {processor.py:183} INFO - Processing /opt/airflow/dags/dag_with_postgres_operator.py took 0.065 seconds
[2024-04-25T08:02:12.349+0000] {processor.py:161} INFO - Started process (PID=6124) to work on /opt/airflow/dags/dag_with_postgres_operator.py
[2024-04-25T08:02:12.351+0000] {processor.py:830} INFO - Processing file /opt/airflow/dags/dag_with_postgres_operator.py for tasks to queue
[2024-04-25T08:02:12.353+0000] {logging_mixin.py:188} INFO - [2024-04-25T08:02:12.353+0000] {dagbag.py:540} INFO - Filling up the DagBag from /opt/airflow/dags/dag_with_postgres_operator.py
[2024-04-25T08:02:12.367+0000] {processor.py:840} INFO - DAG(s) 'dag_with_postgres_operator_v01' retrieved from /opt/airflow/dags/dag_with_postgres_operator.py
[2024-04-25T08:02:12.392+0000] {logging_mixin.py:188} INFO - [2024-04-25T08:02:12.392+0000] {dag.py:3096} INFO - Sync 1 DAGs
[2024-04-25T08:02:12.405+0000] {logging_mixin.py:188} INFO - [2024-04-25T08:02:12.404+0000] {dag.py:3954} INFO - Setting next_dagrun for dag_with_postgres_operator_v01 to 2024-04-25 00:00:00+00:00, run_after=2024-04-26 00:00:00+00:00
[2024-04-25T08:02:12.413+0000] {processor.py:183} INFO - Processing /opt/airflow/dags/dag_with_postgres_operator.py took 0.072 seconds
[2024-04-25T08:02:42.845+0000] {processor.py:161} INFO - Started process (PID=6145) to work on /opt/airflow/dags/dag_with_postgres_operator.py
[2024-04-25T08:02:42.847+0000] {processor.py:830} INFO - Processing file /opt/airflow/dags/dag_with_postgres_operator.py for tasks to queue
[2024-04-25T08:02:42.850+0000] {logging_mixin.py:188} INFO - [2024-04-25T08:02:42.849+0000] {dagbag.py:540} INFO - Filling up the DagBag from /opt/airflow/dags/dag_with_postgres_operator.py
[2024-04-25T08:02:42.866+0000] {processor.py:840} INFO - DAG(s) 'dag_with_postgres_operator_v01' retrieved from /opt/airflow/dags/dag_with_postgres_operator.py
[2024-04-25T08:02:42.890+0000] {logging_mixin.py:188} INFO - [2024-04-25T08:02:42.890+0000] {dag.py:3096} INFO - Sync 1 DAGs
[2024-04-25T08:02:42.904+0000] {logging_mixin.py:188} INFO - [2024-04-25T08:02:42.904+0000] {dag.py:3954} INFO - Setting next_dagrun for dag_with_postgres_operator_v01 to 2024-04-25 00:00:00+00:00, run_after=2024-04-26 00:00:00+00:00
[2024-04-25T08:02:42.913+0000] {processor.py:183} INFO - Processing /opt/airflow/dags/dag_with_postgres_operator.py took 0.077 seconds
[2024-04-25T08:03:13.302+0000] {processor.py:161} INFO - Started process (PID=6166) to work on /opt/airflow/dags/dag_with_postgres_operator.py
[2024-04-25T08:03:13.304+0000] {processor.py:830} INFO - Processing file /opt/airflow/dags/dag_with_postgres_operator.py for tasks to queue
[2024-04-25T08:03:13.305+0000] {logging_mixin.py:188} INFO - [2024-04-25T08:03:13.305+0000] {dagbag.py:540} INFO - Filling up the DagBag from /opt/airflow/dags/dag_with_postgres_operator.py
[2024-04-25T08:03:13.313+0000] {processor.py:840} INFO - DAG(s) 'dag_with_postgres_operator_v01' retrieved from /opt/airflow/dags/dag_with_postgres_operator.py
[2024-04-25T08:03:13.330+0000] {logging_mixin.py:188} INFO - [2024-04-25T08:03:13.330+0000] {dag.py:3096} INFO - Sync 1 DAGs
[2024-04-25T08:03:13.343+0000] {logging_mixin.py:188} INFO - [2024-04-25T08:03:13.343+0000] {dag.py:3954} INFO - Setting next_dagrun for dag_with_postgres_operator_v01 to 2024-04-25 00:00:00+00:00, run_after=2024-04-26 00:00:00+00:00
[2024-04-25T08:03:13.353+0000] {processor.py:183} INFO - Processing /opt/airflow/dags/dag_with_postgres_operator.py took 0.056 seconds
[2024-04-25T08:03:43.799+0000] {processor.py:161} INFO - Started process (PID=6186) to work on /opt/airflow/dags/dag_with_postgres_operator.py
[2024-04-25T08:03:43.801+0000] {processor.py:830} INFO - Processing file /opt/airflow/dags/dag_with_postgres_operator.py for tasks to queue
[2024-04-25T08:03:43.804+0000] {logging_mixin.py:188} INFO - [2024-04-25T08:03:43.803+0000] {dagbag.py:540} INFO - Filling up the DagBag from /opt/airflow/dags/dag_with_postgres_operator.py
[2024-04-25T08:03:43.823+0000] {processor.py:840} INFO - DAG(s) 'dag_with_postgres_operator_v01' retrieved from /opt/airflow/dags/dag_with_postgres_operator.py
[2024-04-25T08:03:43.848+0000] {logging_mixin.py:188} INFO - [2024-04-25T08:03:43.847+0000] {dag.py:3096} INFO - Sync 1 DAGs
[2024-04-25T08:03:43.862+0000] {logging_mixin.py:188} INFO - [2024-04-25T08:03:43.862+0000] {dag.py:3954} INFO - Setting next_dagrun for dag_with_postgres_operator_v01 to 2024-04-25 00:00:00+00:00, run_after=2024-04-26 00:00:00+00:00
[2024-04-25T08:03:43.871+0000] {processor.py:183} INFO - Processing /opt/airflow/dags/dag_with_postgres_operator.py took 0.081 seconds
[2024-04-25T08:04:14.279+0000] {processor.py:161} INFO - Started process (PID=6207) to work on /opt/airflow/dags/dag_with_postgres_operator.py
[2024-04-25T08:04:14.280+0000] {processor.py:830} INFO - Processing file /opt/airflow/dags/dag_with_postgres_operator.py for tasks to queue
[2024-04-25T08:04:14.281+0000] {logging_mixin.py:188} INFO - [2024-04-25T08:04:14.281+0000] {dagbag.py:540} INFO - Filling up the DagBag from /opt/airflow/dags/dag_with_postgres_operator.py
[2024-04-25T08:04:14.290+0000] {processor.py:840} INFO - DAG(s) 'dag_with_postgres_operator_v01' retrieved from /opt/airflow/dags/dag_with_postgres_operator.py
[2024-04-25T08:04:14.305+0000] {logging_mixin.py:188} INFO - [2024-04-25T08:04:14.305+0000] {dag.py:3096} INFO - Sync 1 DAGs
[2024-04-25T08:04:14.317+0000] {logging_mixin.py:188} INFO - [2024-04-25T08:04:14.317+0000] {dag.py:3954} INFO - Setting next_dagrun for dag_with_postgres_operator_v01 to 2024-04-25 00:00:00+00:00, run_after=2024-04-26 00:00:00+00:00
[2024-04-25T08:04:14.325+0000] {processor.py:183} INFO - Processing /opt/airflow/dags/dag_with_postgres_operator.py took 0.052 seconds
[2024-04-25T08:04:44.758+0000] {processor.py:161} INFO - Started process (PID=6228) to work on /opt/airflow/dags/dag_with_postgres_operator.py
[2024-04-25T08:04:44.759+0000] {processor.py:830} INFO - Processing file /opt/airflow/dags/dag_with_postgres_operator.py for tasks to queue
[2024-04-25T08:04:44.762+0000] {logging_mixin.py:188} INFO - [2024-04-25T08:04:44.761+0000] {dagbag.py:540} INFO - Filling up the DagBag from /opt/airflow/dags/dag_with_postgres_operator.py
[2024-04-25T08:04:44.775+0000] {processor.py:840} INFO - DAG(s) 'dag_with_postgres_operator_v01' retrieved from /opt/airflow/dags/dag_with_postgres_operator.py
[2024-04-25T08:04:44.796+0000] {logging_mixin.py:188} INFO - [2024-04-25T08:04:44.796+0000] {dag.py:3096} INFO - Sync 1 DAGs
[2024-04-25T08:04:44.807+0000] {logging_mixin.py:188} INFO - [2024-04-25T08:04:44.807+0000] {dag.py:3954} INFO - Setting next_dagrun for dag_with_postgres_operator_v01 to 2024-04-25 00:00:00+00:00, run_after=2024-04-26 00:00:00+00:00
[2024-04-25T08:04:44.816+0000] {processor.py:183} INFO - Processing /opt/airflow/dags/dag_with_postgres_operator.py took 0.064 seconds
[2024-04-25T08:05:15.245+0000] {processor.py:161} INFO - Started process (PID=6249) to work on /opt/airflow/dags/dag_with_postgres_operator.py
[2024-04-25T08:05:15.246+0000] {processor.py:830} INFO - Processing file /opt/airflow/dags/dag_with_postgres_operator.py for tasks to queue
[2024-04-25T08:05:15.248+0000] {logging_mixin.py:188} INFO - [2024-04-25T08:05:15.248+0000] {dagbag.py:540} INFO - Filling up the DagBag from /opt/airflow/dags/dag_with_postgres_operator.py
[2024-04-25T08:05:15.257+0000] {processor.py:840} INFO - DAG(s) 'dag_with_postgres_operator_v01' retrieved from /opt/airflow/dags/dag_with_postgres_operator.py
[2024-04-25T08:05:15.274+0000] {logging_mixin.py:188} INFO - [2024-04-25T08:05:15.274+0000] {dag.py:3096} INFO - Sync 1 DAGs
[2024-04-25T08:05:15.288+0000] {logging_mixin.py:188} INFO - [2024-04-25T08:05:15.288+0000] {dag.py:3954} INFO - Setting next_dagrun for dag_with_postgres_operator_v01 to 2024-04-25 00:00:00+00:00, run_after=2024-04-26 00:00:00+00:00
[2024-04-25T08:05:15.301+0000] {processor.py:183} INFO - Processing /opt/airflow/dags/dag_with_postgres_operator.py took 0.059 seconds
[2024-04-25T08:05:45.736+0000] {processor.py:161} INFO - Started process (PID=6270) to work on /opt/airflow/dags/dag_with_postgres_operator.py
[2024-04-25T08:05:45.737+0000] {processor.py:830} INFO - Processing file /opt/airflow/dags/dag_with_postgres_operator.py for tasks to queue
[2024-04-25T08:05:45.738+0000] {logging_mixin.py:188} INFO - [2024-04-25T08:05:45.738+0000] {dagbag.py:540} INFO - Filling up the DagBag from /opt/airflow/dags/dag_with_postgres_operator.py
[2024-04-25T08:05:45.745+0000] {processor.py:840} INFO - DAG(s) 'dag_with_postgres_operator_v01' retrieved from /opt/airflow/dags/dag_with_postgres_operator.py
[2024-04-25T08:05:45.758+0000] {logging_mixin.py:188} INFO - [2024-04-25T08:05:45.758+0000] {dag.py:3096} INFO - Sync 1 DAGs
[2024-04-25T08:05:45.769+0000] {logging_mixin.py:188} INFO - [2024-04-25T08:05:45.769+0000] {dag.py:3954} INFO - Setting next_dagrun for dag_with_postgres_operator_v01 to 2024-04-25 00:00:00+00:00, run_after=2024-04-26 00:00:00+00:00
[2024-04-25T08:05:45.778+0000] {processor.py:183} INFO - Processing /opt/airflow/dags/dag_with_postgres_operator.py took 0.045 seconds
[2024-04-25T08:06:16.258+0000] {processor.py:161} INFO - Started process (PID=6291) to work on /opt/airflow/dags/dag_with_postgres_operator.py
[2024-04-25T08:06:16.260+0000] {processor.py:830} INFO - Processing file /opt/airflow/dags/dag_with_postgres_operator.py for tasks to queue
[2024-04-25T08:06:16.263+0000] {logging_mixin.py:188} INFO - [2024-04-25T08:06:16.262+0000] {dagbag.py:540} INFO - Filling up the DagBag from /opt/airflow/dags/dag_with_postgres_operator.py
[2024-04-25T08:06:16.277+0000] {processor.py:840} INFO - DAG(s) 'dag_with_postgres_operator_v01' retrieved from /opt/airflow/dags/dag_with_postgres_operator.py
[2024-04-25T08:06:16.299+0000] {logging_mixin.py:188} INFO - [2024-04-25T08:06:16.298+0000] {dag.py:3096} INFO - Sync 1 DAGs
[2024-04-25T08:06:16.313+0000] {logging_mixin.py:188} INFO - [2024-04-25T08:06:16.312+0000] {dag.py:3954} INFO - Setting next_dagrun for dag_with_postgres_operator_v01 to 2024-04-25 00:00:00+00:00, run_after=2024-04-26 00:00:00+00:00
[2024-04-25T08:06:16.322+0000] {processor.py:183} INFO - Processing /opt/airflow/dags/dag_with_postgres_operator.py took 0.072 seconds
[2024-04-25T08:06:46.829+0000] {processor.py:161} INFO - Started process (PID=6312) to work on /opt/airflow/dags/dag_with_postgres_operator.py
[2024-04-25T08:06:46.831+0000] {processor.py:830} INFO - Processing file /opt/airflow/dags/dag_with_postgres_operator.py for tasks to queue
[2024-04-25T08:06:46.834+0000] {logging_mixin.py:188} INFO - [2024-04-25T08:06:46.834+0000] {dagbag.py:540} INFO - Filling up the DagBag from /opt/airflow/dags/dag_with_postgres_operator.py
[2024-04-25T08:06:46.845+0000] {processor.py:840} INFO - DAG(s) 'dag_with_postgres_operator_v01' retrieved from /opt/airflow/dags/dag_with_postgres_operator.py
[2024-04-25T08:06:46.866+0000] {logging_mixin.py:188} INFO - [2024-04-25T08:06:46.866+0000] {dag.py:3096} INFO - Sync 1 DAGs
[2024-04-25T08:06:46.879+0000] {logging_mixin.py:188} INFO - [2024-04-25T08:06:46.879+0000] {dag.py:3954} INFO - Setting next_dagrun for dag_with_postgres_operator_v01 to 2024-04-25 00:00:00+00:00, run_after=2024-04-26 00:00:00+00:00
[2024-04-25T08:06:46.887+0000] {processor.py:183} INFO - Processing /opt/airflow/dags/dag_with_postgres_operator.py took 0.066 seconds
[2024-04-25T08:07:17.340+0000] {processor.py:161} INFO - Started process (PID=6332) to work on /opt/airflow/dags/dag_with_postgres_operator.py
[2024-04-25T08:07:17.342+0000] {processor.py:830} INFO - Processing file /opt/airflow/dags/dag_with_postgres_operator.py for tasks to queue
[2024-04-25T08:07:17.346+0000] {logging_mixin.py:188} INFO - [2024-04-25T08:07:17.345+0000] {dagbag.py:540} INFO - Filling up the DagBag from /opt/airflow/dags/dag_with_postgres_operator.py
[2024-04-25T08:07:17.360+0000] {processor.py:840} INFO - DAG(s) 'dag_with_postgres_operator_v01' retrieved from /opt/airflow/dags/dag_with_postgres_operator.py
[2024-04-25T08:07:17.383+0000] {logging_mixin.py:188} INFO - [2024-04-25T08:07:17.383+0000] {dag.py:3096} INFO - Sync 1 DAGs
[2024-04-25T08:07:17.397+0000] {logging_mixin.py:188} INFO - [2024-04-25T08:07:17.397+0000] {dag.py:3954} INFO - Setting next_dagrun for dag_with_postgres_operator_v01 to 2024-04-25 00:00:00+00:00, run_after=2024-04-26 00:00:00+00:00
[2024-04-25T08:07:17.405+0000] {processor.py:183} INFO - Processing /opt/airflow/dags/dag_with_postgres_operator.py took 0.073 seconds
[2024-04-25T08:07:47.895+0000] {processor.py:161} INFO - Started process (PID=6353) to work on /opt/airflow/dags/dag_with_postgres_operator.py
[2024-04-25T08:07:47.897+0000] {processor.py:830} INFO - Processing file /opt/airflow/dags/dag_with_postgres_operator.py for tasks to queue
[2024-04-25T08:07:47.901+0000] {logging_mixin.py:188} INFO - [2024-04-25T08:07:47.900+0000] {dagbag.py:540} INFO - Filling up the DagBag from /opt/airflow/dags/dag_with_postgres_operator.py
[2024-04-25T08:07:47.915+0000] {processor.py:840} INFO - DAG(s) 'dag_with_postgres_operator_v01' retrieved from /opt/airflow/dags/dag_with_postgres_operator.py
[2024-04-25T08:07:47.939+0000] {logging_mixin.py:188} INFO - [2024-04-25T08:07:47.939+0000] {dag.py:3096} INFO - Sync 1 DAGs
[2024-04-25T08:07:47.953+0000] {logging_mixin.py:188} INFO - [2024-04-25T08:07:47.953+0000] {dag.py:3954} INFO - Setting next_dagrun for dag_with_postgres_operator_v01 to 2024-04-25 00:00:00+00:00, run_after=2024-04-26 00:00:00+00:00
[2024-04-25T08:07:47.961+0000] {processor.py:183} INFO - Processing /opt/airflow/dags/dag_with_postgres_operator.py took 0.074 seconds
[2024-04-25T08:08:18.473+0000] {processor.py:161} INFO - Started process (PID=6374) to work on /opt/airflow/dags/dag_with_postgres_operator.py
[2024-04-25T08:08:18.475+0000] {processor.py:830} INFO - Processing file /opt/airflow/dags/dag_with_postgres_operator.py for tasks to queue
[2024-04-25T08:08:18.479+0000] {logging_mixin.py:188} INFO - [2024-04-25T08:08:18.478+0000] {dagbag.py:540} INFO - Filling up the DagBag from /opt/airflow/dags/dag_with_postgres_operator.py
[2024-04-25T08:08:18.493+0000] {processor.py:840} INFO - DAG(s) 'dag_with_postgres_operator_v01' retrieved from /opt/airflow/dags/dag_with_postgres_operator.py
[2024-04-25T08:08:18.517+0000] {logging_mixin.py:188} INFO - [2024-04-25T08:08:18.517+0000] {dag.py:3096} INFO - Sync 1 DAGs
[2024-04-25T08:08:18.532+0000] {logging_mixin.py:188} INFO - [2024-04-25T08:08:18.532+0000] {dag.py:3954} INFO - Setting next_dagrun for dag_with_postgres_operator_v01 to 2024-04-25 00:00:00+00:00, run_after=2024-04-26 00:00:00+00:00
[2024-04-25T08:08:18.541+0000] {processor.py:183} INFO - Processing /opt/airflow/dags/dag_with_postgres_operator.py took 0.075 seconds
[2024-04-25T08:08:48.984+0000] {processor.py:161} INFO - Started process (PID=6395) to work on /opt/airflow/dags/dag_with_postgres_operator.py
[2024-04-25T08:08:48.985+0000] {processor.py:830} INFO - Processing file /opt/airflow/dags/dag_with_postgres_operator.py for tasks to queue
[2024-04-25T08:08:48.989+0000] {logging_mixin.py:188} INFO - [2024-04-25T08:08:48.988+0000] {dagbag.py:540} INFO - Filling up the DagBag from /opt/airflow/dags/dag_with_postgres_operator.py
[2024-04-25T08:08:49.002+0000] {processor.py:840} INFO - DAG(s) 'dag_with_postgres_operator_v01' retrieved from /opt/airflow/dags/dag_with_postgres_operator.py
[2024-04-25T08:08:49.026+0000] {logging_mixin.py:188} INFO - [2024-04-25T08:08:49.026+0000] {dag.py:3096} INFO - Sync 1 DAGs
[2024-04-25T08:08:49.040+0000] {logging_mixin.py:188} INFO - [2024-04-25T08:08:49.040+0000] {dag.py:3954} INFO - Setting next_dagrun for dag_with_postgres_operator_v01 to 2024-04-25 00:00:00+00:00, run_after=2024-04-26 00:00:00+00:00
[2024-04-25T08:08:49.050+0000] {processor.py:183} INFO - Processing /opt/airflow/dags/dag_with_postgres_operator.py took 0.074 seconds
[2024-04-25T08:09:19.535+0000] {processor.py:161} INFO - Started process (PID=6416) to work on /opt/airflow/dags/dag_with_postgres_operator.py
[2024-04-25T08:09:19.538+0000] {processor.py:830} INFO - Processing file /opt/airflow/dags/dag_with_postgres_operator.py for tasks to queue
[2024-04-25T08:09:19.540+0000] {logging_mixin.py:188} INFO - [2024-04-25T08:09:19.540+0000] {dagbag.py:540} INFO - Filling up the DagBag from /opt/airflow/dags/dag_with_postgres_operator.py
[2024-04-25T08:09:19.558+0000] {processor.py:840} INFO - DAG(s) 'dag_with_postgres_operator_v01' retrieved from /opt/airflow/dags/dag_with_postgres_operator.py
[2024-04-25T08:09:19.583+0000] {logging_mixin.py:188} INFO - [2024-04-25T08:09:19.582+0000] {dag.py:3096} INFO - Sync 1 DAGs
[2024-04-25T08:09:19.597+0000] {logging_mixin.py:188} INFO - [2024-04-25T08:09:19.597+0000] {dag.py:3954} INFO - Setting next_dagrun for dag_with_postgres_operator_v01 to 2024-04-25 00:00:00+00:00, run_after=2024-04-26 00:00:00+00:00
[2024-04-25T08:09:19.605+0000] {processor.py:183} INFO - Processing /opt/airflow/dags/dag_with_postgres_operator.py took 0.079 seconds
[2024-04-25T08:09:49.993+0000] {processor.py:161} INFO - Started process (PID=6437) to work on /opt/airflow/dags/dag_with_postgres_operator.py
[2024-04-25T08:09:49.995+0000] {processor.py:830} INFO - Processing file /opt/airflow/dags/dag_with_postgres_operator.py for tasks to queue
[2024-04-25T08:09:49.997+0000] {logging_mixin.py:188} INFO - [2024-04-25T08:09:49.997+0000] {dagbag.py:540} INFO - Filling up the DagBag from /opt/airflow/dags/dag_with_postgres_operator.py
[2024-04-25T08:09:50.013+0000] {processor.py:840} INFO - DAG(s) 'dag_with_postgres_operator_v01' retrieved from /opt/airflow/dags/dag_with_postgres_operator.py
[2024-04-25T08:09:50.035+0000] {logging_mixin.py:188} INFO - [2024-04-25T08:09:50.035+0000] {dag.py:3096} INFO - Sync 1 DAGs
[2024-04-25T08:09:50.048+0000] {logging_mixin.py:188} INFO - [2024-04-25T08:09:50.048+0000] {dag.py:3954} INFO - Setting next_dagrun for dag_with_postgres_operator_v01 to 2024-04-25 00:00:00+00:00, run_after=2024-04-26 00:00:00+00:00
[2024-04-25T08:09:50.057+0000] {processor.py:183} INFO - Processing /opt/airflow/dags/dag_with_postgres_operator.py took 0.071 seconds
[2024-04-25T08:10:20.451+0000] {processor.py:161} INFO - Started process (PID=6457) to work on /opt/airflow/dags/dag_with_postgres_operator.py
[2024-04-25T08:10:20.452+0000] {processor.py:830} INFO - Processing file /opt/airflow/dags/dag_with_postgres_operator.py for tasks to queue
[2024-04-25T08:10:20.455+0000] {logging_mixin.py:188} INFO - [2024-04-25T08:10:20.454+0000] {dagbag.py:540} INFO - Filling up the DagBag from /opt/airflow/dags/dag_with_postgres_operator.py
[2024-04-25T08:10:20.469+0000] {processor.py:840} INFO - DAG(s) 'dag_with_postgres_operator_v01' retrieved from /opt/airflow/dags/dag_with_postgres_operator.py
[2024-04-25T08:10:20.490+0000] {logging_mixin.py:188} INFO - [2024-04-25T08:10:20.490+0000] {dag.py:3096} INFO - Sync 1 DAGs
[2024-04-25T08:10:20.502+0000] {logging_mixin.py:188} INFO - [2024-04-25T08:10:20.502+0000] {dag.py:3954} INFO - Setting next_dagrun for dag_with_postgres_operator_v01 to 2024-04-25 00:00:00+00:00, run_after=2024-04-26 00:00:00+00:00
[2024-04-25T08:10:20.510+0000] {processor.py:183} INFO - Processing /opt/airflow/dags/dag_with_postgres_operator.py took 0.067 seconds
[2024-04-25T08:10:50.863+0000] {processor.py:161} INFO - Started process (PID=6477) to work on /opt/airflow/dags/dag_with_postgres_operator.py
[2024-04-25T08:10:50.865+0000] {processor.py:830} INFO - Processing file /opt/airflow/dags/dag_with_postgres_operator.py for tasks to queue
[2024-04-25T08:10:50.867+0000] {logging_mixin.py:188} INFO - [2024-04-25T08:10:50.867+0000] {dagbag.py:540} INFO - Filling up the DagBag from /opt/airflow/dags/dag_with_postgres_operator.py
[2024-04-25T08:10:50.882+0000] {processor.py:840} INFO - DAG(s) 'dag_with_postgres_operator_v01' retrieved from /opt/airflow/dags/dag_with_postgres_operator.py
[2024-04-25T08:10:50.907+0000] {logging_mixin.py:188} INFO - [2024-04-25T08:10:50.907+0000] {dag.py:3096} INFO - Sync 1 DAGs
[2024-04-25T08:10:50.922+0000] {logging_mixin.py:188} INFO - [2024-04-25T08:10:50.922+0000] {dag.py:3954} INFO - Setting next_dagrun for dag_with_postgres_operator_v01 to 2024-04-25 00:00:00+00:00, run_after=2024-04-26 00:00:00+00:00
[2024-04-25T08:10:50.931+0000] {processor.py:183} INFO - Processing /opt/airflow/dags/dag_with_postgres_operator.py took 0.074 seconds
[2024-04-25T08:11:21.392+0000] {processor.py:161} INFO - Started process (PID=6498) to work on /opt/airflow/dags/dag_with_postgres_operator.py
[2024-04-25T08:11:21.394+0000] {processor.py:830} INFO - Processing file /opt/airflow/dags/dag_with_postgres_operator.py for tasks to queue
[2024-04-25T08:11:21.397+0000] {logging_mixin.py:188} INFO - [2024-04-25T08:11:21.396+0000] {dagbag.py:540} INFO - Filling up the DagBag from /opt/airflow/dags/dag_with_postgres_operator.py
[2024-04-25T08:11:21.411+0000] {processor.py:840} INFO - DAG(s) 'dag_with_postgres_operator_v01' retrieved from /opt/airflow/dags/dag_with_postgres_operator.py
[2024-04-25T08:11:21.434+0000] {logging_mixin.py:188} INFO - [2024-04-25T08:11:21.433+0000] {dag.py:3096} INFO - Sync 1 DAGs
[2024-04-25T08:11:21.447+0000] {logging_mixin.py:188} INFO - [2024-04-25T08:11:21.447+0000] {dag.py:3954} INFO - Setting next_dagrun for dag_with_postgres_operator_v01 to 2024-04-25 00:00:00+00:00, run_after=2024-04-26 00:00:00+00:00
[2024-04-25T08:11:21.456+0000] {processor.py:183} INFO - Processing /opt/airflow/dags/dag_with_postgres_operator.py took 0.073 seconds
[2024-04-25T08:11:51.946+0000] {processor.py:161} INFO - Started process (PID=6518) to work on /opt/airflow/dags/dag_with_postgres_operator.py
[2024-04-25T08:11:51.951+0000] {processor.py:830} INFO - Processing file /opt/airflow/dags/dag_with_postgres_operator.py for tasks to queue
[2024-04-25T08:11:51.953+0000] {logging_mixin.py:188} INFO - [2024-04-25T08:11:51.953+0000] {dagbag.py:540} INFO - Filling up the DagBag from /opt/airflow/dags/dag_with_postgres_operator.py
[2024-04-25T08:11:51.968+0000] {processor.py:840} INFO - DAG(s) 'dag_with_postgres_operator_v01' retrieved from /opt/airflow/dags/dag_with_postgres_operator.py
[2024-04-25T08:11:51.990+0000] {logging_mixin.py:188} INFO - [2024-04-25T08:11:51.990+0000] {dag.py:3096} INFO - Sync 1 DAGs
[2024-04-25T08:11:52.004+0000] {logging_mixin.py:188} INFO - [2024-04-25T08:11:52.004+0000] {dag.py:3954} INFO - Setting next_dagrun for dag_with_postgres_operator_v01 to 2024-04-25 00:00:00+00:00, run_after=2024-04-26 00:00:00+00:00
[2024-04-25T08:11:52.012+0000] {processor.py:183} INFO - Processing /opt/airflow/dags/dag_with_postgres_operator.py took 0.074 seconds
[2024-04-25T08:12:22.414+0000] {processor.py:161} INFO - Started process (PID=6545) to work on /opt/airflow/dags/dag_with_postgres_operator.py
[2024-04-25T08:12:22.415+0000] {processor.py:830} INFO - Processing file /opt/airflow/dags/dag_with_postgres_operator.py for tasks to queue
[2024-04-25T08:12:22.416+0000] {logging_mixin.py:188} INFO - [2024-04-25T08:12:22.416+0000] {dagbag.py:540} INFO - Filling up the DagBag from /opt/airflow/dags/dag_with_postgres_operator.py
[2024-04-25T08:12:22.426+0000] {processor.py:840} INFO - DAG(s) 'dag_with_postgres_operator_v01' retrieved from /opt/airflow/dags/dag_with_postgres_operator.py
[2024-04-25T08:12:22.443+0000] {logging_mixin.py:188} INFO - [2024-04-25T08:12:22.443+0000] {dag.py:3096} INFO - Sync 1 DAGs
[2024-04-25T08:12:22.455+0000] {logging_mixin.py:188} INFO - [2024-04-25T08:12:22.455+0000] {dag.py:3954} INFO - Setting next_dagrun for dag_with_postgres_operator_v01 to 2024-04-25 00:00:00+00:00, run_after=2024-04-26 00:00:00+00:00
[2024-04-25T08:12:22.465+0000] {processor.py:183} INFO - Processing /opt/airflow/dags/dag_with_postgres_operator.py took 0.057 seconds
[2024-04-25T08:12:52.955+0000] {processor.py:161} INFO - Started process (PID=6566) to work on /opt/airflow/dags/dag_with_postgres_operator.py
[2024-04-25T08:12:52.957+0000] {processor.py:830} INFO - Processing file /opt/airflow/dags/dag_with_postgres_operator.py for tasks to queue
[2024-04-25T08:12:52.960+0000] {logging_mixin.py:188} INFO - [2024-04-25T08:12:52.959+0000] {dagbag.py:540} INFO - Filling up the DagBag from /opt/airflow/dags/dag_with_postgres_operator.py
[2024-04-25T08:12:52.975+0000] {processor.py:840} INFO - DAG(s) 'dag_with_postgres_operator_v01' retrieved from /opt/airflow/dags/dag_with_postgres_operator.py
[2024-04-25T08:12:52.998+0000] {logging_mixin.py:188} INFO - [2024-04-25T08:12:52.998+0000] {dag.py:3096} INFO - Sync 1 DAGs
[2024-04-25T08:12:53.010+0000] {logging_mixin.py:188} INFO - [2024-04-25T08:12:53.010+0000] {dag.py:3954} INFO - Setting next_dagrun for dag_with_postgres_operator_v01 to 2024-04-25 00:00:00+00:00, run_after=2024-04-26 00:00:00+00:00
[2024-04-25T08:12:53.019+0000] {processor.py:183} INFO - Processing /opt/airflow/dags/dag_with_postgres_operator.py took 0.071 seconds
[2024-04-25T08:13:23.399+0000] {processor.py:161} INFO - Started process (PID=6587) to work on /opt/airflow/dags/dag_with_postgres_operator.py
[2024-04-25T08:13:23.400+0000] {processor.py:830} INFO - Processing file /opt/airflow/dags/dag_with_postgres_operator.py for tasks to queue
[2024-04-25T08:13:23.402+0000] {logging_mixin.py:188} INFO - [2024-04-25T08:13:23.401+0000] {dagbag.py:540} INFO - Filling up the DagBag from /opt/airflow/dags/dag_with_postgres_operator.py
[2024-04-25T08:13:23.409+0000] {processor.py:840} INFO - DAG(s) 'dag_with_postgres_operator_v01' retrieved from /opt/airflow/dags/dag_with_postgres_operator.py
[2024-04-25T08:13:23.422+0000] {logging_mixin.py:188} INFO - [2024-04-25T08:13:23.421+0000] {dag.py:3096} INFO - Sync 1 DAGs
[2024-04-25T08:13:23.432+0000] {logging_mixin.py:188} INFO - [2024-04-25T08:13:23.432+0000] {dag.py:3954} INFO - Setting next_dagrun for dag_with_postgres_operator_v01 to 2024-04-25 00:00:00+00:00, run_after=2024-04-26 00:00:00+00:00
[2024-04-25T08:13:23.442+0000] {processor.py:183} INFO - Processing /opt/airflow/dags/dag_with_postgres_operator.py took 0.046 seconds
[2024-04-25T08:13:53.965+0000] {processor.py:161} INFO - Started process (PID=6608) to work on /opt/airflow/dags/dag_with_postgres_operator.py
[2024-04-25T08:13:53.967+0000] {processor.py:830} INFO - Processing file /opt/airflow/dags/dag_with_postgres_operator.py for tasks to queue
[2024-04-25T08:13:53.970+0000] {logging_mixin.py:188} INFO - [2024-04-25T08:13:53.969+0000] {dagbag.py:540} INFO - Filling up the DagBag from /opt/airflow/dags/dag_with_postgres_operator.py
[2024-04-25T08:13:53.984+0000] {processor.py:840} INFO - DAG(s) 'dag_with_postgres_operator_v01' retrieved from /opt/airflow/dags/dag_with_postgres_operator.py
[2024-04-25T08:13:54.004+0000] {logging_mixin.py:188} INFO - [2024-04-25T08:13:54.004+0000] {dag.py:3096} INFO - Sync 1 DAGs
[2024-04-25T08:13:54.016+0000] {logging_mixin.py:188} INFO - [2024-04-25T08:13:54.016+0000] {dag.py:3954} INFO - Setting next_dagrun for dag_with_postgres_operator_v01 to 2024-04-25 00:00:00+00:00, run_after=2024-04-26 00:00:00+00:00
[2024-04-25T08:13:54.025+0000] {processor.py:183} INFO - Processing /opt/airflow/dags/dag_with_postgres_operator.py took 0.069 seconds
[2024-04-25T08:14:24.450+0000] {processor.py:161} INFO - Started process (PID=6655) to work on /opt/airflow/dags/dag_with_postgres_operator.py
[2024-04-25T08:14:24.455+0000] {processor.py:830} INFO - Processing file /opt/airflow/dags/dag_with_postgres_operator.py for tasks to queue
[2024-04-25T08:14:24.460+0000] {logging_mixin.py:188} INFO - [2024-04-25T08:14:24.459+0000] {dagbag.py:540} INFO - Filling up the DagBag from /opt/airflow/dags/dag_with_postgres_operator.py
[2024-04-25T08:14:24.503+0000] {processor.py:840} INFO - DAG(s) 'dag_with_postgres_operator_v01' retrieved from /opt/airflow/dags/dag_with_postgres_operator.py
[2024-04-25T08:14:24.533+0000] {logging_mixin.py:188} INFO - [2024-04-25T08:14:24.533+0000] {dag.py:3096} INFO - Sync 1 DAGs
[2024-04-25T08:14:24.586+0000] {logging_mixin.py:188} INFO - [2024-04-25T08:14:24.586+0000] {dag.py:3954} INFO - Setting next_dagrun for dag_with_postgres_operator_v01 to 2024-04-25 00:00:00+00:00, run_after=2024-04-26 00:00:00+00:00
[2024-04-25T08:14:24.617+0000] {processor.py:183} INFO - Processing /opt/airflow/dags/dag_with_postgres_operator.py took 0.172 seconds
[2024-04-25T08:14:54.791+0000] {processor.py:161} INFO - Started process (PID=6724) to work on /opt/airflow/dags/dag_with_postgres_operator.py
[2024-04-25T08:14:54.793+0000] {processor.py:830} INFO - Processing file /opt/airflow/dags/dag_with_postgres_operator.py for tasks to queue
[2024-04-25T08:14:54.794+0000] {logging_mixin.py:188} INFO - [2024-04-25T08:14:54.794+0000] {dagbag.py:540} INFO - Filling up the DagBag from /opt/airflow/dags/dag_with_postgres_operator.py
[2024-04-25T08:14:54.801+0000] {processor.py:840} INFO - DAG(s) 'dag_with_postgres_operator_v01' retrieved from /opt/airflow/dags/dag_with_postgres_operator.py
[2024-04-25T08:14:54.813+0000] {logging_mixin.py:188} INFO - [2024-04-25T08:14:54.812+0000] {dag.py:3096} INFO - Sync 1 DAGs
[2024-04-25T08:14:54.823+0000] {logging_mixin.py:188} INFO - [2024-04-25T08:14:54.823+0000] {dag.py:3954} INFO - Setting next_dagrun for dag_with_postgres_operator_v01 to 2024-04-25 00:00:00+00:00, run_after=2024-04-26 00:00:00+00:00
[2024-04-25T08:14:54.831+0000] {processor.py:183} INFO - Processing /opt/airflow/dags/dag_with_postgres_operator.py took 0.043 seconds
[2024-04-25T08:15:25.312+0000] {processor.py:161} INFO - Started process (PID=6750) to work on /opt/airflow/dags/dag_with_postgres_operator.py
[2024-04-25T08:15:25.313+0000] {processor.py:830} INFO - Processing file /opt/airflow/dags/dag_with_postgres_operator.py for tasks to queue
[2024-04-25T08:15:25.315+0000] {logging_mixin.py:188} INFO - [2024-04-25T08:15:25.315+0000] {dagbag.py:540} INFO - Filling up the DagBag from /opt/airflow/dags/dag_with_postgres_operator.py
[2024-04-25T08:15:25.327+0000] {processor.py:840} INFO - DAG(s) 'dag_with_postgres_operator_v01' retrieved from /opt/airflow/dags/dag_with_postgres_operator.py
[2024-04-25T08:15:25.342+0000] {logging_mixin.py:188} INFO - [2024-04-25T08:15:25.342+0000] {dag.py:3096} INFO - Sync 1 DAGs
[2024-04-25T08:15:25.354+0000] {logging_mixin.py:188} INFO - [2024-04-25T08:15:25.354+0000] {dag.py:3954} INFO - Setting next_dagrun for dag_with_postgres_operator_v01 to 2024-04-25 00:00:00+00:00, run_after=2024-04-26 00:00:00+00:00
[2024-04-25T08:15:25.363+0000] {processor.py:183} INFO - Processing /opt/airflow/dags/dag_with_postgres_operator.py took 0.057 seconds
[2024-04-25T08:15:55.804+0000] {processor.py:161} INFO - Started process (PID=6775) to work on /opt/airflow/dags/dag_with_postgres_operator.py
[2024-04-25T08:15:55.807+0000] {processor.py:830} INFO - Processing file /opt/airflow/dags/dag_with_postgres_operator.py for tasks to queue
[2024-04-25T08:15:55.809+0000] {logging_mixin.py:188} INFO - [2024-04-25T08:15:55.809+0000] {dagbag.py:540} INFO - Filling up the DagBag from /opt/airflow/dags/dag_with_postgres_operator.py
[2024-04-25T08:15:55.824+0000] {processor.py:840} INFO - DAG(s) 'dag_with_postgres_operator_v01' retrieved from /opt/airflow/dags/dag_with_postgres_operator.py
[2024-04-25T08:15:55.846+0000] {logging_mixin.py:188} INFO - [2024-04-25T08:15:55.846+0000] {dag.py:3096} INFO - Sync 1 DAGs
[2024-04-25T08:15:55.859+0000] {logging_mixin.py:188} INFO - [2024-04-25T08:15:55.859+0000] {dag.py:3954} INFO - Setting next_dagrun for dag_with_postgres_operator_v01 to 2024-04-25 00:00:00+00:00, run_after=2024-04-26 00:00:00+00:00
[2024-04-25T08:15:55.868+0000] {processor.py:183} INFO - Processing /opt/airflow/dags/dag_with_postgres_operator.py took 0.072 seconds
[2024-04-25T08:16:26.325+0000] {processor.py:161} INFO - Started process (PID=6801) to work on /opt/airflow/dags/dag_with_postgres_operator.py
[2024-04-25T08:16:26.327+0000] {processor.py:830} INFO - Processing file /opt/airflow/dags/dag_with_postgres_operator.py for tasks to queue
[2024-04-25T08:16:26.329+0000] {logging_mixin.py:188} INFO - [2024-04-25T08:16:26.329+0000] {dagbag.py:540} INFO - Filling up the DagBag from /opt/airflow/dags/dag_with_postgres_operator.py
[2024-04-25T08:16:26.348+0000] {processor.py:840} INFO - DAG(s) 'dag_with_postgres_operator_v01' retrieved from /opt/airflow/dags/dag_with_postgres_operator.py
[2024-04-25T08:16:26.371+0000] {logging_mixin.py:188} INFO - [2024-04-25T08:16:26.370+0000] {dag.py:3096} INFO - Sync 1 DAGs
[2024-04-25T08:16:26.385+0000] {logging_mixin.py:188} INFO - [2024-04-25T08:16:26.385+0000] {dag.py:3954} INFO - Setting next_dagrun for dag_with_postgres_operator_v01 to 2024-04-25 00:00:00+00:00, run_after=2024-04-26 00:00:00+00:00
[2024-04-25T08:16:26.394+0000] {processor.py:183} INFO - Processing /opt/airflow/dags/dag_with_postgres_operator.py took 0.078 seconds
[2024-04-25T08:16:56.822+0000] {processor.py:161} INFO - Started process (PID=6827) to work on /opt/airflow/dags/dag_with_postgres_operator.py
[2024-04-25T08:16:56.825+0000] {processor.py:830} INFO - Processing file /opt/airflow/dags/dag_with_postgres_operator.py for tasks to queue
[2024-04-25T08:16:56.827+0000] {logging_mixin.py:188} INFO - [2024-04-25T08:16:56.827+0000] {dagbag.py:540} INFO - Filling up the DagBag from /opt/airflow/dags/dag_with_postgres_operator.py
[2024-04-25T08:16:56.842+0000] {processor.py:840} INFO - DAG(s) 'dag_with_postgres_operator_v01' retrieved from /opt/airflow/dags/dag_with_postgres_operator.py
[2024-04-25T08:16:56.859+0000] {logging_mixin.py:188} INFO - [2024-04-25T08:16:56.859+0000] {dag.py:3096} INFO - Sync 1 DAGs
[2024-04-25T08:16:56.873+0000] {logging_mixin.py:188} INFO - [2024-04-25T08:16:56.873+0000] {dag.py:3954} INFO - Setting next_dagrun for dag_with_postgres_operator_v01 to 2024-04-25 00:00:00+00:00, run_after=2024-04-26 00:00:00+00:00
[2024-04-25T08:16:56.885+0000] {processor.py:183} INFO - Processing /opt/airflow/dags/dag_with_postgres_operator.py took 0.071 seconds
[2024-04-25T08:17:27.340+0000] {processor.py:161} INFO - Started process (PID=6853) to work on /opt/airflow/dags/dag_with_postgres_operator.py
[2024-04-25T08:17:27.341+0000] {processor.py:830} INFO - Processing file /opt/airflow/dags/dag_with_postgres_operator.py for tasks to queue
[2024-04-25T08:17:27.343+0000] {logging_mixin.py:188} INFO - [2024-04-25T08:17:27.343+0000] {dagbag.py:540} INFO - Filling up the DagBag from /opt/airflow/dags/dag_with_postgres_operator.py
[2024-04-25T08:17:27.350+0000] {processor.py:840} INFO - DAG(s) 'dag_with_postgres_operator_v01' retrieved from /opt/airflow/dags/dag_with_postgres_operator.py
[2024-04-25T08:17:27.364+0000] {logging_mixin.py:188} INFO - [2024-04-25T08:17:27.364+0000] {dag.py:3096} INFO - Sync 1 DAGs
[2024-04-25T08:17:27.376+0000] {logging_mixin.py:188} INFO - [2024-04-25T08:17:27.376+0000] {dag.py:3954} INFO - Setting next_dagrun for dag_with_postgres_operator_v01 to 2024-04-25 00:00:00+00:00, run_after=2024-04-26 00:00:00+00:00
[2024-04-25T08:17:27.384+0000] {processor.py:183} INFO - Processing /opt/airflow/dags/dag_with_postgres_operator.py took 0.047 seconds
[2024-04-25T08:17:57.905+0000] {processor.py:161} INFO - Started process (PID=6883) to work on /opt/airflow/dags/dag_with_postgres_operator.py
[2024-04-25T08:17:57.906+0000] {processor.py:830} INFO - Processing file /opt/airflow/dags/dag_with_postgres_operator.py for tasks to queue
[2024-04-25T08:17:57.909+0000] {logging_mixin.py:188} INFO - [2024-04-25T08:17:57.909+0000] {dagbag.py:540} INFO - Filling up the DagBag from /opt/airflow/dags/dag_with_postgres_operator.py
[2024-04-25T08:17:57.922+0000] {processor.py:840} INFO - DAG(s) 'dag_with_postgres_operator_v01' retrieved from /opt/airflow/dags/dag_with_postgres_operator.py
[2024-04-25T08:17:57.942+0000] {logging_mixin.py:188} INFO - [2024-04-25T08:17:57.942+0000] {dag.py:3096} INFO - Sync 1 DAGs
[2024-04-25T08:17:57.954+0000] {logging_mixin.py:188} INFO - [2024-04-25T08:17:57.954+0000] {dag.py:3954} INFO - Setting next_dagrun for dag_with_postgres_operator_v01 to 2024-04-25 00:00:00+00:00, run_after=2024-04-26 00:00:00+00:00
[2024-04-25T08:17:57.962+0000] {processor.py:183} INFO - Processing /opt/airflow/dags/dag_with_postgres_operator.py took 0.065 seconds
[2024-04-25T08:18:28.405+0000] {processor.py:161} INFO - Started process (PID=6913) to work on /opt/airflow/dags/dag_with_postgres_operator.py
[2024-04-25T08:18:28.407+0000] {processor.py:830} INFO - Processing file /opt/airflow/dags/dag_with_postgres_operator.py for tasks to queue
[2024-04-25T08:18:28.411+0000] {logging_mixin.py:188} INFO - [2024-04-25T08:18:28.410+0000] {dagbag.py:540} INFO - Filling up the DagBag from /opt/airflow/dags/dag_with_postgres_operator.py
[2024-04-25T08:18:28.424+0000] {processor.py:840} INFO - DAG(s) 'dag_with_postgres_operator_v01' retrieved from /opt/airflow/dags/dag_with_postgres_operator.py
[2024-04-25T08:18:28.448+0000] {logging_mixin.py:188} INFO - [2024-04-25T08:18:28.447+0000] {dag.py:3096} INFO - Sync 1 DAGs
[2024-04-25T08:18:28.461+0000] {logging_mixin.py:188} INFO - [2024-04-25T08:18:28.461+0000] {dag.py:3954} INFO - Setting next_dagrun for dag_with_postgres_operator_v01 to 2024-04-25 00:00:00+00:00, run_after=2024-04-26 00:00:00+00:00
[2024-04-25T08:18:28.469+0000] {processor.py:183} INFO - Processing /opt/airflow/dags/dag_with_postgres_operator.py took 0.070 seconds
[2024-04-25T08:18:58.905+0000] {processor.py:161} INFO - Started process (PID=6939) to work on /opt/airflow/dags/dag_with_postgres_operator.py
[2024-04-25T08:18:58.908+0000] {processor.py:830} INFO - Processing file /opt/airflow/dags/dag_with_postgres_operator.py for tasks to queue
[2024-04-25T08:18:58.911+0000] {logging_mixin.py:188} INFO - [2024-04-25T08:18:58.911+0000] {dagbag.py:540} INFO - Filling up the DagBag from /opt/airflow/dags/dag_with_postgres_operator.py
[2024-04-25T08:18:58.925+0000] {processor.py:840} INFO - DAG(s) 'dag_with_postgres_operator_v01' retrieved from /opt/airflow/dags/dag_with_postgres_operator.py
[2024-04-25T08:18:58.948+0000] {logging_mixin.py:188} INFO - [2024-04-25T08:18:58.948+0000] {dag.py:3096} INFO - Sync 1 DAGs
[2024-04-25T08:18:58.961+0000] {logging_mixin.py:188} INFO - [2024-04-25T08:18:58.961+0000] {dag.py:3954} INFO - Setting next_dagrun for dag_with_postgres_operator_v01 to 2024-04-25 00:00:00+00:00, run_after=2024-04-26 00:00:00+00:00
[2024-04-25T08:18:58.969+0000] {processor.py:183} INFO - Processing /opt/airflow/dags/dag_with_postgres_operator.py took 0.072 seconds
[2024-04-25T08:19:29.478+0000] {processor.py:161} INFO - Started process (PID=6965) to work on /opt/airflow/dags/dag_with_postgres_operator.py
[2024-04-25T08:19:29.481+0000] {processor.py:830} INFO - Processing file /opt/airflow/dags/dag_with_postgres_operator.py for tasks to queue
[2024-04-25T08:19:29.484+0000] {logging_mixin.py:188} INFO - [2024-04-25T08:19:29.483+0000] {dagbag.py:540} INFO - Filling up the DagBag from /opt/airflow/dags/dag_with_postgres_operator.py
[2024-04-25T08:19:29.498+0000] {processor.py:840} INFO - DAG(s) 'dag_with_postgres_operator_v01' retrieved from /opt/airflow/dags/dag_with_postgres_operator.py
[2024-04-25T08:19:29.521+0000] {logging_mixin.py:188} INFO - [2024-04-25T08:19:29.521+0000] {dag.py:3096} INFO - Sync 1 DAGs
[2024-04-25T08:19:29.539+0000] {logging_mixin.py:188} INFO - [2024-04-25T08:19:29.539+0000] {dag.py:3954} INFO - Setting next_dagrun for dag_with_postgres_operator_v01 to 2024-04-25 00:00:00+00:00, run_after=2024-04-26 00:00:00+00:00
[2024-04-25T08:19:29.548+0000] {processor.py:183} INFO - Processing /opt/airflow/dags/dag_with_postgres_operator.py took 0.078 seconds
[2024-04-25T08:20:00.029+0000] {processor.py:161} INFO - Started process (PID=6991) to work on /opt/airflow/dags/dag_with_postgres_operator.py
[2024-04-25T08:20:00.032+0000] {processor.py:830} INFO - Processing file /opt/airflow/dags/dag_with_postgres_operator.py for tasks to queue
[2024-04-25T08:20:00.035+0000] {logging_mixin.py:188} INFO - [2024-04-25T08:20:00.034+0000] {dagbag.py:540} INFO - Filling up the DagBag from /opt/airflow/dags/dag_with_postgres_operator.py
[2024-04-25T08:20:00.050+0000] {processor.py:840} INFO - DAG(s) 'dag_with_postgres_operator_v01' retrieved from /opt/airflow/dags/dag_with_postgres_operator.py
[2024-04-25T08:20:00.075+0000] {logging_mixin.py:188} INFO - [2024-04-25T08:20:00.074+0000] {dag.py:3096} INFO - Sync 1 DAGs
[2024-04-25T08:20:00.090+0000] {logging_mixin.py:188} INFO - [2024-04-25T08:20:00.090+0000] {dag.py:3954} INFO - Setting next_dagrun for dag_with_postgres_operator_v01 to 2024-04-25 00:00:00+00:00, run_after=2024-04-26 00:00:00+00:00
[2024-04-25T08:20:00.100+0000] {processor.py:183} INFO - Processing /opt/airflow/dags/dag_with_postgres_operator.py took 0.079 seconds
[2024-04-25T08:20:30.566+0000] {processor.py:161} INFO - Started process (PID=7021) to work on /opt/airflow/dags/dag_with_postgres_operator.py
[2024-04-25T08:20:30.568+0000] {processor.py:830} INFO - Processing file /opt/airflow/dags/dag_with_postgres_operator.py for tasks to queue
[2024-04-25T08:20:30.571+0000] {logging_mixin.py:188} INFO - [2024-04-25T08:20:30.571+0000] {dagbag.py:540} INFO - Filling up the DagBag from /opt/airflow/dags/dag_with_postgres_operator.py
[2024-04-25T08:20:30.588+0000] {processor.py:840} INFO - DAG(s) 'dag_with_postgres_operator_v01' retrieved from /opt/airflow/dags/dag_with_postgres_operator.py
[2024-04-25T08:20:30.611+0000] {logging_mixin.py:188} INFO - [2024-04-25T08:20:30.610+0000] {dag.py:3096} INFO - Sync 1 DAGs
[2024-04-25T08:20:30.625+0000] {logging_mixin.py:188} INFO - [2024-04-25T08:20:30.625+0000] {dag.py:3954} INFO - Setting next_dagrun for dag_with_postgres_operator_v01 to 2024-04-25 00:00:00+00:00, run_after=2024-04-26 00:00:00+00:00
[2024-04-25T08:20:30.634+0000] {processor.py:183} INFO - Processing /opt/airflow/dags/dag_with_postgres_operator.py took 0.076 seconds
[2024-04-25T08:21:00.983+0000] {processor.py:161} INFO - Started process (PID=7047) to work on /opt/airflow/dags/dag_with_postgres_operator.py
[2024-04-25T08:21:00.985+0000] {processor.py:830} INFO - Processing file /opt/airflow/dags/dag_with_postgres_operator.py for tasks to queue
[2024-04-25T08:21:00.988+0000] {logging_mixin.py:188} INFO - [2024-04-25T08:21:00.987+0000] {dagbag.py:540} INFO - Filling up the DagBag from /opt/airflow/dags/dag_with_postgres_operator.py
[2024-04-25T08:21:01.002+0000] {processor.py:840} INFO - DAG(s) 'dag_with_postgres_operator_v01' retrieved from /opt/airflow/dags/dag_with_postgres_operator.py
[2024-04-25T08:21:01.025+0000] {logging_mixin.py:188} INFO - [2024-04-25T08:21:01.025+0000] {dag.py:3096} INFO - Sync 1 DAGs
[2024-04-25T08:21:01.040+0000] {logging_mixin.py:188} INFO - [2024-04-25T08:21:01.040+0000] {dag.py:3954} INFO - Setting next_dagrun for dag_with_postgres_operator_v01 to 2024-04-25 00:00:00+00:00, run_after=2024-04-26 00:00:00+00:00
[2024-04-25T08:21:01.049+0000] {processor.py:183} INFO - Processing /opt/airflow/dags/dag_with_postgres_operator.py took 0.073 seconds
[2024-04-25T08:21:31.355+0000] {processor.py:161} INFO - Started process (PID=7073) to work on /opt/airflow/dags/dag_with_postgres_operator.py
[2024-04-25T08:21:31.358+0000] {processor.py:830} INFO - Processing file /opt/airflow/dags/dag_with_postgres_operator.py for tasks to queue
[2024-04-25T08:21:31.360+0000] {logging_mixin.py:188} INFO - [2024-04-25T08:21:31.360+0000] {dagbag.py:540} INFO - Filling up the DagBag from /opt/airflow/dags/dag_with_postgres_operator.py
[2024-04-25T08:21:31.369+0000] {processor.py:840} INFO - DAG(s) 'dag_with_postgres_operator_v01' retrieved from /opt/airflow/dags/dag_with_postgres_operator.py
[2024-04-25T08:21:31.388+0000] {logging_mixin.py:188} INFO - [2024-04-25T08:21:31.388+0000] {dag.py:3096} INFO - Sync 1 DAGs
[2024-04-25T08:21:31.403+0000] {logging_mixin.py:188} INFO - [2024-04-25T08:21:31.402+0000] {dag.py:3954} INFO - Setting next_dagrun for dag_with_postgres_operator_v01 to 2024-04-25 00:00:00+00:00, run_after=2024-04-26 00:00:00+00:00
[2024-04-25T08:21:31.412+0000] {processor.py:183} INFO - Processing /opt/airflow/dags/dag_with_postgres_operator.py took 0.065 seconds
[2024-04-25T08:22:01.822+0000] {processor.py:161} INFO - Started process (PID=7098) to work on /opt/airflow/dags/dag_with_postgres_operator.py
[2024-04-25T08:22:01.825+0000] {processor.py:830} INFO - Processing file /opt/airflow/dags/dag_with_postgres_operator.py for tasks to queue
[2024-04-25T08:22:01.828+0000] {logging_mixin.py:188} INFO - [2024-04-25T08:22:01.828+0000] {dagbag.py:540} INFO - Filling up the DagBag from /opt/airflow/dags/dag_with_postgres_operator.py
[2024-04-25T08:22:01.845+0000] {processor.py:840} INFO - DAG(s) 'dag_with_postgres_operator_v01' retrieved from /opt/airflow/dags/dag_with_postgres_operator.py
[2024-04-25T08:22:01.867+0000] {logging_mixin.py:188} INFO - [2024-04-25T08:22:01.867+0000] {dag.py:3096} INFO - Sync 1 DAGs
[2024-04-25T08:22:01.883+0000] {logging_mixin.py:188} INFO - [2024-04-25T08:22:01.883+0000] {dag.py:3954} INFO - Setting next_dagrun for dag_with_postgres_operator_v01 to 2024-04-25 00:00:00+00:00, run_after=2024-04-26 00:00:00+00:00
[2024-04-25T08:22:01.892+0000] {processor.py:183} INFO - Processing /opt/airflow/dags/dag_with_postgres_operator.py took 0.077 seconds
[2024-04-25T08:22:32.217+0000] {processor.py:161} INFO - Started process (PID=7124) to work on /opt/airflow/dags/dag_with_postgres_operator.py
[2024-04-25T08:22:32.218+0000] {processor.py:830} INFO - Processing file /opt/airflow/dags/dag_with_postgres_operator.py for tasks to queue
[2024-04-25T08:22:32.219+0000] {logging_mixin.py:188} INFO - [2024-04-25T08:22:32.219+0000] {dagbag.py:540} INFO - Filling up the DagBag from /opt/airflow/dags/dag_with_postgres_operator.py
[2024-04-25T08:22:32.225+0000] {processor.py:840} INFO - DAG(s) 'dag_with_postgres_operator_v01' retrieved from /opt/airflow/dags/dag_with_postgres_operator.py
[2024-04-25T08:22:32.237+0000] {logging_mixin.py:188} INFO - [2024-04-25T08:22:32.237+0000] {dag.py:3096} INFO - Sync 1 DAGs
[2024-04-25T08:22:32.248+0000] {logging_mixin.py:188} INFO - [2024-04-25T08:22:32.248+0000] {dag.py:3954} INFO - Setting next_dagrun for dag_with_postgres_operator_v01 to 2024-04-25 00:00:00+00:00, run_after=2024-04-26 00:00:00+00:00
[2024-04-25T08:22:32.255+0000] {processor.py:183} INFO - Processing /opt/airflow/dags/dag_with_postgres_operator.py took 0.041 seconds
[2024-04-25T08:23:02.754+0000] {processor.py:161} INFO - Started process (PID=7150) to work on /opt/airflow/dags/dag_with_postgres_operator.py
[2024-04-25T08:23:02.755+0000] {processor.py:830} INFO - Processing file /opt/airflow/dags/dag_with_postgres_operator.py for tasks to queue
[2024-04-25T08:23:02.758+0000] {logging_mixin.py:188} INFO - [2024-04-25T08:23:02.757+0000] {dagbag.py:540} INFO - Filling up the DagBag from /opt/airflow/dags/dag_with_postgres_operator.py
[2024-04-25T08:23:02.772+0000] {processor.py:840} INFO - DAG(s) 'dag_with_postgres_operator_v01' retrieved from /opt/airflow/dags/dag_with_postgres_operator.py
[2024-04-25T08:23:02.787+0000] {logging_mixin.py:188} INFO - [2024-04-25T08:23:02.787+0000] {dag.py:3096} INFO - Sync 1 DAGs
[2024-04-25T08:23:02.799+0000] {logging_mixin.py:188} INFO - [2024-04-25T08:23:02.799+0000] {dag.py:3954} INFO - Setting next_dagrun for dag_with_postgres_operator_v01 to 2024-04-25 00:00:00+00:00, run_after=2024-04-26 00:00:00+00:00
[2024-04-25T08:23:02.808+0000] {processor.py:183} INFO - Processing /opt/airflow/dags/dag_with_postgres_operator.py took 0.062 seconds
[2024-04-25T08:23:33.282+0000] {processor.py:161} INFO - Started process (PID=7176) to work on /opt/airflow/dags/dag_with_postgres_operator.py
[2024-04-25T08:23:33.284+0000] {processor.py:830} INFO - Processing file /opt/airflow/dags/dag_with_postgres_operator.py for tasks to queue
[2024-04-25T08:23:33.286+0000] {logging_mixin.py:188} INFO - [2024-04-25T08:23:33.285+0000] {dagbag.py:540} INFO - Filling up the DagBag from /opt/airflow/dags/dag_with_postgres_operator.py
[2024-04-25T08:23:33.300+0000] {processor.py:840} INFO - DAG(s) 'dag_with_postgres_operator_v01' retrieved from /opt/airflow/dags/dag_with_postgres_operator.py
[2024-04-25T08:23:33.325+0000] {logging_mixin.py:188} INFO - [2024-04-25T08:23:33.325+0000] {dag.py:3096} INFO - Sync 1 DAGs
[2024-04-25T08:23:33.340+0000] {logging_mixin.py:188} INFO - [2024-04-25T08:23:33.340+0000] {dag.py:3954} INFO - Setting next_dagrun for dag_with_postgres_operator_v01 to 2024-04-25 00:00:00+00:00, run_after=2024-04-26 00:00:00+00:00
[2024-04-25T08:23:33.349+0000] {processor.py:183} INFO - Processing /opt/airflow/dags/dag_with_postgres_operator.py took 0.073 seconds
[2024-04-25T08:24:03.833+0000] {processor.py:161} INFO - Started process (PID=7202) to work on /opt/airflow/dags/dag_with_postgres_operator.py
[2024-04-25T08:24:03.835+0000] {processor.py:830} INFO - Processing file /opt/airflow/dags/dag_with_postgres_operator.py for tasks to queue
[2024-04-25T08:24:03.836+0000] {logging_mixin.py:188} INFO - [2024-04-25T08:24:03.836+0000] {dagbag.py:540} INFO - Filling up the DagBag from /opt/airflow/dags/dag_with_postgres_operator.py
[2024-04-25T08:24:03.849+0000] {processor.py:840} INFO - DAG(s) 'dag_with_postgres_operator_v01' retrieved from /opt/airflow/dags/dag_with_postgres_operator.py
[2024-04-25T08:24:03.865+0000] {logging_mixin.py:188} INFO - [2024-04-25T08:24:03.865+0000] {dag.py:3096} INFO - Sync 1 DAGs
[2024-04-25T08:24:03.879+0000] {logging_mixin.py:188} INFO - [2024-04-25T08:24:03.879+0000] {dag.py:3954} INFO - Setting next_dagrun for dag_with_postgres_operator_v01 to 2024-04-25 00:00:00+00:00, run_after=2024-04-26 00:00:00+00:00
[2024-04-25T08:24:03.890+0000] {processor.py:183} INFO - Processing /opt/airflow/dags/dag_with_postgres_operator.py took 0.063 seconds
[2024-04-25T08:24:34.334+0000] {processor.py:161} INFO - Started process (PID=7256) to work on /opt/airflow/dags/dag_with_postgres_operator.py
[2024-04-25T08:24:34.335+0000] {processor.py:830} INFO - Processing file /opt/airflow/dags/dag_with_postgres_operator.py for tasks to queue
[2024-04-25T08:24:34.339+0000] {logging_mixin.py:188} INFO - [2024-04-25T08:24:34.339+0000] {dagbag.py:540} INFO - Filling up the DagBag from /opt/airflow/dags/dag_with_postgres_operator.py
[2024-04-25T08:24:34.352+0000] {processor.py:840} INFO - DAG(s) 'dag_with_postgres_operator_v01' retrieved from /opt/airflow/dags/dag_with_postgres_operator.py
[2024-04-25T08:24:34.376+0000] {logging_mixin.py:188} INFO - [2024-04-25T08:24:34.375+0000] {dag.py:3096} INFO - Sync 1 DAGs
[2024-04-25T08:24:34.387+0000] {logging_mixin.py:188} INFO - [2024-04-25T08:24:34.386+0000] {dag.py:3954} INFO - Setting next_dagrun for dag_with_postgres_operator_v01 to 2024-04-25 00:00:00+00:00, run_after=2024-04-26 00:00:00+00:00
[2024-04-25T08:24:34.395+0000] {processor.py:183} INFO - Processing /opt/airflow/dags/dag_with_postgres_operator.py took 0.069 seconds
[2024-04-25T08:25:04.765+0000] {processor.py:161} INFO - Started process (PID=7314) to work on /opt/airflow/dags/dag_with_postgres_operator.py
[2024-04-25T08:25:04.767+0000] {processor.py:830} INFO - Processing file /opt/airflow/dags/dag_with_postgres_operator.py for tasks to queue
[2024-04-25T08:25:04.768+0000] {logging_mixin.py:188} INFO - [2024-04-25T08:25:04.768+0000] {dagbag.py:540} INFO - Filling up the DagBag from /opt/airflow/dags/dag_with_postgres_operator.py
[2024-04-25T08:25:04.775+0000] {processor.py:840} INFO - DAG(s) 'dag_with_postgres_operator_v01' retrieved from /opt/airflow/dags/dag_with_postgres_operator.py
[2024-04-25T08:25:04.788+0000] {logging_mixin.py:188} INFO - [2024-04-25T08:25:04.787+0000] {dag.py:3096} INFO - Sync 1 DAGs
[2024-04-25T08:25:04.798+0000] {logging_mixin.py:188} INFO - [2024-04-25T08:25:04.798+0000] {dag.py:3954} INFO - Setting next_dagrun for dag_with_postgres_operator_v01 to 2024-04-25 00:00:00+00:00, run_after=2024-04-26 00:00:00+00:00
[2024-04-25T08:25:04.806+0000] {processor.py:183} INFO - Processing /opt/airflow/dags/dag_with_postgres_operator.py took 0.045 seconds
[2024-04-25T08:25:35.333+0000] {processor.py:161} INFO - Started process (PID=7340) to work on /opt/airflow/dags/dag_with_postgres_operator.py
[2024-04-25T08:25:35.335+0000] {processor.py:830} INFO - Processing file /opt/airflow/dags/dag_with_postgres_operator.py for tasks to queue
[2024-04-25T08:25:35.338+0000] {logging_mixin.py:188} INFO - [2024-04-25T08:25:35.338+0000] {dagbag.py:540} INFO - Filling up the DagBag from /opt/airflow/dags/dag_with_postgres_operator.py
[2024-04-25T08:25:35.352+0000] {processor.py:840} INFO - DAG(s) 'dag_with_postgres_operator_v01' retrieved from /opt/airflow/dags/dag_with_postgres_operator.py
[2024-04-25T08:25:35.374+0000] {logging_mixin.py:188} INFO - [2024-04-25T08:25:35.374+0000] {dag.py:3096} INFO - Sync 1 DAGs
[2024-04-25T08:25:35.390+0000] {logging_mixin.py:188} INFO - [2024-04-25T08:25:35.390+0000] {dag.py:3954} INFO - Setting next_dagrun for dag_with_postgres_operator_v01 to 2024-04-25 00:00:00+00:00, run_after=2024-04-26 00:00:00+00:00
[2024-04-25T08:25:35.401+0000] {processor.py:183} INFO - Processing /opt/airflow/dags/dag_with_postgres_operator.py took 0.072 seconds
[2024-04-25T08:26:05.850+0000] {processor.py:161} INFO - Started process (PID=7366) to work on /opt/airflow/dags/dag_with_postgres_operator.py
[2024-04-25T08:26:05.852+0000] {processor.py:830} INFO - Processing file /opt/airflow/dags/dag_with_postgres_operator.py for tasks to queue
[2024-04-25T08:26:05.855+0000] {logging_mixin.py:188} INFO - [2024-04-25T08:26:05.854+0000] {dagbag.py:540} INFO - Filling up the DagBag from /opt/airflow/dags/dag_with_postgres_operator.py
[2024-04-25T08:26:05.866+0000] {processor.py:840} INFO - DAG(s) 'dag_with_postgres_operator_v01' retrieved from /opt/airflow/dags/dag_with_postgres_operator.py
[2024-04-25T08:26:05.881+0000] {logging_mixin.py:188} INFO - [2024-04-25T08:26:05.881+0000] {dag.py:3096} INFO - Sync 1 DAGs
[2024-04-25T08:26:05.893+0000] {logging_mixin.py:188} INFO - [2024-04-25T08:26:05.893+0000] {dag.py:3954} INFO - Setting next_dagrun for dag_with_postgres_operator_v01 to 2024-04-25 00:00:00+00:00, run_after=2024-04-26 00:00:00+00:00
[2024-04-25T08:26:05.901+0000] {processor.py:183} INFO - Processing /opt/airflow/dags/dag_with_postgres_operator.py took 0.059 seconds
[2024-04-25T08:26:36.341+0000] {processor.py:161} INFO - Started process (PID=7392) to work on /opt/airflow/dags/dag_with_postgres_operator.py
[2024-04-25T08:26:36.343+0000] {processor.py:830} INFO - Processing file /opt/airflow/dags/dag_with_postgres_operator.py for tasks to queue
[2024-04-25T08:26:36.344+0000] {logging_mixin.py:188} INFO - [2024-04-25T08:26:36.344+0000] {dagbag.py:540} INFO - Filling up the DagBag from /opt/airflow/dags/dag_with_postgres_operator.py
[2024-04-25T08:26:36.353+0000] {processor.py:840} INFO - DAG(s) 'dag_with_postgres_operator_v01' retrieved from /opt/airflow/dags/dag_with_postgres_operator.py
[2024-04-25T08:26:36.369+0000] {logging_mixin.py:188} INFO - [2024-04-25T08:26:36.369+0000] {dag.py:3096} INFO - Sync 1 DAGs
[2024-04-25T08:26:36.381+0000] {logging_mixin.py:188} INFO - [2024-04-25T08:26:36.381+0000] {dag.py:3954} INFO - Setting next_dagrun for dag_with_postgres_operator_v01 to 2024-04-25 00:00:00+00:00, run_after=2024-04-26 00:00:00+00:00
[2024-04-25T08:26:36.390+0000] {processor.py:183} INFO - Processing /opt/airflow/dags/dag_with_postgres_operator.py took 0.055 seconds
[2024-04-25T08:27:06.831+0000] {processor.py:161} INFO - Started process (PID=7474) to work on /opt/airflow/dags/dag_with_postgres_operator.py
[2024-04-25T08:27:06.832+0000] {processor.py:830} INFO - Processing file /opt/airflow/dags/dag_with_postgres_operator.py for tasks to queue
[2024-04-25T08:27:06.833+0000] {logging_mixin.py:188} INFO - [2024-04-25T08:27:06.833+0000] {dagbag.py:540} INFO - Filling up the DagBag from /opt/airflow/dags/dag_with_postgres_operator.py
[2024-04-25T08:27:06.841+0000] {processor.py:840} INFO - DAG(s) 'dag_with_postgres_operator_v01' retrieved from /opt/airflow/dags/dag_with_postgres_operator.py
[2024-04-25T08:27:06.853+0000] {logging_mixin.py:188} INFO - [2024-04-25T08:27:06.853+0000] {dag.py:3096} INFO - Sync 1 DAGs
[2024-04-25T08:27:06.865+0000] {logging_mixin.py:188} INFO - [2024-04-25T08:27:06.865+0000] {dag.py:3954} INFO - Setting next_dagrun for dag_with_postgres_operator_v01 to 2024-04-25 00:00:00+00:00, run_after=2024-04-26 00:00:00+00:00
[2024-04-25T08:27:06.874+0000] {processor.py:183} INFO - Processing /opt/airflow/dags/dag_with_postgres_operator.py took 0.046 seconds
[2024-04-25T08:27:37.265+0000] {processor.py:161} INFO - Started process (PID=7564) to work on /opt/airflow/dags/dag_with_postgres_operator.py
[2024-04-25T08:27:37.267+0000] {processor.py:830} INFO - Processing file /opt/airflow/dags/dag_with_postgres_operator.py for tasks to queue
[2024-04-25T08:27:37.268+0000] {logging_mixin.py:188} INFO - [2024-04-25T08:27:37.268+0000] {dagbag.py:540} INFO - Filling up the DagBag from /opt/airflow/dags/dag_with_postgres_operator.py
[2024-04-25T08:27:37.275+0000] {processor.py:840} INFO - DAG(s) 'dag_with_postgres_operator_v01' retrieved from /opt/airflow/dags/dag_with_postgres_operator.py
[2024-04-25T08:27:37.287+0000] {logging_mixin.py:188} INFO - [2024-04-25T08:27:37.287+0000] {dag.py:3096} INFO - Sync 1 DAGs
[2024-04-25T08:27:37.298+0000] {logging_mixin.py:188} INFO - [2024-04-25T08:27:37.298+0000] {dag.py:3954} INFO - Setting next_dagrun for dag_with_postgres_operator_v01 to 2024-04-25 00:00:00+00:00, run_after=2024-04-26 00:00:00+00:00
[2024-04-25T08:27:37.306+0000] {processor.py:183} INFO - Processing /opt/airflow/dags/dag_with_postgres_operator.py took 0.045 seconds
[2024-04-25T08:28:07.701+0000] {processor.py:161} INFO - Started process (PID=7650) to work on /opt/airflow/dags/dag_with_postgres_operator.py
[2024-04-25T08:28:07.703+0000] {processor.py:830} INFO - Processing file /opt/airflow/dags/dag_with_postgres_operator.py for tasks to queue
[2024-04-25T08:28:07.706+0000] {logging_mixin.py:188} INFO - [2024-04-25T08:28:07.706+0000] {dagbag.py:540} INFO - Filling up the DagBag from /opt/airflow/dags/dag_with_postgres_operator.py
[2024-04-25T08:28:07.721+0000] {processor.py:840} INFO - DAG(s) 'dag_with_postgres_operator_v01' retrieved from /opt/airflow/dags/dag_with_postgres_operator.py
[2024-04-25T08:28:07.735+0000] {logging_mixin.py:188} INFO - [2024-04-25T08:28:07.735+0000] {dag.py:3096} INFO - Sync 1 DAGs
[2024-04-25T08:28:07.747+0000] {logging_mixin.py:188} INFO - [2024-04-25T08:28:07.747+0000] {dag.py:3954} INFO - Setting next_dagrun for dag_with_postgres_operator_v01 to 2024-04-25 00:00:00+00:00, run_after=2024-04-26 00:00:00+00:00
[2024-04-25T08:28:07.756+0000] {processor.py:183} INFO - Processing /opt/airflow/dags/dag_with_postgres_operator.py took 0.062 seconds
[2024-04-25T08:28:38.016+0000] {processor.py:161} INFO - Started process (PID=7736) to work on /opt/airflow/dags/dag_with_postgres_operator.py
[2024-04-25T08:28:38.017+0000] {processor.py:830} INFO - Processing file /opt/airflow/dags/dag_with_postgres_operator.py for tasks to queue
[2024-04-25T08:28:38.018+0000] {logging_mixin.py:188} INFO - [2024-04-25T08:28:38.018+0000] {dagbag.py:540} INFO - Filling up the DagBag from /opt/airflow/dags/dag_with_postgres_operator.py
[2024-04-25T08:28:38.025+0000] {processor.py:840} INFO - DAG(s) 'dag_with_postgres_operator_v01' retrieved from /opt/airflow/dags/dag_with_postgres_operator.py
[2024-04-25T08:28:38.038+0000] {logging_mixin.py:188} INFO - [2024-04-25T08:28:38.038+0000] {dag.py:3096} INFO - Sync 1 DAGs
[2024-04-25T08:28:38.050+0000] {logging_mixin.py:188} INFO - [2024-04-25T08:28:38.050+0000] {dag.py:3954} INFO - Setting next_dagrun for dag_with_postgres_operator_v01 to 2024-04-25 00:00:00+00:00, run_after=2024-04-26 00:00:00+00:00
[2024-04-25T08:28:38.060+0000] {processor.py:183} INFO - Processing /opt/airflow/dags/dag_with_postgres_operator.py took 0.047 seconds
[2024-04-25T08:29:08.417+0000] {processor.py:161} INFO - Started process (PID=7823) to work on /opt/airflow/dags/dag_with_postgres_operator.py
[2024-04-25T08:29:08.418+0000] {processor.py:830} INFO - Processing file /opt/airflow/dags/dag_with_postgres_operator.py for tasks to queue
[2024-04-25T08:29:08.419+0000] {logging_mixin.py:188} INFO - [2024-04-25T08:29:08.419+0000] {dagbag.py:540} INFO - Filling up the DagBag from /opt/airflow/dags/dag_with_postgres_operator.py
[2024-04-25T08:29:08.425+0000] {processor.py:840} INFO - DAG(s) 'dag_with_postgres_operator_v01' retrieved from /opt/airflow/dags/dag_with_postgres_operator.py
[2024-04-25T08:29:08.437+0000] {logging_mixin.py:188} INFO - [2024-04-25T08:29:08.437+0000] {dag.py:3096} INFO - Sync 1 DAGs
[2024-04-25T08:29:08.449+0000] {logging_mixin.py:188} INFO - [2024-04-25T08:29:08.449+0000] {dag.py:3954} INFO - Setting next_dagrun for dag_with_postgres_operator_v01 to 2024-04-25 00:00:00+00:00, run_after=2024-04-26 00:00:00+00:00
[2024-04-25T08:29:08.458+0000] {processor.py:183} INFO - Processing /opt/airflow/dags/dag_with_postgres_operator.py took 0.044 seconds
[2024-04-25T08:29:38.784+0000] {processor.py:161} INFO - Started process (PID=7907) to work on /opt/airflow/dags/dag_with_postgres_operator.py
[2024-04-25T08:29:38.785+0000] {processor.py:830} INFO - Processing file /opt/airflow/dags/dag_with_postgres_operator.py for tasks to queue
[2024-04-25T08:29:38.786+0000] {logging_mixin.py:188} INFO - [2024-04-25T08:29:38.786+0000] {dagbag.py:540} INFO - Filling up the DagBag from /opt/airflow/dags/dag_with_postgres_operator.py
[2024-04-25T08:29:38.793+0000] {processor.py:840} INFO - DAG(s) 'dag_with_postgres_operator_v01' retrieved from /opt/airflow/dags/dag_with_postgres_operator.py
[2024-04-25T08:29:38.806+0000] {logging_mixin.py:188} INFO - [2024-04-25T08:29:38.806+0000] {dag.py:3096} INFO - Sync 1 DAGs
[2024-04-25T08:29:38.819+0000] {logging_mixin.py:188} INFO - [2024-04-25T08:29:38.818+0000] {dag.py:3954} INFO - Setting next_dagrun for dag_with_postgres_operator_v01 to 2024-04-25 00:00:00+00:00, run_after=2024-04-26 00:00:00+00:00
[2024-04-25T08:29:38.828+0000] {processor.py:183} INFO - Processing /opt/airflow/dags/dag_with_postgres_operator.py took 0.047 seconds
[2024-04-25T08:30:09.155+0000] {processor.py:161} INFO - Started process (PID=7988) to work on /opt/airflow/dags/dag_with_postgres_operator.py
[2024-04-25T08:30:09.156+0000] {processor.py:830} INFO - Processing file /opt/airflow/dags/dag_with_postgres_operator.py for tasks to queue
[2024-04-25T08:30:09.157+0000] {logging_mixin.py:188} INFO - [2024-04-25T08:30:09.157+0000] {dagbag.py:540} INFO - Filling up the DagBag from /opt/airflow/dags/dag_with_postgres_operator.py
[2024-04-25T08:30:09.164+0000] {processor.py:840} INFO - DAG(s) 'dag_with_postgres_operator_v01' retrieved from /opt/airflow/dags/dag_with_postgres_operator.py
[2024-04-25T08:30:09.178+0000] {logging_mixin.py:188} INFO - [2024-04-25T08:30:09.177+0000] {dag.py:3096} INFO - Sync 1 DAGs
[2024-04-25T08:30:09.188+0000] {logging_mixin.py:188} INFO - [2024-04-25T08:30:09.188+0000] {dag.py:3954} INFO - Setting next_dagrun for dag_with_postgres_operator_v01 to 2024-04-25 00:00:00+00:00, run_after=2024-04-26 00:00:00+00:00
[2024-04-25T08:30:09.197+0000] {processor.py:183} INFO - Processing /opt/airflow/dags/dag_with_postgres_operator.py took 0.049 seconds
[2024-04-25T08:30:39.545+0000] {processor.py:161} INFO - Started process (PID=8074) to work on /opt/airflow/dags/dag_with_postgres_operator.py
[2024-04-25T08:30:39.547+0000] {processor.py:830} INFO - Processing file /opt/airflow/dags/dag_with_postgres_operator.py for tasks to queue
[2024-04-25T08:30:39.550+0000] {logging_mixin.py:188} INFO - [2024-04-25T08:30:39.549+0000] {dagbag.py:540} INFO - Filling up the DagBag from /opt/airflow/dags/dag_with_postgres_operator.py
[2024-04-25T08:30:39.565+0000] {processor.py:840} INFO - DAG(s) 'dag_with_postgres_operator_v01' retrieved from /opt/airflow/dags/dag_with_postgres_operator.py
[2024-04-25T08:30:39.589+0000] {logging_mixin.py:188} INFO - [2024-04-25T08:30:39.588+0000] {dag.py:3096} INFO - Sync 1 DAGs
[2024-04-25T08:30:39.603+0000] {logging_mixin.py:188} INFO - [2024-04-25T08:30:39.603+0000] {dag.py:3954} INFO - Setting next_dagrun for dag_with_postgres_operator_v01 to 2024-04-25 00:00:00+00:00, run_after=2024-04-26 00:00:00+00:00
[2024-04-25T08:30:39.612+0000] {processor.py:183} INFO - Processing /opt/airflow/dags/dag_with_postgres_operator.py took 0.076 seconds
[2024-04-25T08:31:09.938+0000] {processor.py:161} INFO - Started process (PID=8160) to work on /opt/airflow/dags/dag_with_postgres_operator.py
[2024-04-25T08:31:09.940+0000] {processor.py:830} INFO - Processing file /opt/airflow/dags/dag_with_postgres_operator.py for tasks to queue
[2024-04-25T08:31:09.941+0000] {logging_mixin.py:188} INFO - [2024-04-25T08:31:09.941+0000] {dagbag.py:540} INFO - Filling up the DagBag from /opt/airflow/dags/dag_with_postgres_operator.py
[2024-04-25T08:31:09.949+0000] {processor.py:840} INFO - DAG(s) 'dag_with_postgres_operator_v01' retrieved from /opt/airflow/dags/dag_with_postgres_operator.py
[2024-04-25T08:31:09.961+0000] {logging_mixin.py:188} INFO - [2024-04-25T08:31:09.961+0000] {dag.py:3096} INFO - Sync 1 DAGs
[2024-04-25T08:31:09.973+0000] {logging_mixin.py:188} INFO - [2024-04-25T08:31:09.973+0000] {dag.py:3954} INFO - Setting next_dagrun for dag_with_postgres_operator_v01 to 2024-04-25 00:00:00+00:00, run_after=2024-04-26 00:00:00+00:00
[2024-04-25T08:31:09.982+0000] {processor.py:183} INFO - Processing /opt/airflow/dags/dag_with_postgres_operator.py took 0.047 seconds
[2024-04-25T08:31:40.338+0000] {processor.py:161} INFO - Started process (PID=8243) to work on /opt/airflow/dags/dag_with_postgres_operator.py
[2024-04-25T08:31:40.339+0000] {processor.py:830} INFO - Processing file /opt/airflow/dags/dag_with_postgres_operator.py for tasks to queue
[2024-04-25T08:31:40.340+0000] {logging_mixin.py:188} INFO - [2024-04-25T08:31:40.340+0000] {dagbag.py:540} INFO - Filling up the DagBag from /opt/airflow/dags/dag_with_postgres_operator.py
[2024-04-25T08:31:40.346+0000] {processor.py:840} INFO - DAG(s) 'dag_with_postgres_operator_v01' retrieved from /opt/airflow/dags/dag_with_postgres_operator.py
[2024-04-25T08:31:40.360+0000] {logging_mixin.py:188} INFO - [2024-04-25T08:31:40.360+0000] {dag.py:3096} INFO - Sync 1 DAGs
[2024-04-25T08:31:40.372+0000] {logging_mixin.py:188} INFO - [2024-04-25T08:31:40.371+0000] {dag.py:3954} INFO - Setting next_dagrun for dag_with_postgres_operator_v01 to 2024-04-25 00:00:00+00:00, run_after=2024-04-26 00:00:00+00:00
[2024-04-25T08:31:40.380+0000] {processor.py:183} INFO - Processing /opt/airflow/dags/dag_with_postgres_operator.py took 0.046 seconds
[2024-04-25T08:32:10.795+0000] {processor.py:161} INFO - Started process (PID=8331) to work on /opt/airflow/dags/dag_with_postgres_operator.py
[2024-04-25T08:32:10.797+0000] {processor.py:830} INFO - Processing file /opt/airflow/dags/dag_with_postgres_operator.py for tasks to queue
[2024-04-25T08:32:10.798+0000] {logging_mixin.py:188} INFO - [2024-04-25T08:32:10.798+0000] {dagbag.py:540} INFO - Filling up the DagBag from /opt/airflow/dags/dag_with_postgres_operator.py
[2024-04-25T08:32:10.806+0000] {processor.py:840} INFO - DAG(s) 'dag_with_postgres_operator_v01' retrieved from /opt/airflow/dags/dag_with_postgres_operator.py
[2024-04-25T08:32:10.818+0000] {logging_mixin.py:188} INFO - [2024-04-25T08:32:10.818+0000] {dag.py:3096} INFO - Sync 1 DAGs
[2024-04-25T08:32:10.829+0000] {logging_mixin.py:188} INFO - [2024-04-25T08:32:10.829+0000] {dag.py:3954} INFO - Setting next_dagrun for dag_with_postgres_operator_v01 to 2024-04-25 00:00:00+00:00, run_after=2024-04-26 00:00:00+00:00
[2024-04-25T08:32:10.838+0000] {processor.py:183} INFO - Processing /opt/airflow/dags/dag_with_postgres_operator.py took 0.046 seconds
[2024-04-25T08:32:41.227+0000] {processor.py:161} INFO - Started process (PID=8416) to work on /opt/airflow/dags/dag_with_postgres_operator.py
[2024-04-25T08:32:41.229+0000] {processor.py:830} INFO - Processing file /opt/airflow/dags/dag_with_postgres_operator.py for tasks to queue
[2024-04-25T08:32:41.232+0000] {logging_mixin.py:188} INFO - [2024-04-25T08:32:41.231+0000] {dagbag.py:540} INFO - Filling up the DagBag from /opt/airflow/dags/dag_with_postgres_operator.py
[2024-04-25T08:32:41.247+0000] {processor.py:840} INFO - DAG(s) 'dag_with_postgres_operator_v01' retrieved from /opt/airflow/dags/dag_with_postgres_operator.py
[2024-04-25T08:32:41.268+0000] {logging_mixin.py:188} INFO - [2024-04-25T08:32:41.268+0000] {dag.py:3096} INFO - Sync 1 DAGs
[2024-04-25T08:32:41.280+0000] {logging_mixin.py:188} INFO - [2024-04-25T08:32:41.280+0000] {dag.py:3954} INFO - Setting next_dagrun for dag_with_postgres_operator_v01 to 2024-04-25 00:00:00+00:00, run_after=2024-04-26 00:00:00+00:00
[2024-04-25T08:32:41.289+0000] {processor.py:183} INFO - Processing /opt/airflow/dags/dag_with_postgres_operator.py took 0.071 seconds
[2024-04-25T08:33:11.594+0000] {processor.py:161} INFO - Started process (PID=8498) to work on /opt/airflow/dags/dag_with_postgres_operator.py
[2024-04-25T08:33:11.596+0000] {processor.py:830} INFO - Processing file /opt/airflow/dags/dag_with_postgres_operator.py for tasks to queue
[2024-04-25T08:33:11.597+0000] {logging_mixin.py:188} INFO - [2024-04-25T08:33:11.597+0000] {dagbag.py:540} INFO - Filling up the DagBag from /opt/airflow/dags/dag_with_postgres_operator.py
[2024-04-25T08:33:11.604+0000] {processor.py:840} INFO - DAG(s) 'dag_with_postgres_operator_v01' retrieved from /opt/airflow/dags/dag_with_postgres_operator.py
[2024-04-25T08:33:11.617+0000] {logging_mixin.py:188} INFO - [2024-04-25T08:33:11.617+0000] {dag.py:3096} INFO - Sync 1 DAGs
[2024-04-25T08:33:11.628+0000] {logging_mixin.py:188} INFO - [2024-04-25T08:33:11.628+0000] {dag.py:3954} INFO - Setting next_dagrun for dag_with_postgres_operator_v01 to 2024-04-25 00:00:00+00:00, run_after=2024-04-26 00:00:00+00:00
[2024-04-25T08:33:11.637+0000] {processor.py:183} INFO - Processing /opt/airflow/dags/dag_with_postgres_operator.py took 0.046 seconds
