[2024-05-16T02:15:09.031+0000] {local_task_job_runner.py:120} INFO - ::group::Pre task execution logs
[2024-05-16T02:15:09.047+0000] {taskinstance.py:2076} INFO - Dependencies all met for dep_context=non-requeueable deps ti=<TaskInstance: parsing_recipes.store_data scheduled__2024-05-16T02:10:00+00:00 [queued]>
[2024-05-16T02:15:09.052+0000] {taskinstance.py:2076} INFO - Dependencies all met for dep_context=requeueable deps ti=<TaskInstance: parsing_recipes.store_data scheduled__2024-05-16T02:10:00+00:00 [queued]>
[2024-05-16T02:15:09.053+0000] {taskinstance.py:2306} INFO - Starting attempt 1 of 1
[2024-05-16T02:15:09.061+0000] {taskinstance.py:2330} INFO - Executing <Task(PythonOperator): store_data> on 2024-05-16 02:10:00+00:00
[2024-05-16T02:15:09.065+0000] {logging_mixin.py:188} WARNING - /home/***/.local/lib/python3.12/site-packages/***/task/task_runner/standard_task_runner.py:61 DeprecationWarning: This process (pid=10809) is multi-threaded, use of fork() may lead to deadlocks in the child.
[2024-05-16T02:15:09.066+0000] {standard_task_runner.py:63} INFO - Started process 10811 to run task
[2024-05-16T02:15:09.066+0000] {standard_task_runner.py:90} INFO - Running: ['***', 'tasks', 'run', 'parsing_recipes', 'store_data', 'scheduled__2024-05-16T02:10:00+00:00', '--job-id', '6663', '--raw', '--subdir', 'DAGS_FOLDER/recipes.py', '--cfg-path', '/tmp/tmp8a2cht2r']
[2024-05-16T02:15:09.067+0000] {standard_task_runner.py:91} INFO - Job 6663: Subtask store_data
[2024-05-16T02:15:09.105+0000] {task_command.py:426} INFO - Running <TaskInstance: parsing_recipes.store_data scheduled__2024-05-16T02:10:00+00:00 [running]> on host 8d5e87382261
[2024-05-16T02:15:09.155+0000] {taskinstance.py:2648} INFO - Exporting env vars: AIRFLOW_CTX_DAG_OWNER='***' AIRFLOW_CTX_DAG_ID='parsing_recipes' AIRFLOW_CTX_TASK_ID='store_data' AIRFLOW_CTX_EXECUTION_DATE='2024-05-16T02:10:00+00:00' AIRFLOW_CTX_TRY_NUMBER='1' AIRFLOW_CTX_DAG_RUN_ID='scheduled__2024-05-16T02:10:00+00:00'
[2024-05-16T02:15:09.156+0000] {taskinstance.py:430} INFO - ::endgroup::
[2024-05-16T02:15:09.172+0000] {base.py:84} INFO - Using connection ID 'postgres_localhost' for task execution.
[2024-05-16T02:15:09.178+0000] {logging_mixin.py:188} INFO - [['Edwin Sifuna Claims Ruto\'s Gov\'t is Overburdening Opposition with Work: "They\'ve...', 'https://www.tuko.co.ke/politics/548464-edwin-sifuna-claims-rutos-govt-overburdening-opposition-work-ve-depth-hurting/', '2024-05-15T19:29:23+03:00'], ['Azimio la Umoja Threatens to Call for Demonstrations over Contentious Finance Bi...', 'https://www.tuko.co.ke/politics/548401-azimio-la-umoja-threatens-call-demonstrations-contentious-finance-bill-2024/', '2024-05-15T15:55:54+03:00'], ['US Ambassador Meg Whitman Backs Raila Odinga\'s AUC Bid: "It Will Be Great Deal f...', 'https://www.tuko.co.ke/politics/548407-us-ambassador-meg-whitman-backs-raila-odingas-auc-bid-great-deal-kenya/', '2024-05-15T14:39:04+03:00'], ["Blogger Pauline Njoroge Refutes Claims She's Ditched Azimio for Government", 'https://www.tuko.co.ke/politics/548369-blogger-pauline-njoroge-refutes-claims-s-ditched-azimio-government/', '2024-05-15T12:20:23+03:00'], ['William Ruto Responds to Harvard Student Asking About Taxation: "You\'ve Been Tal...', 'https://www.tuko.co.ke/politics/548339-william-ruto-responds-harvard-student-taxation-ve-talking-opposition/', '2024-05-15T11:50:43+03:00'], ['Danson Mungatana Slams Gachagua\'s Call for One Man, One Shilling: "All of Us Are...', 'https://www.tuko.co.ke/politics/548345-danson-mungatana-slams-gachaguas-call-man-shilling-disappointed/', '2024-05-15T11:35:47+03:00']]
[2024-05-16T02:15:09.178+0000] {logging_mixin.py:188} INFO - Edwin Sifuna Claims Ruto''s Gov''t is Overburdening Opposition with Work: "They''ve... https://www.tuko.co.ke/politics/548464-edwin-sifuna-claims-rutos-govt-overburdening-opposition-work-ve-depth-hurting/
[2024-05-16T02:15:09.180+0000] {logging_mixin.py:188} INFO - Azimio la Umoja Threatens to Call for Demonstrations over Contentious Finance Bi... https://www.tuko.co.ke/politics/548401-azimio-la-umoja-threatens-call-demonstrations-contentious-finance-bill-2024/
[2024-05-16T02:15:09.181+0000] {logging_mixin.py:188} INFO - US Ambassador Meg Whitman Backs Raila Odinga''s AUC Bid: "It Will Be Great Deal f... https://www.tuko.co.ke/politics/548407-us-ambassador-meg-whitman-backs-raila-odingas-auc-bid-great-deal-kenya/
[2024-05-16T02:15:09.182+0000] {logging_mixin.py:188} INFO - Blogger Pauline Njoroge Refutes Claims She''s Ditched Azimio for Government https://www.tuko.co.ke/politics/548369-blogger-pauline-njoroge-refutes-claims-s-ditched-azimio-government/
[2024-05-16T02:15:09.184+0000] {logging_mixin.py:188} INFO - William Ruto Responds to Harvard Student Asking About Taxation: "You''ve Been Tal... https://www.tuko.co.ke/politics/548339-william-ruto-responds-harvard-student-taxation-ve-talking-opposition/
[2024-05-16T02:15:09.185+0000] {logging_mixin.py:188} INFO - Danson Mungatana Slams Gachagua''s Call for One Man, One Shilling: "All of Us Are... https://www.tuko.co.ke/politics/548345-danson-mungatana-slams-gachaguas-call-man-shilling-disappointed/
[2024-05-16T02:15:09.187+0000] {python.py:237} INFO - Done. Returned value was: True
[2024-05-16T02:15:09.187+0000] {taskinstance.py:441} INFO - ::group::Post task execution logs
[2024-05-16T02:15:09.205+0000] {taskinstance.py:1206} INFO - Marking task as SUCCESS. dag_id=parsing_recipes, task_id=store_data, run_id=scheduled__2024-05-16T02:10:00+00:00, execution_date=20240516T021000, start_date=20240516T021509, end_date=20240516T021509
[2024-05-16T02:15:09.254+0000] {local_task_job_runner.py:240} INFO - Task exited with return code 0
[2024-05-16T02:15:09.263+0000] {taskinstance.py:3498} INFO - 0 downstream tasks scheduled from follow-on schedule check
[2024-05-16T02:15:09.263+0000] {local_task_job_runner.py:222} INFO - ::endgroup::
