[2024-05-15T14:26:10.572+0000] {local_task_job_runner.py:120} INFO - ::group::Pre task execution logs
[2024-05-15T14:26:10.586+0000] {taskinstance.py:2076} INFO - Dependencies all met for dep_context=non-requeueable deps ti=<TaskInstance: parsing_recipes.insert_into_table scheduled__2024-05-15T14:24:00+00:00 [queued]>
[2024-05-15T14:26:10.589+0000] {taskinstance.py:2076} INFO - Dependencies all met for dep_context=requeueable deps ti=<TaskInstance: parsing_recipes.insert_into_table scheduled__2024-05-15T14:24:00+00:00 [queued]>
[2024-05-15T14:26:10.590+0000] {taskinstance.py:2306} INFO - Starting attempt 1 of 1
[2024-05-15T14:26:10.595+0000] {taskinstance.py:2330} INFO - Executing <Task(PostgresOperator): insert_into_table> on 2024-05-15 14:24:00+00:00
[2024-05-15T14:26:10.599+0000] {logging_mixin.py:188} WARNING - /home/***/.local/lib/python3.12/site-packages/***/task/task_runner/standard_task_runner.py:61 DeprecationWarning: This process (pid=8534) is multi-threaded, use of fork() may lead to deadlocks in the child.
[2024-05-15T14:26:10.600+0000] {standard_task_runner.py:63} INFO - Started process 8550 to run task
[2024-05-15T14:26:10.599+0000] {standard_task_runner.py:90} INFO - Running: ['***', 'tasks', 'run', 'parsing_recipes', 'insert_into_table', 'scheduled__2024-05-15T14:24:00+00:00', '--job-id', '6250', '--raw', '--subdir', 'DAGS_FOLDER/recipes.py', '--cfg-path', '/tmp/tmp6ef13rbe']
[2024-05-15T14:26:10.601+0000] {standard_task_runner.py:91} INFO - Job 6250: Subtask insert_into_table
[2024-05-15T14:26:10.623+0000] {task_command.py:426} INFO - Running <TaskInstance: parsing_recipes.insert_into_table scheduled__2024-05-15T14:24:00+00:00 [running]> on host 53697f0c267a
[2024-05-15T14:26:10.662+0000] {taskinstance.py:2648} INFO - Exporting env vars: AIRFLOW_CTX_DAG_OWNER='***' AIRFLOW_CTX_DAG_ID='parsing_recipes' AIRFLOW_CTX_TASK_ID='insert_into_table' AIRFLOW_CTX_EXECUTION_DATE='2024-05-15T14:24:00+00:00' AIRFLOW_CTX_TRY_NUMBER='1' AIRFLOW_CTX_DAG_RUN_ID='scheduled__2024-05-15T14:24:00+00:00'
[2024-05-15T14:26:10.663+0000] {taskinstance.py:430} INFO - ::endgroup::
[2024-05-15T14:26:10.669+0000] {sql.py:276} INFO - Executing: 
            insert into recipes (url, data) values ('123', '132')
            
[2024-05-15T14:26:10.674+0000] {base.py:84} INFO - Using connection ID 'postgres_localhost' for task execution.
[2024-05-15T14:26:10.677+0000] {base.py:84} INFO - Using connection ID 'postgres_localhost' for task execution.
[2024-05-15T14:26:10.683+0000] {sql.py:470} INFO - Running statement: 
            insert into recipes (url, data) values ('123', '132')
            , parameters: None
[2024-05-15T14:26:10.684+0000] {sql.py:479} INFO - Rows affected: 1
[2024-05-15T14:26:10.685+0000] {taskinstance.py:441} INFO - ::group::Post task execution logs
[2024-05-15T14:26:10.689+0000] {taskinstance.py:1206} INFO - Marking task as SUCCESS. dag_id=parsing_recipes, task_id=insert_into_table, run_id=scheduled__2024-05-15T14:24:00+00:00, execution_date=20240515T142400, start_date=20240515T142610, end_date=20240515T142610
[2024-05-15T14:26:10.701+0000] {local_task_job_runner.py:240} INFO - Task exited with return code 0
[2024-05-15T14:26:10.709+0000] {taskinstance.py:3498} INFO - 0 downstream tasks scheduled from follow-on schedule check
[2024-05-15T14:26:10.710+0000] {local_task_job_runner.py:222} INFO - ::endgroup::
