[2024-05-16T06:22:02.853+0000] {local_task_job_runner.py:120} INFO - ::group::Pre task execution logs
[2024-05-16T06:22:02.867+0000] {taskinstance.py:2076} INFO - Dependencies all met for dep_context=non-requeueable deps ti=<TaskInstance: parsing_recipes.store_data scheduled__2024-05-16T06:20:00+00:00 [queued]>
[2024-05-16T06:22:02.871+0000] {taskinstance.py:2076} INFO - Dependencies all met for dep_context=requeueable deps ti=<TaskInstance: parsing_recipes.store_data scheduled__2024-05-16T06:20:00+00:00 [queued]>
[2024-05-16T06:22:02.871+0000] {taskinstance.py:2306} INFO - Starting attempt 1 of 1
[2024-05-16T06:22:02.877+0000] {taskinstance.py:2330} INFO - Executing <Task(PythonOperator): store_data> on 2024-05-16 06:20:00+00:00
[2024-05-16T06:22:02.880+0000] {logging_mixin.py:188} WARNING - /home/***/.local/lib/python3.12/site-packages/***/task/task_runner/standard_task_runner.py:61 DeprecationWarning: This process (pid=14685) is multi-threaded, use of fork() may lead to deadlocks in the child.
[2024-05-16T06:22:02.881+0000] {standard_task_runner.py:90} INFO - Running: ['***', 'tasks', 'run', 'parsing_recipes', 'store_data', 'scheduled__2024-05-16T06:20:00+00:00', '--job-id', '6944', '--raw', '--subdir', 'DAGS_FOLDER/recipes.py', '--cfg-path', '/tmp/tmpsswpkgpp']
[2024-05-16T06:22:02.882+0000] {standard_task_runner.py:63} INFO - Started process 14686 to run task
[2024-05-16T06:22:02.882+0000] {standard_task_runner.py:91} INFO - Job 6944: Subtask store_data
[2024-05-16T06:22:02.905+0000] {task_command.py:426} INFO - Running <TaskInstance: parsing_recipes.store_data scheduled__2024-05-16T06:20:00+00:00 [running]> on host 089bfed97d16
[2024-05-16T06:22:02.945+0000] {taskinstance.py:2648} INFO - Exporting env vars: AIRFLOW_CTX_DAG_OWNER='***' AIRFLOW_CTX_DAG_ID='parsing_recipes' AIRFLOW_CTX_TASK_ID='store_data' AIRFLOW_CTX_EXECUTION_DATE='2024-05-16T06:20:00+00:00' AIRFLOW_CTX_TRY_NUMBER='1' AIRFLOW_CTX_DAG_RUN_ID='scheduled__2024-05-16T06:20:00+00:00'
[2024-05-16T06:22:02.946+0000] {taskinstance.py:430} INFO - ::endgroup::
[2024-05-16T06:22:02.960+0000] {base.py:84} INFO - Using connection ID 'postgres_localhost' for task execution.
[2024-05-16T06:22:02.964+0000] {logging_mixin.py:188} INFO - [["Moses Kuria Declares He'll Attend Limuru III Despite Opposition by Kenya Kwanza...", 'https://www.tuko.co.ke/politics/548500-moses-kuria-declares-ll-attend-limuru-iii-opposition-by-kenya-kwanza-leaders/', '2024-05-16T08:53:59+03:00'], ['Edwin Sifuna Claims Ruto\'s Gov\'t is Overburdening Opposition: "They\'ve Depth of...', 'https://www.tuko.co.ke/politics/548464-edwin-sifuna-claims-rutos-govt-overburdening-opposition-work-ve-depth-hurting/', '2024-05-15T19:29:23+03:00'], ['Azimio la Umoja Threatens to Call for Demonstrations over Contentious Finance Bi...', 'https://www.tuko.co.ke/politics/548401-azimio-la-umoja-threatens-call-demonstrations-contentious-finance-bill-2024/', '2024-05-15T15:55:54+03:00'], ['US Ambassador Meg Whitman Backs Raila Odinga\'s AUC Bid: "It Will Be Great Deal f...', 'https://www.tuko.co.ke/politics/548407-us-ambassador-meg-whitman-backs-raila-odingas-auc-bid-great-deal-kenya/', '2024-05-15T14:39:04+03:00'], ["Blogger Pauline Njoroge Refutes Claims She's Ditched Azimio for Government", 'https://www.tuko.co.ke/politics/548369-blogger-pauline-njoroge-refutes-claims-s-ditched-azimio-government/', '2024-05-15T12:20:23+03:00'], ['William Ruto Responds to Harvard Student Asking About Taxation: "You\'ve Been Tal...', 'https://www.tuko.co.ke/politics/548339-william-ruto-responds-harvard-student-taxation-ve-talking-opposition/', '2024-05-15T11:50:43+03:00']]
[2024-05-16T06:22:02.965+0000] {logging_mixin.py:188} INFO - Moses Kuria Declares He''ll Attend Limuru III Despite Opposition by Kenya Kwanza... https://www.tuko.co.ke/politics/548500-moses-kuria-declares-ll-attend-limuru-iii-opposition-by-kenya-kwanza-leaders/
[2024-05-16T06:22:02.966+0000] {logging_mixin.py:188} INFO - Edwin Sifuna Claims Ruto''s Gov''t is Overburdening Opposition: "They''ve Depth of... https://www.tuko.co.ke/politics/548464-edwin-sifuna-claims-rutos-govt-overburdening-opposition-work-ve-depth-hurting/
[2024-05-16T06:22:02.967+0000] {logging_mixin.py:188} INFO - Azimio la Umoja Threatens to Call for Demonstrations over Contentious Finance Bi... https://www.tuko.co.ke/politics/548401-azimio-la-umoja-threatens-call-demonstrations-contentious-finance-bill-2024/
[2024-05-16T06:22:02.967+0000] {logging_mixin.py:188} INFO - US Ambassador Meg Whitman Backs Raila Odinga''s AUC Bid: "It Will Be Great Deal f... https://www.tuko.co.ke/politics/548407-us-ambassador-meg-whitman-backs-raila-odingas-auc-bid-great-deal-kenya/
[2024-05-16T06:22:02.968+0000] {logging_mixin.py:188} INFO - Blogger Pauline Njoroge Refutes Claims She''s Ditched Azimio for Government https://www.tuko.co.ke/politics/548369-blogger-pauline-njoroge-refutes-claims-s-ditched-azimio-government/
[2024-05-16T06:22:02.968+0000] {logging_mixin.py:188} INFO - William Ruto Responds to Harvard Student Asking About Taxation: "You''ve Been Tal... https://www.tuko.co.ke/politics/548339-william-ruto-responds-harvard-student-taxation-ve-talking-opposition/
[2024-05-16T06:22:02.970+0000] {python.py:237} INFO - Done. Returned value was: True
[2024-05-16T06:22:02.970+0000] {taskinstance.py:441} INFO - ::group::Post task execution logs
[2024-05-16T06:22:02.979+0000] {taskinstance.py:1206} INFO - Marking task as SUCCESS. dag_id=parsing_recipes, task_id=store_data, run_id=scheduled__2024-05-16T06:20:00+00:00, execution_date=20240516T062000, start_date=20240516T062202, end_date=20240516T062202
[2024-05-16T06:22:03.024+0000] {local_task_job_runner.py:240} INFO - Task exited with return code 0
[2024-05-16T06:22:03.034+0000] {taskinstance.py:3498} INFO - 0 downstream tasks scheduled from follow-on schedule check
[2024-05-16T06:22:03.035+0000] {local_task_job_runner.py:222} INFO - ::endgroup::
