[2024-05-15T13:21:43.890+0000] {local_task_job_runner.py:120} INFO - ::group::Pre task execution logs
[2024-05-15T13:21:43.904+0000] {taskinstance.py:2076} INFO - Dependencies all met for dep_context=non-requeueable deps ti=<TaskInstance: parsing_recipes.store_data manual__2024-05-15T13:21:34.175554+00:00 [queued]>
[2024-05-15T13:21:43.908+0000] {taskinstance.py:2076} INFO - Dependencies all met for dep_context=requeueable deps ti=<TaskInstance: parsing_recipes.store_data manual__2024-05-15T13:21:34.175554+00:00 [queued]>
[2024-05-15T13:21:43.908+0000] {taskinstance.py:2306} INFO - Starting attempt 1 of 1
[2024-05-15T13:21:43.914+0000] {taskinstance.py:2330} INFO - Executing <Task(PythonOperator): store_data> on 2024-05-15 13:21:34.175554+00:00
[2024-05-15T13:21:43.917+0000] {logging_mixin.py:188} WARNING - /home/***/.local/lib/python3.12/site-packages/***/task/task_runner/standard_task_runner.py:61 DeprecationWarning: This process (pid=3102) is multi-threaded, use of fork() may lead to deadlocks in the child.
[2024-05-15T13:21:43.918+0000] {standard_task_runner.py:63} INFO - Started process 3103 to run task
[2024-05-15T13:21:43.917+0000] {standard_task_runner.py:90} INFO - Running: ['***', 'tasks', 'run', 'parsing_recipes', 'store_data', 'manual__2024-05-15T13:21:34.175554+00:00', '--job-id', '6116', '--raw', '--subdir', 'DAGS_FOLDER/recipes.py', '--cfg-path', '/tmp/tmp3ba_4tbi']
[2024-05-15T13:21:43.919+0000] {standard_task_runner.py:91} INFO - Job 6116: Subtask store_data
[2024-05-15T13:21:43.944+0000] {task_command.py:426} INFO - Running <TaskInstance: parsing_recipes.store_data manual__2024-05-15T13:21:34.175554+00:00 [running]> on host 53697f0c267a
[2024-05-15T13:21:43.988+0000] {taskinstance.py:2648} INFO - Exporting env vars: AIRFLOW_CTX_DAG_OWNER='***' AIRFLOW_CTX_DAG_ID='parsing_recipes' AIRFLOW_CTX_TASK_ID='store_data' AIRFLOW_CTX_EXECUTION_DATE='2024-05-15T13:21:34.175554+00:00' AIRFLOW_CTX_TRY_NUMBER='1' AIRFLOW_CTX_DAG_RUN_ID='manual__2024-05-15T13:21:34.175554+00:00'
[2024-05-15T13:21:43.989+0000] {taskinstance.py:430} INFO - ::endgroup::
[2024-05-15T13:21:44.003+0000] {base.py:84} INFO - Using connection ID 'postgres_localhost' for task execution.
[2024-05-15T13:21:44.008+0000] {logging_mixin.py:188} INFO - []
[2024-05-15T13:21:44.009+0000] {taskinstance.py:441} INFO - ::group::Post task execution logs
[2024-05-15T13:21:44.009+0000] {taskinstance.py:2905} ERROR - Task failed with exception
Traceback (most recent call last):
  File "/home/airflow/.local/lib/python3.12/site-packages/airflow/models/taskinstance.py", line 465, in _execute_task
    result = _execute_callable(context=context, **execute_callable_kwargs)
             ^^^^^^^^^^^^^^^^^^^^^^^^^^^^^^^^^^^^^^^^^^^^^^^^^^^^^^^^^^^^^
  File "/home/airflow/.local/lib/python3.12/site-packages/airflow/models/taskinstance.py", line 432, in _execute_callable
    return execute_callable(context=context, **execute_callable_kwargs)
           ^^^^^^^^^^^^^^^^^^^^^^^^^^^^^^^^^^^^^^^^^^^^^^^^^^^^^^^^^^^^
  File "/home/airflow/.local/lib/python3.12/site-packages/airflow/models/baseoperator.py", line 400, in wrapper
    return func(self, *args, **kwargs)
           ^^^^^^^^^^^^^^^^^^^^^^^^^^^
  File "/home/airflow/.local/lib/python3.12/site-packages/airflow/operators/python.py", line 235, in execute
    return_value = self.execute_callable()
                   ^^^^^^^^^^^^^^^^^^^^^^^
  File "/home/airflow/.local/lib/python3.12/site-packages/airflow/operators/python.py", line 252, in execute_callable
    return self.python_callable(*self.op_args, **self.op_kwargs)
           ^^^^^^^^^^^^^^^^^^^^^^^^^^^^^^^^^^^^^^^^^^^^^^^^^^^^^
  File "/opt/airflow/dags/recipes.py", line 149, in store_data
    cursor.execute(sql)
psycopg2.errors.UndefinedColumn: column "data" does not exist
LINE 1: ...RT INTO postgres.public.recipes(url,data) VALUES ("data","da...
                                                             ^
HINT:  There is a column named "data" in table "recipes", but it cannot be referenced from this part of the query.

[2024-05-15T13:21:44.014+0000] {taskinstance.py:1206} INFO - Marking task as FAILED. dag_id=parsing_recipes, task_id=store_data, run_id=manual__2024-05-15T13:21:34.175554+00:00, execution_date=20240515T132134, start_date=20240515T132143, end_date=20240515T132144
[2024-05-15T13:21:44.019+0000] {standard_task_runner.py:110} ERROR - Failed to execute job 6116 for task store_data (column "data" does not exist
LINE 1: ...RT INTO postgres.public.recipes(url,data) VALUES ("data","da...
                                                             ^
HINT:  There is a column named "data" in table "recipes", but it cannot be referenced from this part of the query.
; 3103)
[2024-05-15T13:21:44.062+0000] {local_task_job_runner.py:240} INFO - Task exited with return code 1
[2024-05-15T13:21:44.071+0000] {taskinstance.py:3498} INFO - 0 downstream tasks scheduled from follow-on schedule check
[2024-05-15T13:21:44.072+0000] {local_task_job_runner.py:222} INFO - ::endgroup::
