[2024-05-15T10:49:59.929+0000] {local_task_job_runner.py:120} INFO - ::group::Pre task execution logs
[2024-05-15T10:49:59.944+0000] {taskinstance.py:2076} INFO - Dependencies all met for dep_context=non-requeueable deps ti=<TaskInstance: parsing_recipes.parse_recipes scheduled__2024-05-15T10:44:00+00:00 [queued]>
[2024-05-15T10:49:59.948+0000] {taskinstance.py:2076} INFO - Dependencies all met for dep_context=requeueable deps ti=<TaskInstance: parsing_recipes.parse_recipes scheduled__2024-05-15T10:44:00+00:00 [queued]>
[2024-05-15T10:49:59.949+0000] {taskinstance.py:2306} INFO - Starting attempt 2 of 2
[2024-05-15T10:49:59.955+0000] {taskinstance.py:2330} INFO - Executing <Task(PythonOperator): parse_recipes> on 2024-05-15 10:44:00+00:00
[2024-05-15T10:49:59.959+0000] {standard_task_runner.py:90} INFO - Running: ['***', 'tasks', 'run', 'parsing_recipes', 'parse_recipes', 'scheduled__2024-05-15T10:44:00+00:00', '--job-id', '5957', '--raw', '--subdir', 'DAGS_FOLDER/recipes.py', '--cfg-path', '/tmp/tmpjlqcs3d3']
[2024-05-15T10:49:59.960+0000] {logging_mixin.py:188} WARNING - /home/***/.local/lib/python3.12/site-packages/***/task/task_runner/standard_task_runner.py:61 DeprecationWarning: This process (pid=397) is multi-threaded, use of fork() may lead to deadlocks in the child.
[2024-05-15T10:49:59.960+0000] {standard_task_runner.py:91} INFO - Job 5957: Subtask parse_recipes
[2024-05-15T10:49:59.960+0000] {standard_task_runner.py:63} INFO - Started process 398 to run task
[2024-05-15T10:49:59.983+0000] {task_command.py:426} INFO - Running <TaskInstance: parsing_recipes.parse_recipes scheduled__2024-05-15T10:44:00+00:00 [running]> on host d0ca377f4b6d
[2024-05-15T10:50:00.020+0000] {taskinstance.py:2648} INFO - Exporting env vars: AIRFLOW_CTX_DAG_OWNER='***' AIRFLOW_CTX_DAG_ID='parsing_recipes' AIRFLOW_CTX_TASK_ID='parse_recipes' AIRFLOW_CTX_EXECUTION_DATE='2024-05-15T10:44:00+00:00' AIRFLOW_CTX_TRY_NUMBER='2' AIRFLOW_CTX_DAG_RUN_ID='scheduled__2024-05-15T10:44:00+00:00'
[2024-05-15T10:50:00.021+0000] {taskinstance.py:430} INFO - ::endgroup::
[2024-05-15T10:50:00.027+0000] {taskinstance.py:441} INFO - ::group::Post task execution logs
[2024-05-15T10:50:00.028+0000] {taskinstance.py:2905} ERROR - Task failed with exception
Traceback (most recent call last):
  File "/home/airflow/.local/lib/python3.12/site-packages/airflow/models/taskinstance.py", line 465, in _execute_task
    result = _execute_callable(context=context, **execute_callable_kwargs)
             ^^^^^^^^^^^^^^^^^^^^^^^^^^^^^^^^^^^^^^^^^^^^^^^^^^^^^^^^^^^^^
  File "/home/airflow/.local/lib/python3.12/site-packages/airflow/models/taskinstance.py", line 432, in _execute_callable
    return execute_callable(context=context, **execute_callable_kwargs)
           ^^^^^^^^^^^^^^^^^^^^^^^^^^^^^^^^^^^^^^^^^^^^^^^^^^^^^^^^^^^^
  File "/home/airflow/.local/lib/python3.12/site-packages/airflow/models/baseoperator.py", line 400, in wrapper
    return func(self, *args, **kwargs)
           ^^^^^^^^^^^^^^^^^^^^^^^^^^^
  File "/home/airflow/.local/lib/python3.12/site-packages/airflow/operators/python.py", line 235, in execute
    return_value = self.execute_callable()
                   ^^^^^^^^^^^^^^^^^^^^^^^
  File "/home/airflow/.local/lib/python3.12/site-packages/airflow/operators/python.py", line 252, in execute_callable
    return self.python_callable(*self.op_args, **self.op_kwargs)
           ^^^^^^^^^^^^^^^^^^^^^^^^^^^^^^^^^^^^^^^^^^^^^^^^^^^^^
  File "/opt/airflow/dags/recipes.py", line 31, in parse_recipes
    with open(path + 'latest_salad_recipes.txt', encoding='utf8') as f:
         ^^^^^^^^^^^^^^^^^^^^^^^^^^^^^^^^^^^^^^^^^^^^^^^^^^^^^^^^
FileNotFoundError: [Errno 2] No such file or directory: '/Development/airflow_scraping/dags/latest_salad_recipes.txt'
[2024-05-15T10:50:00.033+0000] {taskinstance.py:1206} INFO - Marking task as FAILED. dag_id=parsing_recipes, task_id=parse_recipes, run_id=scheduled__2024-05-15T10:44:00+00:00, execution_date=20240515T104400, start_date=20240515T104959, end_date=20240515T105000
[2024-05-15T10:50:00.039+0000] {standard_task_runner.py:110} ERROR - Failed to execute job 5957 for task parse_recipes ([Errno 2] No such file or directory: '/Development/airflow_scraping/dags/latest_salad_recipes.txt'; 398)
[2024-05-15T10:50:00.062+0000] {local_task_job_runner.py:240} INFO - Task exited with return code 1
[2024-05-15T10:50:00.074+0000] {taskinstance.py:3498} INFO - 0 downstream tasks scheduled from follow-on schedule check
[2024-05-15T10:50:00.076+0000] {local_task_job_runner.py:222} INFO - ::endgroup::
