[2024-05-15T14:54:55.742+0000] {local_task_job_runner.py:120} INFO - ::group::Pre task execution logs
[2024-05-15T14:54:55.761+0000] {taskinstance.py:2076} INFO - Dependencies all met for dep_context=non-requeueable deps ti=<TaskInstance: parsing_recipes.scrape_sports manual__2024-05-15T14:54:55.431447+00:00 [queued]>
[2024-05-15T14:54:55.767+0000] {taskinstance.py:2076} INFO - Dependencies all met for dep_context=requeueable deps ti=<TaskInstance: parsing_recipes.scrape_sports manual__2024-05-15T14:54:55.431447+00:00 [queued]>
[2024-05-15T14:54:55.767+0000] {taskinstance.py:2306} INFO - Starting attempt 1 of 1
[2024-05-15T14:54:55.775+0000] {taskinstance.py:2330} INFO - Executing <Task(PythonOperator): scrape_sports> on 2024-05-15 14:54:55.431447+00:00
[2024-05-15T14:54:55.779+0000] {logging_mixin.py:188} WARNING - /home/***/.local/lib/python3.12/site-packages/***/task/task_runner/standard_task_runner.py:61 DeprecationWarning: This process (pid=11302) is multi-threaded, use of fork() may lead to deadlocks in the child.
[2024-05-15T14:54:55.780+0000] {standard_task_runner.py:63} INFO - Started process 11303 to run task
[2024-05-15T14:54:55.779+0000] {standard_task_runner.py:90} INFO - Running: ['***', 'tasks', 'run', 'parsing_recipes', 'scrape_sports', 'manual__2024-05-15T14:54:55.431447+00:00', '--job-id', '6314', '--raw', '--subdir', 'DAGS_FOLDER/recipes.py', '--cfg-path', '/tmp/tmpuen98cjt']
[2024-05-15T14:54:55.781+0000] {standard_task_runner.py:91} INFO - Job 6314: Subtask scrape_sports
[2024-05-15T14:54:55.806+0000] {task_command.py:426} INFO - Running <TaskInstance: parsing_recipes.scrape_sports manual__2024-05-15T14:54:55.431447+00:00 [running]> on host 53697f0c267a
[2024-05-15T14:54:55.850+0000] {taskinstance.py:2648} INFO - Exporting env vars: AIRFLOW_CTX_DAG_OWNER='***' AIRFLOW_CTX_DAG_ID='parsing_recipes' AIRFLOW_CTX_TASK_ID='scrape_sports' AIRFLOW_CTX_EXECUTION_DATE='2024-05-15T14:54:55.431447+00:00' AIRFLOW_CTX_TRY_NUMBER='1' AIRFLOW_CTX_DAG_RUN_ID='manual__2024-05-15T14:54:55.431447+00:00'
[2024-05-15T14:54:55.851+0000] {taskinstance.py:430} INFO - ::endgroup::
[2024-05-15T14:54:56.854+0000] {taskinstance.py:441} INFO - ::group::Post task execution logs
[2024-05-15T14:54:56.855+0000] {taskinstance.py:2905} ERROR - Task failed with exception
Traceback (most recent call last):
  File "/home/airflow/.local/lib/python3.12/site-packages/airflow/models/taskinstance.py", line 465, in _execute_task
    result = _execute_callable(context=context, **execute_callable_kwargs)
             ^^^^^^^^^^^^^^^^^^^^^^^^^^^^^^^^^^^^^^^^^^^^^^^^^^^^^^^^^^^^^
  File "/home/airflow/.local/lib/python3.12/site-packages/airflow/models/taskinstance.py", line 432, in _execute_callable
    return execute_callable(context=context, **execute_callable_kwargs)
           ^^^^^^^^^^^^^^^^^^^^^^^^^^^^^^^^^^^^^^^^^^^^^^^^^^^^^^^^^^^^
  File "/home/airflow/.local/lib/python3.12/site-packages/airflow/models/baseoperator.py", line 400, in wrapper
    return func(self, *args, **kwargs)
           ^^^^^^^^^^^^^^^^^^^^^^^^^^^
  File "/home/airflow/.local/lib/python3.12/site-packages/airflow/operators/python.py", line 235, in execute
    return_value = self.execute_callable()
                   ^^^^^^^^^^^^^^^^^^^^^^^
  File "/home/airflow/.local/lib/python3.12/site-packages/airflow/operators/python.py", line 252, in execute_callable
    return self.python_callable(*self.op_args, **self.op_kwargs)
           ^^^^^^^^^^^^^^^^^^^^^^^^^^^^^^^^^^^^^^^^^^^^^^^^^^^^^
  File "/opt/airflow/dags/recipes.py", line 34, in scrape_sports
    return [title, subtitle, link]
            ^^^^^
UnboundLocalError: cannot access local variable 'title' where it is not associated with a value
[2024-05-15T14:54:56.860+0000] {taskinstance.py:1206} INFO - Marking task as FAILED. dag_id=parsing_recipes, task_id=scrape_sports, run_id=manual__2024-05-15T14:54:55.431447+00:00, execution_date=20240515T145455, start_date=20240515T145455, end_date=20240515T145456
[2024-05-15T14:54:56.866+0000] {standard_task_runner.py:110} ERROR - Failed to execute job 6314 for task scrape_sports (cannot access local variable 'title' where it is not associated with a value; 11303)
[2024-05-15T14:54:56.890+0000] {local_task_job_runner.py:240} INFO - Task exited with return code 1
[2024-05-15T14:54:56.901+0000] {taskinstance.py:3498} INFO - 0 downstream tasks scheduled from follow-on schedule check
[2024-05-15T14:54:56.902+0000] {local_task_job_runner.py:222} INFO - ::endgroup::
