[2024-05-15T14:24:09.346+0000] {local_task_job_runner.py:120} INFO - ::group::Pre task execution logs
[2024-05-15T14:24:09.360+0000] {taskinstance.py:2076} INFO - Dependencies all met for dep_context=non-requeueable deps ti=<TaskInstance: parsing_recipes.store_data scheduled__2024-05-15T14:22:00+00:00 [queued]>
[2024-05-15T14:24:09.364+0000] {taskinstance.py:2076} INFO - Dependencies all met for dep_context=requeueable deps ti=<TaskInstance: parsing_recipes.store_data scheduled__2024-05-15T14:22:00+00:00 [queued]>
[2024-05-15T14:24:09.364+0000] {taskinstance.py:2306} INFO - Starting attempt 1 of 1
[2024-05-15T14:24:09.371+0000] {taskinstance.py:2330} INFO - Executing <Task(PythonOperator): store_data> on 2024-05-15 14:22:00+00:00
[2024-05-15T14:24:09.374+0000] {logging_mixin.py:188} WARNING - /home/***/.local/lib/python3.12/site-packages/***/task/task_runner/standard_task_runner.py:61 DeprecationWarning: This process (pid=8367) is multi-threaded, use of fork() may lead to deadlocks in the child.
[2024-05-15T14:24:09.375+0000] {standard_task_runner.py:63} INFO - Started process 8368 to run task
[2024-05-15T14:24:09.375+0000] {standard_task_runner.py:90} INFO - Running: ['***', 'tasks', 'run', 'parsing_recipes', 'store_data', 'scheduled__2024-05-15T14:22:00+00:00', '--job-id', '6241', '--raw', '--subdir', 'DAGS_FOLDER/recipes.py', '--cfg-path', '/tmp/tmpukr5ianj']
[2024-05-15T14:24:09.376+0000] {standard_task_runner.py:91} INFO - Job 6241: Subtask store_data
[2024-05-15T14:24:09.398+0000] {task_command.py:426} INFO - Running <TaskInstance: parsing_recipes.store_data scheduled__2024-05-15T14:22:00+00:00 [running]> on host 53697f0c267a
[2024-05-15T14:24:09.438+0000] {taskinstance.py:2648} INFO - Exporting env vars: AIRFLOW_CTX_DAG_OWNER='***' AIRFLOW_CTX_DAG_ID='parsing_recipes' AIRFLOW_CTX_TASK_ID='store_data' AIRFLOW_CTX_EXECUTION_DATE='2024-05-15T14:22:00+00:00' AIRFLOW_CTX_TRY_NUMBER='1' AIRFLOW_CTX_DAG_RUN_ID='scheduled__2024-05-15T14:22:00+00:00'
[2024-05-15T14:24:09.439+0000] {taskinstance.py:430} INFO - ::endgroup::
[2024-05-15T14:24:09.452+0000] {base.py:84} INFO - Using connection ID 'postgres_localhost' for task execution.
[2024-05-15T14:24:09.456+0000] {logging_mixin.py:188} INFO - []
[2024-05-15T14:24:09.457+0000] {python.py:237} INFO - Done. Returned value was: True
[2024-05-15T14:24:09.458+0000] {taskinstance.py:441} INFO - ::group::Post task execution logs
[2024-05-15T14:24:09.467+0000] {taskinstance.py:1206} INFO - Marking task as SUCCESS. dag_id=parsing_recipes, task_id=store_data, run_id=scheduled__2024-05-15T14:22:00+00:00, execution_date=20240515T142200, start_date=20240515T142409, end_date=20240515T142409
[2024-05-15T14:24:09.478+0000] {local_task_job_runner.py:240} INFO - Task exited with return code 0
[2024-05-15T14:24:09.484+0000] {logging_mixin.py:188} WARNING - /home/***/.local/lib/python3.12/site-packages/***/models/baseoperator.py:1296 AirflowProviderDeprecationWarning: Call to deprecated class PostgresOperator. (Please use `***.providers.common.sql.operators.sql.SQLExecuteQueryOperator`.Also, you can provide `hook_params={'schema': <database>}`.)
[2024-05-15T14:24:09.489+0000] {taskinstance.py:3498} INFO - 1 downstream tasks scheduled from follow-on schedule check
[2024-05-15T14:24:09.490+0000] {local_task_job_runner.py:222} INFO - ::endgroup::
