[2024-05-15T14:01:30.955+0000] {local_task_job_runner.py:120} INFO - ::group::Pre task execution logs
[2024-05-15T14:01:30.969+0000] {taskinstance.py:2076} INFO - Dependencies all met for dep_context=non-requeueable deps ti=<TaskInstance: parsing_recipes.store_data manual__2024-05-15T14:01:21.406313+00:00 [queued]>
[2024-05-15T14:01:30.973+0000] {taskinstance.py:2076} INFO - Dependencies all met for dep_context=requeueable deps ti=<TaskInstance: parsing_recipes.store_data manual__2024-05-15T14:01:21.406313+00:00 [queued]>
[2024-05-15T14:01:30.973+0000] {taskinstance.py:2306} INFO - Starting attempt 1 of 1
[2024-05-15T14:01:30.978+0000] {taskinstance.py:2330} INFO - Executing <Task(PythonOperator): store_data> on 2024-05-15 14:01:21.406313+00:00
[2024-05-15T14:01:30.982+0000] {logging_mixin.py:188} WARNING - /home/***/.local/lib/python3.12/site-packages/***/task/task_runner/standard_task_runner.py:61 DeprecationWarning: This process (pid=6871) is multi-threaded, use of fork() may lead to deadlocks in the child.
[2024-05-15T14:01:30.982+0000] {standard_task_runner.py:63} INFO - Started process 6872 to run task
[2024-05-15T14:01:30.982+0000] {standard_task_runner.py:90} INFO - Running: ['***', 'tasks', 'run', 'parsing_recipes', 'store_data', 'manual__2024-05-15T14:01:21.406313+00:00', '--job-id', '6212', '--raw', '--subdir', 'DAGS_FOLDER/recipes.py', '--cfg-path', '/tmp/tmp0hpx1sd7']
[2024-05-15T14:01:30.983+0000] {standard_task_runner.py:91} INFO - Job 6212: Subtask store_data
[2024-05-15T14:01:31.004+0000] {task_command.py:426} INFO - Running <TaskInstance: parsing_recipes.store_data manual__2024-05-15T14:01:21.406313+00:00 [running]> on host 53697f0c267a
[2024-05-15T14:01:31.043+0000] {taskinstance.py:2648} INFO - Exporting env vars: AIRFLOW_CTX_DAG_OWNER='***' AIRFLOW_CTX_DAG_ID='parsing_recipes' AIRFLOW_CTX_TASK_ID='store_data' AIRFLOW_CTX_EXECUTION_DATE='2024-05-15T14:01:21.406313+00:00' AIRFLOW_CTX_TRY_NUMBER='1' AIRFLOW_CTX_DAG_RUN_ID='manual__2024-05-15T14:01:21.406313+00:00'
[2024-05-15T14:01:31.044+0000] {taskinstance.py:430} INFO - ::endgroup::
[2024-05-15T14:01:31.057+0000] {base.py:84} INFO - Using connection ID 'postgres_localhost' for task execution.
[2024-05-15T14:01:31.062+0000] {logging_mixin.py:188} INFO - []
[2024-05-15T14:01:31.063+0000] {python.py:237} INFO - Done. Returned value was: True
[2024-05-15T14:01:31.063+0000] {taskinstance.py:441} INFO - ::group::Post task execution logs
[2024-05-15T14:01:31.073+0000] {taskinstance.py:1206} INFO - Marking task as SUCCESS. dag_id=parsing_recipes, task_id=store_data, run_id=manual__2024-05-15T14:01:21.406313+00:00, execution_date=20240515T140121, start_date=20240515T140130, end_date=20240515T140131
[2024-05-15T14:01:31.085+0000] {local_task_job_runner.py:240} INFO - Task exited with return code 0
[2024-05-15T14:01:31.093+0000] {taskinstance.py:3498} INFO - 0 downstream tasks scheduled from follow-on schedule check
[2024-05-15T14:01:31.101+0000] {local_task_job_runner.py:222} INFO - ::endgroup::
