[2024-05-14T02:45:06.691+0000] {processor.py:161} INFO - Started process (PID=165) to work on /opt/airflow/dags/meta_dag.py
[2024-05-14T02:45:06.692+0000] {processor.py:830} INFO - Processing file /opt/airflow/dags/meta_dag.py for tasks to queue
[2024-05-14T02:45:06.694+0000] {logging_mixin.py:188} INFO - [2024-05-14T02:45:06.693+0000] {dagbag.py:540} INFO - Filling up the DagBag from /opt/airflow/dags/meta_dag.py
[2024-05-14T02:45:06.701+0000] {logging_mixin.py:188} INFO - [2024-05-14T02:45:06.699+0000] {dagbag.py:350} ERROR - Failed to import: /opt/airflow/dags/meta_dag.py
Traceback (most recent call last):
  File "/home/airflow/.local/lib/python3.12/site-packages/airflow/models/dagbag.py", line 346, in parse
    loader.exec_module(new_module)
  File "<frozen importlib._bootstrap_external>", line 995, in exec_module
  File "<frozen importlib._bootstrap>", line 488, in _call_with_frames_removed
  File "/opt/airflow/dags/meta_dag.py", line 8, in <module>
    'retry_delay': timedelta(minutes=5)
                   ^^^^^^^^^
NameError: name 'timedelta' is not defined
[2024-05-14T02:45:06.703+0000] {processor.py:842} WARNING - No viable dags retrieved from /opt/airflow/dags/meta_dag.py
[2024-05-14T02:45:06.717+0000] {processor.py:183} INFO - Processing /opt/airflow/dags/meta_dag.py took 0.031 seconds
[2024-05-14T02:45:37.729+0000] {processor.py:161} INFO - Started process (PID=206) to work on /opt/airflow/dags/meta_dag.py
[2024-05-14T02:45:37.730+0000] {processor.py:830} INFO - Processing file /opt/airflow/dags/meta_dag.py for tasks to queue
[2024-05-14T02:45:37.732+0000] {logging_mixin.py:188} INFO - [2024-05-14T02:45:37.731+0000] {dagbag.py:540} INFO - Filling up the DagBag from /opt/airflow/dags/meta_dag.py
[2024-05-14T02:45:37.745+0000] {logging_mixin.py:188} INFO - [2024-05-14T02:45:37.735+0000] {dagbag.py:350} ERROR - Failed to import: /opt/airflow/dags/meta_dag.py
Traceback (most recent call last):
  File "/home/airflow/.local/lib/python3.12/site-packages/airflow/models/dagbag.py", line 346, in parse
    loader.exec_module(new_module)
  File "<frozen importlib._bootstrap_external>", line 995, in exec_module
  File "<frozen importlib._bootstrap>", line 488, in _call_with_frames_removed
  File "/opt/airflow/dags/meta_dag.py", line 8, in <module>
    'retry_delay': timedelta(minutes=5)
                   ^^^^^^^^^
NameError: name 'timedelta' is not defined
[2024-05-14T02:45:37.747+0000] {processor.py:842} WARNING - No viable dags retrieved from /opt/airflow/dags/meta_dag.py
[2024-05-14T02:45:37.758+0000] {processor.py:183} INFO - Processing /opt/airflow/dags/meta_dag.py took 0.033 seconds
[2024-05-14T02:46:08.184+0000] {processor.py:161} INFO - Started process (PID=247) to work on /opt/airflow/dags/meta_dag.py
[2024-05-14T02:46:08.185+0000] {processor.py:830} INFO - Processing file /opt/airflow/dags/meta_dag.py for tasks to queue
[2024-05-14T02:46:08.186+0000] {logging_mixin.py:188} INFO - [2024-05-14T02:46:08.186+0000] {dagbag.py:540} INFO - Filling up the DagBag from /opt/airflow/dags/meta_dag.py
[2024-05-14T02:46:08.196+0000] {logging_mixin.py:188} INFO - [2024-05-14T02:46:08.194+0000] {dagbag.py:350} ERROR - Failed to import: /opt/airflow/dags/meta_dag.py
Traceback (most recent call last):
  File "/home/airflow/.local/lib/python3.12/site-packages/airflow/models/dagbag.py", line 346, in parse
    loader.exec_module(new_module)
  File "<frozen importlib._bootstrap_external>", line 995, in exec_module
  File "<frozen importlib._bootstrap>", line 488, in _call_with_frames_removed
  File "/opt/airflow/dags/meta_dag.py", line 8, in <module>
    'retry_delay': timedelta(minutes=5)
                   ^^^^^^^^^
NameError: name 'timedelta' is not defined
[2024-05-14T02:46:08.197+0000] {processor.py:842} WARNING - No viable dags retrieved from /opt/airflow/dags/meta_dag.py
[2024-05-14T02:46:08.207+0000] {processor.py:183} INFO - Processing /opt/airflow/dags/meta_dag.py took 0.026 seconds
[2024-05-14T02:46:38.629+0000] {processor.py:161} INFO - Started process (PID=288) to work on /opt/airflow/dags/meta_dag.py
[2024-05-14T02:46:38.630+0000] {processor.py:830} INFO - Processing file /opt/airflow/dags/meta_dag.py for tasks to queue
[2024-05-14T02:46:38.632+0000] {logging_mixin.py:188} INFO - [2024-05-14T02:46:38.632+0000] {dagbag.py:540} INFO - Filling up the DagBag from /opt/airflow/dags/meta_dag.py
[2024-05-14T02:46:38.638+0000] {logging_mixin.py:188} INFO - [2024-05-14T02:46:38.636+0000] {dagbag.py:350} ERROR - Failed to import: /opt/airflow/dags/meta_dag.py
Traceback (most recent call last):
  File "/home/airflow/.local/lib/python3.12/site-packages/airflow/models/dagbag.py", line 346, in parse
    loader.exec_module(new_module)
  File "<frozen importlib._bootstrap_external>", line 995, in exec_module
  File "<frozen importlib._bootstrap>", line 488, in _call_with_frames_removed
  File "/opt/airflow/dags/meta_dag.py", line 8, in <module>
    'retry_delay': timedelta(minutes=5)
                   ^^^^^^^^^
NameError: name 'timedelta' is not defined
[2024-05-14T02:46:38.640+0000] {processor.py:842} WARNING - No viable dags retrieved from /opt/airflow/dags/meta_dag.py
[2024-05-14T02:46:38.650+0000] {processor.py:183} INFO - Processing /opt/airflow/dags/meta_dag.py took 0.029 seconds
[2024-05-14T02:47:09.153+0000] {processor.py:161} INFO - Started process (PID=329) to work on /opt/airflow/dags/meta_dag.py
[2024-05-14T02:47:09.155+0000] {processor.py:830} INFO - Processing file /opt/airflow/dags/meta_dag.py for tasks to queue
[2024-05-14T02:47:09.156+0000] {logging_mixin.py:188} INFO - [2024-05-14T02:47:09.156+0000] {dagbag.py:540} INFO - Filling up the DagBag from /opt/airflow/dags/meta_dag.py
[2024-05-14T02:47:09.162+0000] {logging_mixin.py:188} INFO - [2024-05-14T02:47:09.159+0000] {dagbag.py:350} ERROR - Failed to import: /opt/airflow/dags/meta_dag.py
Traceback (most recent call last):
  File "/home/airflow/.local/lib/python3.12/site-packages/airflow/models/dagbag.py", line 346, in parse
    loader.exec_module(new_module)
  File "<frozen importlib._bootstrap_external>", line 995, in exec_module
  File "<frozen importlib._bootstrap>", line 488, in _call_with_frames_removed
  File "/opt/airflow/dags/meta_dag.py", line 8, in <module>
    'retry_delay': timedelta(minutes=5)
                   ^^^^^^^^^
NameError: name 'timedelta' is not defined
[2024-05-14T02:47:09.164+0000] {processor.py:842} WARNING - No viable dags retrieved from /opt/airflow/dags/meta_dag.py
[2024-05-14T02:47:09.174+0000] {processor.py:183} INFO - Processing /opt/airflow/dags/meta_dag.py took 0.025 seconds
[2024-05-14T02:47:39.667+0000] {processor.py:161} INFO - Started process (PID=369) to work on /opt/airflow/dags/meta_dag.py
[2024-05-14T02:47:39.668+0000] {processor.py:830} INFO - Processing file /opt/airflow/dags/meta_dag.py for tasks to queue
[2024-05-14T02:47:39.669+0000] {logging_mixin.py:188} INFO - [2024-05-14T02:47:39.668+0000] {dagbag.py:540} INFO - Filling up the DagBag from /opt/airflow/dags/meta_dag.py
[2024-05-14T02:47:39.674+0000] {logging_mixin.py:188} INFO - [2024-05-14T02:47:39.672+0000] {dagbag.py:350} ERROR - Failed to import: /opt/airflow/dags/meta_dag.py
Traceback (most recent call last):
  File "/home/airflow/.local/lib/python3.12/site-packages/airflow/models/dagbag.py", line 346, in parse
    loader.exec_module(new_module)
  File "<frozen importlib._bootstrap_external>", line 995, in exec_module
  File "<frozen importlib._bootstrap>", line 488, in _call_with_frames_removed
  File "/opt/airflow/dags/meta_dag.py", line 8, in <module>
    'retry_delay': timedelta(minutes=5)
                   ^^^^^^^^^
NameError: name 'timedelta' is not defined
[2024-05-14T02:47:39.675+0000] {processor.py:842} WARNING - No viable dags retrieved from /opt/airflow/dags/meta_dag.py
[2024-05-14T02:47:39.684+0000] {processor.py:183} INFO - Processing /opt/airflow/dags/meta_dag.py took 0.024 seconds
[2024-05-14T02:48:10.188+0000] {processor.py:161} INFO - Started process (PID=410) to work on /opt/airflow/dags/meta_dag.py
[2024-05-14T02:48:10.188+0000] {processor.py:830} INFO - Processing file /opt/airflow/dags/meta_dag.py for tasks to queue
[2024-05-14T02:48:10.190+0000] {logging_mixin.py:188} INFO - [2024-05-14T02:48:10.189+0000] {dagbag.py:540} INFO - Filling up the DagBag from /opt/airflow/dags/meta_dag.py
[2024-05-14T02:48:10.194+0000] {logging_mixin.py:188} INFO - [2024-05-14T02:48:10.192+0000] {dagbag.py:350} ERROR - Failed to import: /opt/airflow/dags/meta_dag.py
Traceback (most recent call last):
  File "/home/airflow/.local/lib/python3.12/site-packages/airflow/models/dagbag.py", line 346, in parse
    loader.exec_module(new_module)
  File "<frozen importlib._bootstrap_external>", line 995, in exec_module
  File "<frozen importlib._bootstrap>", line 488, in _call_with_frames_removed
  File "/opt/airflow/dags/meta_dag.py", line 8, in <module>
    'retry_delay': timedelta(minutes=5)
                   ^^^^^^^^^
NameError: name 'timedelta' is not defined
[2024-05-14T02:48:10.196+0000] {processor.py:842} WARNING - No viable dags retrieved from /opt/airflow/dags/meta_dag.py
[2024-05-14T02:48:10.206+0000] {processor.py:183} INFO - Processing /opt/airflow/dags/meta_dag.py took 0.022 seconds
[2024-05-14T02:48:40.671+0000] {processor.py:161} INFO - Started process (PID=450) to work on /opt/airflow/dags/meta_dag.py
[2024-05-14T02:48:40.673+0000] {processor.py:830} INFO - Processing file /opt/airflow/dags/meta_dag.py for tasks to queue
[2024-05-14T02:48:40.675+0000] {logging_mixin.py:188} INFO - [2024-05-14T02:48:40.675+0000] {dagbag.py:540} INFO - Filling up the DagBag from /opt/airflow/dags/meta_dag.py
[2024-05-14T02:48:40.684+0000] {logging_mixin.py:188} INFO - [2024-05-14T02:48:40.682+0000] {dagbag.py:350} ERROR - Failed to import: /opt/airflow/dags/meta_dag.py
Traceback (most recent call last):
  File "/home/airflow/.local/lib/python3.12/site-packages/airflow/models/dagbag.py", line 346, in parse
    loader.exec_module(new_module)
  File "<frozen importlib._bootstrap_external>", line 995, in exec_module
  File "<frozen importlib._bootstrap>", line 488, in _call_with_frames_removed
  File "/opt/airflow/dags/meta_dag.py", line 8, in <module>
    'retry_delay': timedelta(minutes=5)
                   ^^^^^^^^^
NameError: name 'timedelta' is not defined
[2024-05-14T02:48:40.687+0000] {processor.py:842} WARNING - No viable dags retrieved from /opt/airflow/dags/meta_dag.py
[2024-05-14T02:48:40.695+0000] {processor.py:183} INFO - Processing /opt/airflow/dags/meta_dag.py took 0.028 seconds
[2024-05-14T02:49:11.216+0000] {processor.py:161} INFO - Started process (PID=491) to work on /opt/airflow/dags/meta_dag.py
[2024-05-14T02:49:11.218+0000] {processor.py:830} INFO - Processing file /opt/airflow/dags/meta_dag.py for tasks to queue
[2024-05-14T02:49:11.219+0000] {logging_mixin.py:188} INFO - [2024-05-14T02:49:11.219+0000] {dagbag.py:540} INFO - Filling up the DagBag from /opt/airflow/dags/meta_dag.py
[2024-05-14T02:49:11.230+0000] {logging_mixin.py:188} INFO - [2024-05-14T02:49:11.227+0000] {dagbag.py:350} ERROR - Failed to import: /opt/airflow/dags/meta_dag.py
Traceback (most recent call last):
  File "/home/airflow/.local/lib/python3.12/site-packages/airflow/models/dagbag.py", line 346, in parse
    loader.exec_module(new_module)
  File "<frozen importlib._bootstrap_external>", line 995, in exec_module
  File "<frozen importlib._bootstrap>", line 488, in _call_with_frames_removed
  File "/opt/airflow/dags/meta_dag.py", line 8, in <module>
    'retry_delay': timedelta(minutes=5)
                   ^^^^^^^^^
NameError: name 'timedelta' is not defined
[2024-05-14T02:49:11.231+0000] {processor.py:842} WARNING - No viable dags retrieved from /opt/airflow/dags/meta_dag.py
[2024-05-14T02:49:11.242+0000] {processor.py:183} INFO - Processing /opt/airflow/dags/meta_dag.py took 0.030 seconds
[2024-05-14T02:49:41.733+0000] {processor.py:161} INFO - Started process (PID=532) to work on /opt/airflow/dags/meta_dag.py
[2024-05-14T02:49:41.734+0000] {processor.py:830} INFO - Processing file /opt/airflow/dags/meta_dag.py for tasks to queue
[2024-05-14T02:49:41.735+0000] {logging_mixin.py:188} INFO - [2024-05-14T02:49:41.735+0000] {dagbag.py:540} INFO - Filling up the DagBag from /opt/airflow/dags/meta_dag.py
[2024-05-14T02:49:41.740+0000] {logging_mixin.py:188} INFO - [2024-05-14T02:49:41.738+0000] {dagbag.py:350} ERROR - Failed to import: /opt/airflow/dags/meta_dag.py
Traceback (most recent call last):
  File "/home/airflow/.local/lib/python3.12/site-packages/airflow/models/dagbag.py", line 346, in parse
    loader.exec_module(new_module)
  File "<frozen importlib._bootstrap_external>", line 995, in exec_module
  File "<frozen importlib._bootstrap>", line 488, in _call_with_frames_removed
  File "/opt/airflow/dags/meta_dag.py", line 8, in <module>
    'retry_delay': timedelta(minutes=5)
                   ^^^^^^^^^
NameError: name 'timedelta' is not defined
[2024-05-14T02:49:41.741+0000] {processor.py:842} WARNING - No viable dags retrieved from /opt/airflow/dags/meta_dag.py
[2024-05-14T02:49:41.751+0000] {processor.py:183} INFO - Processing /opt/airflow/dags/meta_dag.py took 0.021 seconds
[2024-05-14T02:50:12.297+0000] {processor.py:161} INFO - Started process (PID=573) to work on /opt/airflow/dags/meta_dag.py
[2024-05-14T02:50:12.298+0000] {processor.py:830} INFO - Processing file /opt/airflow/dags/meta_dag.py for tasks to queue
[2024-05-14T02:50:12.299+0000] {logging_mixin.py:188} INFO - [2024-05-14T02:50:12.299+0000] {dagbag.py:540} INFO - Filling up the DagBag from /opt/airflow/dags/meta_dag.py
[2024-05-14T02:50:12.305+0000] {logging_mixin.py:188} INFO - [2024-05-14T02:50:12.302+0000] {dagbag.py:350} ERROR - Failed to import: /opt/airflow/dags/meta_dag.py
Traceback (most recent call last):
  File "/home/airflow/.local/lib/python3.12/site-packages/airflow/models/dagbag.py", line 346, in parse
    loader.exec_module(new_module)
  File "<frozen importlib._bootstrap_external>", line 995, in exec_module
  File "<frozen importlib._bootstrap>", line 488, in _call_with_frames_removed
  File "/opt/airflow/dags/meta_dag.py", line 8, in <module>
    'retry_delay': timedelta(minutes=5)
                   ^^^^^^^^^
NameError: name 'timedelta' is not defined
[2024-05-14T02:50:12.306+0000] {processor.py:842} WARNING - No viable dags retrieved from /opt/airflow/dags/meta_dag.py
[2024-05-14T02:50:12.317+0000] {processor.py:183} INFO - Processing /opt/airflow/dags/meta_dag.py took 0.025 seconds
[2024-05-14T02:50:42.824+0000] {processor.py:161} INFO - Started process (PID=614) to work on /opt/airflow/dags/meta_dag.py
[2024-05-14T02:50:42.825+0000] {processor.py:830} INFO - Processing file /opt/airflow/dags/meta_dag.py for tasks to queue
[2024-05-14T02:50:42.826+0000] {logging_mixin.py:188} INFO - [2024-05-14T02:50:42.826+0000] {dagbag.py:540} INFO - Filling up the DagBag from /opt/airflow/dags/meta_dag.py
[2024-05-14T02:50:42.831+0000] {logging_mixin.py:188} INFO - [2024-05-14T02:50:42.829+0000] {dagbag.py:350} ERROR - Failed to import: /opt/airflow/dags/meta_dag.py
Traceback (most recent call last):
  File "/home/airflow/.local/lib/python3.12/site-packages/airflow/models/dagbag.py", line 346, in parse
    loader.exec_module(new_module)
  File "<frozen importlib._bootstrap_external>", line 995, in exec_module
  File "<frozen importlib._bootstrap>", line 488, in _call_with_frames_removed
  File "/opt/airflow/dags/meta_dag.py", line 8, in <module>
    'retry_delay': timedelta(minutes=5)
                   ^^^^^^^^^
NameError: name 'timedelta' is not defined
[2024-05-14T02:50:42.832+0000] {processor.py:842} WARNING - No viable dags retrieved from /opt/airflow/dags/meta_dag.py
[2024-05-14T02:50:42.842+0000] {processor.py:183} INFO - Processing /opt/airflow/dags/meta_dag.py took 0.023 seconds
[2024-05-14T02:51:13.349+0000] {processor.py:161} INFO - Started process (PID=654) to work on /opt/airflow/dags/meta_dag.py
[2024-05-14T02:51:13.350+0000] {processor.py:830} INFO - Processing file /opt/airflow/dags/meta_dag.py for tasks to queue
[2024-05-14T02:51:13.354+0000] {logging_mixin.py:188} INFO - [2024-05-14T02:51:13.354+0000] {dagbag.py:540} INFO - Filling up the DagBag from /opt/airflow/dags/meta_dag.py
[2024-05-14T02:51:13.361+0000] {logging_mixin.py:188} INFO - [2024-05-14T02:51:13.359+0000] {dagbag.py:350} ERROR - Failed to import: /opt/airflow/dags/meta_dag.py
Traceback (most recent call last):
  File "/home/airflow/.local/lib/python3.12/site-packages/airflow/models/dagbag.py", line 346, in parse
    loader.exec_module(new_module)
  File "<frozen importlib._bootstrap_external>", line 995, in exec_module
  File "<frozen importlib._bootstrap>", line 488, in _call_with_frames_removed
  File "/opt/airflow/dags/meta_dag.py", line 8, in <module>
    'retry_delay': timedelta(minutes=5)
                   ^^^^^^^^^
NameError: name 'timedelta' is not defined
[2024-05-14T02:51:13.363+0000] {processor.py:842} WARNING - No viable dags retrieved from /opt/airflow/dags/meta_dag.py
[2024-05-14T02:51:13.374+0000] {processor.py:183} INFO - Processing /opt/airflow/dags/meta_dag.py took 0.031 seconds
[2024-05-14T02:51:43.936+0000] {processor.py:161} INFO - Started process (PID=695) to work on /opt/airflow/dags/meta_dag.py
[2024-05-14T02:51:43.937+0000] {processor.py:830} INFO - Processing file /opt/airflow/dags/meta_dag.py for tasks to queue
[2024-05-14T02:51:43.941+0000] {logging_mixin.py:188} INFO - [2024-05-14T02:51:43.941+0000] {dagbag.py:540} INFO - Filling up the DagBag from /opt/airflow/dags/meta_dag.py
[2024-05-14T02:51:43.951+0000] {logging_mixin.py:188} INFO - [2024-05-14T02:51:43.945+0000] {dagbag.py:350} ERROR - Failed to import: /opt/airflow/dags/meta_dag.py
Traceback (most recent call last):
  File "/home/airflow/.local/lib/python3.12/site-packages/airflow/models/dagbag.py", line 346, in parse
    loader.exec_module(new_module)
  File "<frozen importlib._bootstrap_external>", line 995, in exec_module
  File "<frozen importlib._bootstrap>", line 488, in _call_with_frames_removed
  File "/opt/airflow/dags/meta_dag.py", line 8, in <module>
    'retry_delay': timedelta(minutes=5)
                   ^^^^^^^^^
NameError: name 'timedelta' is not defined
[2024-05-14T02:51:43.954+0000] {processor.py:842} WARNING - No viable dags retrieved from /opt/airflow/dags/meta_dag.py
[2024-05-14T02:51:43.963+0000] {processor.py:183} INFO - Processing /opt/airflow/dags/meta_dag.py took 0.032 seconds
[2024-05-14T02:52:14.487+0000] {processor.py:161} INFO - Started process (PID=736) to work on /opt/airflow/dags/meta_dag.py
[2024-05-14T02:52:14.488+0000] {processor.py:830} INFO - Processing file /opt/airflow/dags/meta_dag.py for tasks to queue
[2024-05-14T02:52:14.489+0000] {logging_mixin.py:188} INFO - [2024-05-14T02:52:14.489+0000] {dagbag.py:540} INFO - Filling up the DagBag from /opt/airflow/dags/meta_dag.py
[2024-05-14T02:52:14.494+0000] {logging_mixin.py:188} INFO - [2024-05-14T02:52:14.492+0000] {dagbag.py:350} ERROR - Failed to import: /opt/airflow/dags/meta_dag.py
Traceback (most recent call last):
  File "/home/airflow/.local/lib/python3.12/site-packages/airflow/models/dagbag.py", line 346, in parse
    loader.exec_module(new_module)
  File "<frozen importlib._bootstrap_external>", line 995, in exec_module
  File "<frozen importlib._bootstrap>", line 488, in _call_with_frames_removed
  File "/opt/airflow/dags/meta_dag.py", line 8, in <module>
    'retry_delay': timedelta(minutes=5)
                   ^^^^^^^^^
NameError: name 'timedelta' is not defined
[2024-05-14T02:52:14.496+0000] {processor.py:842} WARNING - No viable dags retrieved from /opt/airflow/dags/meta_dag.py
[2024-05-14T02:52:14.507+0000] {processor.py:183} INFO - Processing /opt/airflow/dags/meta_dag.py took 0.026 seconds
[2024-05-14T02:52:44.995+0000] {processor.py:161} INFO - Started process (PID=777) to work on /opt/airflow/dags/meta_dag.py
[2024-05-14T02:52:44.995+0000] {processor.py:830} INFO - Processing file /opt/airflow/dags/meta_dag.py for tasks to queue
[2024-05-14T02:52:44.996+0000] {logging_mixin.py:188} INFO - [2024-05-14T02:52:44.996+0000] {dagbag.py:540} INFO - Filling up the DagBag from /opt/airflow/dags/meta_dag.py
[2024-05-14T02:52:45.001+0000] {logging_mixin.py:188} INFO - [2024-05-14T02:52:44.999+0000] {dagbag.py:350} ERROR - Failed to import: /opt/airflow/dags/meta_dag.py
Traceback (most recent call last):
  File "/home/airflow/.local/lib/python3.12/site-packages/airflow/models/dagbag.py", line 346, in parse
    loader.exec_module(new_module)
  File "<frozen importlib._bootstrap_external>", line 995, in exec_module
  File "<frozen importlib._bootstrap>", line 488, in _call_with_frames_removed
  File "/opt/airflow/dags/meta_dag.py", line 8, in <module>
    'retry_delay': timedelta(minutes=5)
                   ^^^^^^^^^
NameError: name 'timedelta' is not defined
[2024-05-14T02:52:45.002+0000] {processor.py:842} WARNING - No viable dags retrieved from /opt/airflow/dags/meta_dag.py
[2024-05-14T02:52:45.014+0000] {processor.py:183} INFO - Processing /opt/airflow/dags/meta_dag.py took 0.026 seconds
[2024-05-14T02:53:15.542+0000] {processor.py:161} INFO - Started process (PID=818) to work on /opt/airflow/dags/meta_dag.py
[2024-05-14T02:53:15.543+0000] {processor.py:830} INFO - Processing file /opt/airflow/dags/meta_dag.py for tasks to queue
[2024-05-14T02:53:15.544+0000] {logging_mixin.py:188} INFO - [2024-05-14T02:53:15.544+0000] {dagbag.py:540} INFO - Filling up the DagBag from /opt/airflow/dags/meta_dag.py
[2024-05-14T02:53:15.550+0000] {logging_mixin.py:188} INFO - [2024-05-14T02:53:15.547+0000] {dagbag.py:350} ERROR - Failed to import: /opt/airflow/dags/meta_dag.py
Traceback (most recent call last):
  File "/home/airflow/.local/lib/python3.12/site-packages/airflow/models/dagbag.py", line 346, in parse
    loader.exec_module(new_module)
  File "<frozen importlib._bootstrap_external>", line 995, in exec_module
  File "<frozen importlib._bootstrap>", line 488, in _call_with_frames_removed
  File "/opt/airflow/dags/meta_dag.py", line 8, in <module>
    'retry_delay': timedelta(minutes=5)
                   ^^^^^^^^^
NameError: name 'timedelta' is not defined
[2024-05-14T02:53:15.551+0000] {processor.py:842} WARNING - No viable dags retrieved from /opt/airflow/dags/meta_dag.py
[2024-05-14T02:53:15.561+0000] {processor.py:183} INFO - Processing /opt/airflow/dags/meta_dag.py took 0.024 seconds
[2024-05-14T02:53:46.140+0000] {processor.py:161} INFO - Started process (PID=859) to work on /opt/airflow/dags/meta_dag.py
[2024-05-14T02:53:46.142+0000] {processor.py:830} INFO - Processing file /opt/airflow/dags/meta_dag.py for tasks to queue
[2024-05-14T02:53:46.144+0000] {logging_mixin.py:188} INFO - [2024-05-14T02:53:46.143+0000] {dagbag.py:540} INFO - Filling up the DagBag from /opt/airflow/dags/meta_dag.py
[2024-05-14T02:53:46.149+0000] {logging_mixin.py:188} INFO - [2024-05-14T02:53:46.147+0000] {dagbag.py:350} ERROR - Failed to import: /opt/airflow/dags/meta_dag.py
Traceback (most recent call last):
  File "/home/airflow/.local/lib/python3.12/site-packages/airflow/models/dagbag.py", line 346, in parse
    loader.exec_module(new_module)
  File "<frozen importlib._bootstrap_external>", line 995, in exec_module
  File "<frozen importlib._bootstrap>", line 488, in _call_with_frames_removed
  File "/opt/airflow/dags/meta_dag.py", line 8, in <module>
    'retry_delay': timedelta(minutes=5)
                   ^^^^^^^^^
NameError: name 'timedelta' is not defined
[2024-05-14T02:53:46.151+0000] {processor.py:842} WARNING - No viable dags retrieved from /opt/airflow/dags/meta_dag.py
[2024-05-14T02:53:46.165+0000] {processor.py:183} INFO - Processing /opt/airflow/dags/meta_dag.py took 0.029 seconds
[2024-05-14T02:54:16.695+0000] {processor.py:161} INFO - Started process (PID=900) to work on /opt/airflow/dags/meta_dag.py
[2024-05-14T02:54:16.695+0000] {processor.py:830} INFO - Processing file /opt/airflow/dags/meta_dag.py for tasks to queue
[2024-05-14T02:54:16.697+0000] {logging_mixin.py:188} INFO - [2024-05-14T02:54:16.697+0000] {dagbag.py:540} INFO - Filling up the DagBag from /opt/airflow/dags/meta_dag.py
[2024-05-14T02:54:16.701+0000] {logging_mixin.py:188} INFO - [2024-05-14T02:54:16.699+0000] {dagbag.py:350} ERROR - Failed to import: /opt/airflow/dags/meta_dag.py
Traceback (most recent call last):
  File "/home/airflow/.local/lib/python3.12/site-packages/airflow/models/dagbag.py", line 346, in parse
    loader.exec_module(new_module)
  File "<frozen importlib._bootstrap_external>", line 995, in exec_module
  File "<frozen importlib._bootstrap>", line 488, in _call_with_frames_removed
  File "/opt/airflow/dags/meta_dag.py", line 8, in <module>
    'retry_delay': timedelta(minutes=5)
                   ^^^^^^^^^
NameError: name 'timedelta' is not defined
[2024-05-14T02:54:16.703+0000] {processor.py:842} WARNING - No viable dags retrieved from /opt/airflow/dags/meta_dag.py
[2024-05-14T02:54:16.714+0000] {processor.py:183} INFO - Processing /opt/airflow/dags/meta_dag.py took 0.025 seconds
[2024-05-14T02:54:47.125+0000] {processor.py:161} INFO - Started process (PID=941) to work on /opt/airflow/dags/meta_dag.py
[2024-05-14T02:54:47.126+0000] {processor.py:830} INFO - Processing file /opt/airflow/dags/meta_dag.py for tasks to queue
[2024-05-14T02:54:47.127+0000] {logging_mixin.py:188} INFO - [2024-05-14T02:54:47.126+0000] {dagbag.py:540} INFO - Filling up the DagBag from /opt/airflow/dags/meta_dag.py
[2024-05-14T02:54:47.131+0000] {logging_mixin.py:188} INFO - [2024-05-14T02:54:47.129+0000] {dagbag.py:350} ERROR - Failed to import: /opt/airflow/dags/meta_dag.py
Traceback (most recent call last):
  File "/home/airflow/.local/lib/python3.12/site-packages/airflow/models/dagbag.py", line 346, in parse
    loader.exec_module(new_module)
  File "<frozen importlib._bootstrap_external>", line 995, in exec_module
  File "<frozen importlib._bootstrap>", line 488, in _call_with_frames_removed
  File "/opt/airflow/dags/meta_dag.py", line 8, in <module>
    'retry_delay': timedelta(minutes=5)
                   ^^^^^^^^^
NameError: name 'timedelta' is not defined
[2024-05-14T02:54:47.132+0000] {processor.py:842} WARNING - No viable dags retrieved from /opt/airflow/dags/meta_dag.py
[2024-05-14T02:54:47.142+0000] {processor.py:183} INFO - Processing /opt/airflow/dags/meta_dag.py took 0.021 seconds
[2024-05-14T02:55:17.731+0000] {processor.py:161} INFO - Started process (PID=982) to work on /opt/airflow/dags/meta_dag.py
[2024-05-14T02:55:17.732+0000] {processor.py:830} INFO - Processing file /opt/airflow/dags/meta_dag.py for tasks to queue
[2024-05-14T02:55:17.734+0000] {logging_mixin.py:188} INFO - [2024-05-14T02:55:17.734+0000] {dagbag.py:540} INFO - Filling up the DagBag from /opt/airflow/dags/meta_dag.py
[2024-05-14T02:55:17.738+0000] {logging_mixin.py:188} INFO - [2024-05-14T02:55:17.736+0000] {dagbag.py:350} ERROR - Failed to import: /opt/airflow/dags/meta_dag.py
Traceback (most recent call last):
  File "/home/airflow/.local/lib/python3.12/site-packages/airflow/models/dagbag.py", line 346, in parse
    loader.exec_module(new_module)
  File "<frozen importlib._bootstrap_external>", line 995, in exec_module
  File "<frozen importlib._bootstrap>", line 488, in _call_with_frames_removed
  File "/opt/airflow/dags/meta_dag.py", line 8, in <module>
    'retry_delay': timedelta(minutes=5)
                   ^^^^^^^^^
NameError: name 'timedelta' is not defined
[2024-05-14T02:55:17.740+0000] {processor.py:842} WARNING - No viable dags retrieved from /opt/airflow/dags/meta_dag.py
[2024-05-14T02:55:17.752+0000] {processor.py:183} INFO - Processing /opt/airflow/dags/meta_dag.py took 0.025 seconds
[2024-05-14T02:55:48.274+0000] {processor.py:161} INFO - Started process (PID=1023) to work on /opt/airflow/dags/meta_dag.py
[2024-05-14T02:55:48.275+0000] {processor.py:830} INFO - Processing file /opt/airflow/dags/meta_dag.py for tasks to queue
[2024-05-14T02:55:48.276+0000] {logging_mixin.py:188} INFO - [2024-05-14T02:55:48.276+0000] {dagbag.py:540} INFO - Filling up the DagBag from /opt/airflow/dags/meta_dag.py
[2024-05-14T02:55:48.283+0000] {logging_mixin.py:188} INFO - [2024-05-14T02:55:48.281+0000] {dagbag.py:350} ERROR - Failed to import: /opt/airflow/dags/meta_dag.py
Traceback (most recent call last):
  File "/home/airflow/.local/lib/python3.12/site-packages/airflow/models/dagbag.py", line 346, in parse
    loader.exec_module(new_module)
  File "<frozen importlib._bootstrap_external>", line 995, in exec_module
  File "<frozen importlib._bootstrap>", line 488, in _call_with_frames_removed
  File "/opt/airflow/dags/meta_dag.py", line 8, in <module>
    'retry_delay': timedelta(minutes=5)
                   ^^^^^^^^^
NameError: name 'timedelta' is not defined
[2024-05-14T02:55:48.284+0000] {processor.py:842} WARNING - No viable dags retrieved from /opt/airflow/dags/meta_dag.py
[2024-05-14T02:55:48.294+0000] {processor.py:183} INFO - Processing /opt/airflow/dags/meta_dag.py took 0.023 seconds
[2024-05-14T02:56:18.822+0000] {processor.py:161} INFO - Started process (PID=1063) to work on /opt/airflow/dags/meta_dag.py
[2024-05-14T02:56:18.824+0000] {processor.py:830} INFO - Processing file /opt/airflow/dags/meta_dag.py for tasks to queue
[2024-05-14T02:56:18.828+0000] {logging_mixin.py:188} INFO - [2024-05-14T02:56:18.828+0000] {dagbag.py:540} INFO - Filling up the DagBag from /opt/airflow/dags/meta_dag.py
[2024-05-14T02:56:18.838+0000] {logging_mixin.py:188} INFO - [2024-05-14T02:56:18.832+0000] {dagbag.py:350} ERROR - Failed to import: /opt/airflow/dags/meta_dag.py
Traceback (most recent call last):
  File "/home/airflow/.local/lib/python3.12/site-packages/airflow/models/dagbag.py", line 346, in parse
    loader.exec_module(new_module)
  File "<frozen importlib._bootstrap_external>", line 995, in exec_module
  File "<frozen importlib._bootstrap>", line 488, in _call_with_frames_removed
  File "/opt/airflow/dags/meta_dag.py", line 8, in <module>
    'retry_delay': timedelta(minutes=5)
                   ^^^^^^^^^
NameError: name 'timedelta' is not defined
[2024-05-14T02:56:18.840+0000] {processor.py:842} WARNING - No viable dags retrieved from /opt/airflow/dags/meta_dag.py
[2024-05-14T02:56:18.849+0000] {processor.py:183} INFO - Processing /opt/airflow/dags/meta_dag.py took 0.030 seconds
[2024-05-14T02:56:49.207+0000] {processor.py:161} INFO - Started process (PID=1104) to work on /opt/airflow/dags/meta_dag.py
[2024-05-14T02:56:49.209+0000] {processor.py:830} INFO - Processing file /opt/airflow/dags/meta_dag.py for tasks to queue
[2024-05-14T02:56:49.210+0000] {logging_mixin.py:188} INFO - [2024-05-14T02:56:49.210+0000] {dagbag.py:540} INFO - Filling up the DagBag from /opt/airflow/dags/meta_dag.py
[2024-05-14T02:56:49.215+0000] {logging_mixin.py:188} INFO - [2024-05-14T02:56:49.213+0000] {dagbag.py:350} ERROR - Failed to import: /opt/airflow/dags/meta_dag.py
Traceback (most recent call last):
  File "/home/airflow/.local/lib/python3.12/site-packages/airflow/models/dagbag.py", line 346, in parse
    loader.exec_module(new_module)
  File "<frozen importlib._bootstrap_external>", line 995, in exec_module
  File "<frozen importlib._bootstrap>", line 488, in _call_with_frames_removed
  File "/opt/airflow/dags/meta_dag.py", line 8, in <module>
    'retry_delay': timedelta(minutes=5)
                   ^^^^^^^^^
NameError: name 'timedelta' is not defined
[2024-05-14T02:56:49.217+0000] {processor.py:842} WARNING - No viable dags retrieved from /opt/airflow/dags/meta_dag.py
[2024-05-14T02:56:49.227+0000] {processor.py:183} INFO - Processing /opt/airflow/dags/meta_dag.py took 0.024 seconds
[2024-05-14T02:57:19.716+0000] {processor.py:161} INFO - Started process (PID=1145) to work on /opt/airflow/dags/meta_dag.py
[2024-05-14T02:57:19.717+0000] {processor.py:830} INFO - Processing file /opt/airflow/dags/meta_dag.py for tasks to queue
[2024-05-14T02:57:19.718+0000] {logging_mixin.py:188} INFO - [2024-05-14T02:57:19.717+0000] {dagbag.py:540} INFO - Filling up the DagBag from /opt/airflow/dags/meta_dag.py
[2024-05-14T02:57:19.723+0000] {logging_mixin.py:188} INFO - [2024-05-14T02:57:19.721+0000] {dagbag.py:350} ERROR - Failed to import: /opt/airflow/dags/meta_dag.py
Traceback (most recent call last):
  File "/home/airflow/.local/lib/python3.12/site-packages/airflow/models/dagbag.py", line 346, in parse
    loader.exec_module(new_module)
  File "<frozen importlib._bootstrap_external>", line 995, in exec_module
  File "<frozen importlib._bootstrap>", line 488, in _call_with_frames_removed
  File "/opt/airflow/dags/meta_dag.py", line 8, in <module>
    'retry_delay': timedelta(minutes=5)
                   ^^^^^^^^^
NameError: name 'timedelta' is not defined
[2024-05-14T02:57:19.725+0000] {processor.py:842} WARNING - No viable dags retrieved from /opt/airflow/dags/meta_dag.py
[2024-05-14T02:57:19.736+0000] {processor.py:183} INFO - Processing /opt/airflow/dags/meta_dag.py took 0.024 seconds
[2024-05-14T02:57:50.220+0000] {processor.py:161} INFO - Started process (PID=1186) to work on /opt/airflow/dags/meta_dag.py
[2024-05-14T02:57:50.220+0000] {processor.py:830} INFO - Processing file /opt/airflow/dags/meta_dag.py for tasks to queue
[2024-05-14T02:57:50.222+0000] {logging_mixin.py:188} INFO - [2024-05-14T02:57:50.222+0000] {dagbag.py:540} INFO - Filling up the DagBag from /opt/airflow/dags/meta_dag.py
[2024-05-14T02:57:50.227+0000] {logging_mixin.py:188} INFO - [2024-05-14T02:57:50.225+0000] {dagbag.py:350} ERROR - Failed to import: /opt/airflow/dags/meta_dag.py
Traceback (most recent call last):
  File "/home/airflow/.local/lib/python3.12/site-packages/airflow/models/dagbag.py", line 346, in parse
    loader.exec_module(new_module)
  File "<frozen importlib._bootstrap_external>", line 995, in exec_module
  File "<frozen importlib._bootstrap>", line 488, in _call_with_frames_removed
  File "/opt/airflow/dags/meta_dag.py", line 8, in <module>
    'retry_delay': timedelta(minutes=5)
                   ^^^^^^^^^
NameError: name 'timedelta' is not defined
[2024-05-14T02:57:50.229+0000] {processor.py:842} WARNING - No viable dags retrieved from /opt/airflow/dags/meta_dag.py
[2024-05-14T02:57:50.242+0000] {processor.py:183} INFO - Processing /opt/airflow/dags/meta_dag.py took 0.026 seconds
[2024-05-14T02:58:20.784+0000] {processor.py:161} INFO - Started process (PID=1227) to work on /opt/airflow/dags/meta_dag.py
[2024-05-14T02:58:20.785+0000] {processor.py:830} INFO - Processing file /opt/airflow/dags/meta_dag.py for tasks to queue
[2024-05-14T02:58:20.787+0000] {logging_mixin.py:188} INFO - [2024-05-14T02:58:20.787+0000] {dagbag.py:540} INFO - Filling up the DagBag from /opt/airflow/dags/meta_dag.py
[2024-05-14T02:58:20.791+0000] {logging_mixin.py:188} INFO - [2024-05-14T02:58:20.789+0000] {dagbag.py:350} ERROR - Failed to import: /opt/airflow/dags/meta_dag.py
Traceback (most recent call last):
  File "/home/airflow/.local/lib/python3.12/site-packages/airflow/models/dagbag.py", line 346, in parse
    loader.exec_module(new_module)
  File "<frozen importlib._bootstrap_external>", line 995, in exec_module
  File "<frozen importlib._bootstrap>", line 488, in _call_with_frames_removed
  File "/opt/airflow/dags/meta_dag.py", line 8, in <module>
    'retry_delay': timedelta(minutes=5)
                   ^^^^^^^^^
NameError: name 'timedelta' is not defined
[2024-05-14T02:58:20.793+0000] {processor.py:842} WARNING - No viable dags retrieved from /opt/airflow/dags/meta_dag.py
[2024-05-14T02:58:20.804+0000] {processor.py:183} INFO - Processing /opt/airflow/dags/meta_dag.py took 0.024 seconds
[2024-05-14T02:58:51.404+0000] {processor.py:161} INFO - Started process (PID=1268) to work on /opt/airflow/dags/meta_dag.py
[2024-05-14T02:58:51.406+0000] {processor.py:830} INFO - Processing file /opt/airflow/dags/meta_dag.py for tasks to queue
[2024-05-14T02:58:51.410+0000] {logging_mixin.py:188} INFO - [2024-05-14T02:58:51.409+0000] {dagbag.py:540} INFO - Filling up the DagBag from /opt/airflow/dags/meta_dag.py
[2024-05-14T02:58:51.420+0000] {logging_mixin.py:188} INFO - [2024-05-14T02:58:51.416+0000] {dagbag.py:350} ERROR - Failed to import: /opt/airflow/dags/meta_dag.py
Traceback (most recent call last):
  File "/home/airflow/.local/lib/python3.12/site-packages/airflow/models/dagbag.py", line 346, in parse
    loader.exec_module(new_module)
  File "<frozen importlib._bootstrap_external>", line 995, in exec_module
  File "<frozen importlib._bootstrap>", line 488, in _call_with_frames_removed
  File "/opt/airflow/dags/meta_dag.py", line 8, in <module>
    'retry_delay': timedelta(minutes=5)
                   ^^^^^^^^^
NameError: name 'timedelta' is not defined
[2024-05-14T02:58:51.423+0000] {processor.py:842} WARNING - No viable dags retrieved from /opt/airflow/dags/meta_dag.py
[2024-05-14T02:58:51.436+0000] {processor.py:183} INFO - Processing /opt/airflow/dags/meta_dag.py took 0.041 seconds
[2024-05-14T02:59:22.056+0000] {processor.py:161} INFO - Started process (PID=1309) to work on /opt/airflow/dags/meta_dag.py
[2024-05-14T02:59:22.058+0000] {processor.py:830} INFO - Processing file /opt/airflow/dags/meta_dag.py for tasks to queue
[2024-05-14T02:59:22.061+0000] {logging_mixin.py:188} INFO - [2024-05-14T02:59:22.060+0000] {dagbag.py:540} INFO - Filling up the DagBag from /opt/airflow/dags/meta_dag.py
[2024-05-14T02:59:22.074+0000] {logging_mixin.py:188} INFO - [2024-05-14T02:59:22.068+0000] {dagbag.py:350} ERROR - Failed to import: /opt/airflow/dags/meta_dag.py
Traceback (most recent call last):
  File "/home/airflow/.local/lib/python3.12/site-packages/airflow/models/dagbag.py", line 346, in parse
    loader.exec_module(new_module)
  File "<frozen importlib._bootstrap_external>", line 995, in exec_module
  File "<frozen importlib._bootstrap>", line 488, in _call_with_frames_removed
  File "/opt/airflow/dags/meta_dag.py", line 8, in <module>
    'retry_delay': timedelta(minutes=5)
                   ^^^^^^^^^
NameError: name 'timedelta' is not defined
[2024-05-14T02:59:22.077+0000] {processor.py:842} WARNING - No viable dags retrieved from /opt/airflow/dags/meta_dag.py
[2024-05-14T02:59:22.093+0000] {processor.py:183} INFO - Processing /opt/airflow/dags/meta_dag.py took 0.044 seconds
[2024-05-14T02:59:52.719+0000] {processor.py:161} INFO - Started process (PID=1350) to work on /opt/airflow/dags/meta_dag.py
[2024-05-14T02:59:52.721+0000] {processor.py:830} INFO - Processing file /opt/airflow/dags/meta_dag.py for tasks to queue
[2024-05-14T02:59:52.723+0000] {logging_mixin.py:188} INFO - [2024-05-14T02:59:52.723+0000] {dagbag.py:540} INFO - Filling up the DagBag from /opt/airflow/dags/meta_dag.py
[2024-05-14T02:59:52.732+0000] {logging_mixin.py:188} INFO - [2024-05-14T02:59:52.729+0000] {dagbag.py:350} ERROR - Failed to import: /opt/airflow/dags/meta_dag.py
Traceback (most recent call last):
  File "/home/airflow/.local/lib/python3.12/site-packages/airflow/models/dagbag.py", line 346, in parse
    loader.exec_module(new_module)
  File "<frozen importlib._bootstrap_external>", line 995, in exec_module
  File "<frozen importlib._bootstrap>", line 488, in _call_with_frames_removed
  File "/opt/airflow/dags/meta_dag.py", line 8, in <module>
    'retry_delay': timedelta(minutes=5)
                   ^^^^^^^^^
NameError: name 'timedelta' is not defined
[2024-05-14T02:59:52.735+0000] {processor.py:842} WARNING - No viable dags retrieved from /opt/airflow/dags/meta_dag.py
[2024-05-14T02:59:52.749+0000] {processor.py:183} INFO - Processing /opt/airflow/dags/meta_dag.py took 0.038 seconds
[2024-05-14T03:00:23.474+0000] {processor.py:161} INFO - Started process (PID=1391) to work on /opt/airflow/dags/meta_dag.py
[2024-05-14T03:00:23.476+0000] {processor.py:830} INFO - Processing file /opt/airflow/dags/meta_dag.py for tasks to queue
[2024-05-14T03:00:23.479+0000] {logging_mixin.py:188} INFO - [2024-05-14T03:00:23.478+0000] {dagbag.py:540} INFO - Filling up the DagBag from /opt/airflow/dags/meta_dag.py
[2024-05-14T03:00:23.489+0000] {logging_mixin.py:188} INFO - [2024-05-14T03:00:23.485+0000] {dagbag.py:350} ERROR - Failed to import: /opt/airflow/dags/meta_dag.py
Traceback (most recent call last):
  File "/home/airflow/.local/lib/python3.12/site-packages/airflow/models/dagbag.py", line 346, in parse
    loader.exec_module(new_module)
  File "<frozen importlib._bootstrap_external>", line 995, in exec_module
  File "<frozen importlib._bootstrap>", line 488, in _call_with_frames_removed
  File "/opt/airflow/dags/meta_dag.py", line 8, in <module>
    'retry_delay': timedelta(minutes=5)
                   ^^^^^^^^^
NameError: name 'timedelta' is not defined
[2024-05-14T03:00:23.491+0000] {processor.py:842} WARNING - No viable dags retrieved from /opt/airflow/dags/meta_dag.py
[2024-05-14T03:00:23.508+0000] {processor.py:183} INFO - Processing /opt/airflow/dags/meta_dag.py took 0.042 seconds
[2024-05-14T03:00:54.159+0000] {processor.py:161} INFO - Started process (PID=1432) to work on /opt/airflow/dags/meta_dag.py
[2024-05-14T03:00:54.161+0000] {processor.py:830} INFO - Processing file /opt/airflow/dags/meta_dag.py for tasks to queue
[2024-05-14T03:00:54.162+0000] {logging_mixin.py:188} INFO - [2024-05-14T03:00:54.162+0000] {dagbag.py:540} INFO - Filling up the DagBag from /opt/airflow/dags/meta_dag.py
[2024-05-14T03:00:54.169+0000] {logging_mixin.py:188} INFO - [2024-05-14T03:00:54.166+0000] {dagbag.py:350} ERROR - Failed to import: /opt/airflow/dags/meta_dag.py
Traceback (most recent call last):
  File "/home/airflow/.local/lib/python3.12/site-packages/airflow/models/dagbag.py", line 346, in parse
    loader.exec_module(new_module)
  File "<frozen importlib._bootstrap_external>", line 995, in exec_module
  File "<frozen importlib._bootstrap>", line 488, in _call_with_frames_removed
  File "/opt/airflow/dags/meta_dag.py", line 8, in <module>
    'retry_delay': timedelta(minutes=5)
                   ^^^^^^^^^
NameError: name 'timedelta' is not defined
[2024-05-14T03:00:54.171+0000] {processor.py:842} WARNING - No viable dags retrieved from /opt/airflow/dags/meta_dag.py
[2024-05-14T03:00:54.188+0000] {processor.py:183} INFO - Processing /opt/airflow/dags/meta_dag.py took 0.038 seconds
[2024-05-14T03:01:24.770+0000] {processor.py:161} INFO - Started process (PID=1473) to work on /opt/airflow/dags/meta_dag.py
[2024-05-14T03:01:24.772+0000] {processor.py:830} INFO - Processing file /opt/airflow/dags/meta_dag.py for tasks to queue
[2024-05-14T03:01:24.774+0000] {logging_mixin.py:188} INFO - [2024-05-14T03:01:24.774+0000] {dagbag.py:540} INFO - Filling up the DagBag from /opt/airflow/dags/meta_dag.py
[2024-05-14T03:01:24.780+0000] {logging_mixin.py:188} INFO - [2024-05-14T03:01:24.777+0000] {dagbag.py:350} ERROR - Failed to import: /opt/airflow/dags/meta_dag.py
Traceback (most recent call last):
  File "/home/airflow/.local/lib/python3.12/site-packages/airflow/models/dagbag.py", line 346, in parse
    loader.exec_module(new_module)
  File "<frozen importlib._bootstrap_external>", line 995, in exec_module
  File "<frozen importlib._bootstrap>", line 488, in _call_with_frames_removed
  File "/opt/airflow/dags/meta_dag.py", line 8, in <module>
    'retry_delay': timedelta(minutes=5)
                   ^^^^^^^^^
NameError: name 'timedelta' is not defined
[2024-05-14T03:01:24.782+0000] {processor.py:842} WARNING - No viable dags retrieved from /opt/airflow/dags/meta_dag.py
[2024-05-14T03:01:24.797+0000] {processor.py:183} INFO - Processing /opt/airflow/dags/meta_dag.py took 0.034 seconds
[2024-05-14T03:01:55.405+0000] {processor.py:161} INFO - Started process (PID=1514) to work on /opt/airflow/dags/meta_dag.py
[2024-05-14T03:01:55.408+0000] {processor.py:830} INFO - Processing file /opt/airflow/dags/meta_dag.py for tasks to queue
[2024-05-14T03:01:55.410+0000] {logging_mixin.py:188} INFO - [2024-05-14T03:01:55.410+0000] {dagbag.py:540} INFO - Filling up the DagBag from /opt/airflow/dags/meta_dag.py
[2024-05-14T03:01:55.419+0000] {logging_mixin.py:188} INFO - [2024-05-14T03:01:55.415+0000] {dagbag.py:350} ERROR - Failed to import: /opt/airflow/dags/meta_dag.py
Traceback (most recent call last):
  File "/home/airflow/.local/lib/python3.12/site-packages/airflow/models/dagbag.py", line 346, in parse
    loader.exec_module(new_module)
  File "<frozen importlib._bootstrap_external>", line 995, in exec_module
  File "<frozen importlib._bootstrap>", line 488, in _call_with_frames_removed
  File "/opt/airflow/dags/meta_dag.py", line 8, in <module>
    'retry_delay': timedelta(minutes=5)
                   ^^^^^^^^^
NameError: name 'timedelta' is not defined
[2024-05-14T03:01:55.421+0000] {processor.py:842} WARNING - No viable dags retrieved from /opt/airflow/dags/meta_dag.py
[2024-05-14T03:01:55.437+0000] {processor.py:183} INFO - Processing /opt/airflow/dags/meta_dag.py took 0.040 seconds
[2024-05-14T03:02:26.015+0000] {processor.py:161} INFO - Started process (PID=1554) to work on /opt/airflow/dags/meta_dag.py
[2024-05-14T03:02:26.017+0000] {processor.py:830} INFO - Processing file /opt/airflow/dags/meta_dag.py for tasks to queue
[2024-05-14T03:02:26.021+0000] {logging_mixin.py:188} INFO - [2024-05-14T03:02:26.020+0000] {dagbag.py:540} INFO - Filling up the DagBag from /opt/airflow/dags/meta_dag.py
[2024-05-14T03:02:26.030+0000] {logging_mixin.py:188} INFO - [2024-05-14T03:02:26.026+0000] {dagbag.py:350} ERROR - Failed to import: /opt/airflow/dags/meta_dag.py
Traceback (most recent call last):
  File "/home/airflow/.local/lib/python3.12/site-packages/airflow/models/dagbag.py", line 346, in parse
    loader.exec_module(new_module)
  File "<frozen importlib._bootstrap_external>", line 995, in exec_module
  File "<frozen importlib._bootstrap>", line 488, in _call_with_frames_removed
  File "/opt/airflow/dags/meta_dag.py", line 8, in <module>
    'retry_delay': timedelta(minutes=5)
                   ^^^^^^^^^
NameError: name 'timedelta' is not defined
[2024-05-14T03:02:26.032+0000] {processor.py:842} WARNING - No viable dags retrieved from /opt/airflow/dags/meta_dag.py
[2024-05-14T03:02:26.047+0000] {processor.py:183} INFO - Processing /opt/airflow/dags/meta_dag.py took 0.040 seconds
[2024-05-14T03:02:56.690+0000] {processor.py:161} INFO - Started process (PID=1595) to work on /opt/airflow/dags/meta_dag.py
[2024-05-14T03:02:56.692+0000] {processor.py:830} INFO - Processing file /opt/airflow/dags/meta_dag.py for tasks to queue
[2024-05-14T03:02:56.694+0000] {logging_mixin.py:188} INFO - [2024-05-14T03:02:56.694+0000] {dagbag.py:540} INFO - Filling up the DagBag from /opt/airflow/dags/meta_dag.py
[2024-05-14T03:02:56.703+0000] {logging_mixin.py:188} INFO - [2024-05-14T03:02:56.700+0000] {dagbag.py:350} ERROR - Failed to import: /opt/airflow/dags/meta_dag.py
Traceback (most recent call last):
  File "/home/airflow/.local/lib/python3.12/site-packages/airflow/models/dagbag.py", line 346, in parse
    loader.exec_module(new_module)
  File "<frozen importlib._bootstrap_external>", line 995, in exec_module
  File "<frozen importlib._bootstrap>", line 488, in _call_with_frames_removed
  File "/opt/airflow/dags/meta_dag.py", line 8, in <module>
    'retry_delay': timedelta(minutes=5)
                   ^^^^^^^^^
NameError: name 'timedelta' is not defined
[2024-05-14T03:02:56.705+0000] {processor.py:842} WARNING - No viable dags retrieved from /opt/airflow/dags/meta_dag.py
[2024-05-14T03:02:56.719+0000] {processor.py:183} INFO - Processing /opt/airflow/dags/meta_dag.py took 0.037 seconds
[2024-05-14T03:03:27.375+0000] {processor.py:161} INFO - Started process (PID=1635) to work on /opt/airflow/dags/meta_dag.py
[2024-05-14T03:03:27.376+0000] {processor.py:830} INFO - Processing file /opt/airflow/dags/meta_dag.py for tasks to queue
[2024-05-14T03:03:27.378+0000] {logging_mixin.py:188} INFO - [2024-05-14T03:03:27.378+0000] {dagbag.py:540} INFO - Filling up the DagBag from /opt/airflow/dags/meta_dag.py
[2024-05-14T03:03:27.385+0000] {logging_mixin.py:188} INFO - [2024-05-14T03:03:27.382+0000] {dagbag.py:350} ERROR - Failed to import: /opt/airflow/dags/meta_dag.py
Traceback (most recent call last):
  File "/home/airflow/.local/lib/python3.12/site-packages/airflow/models/dagbag.py", line 346, in parse
    loader.exec_module(new_module)
  File "<frozen importlib._bootstrap_external>", line 995, in exec_module
  File "<frozen importlib._bootstrap>", line 488, in _call_with_frames_removed
  File "/opt/airflow/dags/meta_dag.py", line 8, in <module>
    'retry_delay': timedelta(minutes=5)
                   ^^^^^^^^^
NameError: name 'timedelta' is not defined
[2024-05-14T03:03:27.388+0000] {processor.py:842} WARNING - No viable dags retrieved from /opt/airflow/dags/meta_dag.py
[2024-05-14T03:03:27.402+0000] {processor.py:183} INFO - Processing /opt/airflow/dags/meta_dag.py took 0.035 seconds
[2024-05-14T03:03:57.912+0000] {processor.py:161} INFO - Started process (PID=1676) to work on /opt/airflow/dags/meta_dag.py
[2024-05-14T03:03:57.914+0000] {processor.py:830} INFO - Processing file /opt/airflow/dags/meta_dag.py for tasks to queue
[2024-05-14T03:03:57.917+0000] {logging_mixin.py:188} INFO - [2024-05-14T03:03:57.916+0000] {dagbag.py:540} INFO - Filling up the DagBag from /opt/airflow/dags/meta_dag.py
[2024-05-14T03:03:57.926+0000] {logging_mixin.py:188} INFO - [2024-05-14T03:03:57.922+0000] {dagbag.py:350} ERROR - Failed to import: /opt/airflow/dags/meta_dag.py
Traceback (most recent call last):
  File "/home/airflow/.local/lib/python3.12/site-packages/airflow/models/dagbag.py", line 346, in parse
    loader.exec_module(new_module)
  File "<frozen importlib._bootstrap_external>", line 995, in exec_module
  File "<frozen importlib._bootstrap>", line 488, in _call_with_frames_removed
  File "/opt/airflow/dags/meta_dag.py", line 8, in <module>
    'retry_delay': timedelta(minutes=5)
                   ^^^^^^^^^
NameError: name 'timedelta' is not defined
[2024-05-14T03:03:57.928+0000] {processor.py:842} WARNING - No viable dags retrieved from /opt/airflow/dags/meta_dag.py
[2024-05-14T03:03:57.942+0000] {processor.py:183} INFO - Processing /opt/airflow/dags/meta_dag.py took 0.037 seconds
[2024-05-14T03:04:28.523+0000] {processor.py:161} INFO - Started process (PID=1716) to work on /opt/airflow/dags/meta_dag.py
[2024-05-14T03:04:28.525+0000] {processor.py:830} INFO - Processing file /opt/airflow/dags/meta_dag.py for tasks to queue
[2024-05-14T03:04:28.527+0000] {logging_mixin.py:188} INFO - [2024-05-14T03:04:28.527+0000] {dagbag.py:540} INFO - Filling up the DagBag from /opt/airflow/dags/meta_dag.py
[2024-05-14T03:04:28.538+0000] {logging_mixin.py:188} INFO - [2024-05-14T03:04:28.534+0000] {dagbag.py:350} ERROR - Failed to import: /opt/airflow/dags/meta_dag.py
Traceback (most recent call last):
  File "/home/airflow/.local/lib/python3.12/site-packages/airflow/models/dagbag.py", line 346, in parse
    loader.exec_module(new_module)
  File "<frozen importlib._bootstrap_external>", line 995, in exec_module
  File "<frozen importlib._bootstrap>", line 488, in _call_with_frames_removed
  File "/opt/airflow/dags/meta_dag.py", line 8, in <module>
    'retry_delay': timedelta(minutes=5)
                   ^^^^^^^^^
NameError: name 'timedelta' is not defined
[2024-05-14T03:04:28.540+0000] {processor.py:842} WARNING - No viable dags retrieved from /opt/airflow/dags/meta_dag.py
[2024-05-14T03:04:28.558+0000] {processor.py:183} INFO - Processing /opt/airflow/dags/meta_dag.py took 0.043 seconds
[2024-05-14T03:04:59.163+0000] {processor.py:161} INFO - Started process (PID=1757) to work on /opt/airflow/dags/meta_dag.py
[2024-05-14T03:04:59.164+0000] {processor.py:830} INFO - Processing file /opt/airflow/dags/meta_dag.py for tasks to queue
[2024-05-14T03:04:59.167+0000] {logging_mixin.py:188} INFO - [2024-05-14T03:04:59.166+0000] {dagbag.py:540} INFO - Filling up the DagBag from /opt/airflow/dags/meta_dag.py
[2024-05-14T03:04:59.173+0000] {logging_mixin.py:188} INFO - [2024-05-14T03:04:59.170+0000] {dagbag.py:350} ERROR - Failed to import: /opt/airflow/dags/meta_dag.py
Traceback (most recent call last):
  File "/home/airflow/.local/lib/python3.12/site-packages/airflow/models/dagbag.py", line 346, in parse
    loader.exec_module(new_module)
  File "<frozen importlib._bootstrap_external>", line 995, in exec_module
  File "<frozen importlib._bootstrap>", line 488, in _call_with_frames_removed
  File "/opt/airflow/dags/meta_dag.py", line 8, in <module>
    'retry_delay': timedelta(minutes=5)
                   ^^^^^^^^^
NameError: name 'timedelta' is not defined
[2024-05-14T03:04:59.176+0000] {processor.py:842} WARNING - No viable dags retrieved from /opt/airflow/dags/meta_dag.py
[2024-05-14T03:04:59.193+0000] {processor.py:183} INFO - Processing /opt/airflow/dags/meta_dag.py took 0.035 seconds
[2024-05-14T03:05:29.838+0000] {processor.py:161} INFO - Started process (PID=1797) to work on /opt/airflow/dags/meta_dag.py
[2024-05-14T03:05:29.840+0000] {processor.py:830} INFO - Processing file /opt/airflow/dags/meta_dag.py for tasks to queue
[2024-05-14T03:05:29.842+0000] {logging_mixin.py:188} INFO - [2024-05-14T03:05:29.842+0000] {dagbag.py:540} INFO - Filling up the DagBag from /opt/airflow/dags/meta_dag.py
[2024-05-14T03:05:29.851+0000] {logging_mixin.py:188} INFO - [2024-05-14T03:05:29.848+0000] {dagbag.py:350} ERROR - Failed to import: /opt/airflow/dags/meta_dag.py
Traceback (most recent call last):
  File "/home/airflow/.local/lib/python3.12/site-packages/airflow/models/dagbag.py", line 346, in parse
    loader.exec_module(new_module)
  File "<frozen importlib._bootstrap_external>", line 995, in exec_module
  File "<frozen importlib._bootstrap>", line 488, in _call_with_frames_removed
  File "/opt/airflow/dags/meta_dag.py", line 8, in <module>
    'retry_delay': timedelta(minutes=5)
                   ^^^^^^^^^
NameError: name 'timedelta' is not defined
[2024-05-14T03:05:29.854+0000] {processor.py:842} WARNING - No viable dags retrieved from /opt/airflow/dags/meta_dag.py
[2024-05-14T03:05:29.869+0000] {processor.py:183} INFO - Processing /opt/airflow/dags/meta_dag.py took 0.038 seconds
[2024-05-14T03:06:00.385+0000] {processor.py:161} INFO - Started process (PID=1838) to work on /opt/airflow/dags/meta_dag.py
[2024-05-14T03:06:00.387+0000] {processor.py:830} INFO - Processing file /opt/airflow/dags/meta_dag.py for tasks to queue
[2024-05-14T03:06:00.389+0000] {logging_mixin.py:188} INFO - [2024-05-14T03:06:00.389+0000] {dagbag.py:540} INFO - Filling up the DagBag from /opt/airflow/dags/meta_dag.py
[2024-05-14T03:06:00.402+0000] {logging_mixin.py:188} INFO - [2024-05-14T03:06:00.396+0000] {dagbag.py:350} ERROR - Failed to import: /opt/airflow/dags/meta_dag.py
Traceback (most recent call last):
  File "/home/airflow/.local/lib/python3.12/site-packages/airflow/models/dagbag.py", line 346, in parse
    loader.exec_module(new_module)
  File "<frozen importlib._bootstrap_external>", line 995, in exec_module
  File "<frozen importlib._bootstrap>", line 488, in _call_with_frames_removed
  File "/opt/airflow/dags/meta_dag.py", line 8, in <module>
    'retry_delay': timedelta(minutes=5)
                   ^^^^^^^^^
NameError: name 'timedelta' is not defined
[2024-05-14T03:06:00.404+0000] {processor.py:842} WARNING - No viable dags retrieved from /opt/airflow/dags/meta_dag.py
[2024-05-14T03:06:00.424+0000] {processor.py:183} INFO - Processing /opt/airflow/dags/meta_dag.py took 0.048 seconds
[2024-05-14T03:06:30.989+0000] {processor.py:161} INFO - Started process (PID=1879) to work on /opt/airflow/dags/meta_dag.py
[2024-05-14T03:06:30.990+0000] {processor.py:830} INFO - Processing file /opt/airflow/dags/meta_dag.py for tasks to queue
[2024-05-14T03:06:30.991+0000] {logging_mixin.py:188} INFO - [2024-05-14T03:06:30.991+0000] {dagbag.py:540} INFO - Filling up the DagBag from /opt/airflow/dags/meta_dag.py
[2024-05-14T03:06:30.998+0000] {logging_mixin.py:188} INFO - [2024-05-14T03:06:30.995+0000] {dagbag.py:350} ERROR - Failed to import: /opt/airflow/dags/meta_dag.py
Traceback (most recent call last):
  File "/home/airflow/.local/lib/python3.12/site-packages/airflow/models/dagbag.py", line 346, in parse
    loader.exec_module(new_module)
  File "<frozen importlib._bootstrap_external>", line 995, in exec_module
  File "<frozen importlib._bootstrap>", line 488, in _call_with_frames_removed
  File "/opt/airflow/dags/meta_dag.py", line 8, in <module>
    'retry_delay': timedelta(minutes=5)
                   ^^^^^^^^^
NameError: name 'timedelta' is not defined
[2024-05-14T03:06:31.000+0000] {processor.py:842} WARNING - No viable dags retrieved from /opt/airflow/dags/meta_dag.py
[2024-05-14T03:06:31.011+0000] {processor.py:183} INFO - Processing /opt/airflow/dags/meta_dag.py took 0.026 seconds
[2024-05-14T03:07:01.598+0000] {processor.py:161} INFO - Started process (PID=1925) to work on /opt/airflow/dags/meta_dag.py
[2024-05-14T03:07:01.600+0000] {processor.py:830} INFO - Processing file /opt/airflow/dags/meta_dag.py for tasks to queue
[2024-05-14T03:07:01.602+0000] {logging_mixin.py:188} INFO - [2024-05-14T03:07:01.601+0000] {dagbag.py:540} INFO - Filling up the DagBag from /opt/airflow/dags/meta_dag.py
[2024-05-14T03:07:01.615+0000] {logging_mixin.py:188} INFO - [2024-05-14T03:07:01.608+0000] {dagbag.py:350} ERROR - Failed to import: /opt/airflow/dags/meta_dag.py
Traceback (most recent call last):
  File "/home/airflow/.local/lib/python3.12/site-packages/airflow/models/dagbag.py", line 346, in parse
    loader.exec_module(new_module)
  File "<frozen importlib._bootstrap_external>", line 995, in exec_module
  File "<frozen importlib._bootstrap>", line 488, in _call_with_frames_removed
  File "/opt/airflow/dags/meta_dag.py", line 8, in <module>
    'retry_delay': timedelta(minutes=5)
                   ^^^^^^^^^
NameError: name 'timedelta' is not defined
[2024-05-14T03:07:01.618+0000] {processor.py:842} WARNING - No viable dags retrieved from /opt/airflow/dags/meta_dag.py
[2024-05-14T03:07:01.633+0000] {processor.py:183} INFO - Processing /opt/airflow/dags/meta_dag.py took 0.040 seconds
[2024-05-14T03:07:32.268+0000] {processor.py:161} INFO - Started process (PID=1966) to work on /opt/airflow/dags/meta_dag.py
[2024-05-14T03:07:32.270+0000] {processor.py:830} INFO - Processing file /opt/airflow/dags/meta_dag.py for tasks to queue
[2024-05-14T03:07:32.273+0000] {logging_mixin.py:188} INFO - [2024-05-14T03:07:32.273+0000] {dagbag.py:540} INFO - Filling up the DagBag from /opt/airflow/dags/meta_dag.py
[2024-05-14T03:07:32.281+0000] {logging_mixin.py:188} INFO - [2024-05-14T03:07:32.278+0000] {dagbag.py:350} ERROR - Failed to import: /opt/airflow/dags/meta_dag.py
Traceback (most recent call last):
  File "/home/airflow/.local/lib/python3.12/site-packages/airflow/models/dagbag.py", line 346, in parse
    loader.exec_module(new_module)
  File "<frozen importlib._bootstrap_external>", line 995, in exec_module
  File "<frozen importlib._bootstrap>", line 488, in _call_with_frames_removed
  File "/opt/airflow/dags/meta_dag.py", line 8, in <module>
    'retry_delay': timedelta(minutes=5)
                   ^^^^^^^^^
NameError: name 'timedelta' is not defined
[2024-05-14T03:07:32.284+0000] {processor.py:842} WARNING - No viable dags retrieved from /opt/airflow/dags/meta_dag.py
[2024-05-14T03:07:32.298+0000] {processor.py:183} INFO - Processing /opt/airflow/dags/meta_dag.py took 0.039 seconds
[2024-05-14T03:08:02.938+0000] {processor.py:161} INFO - Started process (PID=2007) to work on /opt/airflow/dags/meta_dag.py
[2024-05-14T03:08:02.940+0000] {processor.py:830} INFO - Processing file /opt/airflow/dags/meta_dag.py for tasks to queue
[2024-05-14T03:08:02.944+0000] {logging_mixin.py:188} INFO - [2024-05-14T03:08:02.943+0000] {dagbag.py:540} INFO - Filling up the DagBag from /opt/airflow/dags/meta_dag.py
[2024-05-14T03:08:02.951+0000] {logging_mixin.py:188} INFO - [2024-05-14T03:08:02.948+0000] {dagbag.py:350} ERROR - Failed to import: /opt/airflow/dags/meta_dag.py
Traceback (most recent call last):
  File "/home/airflow/.local/lib/python3.12/site-packages/airflow/models/dagbag.py", line 346, in parse
    loader.exec_module(new_module)
  File "<frozen importlib._bootstrap_external>", line 995, in exec_module
  File "<frozen importlib._bootstrap>", line 488, in _call_with_frames_removed
  File "/opt/airflow/dags/meta_dag.py", line 8, in <module>
    'retry_delay': timedelta(minutes=5)
                   ^^^^^^^^^
NameError: name 'timedelta' is not defined
[2024-05-14T03:08:02.954+0000] {processor.py:842} WARNING - No viable dags retrieved from /opt/airflow/dags/meta_dag.py
[2024-05-14T03:08:02.968+0000] {processor.py:183} INFO - Processing /opt/airflow/dags/meta_dag.py took 0.039 seconds
[2024-05-14T03:08:33.550+0000] {processor.py:161} INFO - Started process (PID=2048) to work on /opt/airflow/dags/meta_dag.py
[2024-05-14T03:08:33.551+0000] {processor.py:830} INFO - Processing file /opt/airflow/dags/meta_dag.py for tasks to queue
[2024-05-14T03:08:33.553+0000] {logging_mixin.py:188} INFO - [2024-05-14T03:08:33.552+0000] {dagbag.py:540} INFO - Filling up the DagBag from /opt/airflow/dags/meta_dag.py
[2024-05-14T03:08:33.559+0000] {logging_mixin.py:188} INFO - [2024-05-14T03:08:33.557+0000] {dagbag.py:350} ERROR - Failed to import: /opt/airflow/dags/meta_dag.py
Traceback (most recent call last):
  File "/home/airflow/.local/lib/python3.12/site-packages/airflow/models/dagbag.py", line 346, in parse
    loader.exec_module(new_module)
  File "<frozen importlib._bootstrap_external>", line 995, in exec_module
  File "<frozen importlib._bootstrap>", line 488, in _call_with_frames_removed
  File "/opt/airflow/dags/meta_dag.py", line 8, in <module>
    'retry_delay': timedelta(minutes=5)
                   ^^^^^^^^^
NameError: name 'timedelta' is not defined
[2024-05-14T03:08:33.561+0000] {processor.py:842} WARNING - No viable dags retrieved from /opt/airflow/dags/meta_dag.py
[2024-05-14T03:08:33.571+0000] {processor.py:183} INFO - Processing /opt/airflow/dags/meta_dag.py took 0.025 seconds
[2024-05-14T03:09:04.188+0000] {processor.py:161} INFO - Started process (PID=2089) to work on /opt/airflow/dags/meta_dag.py
[2024-05-14T03:09:04.191+0000] {processor.py:830} INFO - Processing file /opt/airflow/dags/meta_dag.py for tasks to queue
[2024-05-14T03:09:04.193+0000] {logging_mixin.py:188} INFO - [2024-05-14T03:09:04.192+0000] {dagbag.py:540} INFO - Filling up the DagBag from /opt/airflow/dags/meta_dag.py
[2024-05-14T03:09:04.198+0000] {logging_mixin.py:188} INFO - [2024-05-14T03:09:04.196+0000] {dagbag.py:350} ERROR - Failed to import: /opt/airflow/dags/meta_dag.py
Traceback (most recent call last):
  File "/home/airflow/.local/lib/python3.12/site-packages/airflow/models/dagbag.py", line 346, in parse
    loader.exec_module(new_module)
  File "<frozen importlib._bootstrap_external>", line 995, in exec_module
  File "<frozen importlib._bootstrap>", line 488, in _call_with_frames_removed
  File "/opt/airflow/dags/meta_dag.py", line 8, in <module>
    'retry_delay': timedelta(minutes=5)
                   ^^^^^^^^^
NameError: name 'timedelta' is not defined
[2024-05-14T03:09:04.199+0000] {processor.py:842} WARNING - No viable dags retrieved from /opt/airflow/dags/meta_dag.py
[2024-05-14T03:09:04.208+0000] {processor.py:183} INFO - Processing /opt/airflow/dags/meta_dag.py took 0.024 seconds
[2024-05-14T03:09:34.785+0000] {processor.py:161} INFO - Started process (PID=2129) to work on /opt/airflow/dags/meta_dag.py
[2024-05-14T03:09:34.787+0000] {processor.py:830} INFO - Processing file /opt/airflow/dags/meta_dag.py for tasks to queue
[2024-05-14T03:09:34.790+0000] {logging_mixin.py:188} INFO - [2024-05-14T03:09:34.789+0000] {dagbag.py:540} INFO - Filling up the DagBag from /opt/airflow/dags/meta_dag.py
[2024-05-14T03:09:34.799+0000] {logging_mixin.py:188} INFO - [2024-05-14T03:09:34.796+0000] {dagbag.py:350} ERROR - Failed to import: /opt/airflow/dags/meta_dag.py
Traceback (most recent call last):
  File "/home/airflow/.local/lib/python3.12/site-packages/airflow/models/dagbag.py", line 346, in parse
    loader.exec_module(new_module)
  File "<frozen importlib._bootstrap_external>", line 995, in exec_module
  File "<frozen importlib._bootstrap>", line 488, in _call_with_frames_removed
  File "/opt/airflow/dags/meta_dag.py", line 8, in <module>
    'retry_delay': timedelta(minutes=5)
                   ^^^^^^^^^
NameError: name 'timedelta' is not defined
[2024-05-14T03:09:34.801+0000] {processor.py:842} WARNING - No viable dags retrieved from /opt/airflow/dags/meta_dag.py
[2024-05-14T03:09:34.814+0000] {processor.py:183} INFO - Processing /opt/airflow/dags/meta_dag.py took 0.037 seconds
[2024-05-14T03:10:05.398+0000] {processor.py:161} INFO - Started process (PID=2170) to work on /opt/airflow/dags/meta_dag.py
[2024-05-14T03:10:05.400+0000] {processor.py:830} INFO - Processing file /opt/airflow/dags/meta_dag.py for tasks to queue
[2024-05-14T03:10:05.403+0000] {logging_mixin.py:188} INFO - [2024-05-14T03:10:05.402+0000] {dagbag.py:540} INFO - Filling up the DagBag from /opt/airflow/dags/meta_dag.py
[2024-05-14T03:10:05.417+0000] {logging_mixin.py:188} INFO - [2024-05-14T03:10:05.413+0000] {dagbag.py:350} ERROR - Failed to import: /opt/airflow/dags/meta_dag.py
Traceback (most recent call last):
  File "/home/airflow/.local/lib/python3.12/site-packages/airflow/models/dagbag.py", line 346, in parse
    loader.exec_module(new_module)
  File "<frozen importlib._bootstrap_external>", line 995, in exec_module
  File "<frozen importlib._bootstrap>", line 488, in _call_with_frames_removed
  File "/opt/airflow/dags/meta_dag.py", line 8, in <module>
    'retry_delay': timedelta(minutes=5)
                   ^^^^^^^^^
NameError: name 'timedelta' is not defined
[2024-05-14T03:10:05.420+0000] {processor.py:842} WARNING - No viable dags retrieved from /opt/airflow/dags/meta_dag.py
[2024-05-14T03:10:05.435+0000] {processor.py:183} INFO - Processing /opt/airflow/dags/meta_dag.py took 0.043 seconds
[2024-05-14T03:10:36.085+0000] {processor.py:161} INFO - Started process (PID=2211) to work on /opt/airflow/dags/meta_dag.py
[2024-05-14T03:10:36.087+0000] {processor.py:830} INFO - Processing file /opt/airflow/dags/meta_dag.py for tasks to queue
[2024-05-14T03:10:36.090+0000] {logging_mixin.py:188} INFO - [2024-05-14T03:10:36.090+0000] {dagbag.py:540} INFO - Filling up the DagBag from /opt/airflow/dags/meta_dag.py
[2024-05-14T03:10:36.098+0000] {logging_mixin.py:188} INFO - [2024-05-14T03:10:36.095+0000] {dagbag.py:350} ERROR - Failed to import: /opt/airflow/dags/meta_dag.py
Traceback (most recent call last):
  File "/home/airflow/.local/lib/python3.12/site-packages/airflow/models/dagbag.py", line 346, in parse
    loader.exec_module(new_module)
  File "<frozen importlib._bootstrap_external>", line 995, in exec_module
  File "<frozen importlib._bootstrap>", line 488, in _call_with_frames_removed
  File "/opt/airflow/dags/meta_dag.py", line 8, in <module>
    'retry_delay': timedelta(minutes=5)
                   ^^^^^^^^^
NameError: name 'timedelta' is not defined
[2024-05-14T03:10:36.101+0000] {processor.py:842} WARNING - No viable dags retrieved from /opt/airflow/dags/meta_dag.py
[2024-05-14T03:10:36.115+0000] {processor.py:183} INFO - Processing /opt/airflow/dags/meta_dag.py took 0.038 seconds
[2024-05-14T03:11:06.780+0000] {processor.py:161} INFO - Started process (PID=2252) to work on /opt/airflow/dags/meta_dag.py
[2024-05-14T03:11:06.782+0000] {processor.py:830} INFO - Processing file /opt/airflow/dags/meta_dag.py for tasks to queue
[2024-05-14T03:11:06.784+0000] {logging_mixin.py:188} INFO - [2024-05-14T03:11:06.784+0000] {dagbag.py:540} INFO - Filling up the DagBag from /opt/airflow/dags/meta_dag.py
[2024-05-14T03:11:06.794+0000] {logging_mixin.py:188} INFO - [2024-05-14T03:11:06.790+0000] {dagbag.py:350} ERROR - Failed to import: /opt/airflow/dags/meta_dag.py
Traceback (most recent call last):
  File "/home/airflow/.local/lib/python3.12/site-packages/airflow/models/dagbag.py", line 346, in parse
    loader.exec_module(new_module)
  File "<frozen importlib._bootstrap_external>", line 995, in exec_module
  File "<frozen importlib._bootstrap>", line 488, in _call_with_frames_removed
  File "/opt/airflow/dags/meta_dag.py", line 8, in <module>
    'retry_delay': timedelta(minutes=5)
                   ^^^^^^^^^
NameError: name 'timedelta' is not defined
[2024-05-14T03:11:06.796+0000] {processor.py:842} WARNING - No viable dags retrieved from /opt/airflow/dags/meta_dag.py
[2024-05-14T03:11:06.812+0000] {processor.py:183} INFO - Processing /opt/airflow/dags/meta_dag.py took 0.040 seconds
[2024-05-14T03:11:37.514+0000] {processor.py:161} INFO - Started process (PID=2293) to work on /opt/airflow/dags/meta_dag.py
[2024-05-14T03:11:37.517+0000] {processor.py:830} INFO - Processing file /opt/airflow/dags/meta_dag.py for tasks to queue
[2024-05-14T03:11:37.518+0000] {logging_mixin.py:188} INFO - [2024-05-14T03:11:37.518+0000] {dagbag.py:540} INFO - Filling up the DagBag from /opt/airflow/dags/meta_dag.py
[2024-05-14T03:11:37.527+0000] {logging_mixin.py:188} INFO - [2024-05-14T03:11:37.522+0000] {dagbag.py:350} ERROR - Failed to import: /opt/airflow/dags/meta_dag.py
Traceback (most recent call last):
  File "/home/airflow/.local/lib/python3.12/site-packages/airflow/models/dagbag.py", line 346, in parse
    loader.exec_module(new_module)
  File "<frozen importlib._bootstrap_external>", line 995, in exec_module
  File "<frozen importlib._bootstrap>", line 488, in _call_with_frames_removed
  File "/opt/airflow/dags/meta_dag.py", line 8, in <module>
    'retry_delay': timedelta(minutes=5)
                   ^^^^^^^^^
NameError: name 'timedelta' is not defined
[2024-05-14T03:11:37.529+0000] {processor.py:842} WARNING - No viable dags retrieved from /opt/airflow/dags/meta_dag.py
[2024-05-14T03:11:37.545+0000] {processor.py:183} INFO - Processing /opt/airflow/dags/meta_dag.py took 0.040 seconds
[2024-05-14T03:12:08.169+0000] {processor.py:161} INFO - Started process (PID=2334) to work on /opt/airflow/dags/meta_dag.py
[2024-05-14T03:12:08.171+0000] {processor.py:830} INFO - Processing file /opt/airflow/dags/meta_dag.py for tasks to queue
[2024-05-14T03:12:08.173+0000] {logging_mixin.py:188} INFO - [2024-05-14T03:12:08.173+0000] {dagbag.py:540} INFO - Filling up the DagBag from /opt/airflow/dags/meta_dag.py
[2024-05-14T03:12:08.182+0000] {logging_mixin.py:188} INFO - [2024-05-14T03:12:08.177+0000] {dagbag.py:350} ERROR - Failed to import: /opt/airflow/dags/meta_dag.py
Traceback (most recent call last):
  File "/home/airflow/.local/lib/python3.12/site-packages/airflow/models/dagbag.py", line 346, in parse
    loader.exec_module(new_module)
  File "<frozen importlib._bootstrap_external>", line 995, in exec_module
  File "<frozen importlib._bootstrap>", line 488, in _call_with_frames_removed
  File "/opt/airflow/dags/meta_dag.py", line 8, in <module>
    'retry_delay': timedelta(minutes=5)
                   ^^^^^^^^^
NameError: name 'timedelta' is not defined
[2024-05-14T03:12:08.185+0000] {processor.py:842} WARNING - No viable dags retrieved from /opt/airflow/dags/meta_dag.py
[2024-05-14T03:12:08.199+0000] {processor.py:183} INFO - Processing /opt/airflow/dags/meta_dag.py took 0.036 seconds
[2024-05-14T03:12:38.793+0000] {processor.py:161} INFO - Started process (PID=2374) to work on /opt/airflow/dags/meta_dag.py
[2024-05-14T03:12:38.795+0000] {processor.py:830} INFO - Processing file /opt/airflow/dags/meta_dag.py for tasks to queue
[2024-05-14T03:12:38.798+0000] {logging_mixin.py:188} INFO - [2024-05-14T03:12:38.797+0000] {dagbag.py:540} INFO - Filling up the DagBag from /opt/airflow/dags/meta_dag.py
[2024-05-14T03:12:38.808+0000] {logging_mixin.py:188} INFO - [2024-05-14T03:12:38.804+0000] {dagbag.py:350} ERROR - Failed to import: /opt/airflow/dags/meta_dag.py
Traceback (most recent call last):
  File "/home/airflow/.local/lib/python3.12/site-packages/airflow/models/dagbag.py", line 346, in parse
    loader.exec_module(new_module)
  File "<frozen importlib._bootstrap_external>", line 995, in exec_module
  File "<frozen importlib._bootstrap>", line 488, in _call_with_frames_removed
  File "/opt/airflow/dags/meta_dag.py", line 8, in <module>
    'retry_delay': timedelta(minutes=5)
                   ^^^^^^^^^
NameError: name 'timedelta' is not defined
[2024-05-14T03:12:38.811+0000] {processor.py:842} WARNING - No viable dags retrieved from /opt/airflow/dags/meta_dag.py
[2024-05-14T03:12:38.830+0000] {processor.py:183} INFO - Processing /opt/airflow/dags/meta_dag.py took 0.046 seconds
[2024-05-14T03:13:09.374+0000] {processor.py:161} INFO - Started process (PID=2415) to work on /opt/airflow/dags/meta_dag.py
[2024-05-14T03:13:09.376+0000] {processor.py:830} INFO - Processing file /opt/airflow/dags/meta_dag.py for tasks to queue
[2024-05-14T03:13:09.379+0000] {logging_mixin.py:188} INFO - [2024-05-14T03:13:09.378+0000] {dagbag.py:540} INFO - Filling up the DagBag from /opt/airflow/dags/meta_dag.py
[2024-05-14T03:13:09.388+0000] {logging_mixin.py:188} INFO - [2024-05-14T03:13:09.385+0000] {dagbag.py:350} ERROR - Failed to import: /opt/airflow/dags/meta_dag.py
Traceback (most recent call last):
  File "/home/airflow/.local/lib/python3.12/site-packages/airflow/models/dagbag.py", line 346, in parse
    loader.exec_module(new_module)
  File "<frozen importlib._bootstrap_external>", line 995, in exec_module
  File "<frozen importlib._bootstrap>", line 488, in _call_with_frames_removed
  File "/opt/airflow/dags/meta_dag.py", line 8, in <module>
    'retry_delay': timedelta(minutes=5)
                   ^^^^^^^^^
NameError: name 'timedelta' is not defined
[2024-05-14T03:13:09.391+0000] {processor.py:842} WARNING - No viable dags retrieved from /opt/airflow/dags/meta_dag.py
[2024-05-14T03:13:09.404+0000] {processor.py:183} INFO - Processing /opt/airflow/dags/meta_dag.py took 0.038 seconds
[2024-05-14T03:13:40.022+0000] {processor.py:161} INFO - Started process (PID=2456) to work on /opt/airflow/dags/meta_dag.py
[2024-05-14T03:13:40.023+0000] {processor.py:830} INFO - Processing file /opt/airflow/dags/meta_dag.py for tasks to queue
[2024-05-14T03:13:40.026+0000] {logging_mixin.py:188} INFO - [2024-05-14T03:13:40.025+0000] {dagbag.py:540} INFO - Filling up the DagBag from /opt/airflow/dags/meta_dag.py
[2024-05-14T03:13:40.035+0000] {logging_mixin.py:188} INFO - [2024-05-14T03:13:40.032+0000] {dagbag.py:350} ERROR - Failed to import: /opt/airflow/dags/meta_dag.py
Traceback (most recent call last):
  File "/home/airflow/.local/lib/python3.12/site-packages/airflow/models/dagbag.py", line 346, in parse
    loader.exec_module(new_module)
  File "<frozen importlib._bootstrap_external>", line 995, in exec_module
  File "<frozen importlib._bootstrap>", line 488, in _call_with_frames_removed
  File "/opt/airflow/dags/meta_dag.py", line 8, in <module>
    'retry_delay': timedelta(minutes=5)
                   ^^^^^^^^^
NameError: name 'timedelta' is not defined
[2024-05-14T03:13:40.038+0000] {processor.py:842} WARNING - No viable dags retrieved from /opt/airflow/dags/meta_dag.py
[2024-05-14T03:13:40.053+0000] {processor.py:183} INFO - Processing /opt/airflow/dags/meta_dag.py took 0.039 seconds
[2024-05-14T03:14:10.639+0000] {processor.py:161} INFO - Started process (PID=2496) to work on /opt/airflow/dags/meta_dag.py
[2024-05-14T03:14:10.641+0000] {processor.py:830} INFO - Processing file /opt/airflow/dags/meta_dag.py for tasks to queue
[2024-05-14T03:14:10.642+0000] {logging_mixin.py:188} INFO - [2024-05-14T03:14:10.642+0000] {dagbag.py:540} INFO - Filling up the DagBag from /opt/airflow/dags/meta_dag.py
[2024-05-14T03:14:10.649+0000] {logging_mixin.py:188} INFO - [2024-05-14T03:14:10.646+0000] {dagbag.py:350} ERROR - Failed to import: /opt/airflow/dags/meta_dag.py
Traceback (most recent call last):
  File "/home/airflow/.local/lib/python3.12/site-packages/airflow/models/dagbag.py", line 346, in parse
    loader.exec_module(new_module)
  File "<frozen importlib._bootstrap_external>", line 995, in exec_module
  File "<frozen importlib._bootstrap>", line 488, in _call_with_frames_removed
  File "/opt/airflow/dags/meta_dag.py", line 8, in <module>
    'retry_delay': timedelta(minutes=5)
                   ^^^^^^^^^
NameError: name 'timedelta' is not defined
[2024-05-14T03:14:10.651+0000] {processor.py:842} WARNING - No viable dags retrieved from /opt/airflow/dags/meta_dag.py
[2024-05-14T03:14:10.661+0000] {processor.py:183} INFO - Processing /opt/airflow/dags/meta_dag.py took 0.029 seconds
[2024-05-14T03:14:41.315+0000] {processor.py:161} INFO - Started process (PID=2537) to work on /opt/airflow/dags/meta_dag.py
[2024-05-14T03:14:41.316+0000] {processor.py:830} INFO - Processing file /opt/airflow/dags/meta_dag.py for tasks to queue
[2024-05-14T03:14:41.318+0000] {logging_mixin.py:188} INFO - [2024-05-14T03:14:41.317+0000] {dagbag.py:540} INFO - Filling up the DagBag from /opt/airflow/dags/meta_dag.py
[2024-05-14T03:14:41.325+0000] {logging_mixin.py:188} INFO - [2024-05-14T03:14:41.321+0000] {dagbag.py:350} ERROR - Failed to import: /opt/airflow/dags/meta_dag.py
Traceback (most recent call last):
  File "/home/airflow/.local/lib/python3.12/site-packages/airflow/models/dagbag.py", line 346, in parse
    loader.exec_module(new_module)
  File "<frozen importlib._bootstrap_external>", line 995, in exec_module
  File "<frozen importlib._bootstrap>", line 488, in _call_with_frames_removed
  File "/opt/airflow/dags/meta_dag.py", line 8, in <module>
    'retry_delay': timedelta(minutes=5)
                   ^^^^^^^^^
NameError: name 'timedelta' is not defined
[2024-05-14T03:14:41.328+0000] {processor.py:842} WARNING - No viable dags retrieved from /opt/airflow/dags/meta_dag.py
[2024-05-14T03:14:41.342+0000] {processor.py:183} INFO - Processing /opt/airflow/dags/meta_dag.py took 0.034 seconds
[2024-05-14T03:15:12.045+0000] {processor.py:161} INFO - Started process (PID=2578) to work on /opt/airflow/dags/meta_dag.py
[2024-05-14T03:15:12.047+0000] {processor.py:830} INFO - Processing file /opt/airflow/dags/meta_dag.py for tasks to queue
[2024-05-14T03:15:12.050+0000] {logging_mixin.py:188} INFO - [2024-05-14T03:15:12.049+0000] {dagbag.py:540} INFO - Filling up the DagBag from /opt/airflow/dags/meta_dag.py
[2024-05-14T03:15:12.059+0000] {logging_mixin.py:188} INFO - [2024-05-14T03:15:12.055+0000] {dagbag.py:350} ERROR - Failed to import: /opt/airflow/dags/meta_dag.py
Traceback (most recent call last):
  File "/home/airflow/.local/lib/python3.12/site-packages/airflow/models/dagbag.py", line 346, in parse
    loader.exec_module(new_module)
  File "<frozen importlib._bootstrap_external>", line 995, in exec_module
  File "<frozen importlib._bootstrap>", line 488, in _call_with_frames_removed
  File "/opt/airflow/dags/meta_dag.py", line 8, in <module>
    'retry_delay': timedelta(minutes=5)
                   ^^^^^^^^^
NameError: name 'timedelta' is not defined
[2024-05-14T03:15:12.061+0000] {processor.py:842} WARNING - No viable dags retrieved from /opt/airflow/dags/meta_dag.py
[2024-05-14T03:15:12.075+0000] {processor.py:183} INFO - Processing /opt/airflow/dags/meta_dag.py took 0.037 seconds
[2024-05-14T03:15:42.636+0000] {processor.py:161} INFO - Started process (PID=2619) to work on /opt/airflow/dags/meta_dag.py
[2024-05-14T03:15:42.637+0000] {processor.py:830} INFO - Processing file /opt/airflow/dags/meta_dag.py for tasks to queue
[2024-05-14T03:15:42.639+0000] {logging_mixin.py:188} INFO - [2024-05-14T03:15:42.638+0000] {dagbag.py:540} INFO - Filling up the DagBag from /opt/airflow/dags/meta_dag.py
[2024-05-14T03:15:42.644+0000] {logging_mixin.py:188} INFO - [2024-05-14T03:15:42.642+0000] {dagbag.py:350} ERROR - Failed to import: /opt/airflow/dags/meta_dag.py
Traceback (most recent call last):
  File "/home/airflow/.local/lib/python3.12/site-packages/airflow/models/dagbag.py", line 346, in parse
    loader.exec_module(new_module)
  File "<frozen importlib._bootstrap_external>", line 995, in exec_module
  File "<frozen importlib._bootstrap>", line 488, in _call_with_frames_removed
  File "/opt/airflow/dags/meta_dag.py", line 8, in <module>
    'retry_delay': timedelta(minutes=5)
                   ^^^^^^^^^
NameError: name 'timedelta' is not defined
[2024-05-14T03:15:42.646+0000] {processor.py:842} WARNING - No viable dags retrieved from /opt/airflow/dags/meta_dag.py
[2024-05-14T03:15:42.657+0000] {processor.py:183} INFO - Processing /opt/airflow/dags/meta_dag.py took 0.025 seconds
[2024-05-14T03:16:13.234+0000] {processor.py:161} INFO - Started process (PID=2660) to work on /opt/airflow/dags/meta_dag.py
[2024-05-14T03:16:13.236+0000] {processor.py:830} INFO - Processing file /opt/airflow/dags/meta_dag.py for tasks to queue
[2024-05-14T03:16:13.240+0000] {logging_mixin.py:188} INFO - [2024-05-14T03:16:13.238+0000] {dagbag.py:540} INFO - Filling up the DagBag from /opt/airflow/dags/meta_dag.py
[2024-05-14T03:16:13.249+0000] {logging_mixin.py:188} INFO - [2024-05-14T03:16:13.246+0000] {dagbag.py:350} ERROR - Failed to import: /opt/airflow/dags/meta_dag.py
Traceback (most recent call last):
  File "/home/airflow/.local/lib/python3.12/site-packages/airflow/models/dagbag.py", line 346, in parse
    loader.exec_module(new_module)
  File "<frozen importlib._bootstrap_external>", line 995, in exec_module
  File "<frozen importlib._bootstrap>", line 488, in _call_with_frames_removed
  File "/opt/airflow/dags/meta_dag.py", line 8, in <module>
    'retry_delay': timedelta(minutes=5)
                   ^^^^^^^^^
NameError: name 'timedelta' is not defined
[2024-05-14T03:16:13.251+0000] {processor.py:842} WARNING - No viable dags retrieved from /opt/airflow/dags/meta_dag.py
[2024-05-14T03:16:13.264+0000] {processor.py:183} INFO - Processing /opt/airflow/dags/meta_dag.py took 0.038 seconds
[2024-05-14T03:16:43.868+0000] {processor.py:161} INFO - Started process (PID=2701) to work on /opt/airflow/dags/meta_dag.py
[2024-05-14T03:16:43.869+0000] {processor.py:830} INFO - Processing file /opt/airflow/dags/meta_dag.py for tasks to queue
[2024-05-14T03:16:43.870+0000] {logging_mixin.py:188} INFO - [2024-05-14T03:16:43.870+0000] {dagbag.py:540} INFO - Filling up the DagBag from /opt/airflow/dags/meta_dag.py
[2024-05-14T03:16:43.877+0000] {logging_mixin.py:188} INFO - [2024-05-14T03:16:43.874+0000] {dagbag.py:350} ERROR - Failed to import: /opt/airflow/dags/meta_dag.py
Traceback (most recent call last):
  File "/home/airflow/.local/lib/python3.12/site-packages/airflow/models/dagbag.py", line 346, in parse
    loader.exec_module(new_module)
  File "<frozen importlib._bootstrap_external>", line 995, in exec_module
  File "<frozen importlib._bootstrap>", line 488, in _call_with_frames_removed
  File "/opt/airflow/dags/meta_dag.py", line 8, in <module>
    'retry_delay': timedelta(minutes=5)
                   ^^^^^^^^^
NameError: name 'timedelta' is not defined
[2024-05-14T03:16:43.880+0000] {processor.py:842} WARNING - No viable dags retrieved from /opt/airflow/dags/meta_dag.py
[2024-05-14T03:16:43.897+0000] {processor.py:183} INFO - Processing /opt/airflow/dags/meta_dag.py took 0.033 seconds
[2024-05-14T03:17:14.547+0000] {processor.py:161} INFO - Started process (PID=2742) to work on /opt/airflow/dags/meta_dag.py
[2024-05-14T03:17:14.548+0000] {processor.py:830} INFO - Processing file /opt/airflow/dags/meta_dag.py for tasks to queue
[2024-05-14T03:17:14.549+0000] {logging_mixin.py:188} INFO - [2024-05-14T03:17:14.549+0000] {dagbag.py:540} INFO - Filling up the DagBag from /opt/airflow/dags/meta_dag.py
[2024-05-14T03:17:14.555+0000] {logging_mixin.py:188} INFO - [2024-05-14T03:17:14.552+0000] {dagbag.py:350} ERROR - Failed to import: /opt/airflow/dags/meta_dag.py
Traceback (most recent call last):
  File "/home/airflow/.local/lib/python3.12/site-packages/airflow/models/dagbag.py", line 346, in parse
    loader.exec_module(new_module)
  File "<frozen importlib._bootstrap_external>", line 995, in exec_module
  File "<frozen importlib._bootstrap>", line 488, in _call_with_frames_removed
  File "/opt/airflow/dags/meta_dag.py", line 8, in <module>
    'retry_delay': timedelta(minutes=5)
                   ^^^^^^^^^
NameError: name 'timedelta' is not defined
[2024-05-14T03:17:14.557+0000] {processor.py:842} WARNING - No viable dags retrieved from /opt/airflow/dags/meta_dag.py
[2024-05-14T03:17:14.572+0000] {processor.py:183} INFO - Processing /opt/airflow/dags/meta_dag.py took 0.030 seconds
[2024-05-14T03:17:45.192+0000] {processor.py:161} INFO - Started process (PID=2783) to work on /opt/airflow/dags/meta_dag.py
[2024-05-14T03:17:45.194+0000] {processor.py:830} INFO - Processing file /opt/airflow/dags/meta_dag.py for tasks to queue
[2024-05-14T03:17:45.197+0000] {logging_mixin.py:188} INFO - [2024-05-14T03:17:45.196+0000] {dagbag.py:540} INFO - Filling up the DagBag from /opt/airflow/dags/meta_dag.py
[2024-05-14T03:17:45.205+0000] {logging_mixin.py:188} INFO - [2024-05-14T03:17:45.202+0000] {dagbag.py:350} ERROR - Failed to import: /opt/airflow/dags/meta_dag.py
Traceback (most recent call last):
  File "/home/airflow/.local/lib/python3.12/site-packages/airflow/models/dagbag.py", line 346, in parse
    loader.exec_module(new_module)
  File "<frozen importlib._bootstrap_external>", line 995, in exec_module
  File "<frozen importlib._bootstrap>", line 488, in _call_with_frames_removed
  File "/opt/airflow/dags/meta_dag.py", line 8, in <module>
    'retry_delay': timedelta(minutes=5)
                   ^^^^^^^^^
NameError: name 'timedelta' is not defined
[2024-05-14T03:17:45.208+0000] {processor.py:842} WARNING - No viable dags retrieved from /opt/airflow/dags/meta_dag.py
[2024-05-14T03:17:45.221+0000] {processor.py:183} INFO - Processing /opt/airflow/dags/meta_dag.py took 0.036 seconds
[2024-05-14T03:18:15.783+0000] {processor.py:161} INFO - Started process (PID=2824) to work on /opt/airflow/dags/meta_dag.py
[2024-05-14T03:18:15.785+0000] {processor.py:830} INFO - Processing file /opt/airflow/dags/meta_dag.py for tasks to queue
[2024-05-14T03:18:15.787+0000] {logging_mixin.py:188} INFO - [2024-05-14T03:18:15.787+0000] {dagbag.py:540} INFO - Filling up the DagBag from /opt/airflow/dags/meta_dag.py
[2024-05-14T03:18:15.795+0000] {logging_mixin.py:188} INFO - [2024-05-14T03:18:15.792+0000] {dagbag.py:350} ERROR - Failed to import: /opt/airflow/dags/meta_dag.py
Traceback (most recent call last):
  File "/home/airflow/.local/lib/python3.12/site-packages/airflow/models/dagbag.py", line 346, in parse
    loader.exec_module(new_module)
  File "<frozen importlib._bootstrap_external>", line 995, in exec_module
  File "<frozen importlib._bootstrap>", line 488, in _call_with_frames_removed
  File "/opt/airflow/dags/meta_dag.py", line 8, in <module>
    'retry_delay': timedelta(minutes=5)
                   ^^^^^^^^^
NameError: name 'timedelta' is not defined
[2024-05-14T03:18:15.798+0000] {processor.py:842} WARNING - No viable dags retrieved from /opt/airflow/dags/meta_dag.py
[2024-05-14T03:18:15.816+0000] {processor.py:183} INFO - Processing /opt/airflow/dags/meta_dag.py took 0.040 seconds
[2024-05-14T03:18:46.412+0000] {processor.py:161} INFO - Started process (PID=2865) to work on /opt/airflow/dags/meta_dag.py
[2024-05-14T03:18:46.414+0000] {processor.py:830} INFO - Processing file /opt/airflow/dags/meta_dag.py for tasks to queue
[2024-05-14T03:18:46.418+0000] {logging_mixin.py:188} INFO - [2024-05-14T03:18:46.418+0000] {dagbag.py:540} INFO - Filling up the DagBag from /opt/airflow/dags/meta_dag.py
[2024-05-14T03:18:46.425+0000] {logging_mixin.py:188} INFO - [2024-05-14T03:18:46.422+0000] {dagbag.py:350} ERROR - Failed to import: /opt/airflow/dags/meta_dag.py
Traceback (most recent call last):
  File "/home/airflow/.local/lib/python3.12/site-packages/airflow/models/dagbag.py", line 346, in parse
    loader.exec_module(new_module)
  File "<frozen importlib._bootstrap_external>", line 995, in exec_module
  File "<frozen importlib._bootstrap>", line 488, in _call_with_frames_removed
  File "/opt/airflow/dags/meta_dag.py", line 8, in <module>
    'retry_delay': timedelta(minutes=5)
                   ^^^^^^^^^
NameError: name 'timedelta' is not defined
[2024-05-14T03:18:46.427+0000] {processor.py:842} WARNING - No viable dags retrieved from /opt/airflow/dags/meta_dag.py
[2024-05-14T03:18:46.442+0000] {processor.py:183} INFO - Processing /opt/airflow/dags/meta_dag.py took 0.037 seconds
