[2024-05-15T15:40:08.117+0000] {local_task_job_runner.py:120} INFO - ::group::Pre task execution logs
[2024-05-15T15:40:08.133+0000] {taskinstance.py:2076} INFO - Dependencies all met for dep_context=non-requeueable deps ti=<TaskInstance: parsing_recipes_from_other_dags.store_data manual__2024-05-15T15:40:07.240837+00:00 [queued]>
[2024-05-15T15:40:08.138+0000] {taskinstance.py:2076} INFO - Dependencies all met for dep_context=requeueable deps ti=<TaskInstance: parsing_recipes_from_other_dags.store_data manual__2024-05-15T15:40:07.240837+00:00 [queued]>
[2024-05-15T15:40:08.138+0000] {taskinstance.py:2306} INFO - Starting attempt 1 of 1
[2024-05-15T15:40:08.144+0000] {taskinstance.py:2330} INFO - Executing <Task(PythonOperator): store_data> on 2024-05-15 15:40:07.240837+00:00
[2024-05-15T15:40:08.149+0000] {logging_mixin.py:188} WARNING - /home/***/.local/lib/python3.12/site-packages/***/task/task_runner/standard_task_runner.py:61 DeprecationWarning: This process (pid=268) is multi-threaded, use of fork() may lead to deadlocks in the child.
[2024-05-15T15:40:08.148+0000] {standard_task_runner.py:90} INFO - Running: ['***', 'tasks', 'run', 'parsing_recipes_from_other_dags', 'store_data', 'manual__2024-05-15T15:40:07.240837+00:00', '--job-id', '6408', '--raw', '--subdir', 'DAGS_FOLDER/recipes_copy.py', '--cfg-path', '/tmp/tmpaomegmm6']
[2024-05-15T15:40:08.150+0000] {standard_task_runner.py:63} INFO - Started process 271 to run task
[2024-05-15T15:40:08.150+0000] {standard_task_runner.py:91} INFO - Job 6408: Subtask store_data
[2024-05-15T15:40:08.174+0000] {task_command.py:426} INFO - Running <TaskInstance: parsing_recipes_from_other_dags.store_data manual__2024-05-15T15:40:07.240837+00:00 [running]> on host 8d5e87382261
[2024-05-15T15:40:08.217+0000] {taskinstance.py:2648} INFO - Exporting env vars: AIRFLOW_CTX_DAG_OWNER='***' AIRFLOW_CTX_DAG_ID='parsing_recipes_from_other_dags' AIRFLOW_CTX_TASK_ID='store_data' AIRFLOW_CTX_EXECUTION_DATE='2024-05-15T15:40:07.240837+00:00' AIRFLOW_CTX_TRY_NUMBER='1' AIRFLOW_CTX_DAG_RUN_ID='manual__2024-05-15T15:40:07.240837+00:00'
[2024-05-15T15:40:08.219+0000] {taskinstance.py:430} INFO - ::endgroup::
[2024-05-15T15:40:08.225+0000] {taskinstance.py:441} INFO - ::group::Post task execution logs
[2024-05-15T15:40:08.226+0000] {taskinstance.py:2905} ERROR - Task failed with exception
Traceback (most recent call last):
  File "/home/airflow/.local/lib/python3.12/site-packages/airflow/models/taskinstance.py", line 465, in _execute_task
    result = _execute_callable(context=context, **execute_callable_kwargs)
             ^^^^^^^^^^^^^^^^^^^^^^^^^^^^^^^^^^^^^^^^^^^^^^^^^^^^^^^^^^^^^
  File "/home/airflow/.local/lib/python3.12/site-packages/airflow/models/taskinstance.py", line 432, in _execute_callable
    return execute_callable(context=context, **execute_callable_kwargs)
           ^^^^^^^^^^^^^^^^^^^^^^^^^^^^^^^^^^^^^^^^^^^^^^^^^^^^^^^^^^^^
  File "/home/airflow/.local/lib/python3.12/site-packages/airflow/models/baseoperator.py", line 400, in wrapper
    return func(self, *args, **kwargs)
           ^^^^^^^^^^^^^^^^^^^^^^^^^^^
  File "/home/airflow/.local/lib/python3.12/site-packages/airflow/operators/python.py", line 235, in execute
    return_value = self.execute_callable()
                   ^^^^^^^^^^^^^^^^^^^^^^^
  File "/home/airflow/.local/lib/python3.12/site-packages/airflow/operators/python.py", line 252, in execute_callable
    return self.python_callable(*self.op_args, **self.op_kwargs)
           ^^^^^^^^^^^^^^^^^^^^^^^^^^^^^^^^^^^^^^^^^^^^^^^^^^^^^
  File "/opt/airflow/dags/recipes_copy.py", line 183, in store_data
    parsed_records = ti.xcom_pull(key=None, task_ids='scrape_politics', dag_ids='parsing_recipes')
                     ^^^^^^^^^^^^^^^^^^^^^^^^^^^^^^^^^^^^^^^^^^^^^^^^^^^^^^^^^^^^^^^^^^^^^^^^^^^^^
  File "/home/airflow/.local/lib/python3.12/site-packages/airflow/utils/session.py", line 79, in wrapper
    return func(*args, session=session, **kwargs)
           ^^^^^^^^^^^^^^^^^^^^^^^^^^^^^^^^^^^^^^
TypeError: TaskInstance.xcom_pull() got an unexpected keyword argument 'dag_ids'
[2024-05-15T15:40:08.231+0000] {taskinstance.py:1206} INFO - Marking task as FAILED. dag_id=parsing_recipes_from_other_dags, task_id=store_data, run_id=manual__2024-05-15T15:40:07.240837+00:00, execution_date=20240515T154007, start_date=20240515T154008, end_date=20240515T154008
[2024-05-15T15:40:08.237+0000] {standard_task_runner.py:110} ERROR - Failed to execute job 6408 for task store_data (TaskInstance.xcom_pull() got an unexpected keyword argument 'dag_ids'; 271)
[2024-05-15T15:40:08.248+0000] {local_task_job_runner.py:240} INFO - Task exited with return code 1
[2024-05-15T15:40:08.256+0000] {taskinstance.py:3498} INFO - 0 downstream tasks scheduled from follow-on schedule check
[2024-05-15T15:40:08.269+0000] {local_task_job_runner.py:222} INFO - ::endgroup::
