[2024-05-10T07:04:12.027+0000] {local_task_job_runner.py:120} INFO - ::group::Pre task execution logs
[2024-05-10T07:04:12.047+0000] {taskinstance.py:2073} INFO - Dependencies all met for dep_context=non-requeueable deps ti=<TaskInstance: dag_with_postgres_operator_v01.insert_into_table scheduled__2024-04-28T00:00:00+00:00 [queued]>
[2024-05-10T07:04:12.056+0000] {taskinstance.py:2073} INFO - Dependencies all met for dep_context=requeueable deps ti=<TaskInstance: dag_with_postgres_operator_v01.insert_into_table scheduled__2024-04-28T00:00:00+00:00 [queued]>
[2024-05-10T07:04:12.057+0000] {taskinstance.py:2303} INFO - Starting attempt 1 of 6
[2024-05-10T07:04:12.081+0000] {taskinstance.py:2327} INFO - Executing <Task(PostgresOperator): insert_into_table> on 2024-04-28 00:00:00+00:00
[2024-05-10T07:04:12.093+0000] {standard_task_runner.py:90} INFO - Running: ['***', 'tasks', 'run', 'dag_with_postgres_operator_v01', 'insert_into_table', 'scheduled__2024-04-28T00:00:00+00:00', '--job-id', '5577', '--raw', '--subdir', 'DAGS_FOLDER/dag_with_postgres_operator.py', '--cfg-path', '/tmp/tmp6jvdpe_j']
[2024-05-10T07:04:12.197+0000] {standard_task_runner.py:91} INFO - Job 5577: Subtask insert_into_table
[2024-05-10T07:04:12.096+0000] {logging_mixin.py:188} WARNING - /home/***/.local/lib/python3.12/site-packages/***/task/task_runner/standard_task_runner.py:61 DeprecationWarning: This process (pid=473) is multi-threaded, use of fork() may lead to deadlocks in the child.
[2024-05-10T07:04:12.236+0000] {standard_task_runner.py:63} INFO - Started process 487 to run task
[2024-05-10T07:04:12.363+0000] {task_command.py:426} INFO - Running <TaskInstance: dag_with_postgres_operator_v01.insert_into_table scheduled__2024-04-28T00:00:00+00:00 [running]> on host ba9ec80fe13a
[2024-05-10T07:04:12.612+0000] {taskinstance.py:2644} INFO - Exporting env vars: AIRFLOW_CTX_DAG_OWNER='coder2j' AIRFLOW_CTX_DAG_ID='dag_with_postgres_operator_v01' AIRFLOW_CTX_TASK_ID='insert_into_table' AIRFLOW_CTX_EXECUTION_DATE='2024-04-28T00:00:00+00:00' AIRFLOW_CTX_TRY_NUMBER='1' AIRFLOW_CTX_DAG_RUN_ID='scheduled__2024-04-28T00:00:00+00:00'
[2024-05-10T07:04:12.628+0000] {taskinstance.py:430} INFO - ::endgroup::
[2024-05-10T07:04:12.663+0000] {sql.py:276} INFO - Executing: 
            insert into dag_runs (dt, dag_id) values ('2024-04-28', 'dag_with_postgres_operator_v01')
        
[2024-05-10T07:04:12.696+0000] {base.py:84} INFO - Using connection ID 'postgres_localhost' for task execution.
[2024-05-10T07:04:12.738+0000] {base.py:84} INFO - Using connection ID 'postgres_localhost' for task execution.
[2024-05-10T07:04:12.792+0000] {sql.py:457} INFO - Running statement: 
            insert into dag_runs (dt, dag_id) values ('2024-04-28', 'dag_with_postgres_operator_v01')
        , parameters: None
[2024-05-10T07:04:12.832+0000] {sql.py:466} INFO - Rows affected: 1
[2024-05-10T07:04:12.838+0000] {logging_mixin.py:188} WARNING - /home/***/.local/lib/python3.12/site-packages/***/providers/common/sql/hooks/sql.py:407 AirflowProviderDeprecationWarning: Call to deprecated method _make_common_data_structure. (The `_make_serializable` method is deprecated and support will be removed in a future version of the common.sql provider. Please update the DbApiHook's provider to a version based on common.sql >= 1.9.1.)
[2024-05-10T07:04:12.854+0000] {taskinstance.py:441} INFO - ::group::Post task execution logs
[2024-05-10T07:04:12.880+0000] {taskinstance.py:1205} INFO - Marking task as SUCCESS. dag_id=dag_with_postgres_operator_v01, task_id=insert_into_table, execution_date=20240428T000000, start_date=20240510T070412, end_date=20240510T070412
[2024-05-10T07:04:12.938+0000] {local_task_job_runner.py:240} INFO - Task exited with return code 0
[2024-05-10T07:04:12.976+0000] {taskinstance.py:3482} INFO - 0 downstream tasks scheduled from follow-on schedule check
[2024-05-10T07:04:12.989+0000] {local_task_job_runner.py:222} INFO - ::endgroup::
